2026-01-13 04:19:10,386 - cadence_wtc11_all_v2 - INFO - Experiment: cadence_wtc11_all_v2
2026-01-13 04:19:10,386 - cadence_wtc11_all_v2 - INFO - Output directory: results/cadence_wtc11_all_v2
2026-01-13 04:19:10,386 - cadence_wtc11_all_v2 - INFO - Starting training...
2026-01-13 04:19:10,386 - cadence_wtc11_all_v2 - INFO - Config: config1_single_celltype
2026-01-13 04:19:10,386 - cadence_wtc11_all_v2 - INFO - Setting up datasets...
2026-01-13 04:20:24,867 - cadence_wtc11_all_v2 - INFO - Dataset sizes: {'encode4_wtc11': 39201}
2026-01-13 04:20:24,889 - cadence_wtc11_all_v2 - INFO - Using standard global index sampling...
2026-01-13 04:20:35,515 - cadence_wtc11_all_v2 - INFO -   encode4_wtc11: val set loaded
2026-01-13 04:22:01,916 - cadence_wtc11_all_v2 - INFO -   encode4_wtc11: test set loaded (5597 samples)
2026-01-13 04:22:12,950 - cadence_wtc11_all_v2 - INFO -   encode4_wtc11: calibration set loaded (5595 samples)
2026-01-13 04:22:12,951 - cadence_wtc11_all_v2 - INFO - Data setup complete
2026-01-13 04:22:12,952 - cadence_wtc11_all_v2 - INFO - Setting up model...
2026-01-13 04:22:14,386 - cadence_wtc11_all_v2 - INFO - Model parameters: 2,744,580 (2,744,580 trainable)
2026-01-13 04:22:19,581 - cadence_wtc11_all_v2 - INFO - OneCycleLR: 1170 total steps, initial_lr=0.000400, max_lr=0.01
2026-01-13 04:22:19,601 - cadence_wtc11_all_v2 - INFO - Model setup complete
2026-01-13 04:22:50,117 - cadence_wtc11_all_v2 - INFO - ================================================================================
2026-01-13 04:22:50,117 - cadence_wtc11_all_v2 - INFO - EPOCH 0 SUMMARY (BEST)
2026-01-13 04:22:50,118 - cadence_wtc11_all_v2 - INFO - ================================================================================
2026-01-13 04:22:50,118 - cadence_wtc11_all_v2 - INFO - [TRAIN] NLL: 1.0194 | MSE: 1.0194 | r: 0.2447 | rho: 0.1699 | R2: -0.0194 | RMSE: 1.0968
2026-01-13 04:22:50,118 - cadence_wtc11_all_v2 - INFO - [VAL]   NLL: 0.9717 | MSE: 0.9717 | r: 0.2175 | rho: 0.1544 | R2: -0.0265 | RMSE: 1.0708
2026-01-13 04:22:50,118 - cadence_wtc11_all_v2 - INFO - --------------------------------------------------------------------------------
2026-01-13 04:22:50,118 - cadence_wtc11_all_v2 - INFO -   [VAL] encode4_wtc11:
2026-01-13 04:22:50,119 - cadence_wtc11_all_v2 - INFO -     activity: r=0.2175 | rho=0.1544 | R2=-0.0265 | RMSE=1.0708 | MAE=0.8502
2026-01-13 04:22:50,119 - cadence_wtc11_all_v2 - INFO - ================================================================================
2026-01-13 04:22:50,808 - cadence_wtc11_all_v2 - INFO - Epoch 0 completed in 31.2s
2026-01-13 04:23:17,720 - cadence_wtc11_all_v2 - INFO - ================================================================================
2026-01-13 04:23:17,720 - cadence_wtc11_all_v2 - INFO - EPOCH 1 SUMMARY (BEST)
2026-01-13 04:23:17,720 - cadence_wtc11_all_v2 - INFO - ================================================================================
2026-01-13 04:23:17,720 - cadence_wtc11_all_v2 - INFO - [TRAIN] NLL: 0.8386 | MSE: 0.8386 | r: 0.5086 | rho: 0.3829 | R2: 0.1614 | RMSE: 0.9948
2026-01-13 04:23:17,721 - cadence_wtc11_all_v2 - INFO - [VAL]   NLL: 0.9301 | MSE: 0.9301 | r: 0.4137 | rho: 0.2911 | R2: 0.0174 | RMSE: 1.0476
2026-01-13 04:23:17,721 - cadence_wtc11_all_v2 - INFO - --------------------------------------------------------------------------------
2026-01-13 04:23:17,721 - cadence_wtc11_all_v2 - INFO -   [VAL] encode4_wtc11:
2026-01-13 04:23:17,721 - cadence_wtc11_all_v2 - INFO -     activity: r=0.4137 | rho=0.2911 | R2=0.0174 | RMSE=1.0476 | MAE=0.7662
2026-01-13 04:23:17,721 - cadence_wtc11_all_v2 - INFO - ================================================================================
2026-01-13 04:23:18,593 - cadence_wtc11_all_v2 - INFO - Epoch 1 completed in 27.8s
2026-01-13 04:23:29,319 - cadence_wtc11_all_v2 - INFO - Step 100: NLL=0.7282, MSE=0.7282, grad=3.67, lr=2.21e-03
2026-01-13 04:23:43,841 - cadence_wtc11_all_v2 - INFO - ================================================================================
2026-01-13 04:23:43,841 - cadence_wtc11_all_v2 - INFO - EPOCH 2 SUMMARY (BEST)
2026-01-13 04:23:43,841 - cadence_wtc11_all_v2 - INFO - ================================================================================
2026-01-13 04:23:43,841 - cadence_wtc11_all_v2 - INFO - [TRAIN] NLL: 3.9768 | MSE: 3.9768 | r: 0.5021 | rho: 0.4083 | R2: -2.9768 | RMSE: 2.1662
2026-01-13 04:23:43,841 - cadence_wtc11_all_v2 - INFO - [VAL]   NLL: 3.7832 | MSE: 3.7832 | r: 0.4198 | rho: 0.3198 | R2: -2.9968 | RMSE: 2.1129
2026-01-13 04:23:43,841 - cadence_wtc11_all_v2 - INFO - --------------------------------------------------------------------------------
2026-01-13 04:23:43,841 - cadence_wtc11_all_v2 - INFO -   [VAL] encode4_wtc11:
2026-01-13 04:23:43,841 - cadence_wtc11_all_v2 - INFO -     activity: r=0.4198 | rho=0.3198 | R2=-2.9968 | RMSE=2.1129 | MAE=1.3571
2026-01-13 04:23:43,842 - cadence_wtc11_all_v2 - INFO - ================================================================================
2026-01-13 04:23:44,579 - cadence_wtc11_all_v2 - INFO - Epoch 2 completed in 26.0s
2026-01-13 04:24:13,221 - cadence_wtc11_all_v2 - INFO - ================================================================================
2026-01-13 04:24:13,221 - cadence_wtc11_all_v2 - INFO - EPOCH 3 SUMMARY (BEST)
2026-01-13 04:24:13,222 - cadence_wtc11_all_v2 - INFO - ================================================================================
2026-01-13 04:24:13,222 - cadence_wtc11_all_v2 - INFO - [TRAIN] NLL: 0.9034 | MSE: 0.9034 | r: 0.5467 | rho: 0.4220 | R2: 0.0966 | RMSE: 1.0325
2026-01-13 04:24:13,222 - cadence_wtc11_all_v2 - INFO - [VAL]   NLL: 0.9938 | MSE: 0.9938 | r: 0.4554 | rho: 0.3420 | R2: -0.0499 | RMSE: 1.0829
2026-01-13 04:24:13,222 - cadence_wtc11_all_v2 - INFO - --------------------------------------------------------------------------------
2026-01-13 04:24:13,223 - cadence_wtc11_all_v2 - INFO -   [VAL] encode4_wtc11:
2026-01-13 04:24:13,223 - cadence_wtc11_all_v2 - INFO -     activity: r=0.4554 | rho=0.3420 | R2=-0.0499 | RMSE=1.0829 | MAE=0.7759
2026-01-13 04:24:13,223 - cadence_wtc11_all_v2 - INFO - ================================================================================
2026-01-13 04:24:14,023 - cadence_wtc11_all_v2 - INFO - Epoch 3 completed in 29.4s
2026-01-13 04:24:39,517 - cadence_wtc11_all_v2 - INFO - ================================================================================
2026-01-13 04:24:39,518 - cadence_wtc11_all_v2 - INFO - EPOCH 4 SUMMARY 
2026-01-13 04:24:39,518 - cadence_wtc11_all_v2 - INFO - ================================================================================
2026-01-13 04:24:39,518 - cadence_wtc11_all_v2 - INFO - [TRAIN] NLL: 1.0367 | MSE: 1.0367 | r: 0.3462 | rho: 0.1796 | R2: -0.0367 | RMSE: 1.1060
2026-01-13 04:24:39,519 - cadence_wtc11_all_v2 - INFO - [VAL]   NLL: 1.0348 | MSE: 1.0348 | r: 0.2535 | rho: 0.1028 | R2: -0.0932 | RMSE: 1.1050
2026-01-13 04:24:39,519 - cadence_wtc11_all_v2 - INFO - --------------------------------------------------------------------------------
2026-01-13 04:24:39,519 - cadence_wtc11_all_v2 - INFO -   [VAL] encode4_wtc11:
2026-01-13 04:24:39,519 - cadence_wtc11_all_v2 - INFO -     activity: r=0.2535 | rho=0.1028 | R2=-0.0932 | RMSE=1.1050 | MAE=0.7765
2026-01-13 04:24:39,519 - cadence_wtc11_all_v2 - INFO - ================================================================================
2026-01-13 04:24:39,943 - cadence_wtc11_all_v2 - INFO - Epoch 4 completed in 25.9s
2026-01-13 04:24:43,545 - cadence_wtc11_all_v2 - INFO - Step 200: NLL=0.5660, MSE=0.5660, grad=1.31, lr=6.27e-03
2026-01-13 04:25:05,062 - cadence_wtc11_all_v2 - INFO - ================================================================================
2026-01-13 04:25:05,062 - cadence_wtc11_all_v2 - INFO - EPOCH 5 SUMMARY (BEST)
2026-01-13 04:25:05,063 - cadence_wtc11_all_v2 - INFO - ================================================================================
2026-01-13 04:25:05,063 - cadence_wtc11_all_v2 - INFO - [TRAIN] NLL: 1.9489 | MSE: 1.9489 | r: 0.5323 | rho: 0.4556 | R2: -0.9489 | RMSE: 1.5165
2026-01-13 04:25:05,063 - cadence_wtc11_all_v2 - INFO - [VAL]   NLL: 1.9644 | MSE: 1.9644 | r: 0.4912 | rho: 0.4140 | R2: -1.0753 | RMSE: 1.5225
2026-01-13 04:25:05,064 - cadence_wtc11_all_v2 - INFO - --------------------------------------------------------------------------------
2026-01-13 04:25:05,064 - cadence_wtc11_all_v2 - INFO -   [VAL] encode4_wtc11:
2026-01-13 04:25:05,064 - cadence_wtc11_all_v2 - INFO -     activity: r=0.4912 | rho=0.4140 | R2=-1.0753 | RMSE=1.5225 | MAE=1.2190
2026-01-13 04:25:05,064 - cadence_wtc11_all_v2 - INFO - ================================================================================
2026-01-13 04:25:05,990 - cadence_wtc11_all_v2 - INFO - Epoch 5 completed in 26.0s
2026-01-13 04:25:33,130 - cadence_wtc11_all_v2 - INFO - ================================================================================
2026-01-13 04:25:33,131 - cadence_wtc11_all_v2 - INFO - EPOCH 6 SUMMARY (BEST)
2026-01-13 04:25:33,131 - cadence_wtc11_all_v2 - INFO - ================================================================================
2026-01-13 04:25:33,131 - cadence_wtc11_all_v2 - INFO - [TRAIN] NLL: 0.7128 | MSE: 0.7128 | r: 0.6652 | rho: 0.5355 | R2: 0.2872 | RMSE: 0.9171
2026-01-13 04:25:33,131 - cadence_wtc11_all_v2 - INFO - [VAL]   NLL: 0.8097 | MSE: 0.8097 | r: 0.5881 | rho: 0.4588 | R2: 0.1446 | RMSE: 0.9774
2026-01-13 04:25:33,131 - cadence_wtc11_all_v2 - INFO - --------------------------------------------------------------------------------
2026-01-13 04:25:33,132 - cadence_wtc11_all_v2 - INFO -   [VAL] encode4_wtc11:
2026-01-13 04:25:33,132 - cadence_wtc11_all_v2 - INFO -     activity: r=0.5881 | rho=0.4588 | R2=0.1446 | RMSE=0.9774 | MAE=0.7469
2026-01-13 04:25:33,132 - cadence_wtc11_all_v2 - INFO - ================================================================================
2026-01-13 04:25:34,010 - cadence_wtc11_all_v2 - INFO - Epoch 6 completed in 28.0s
2026-01-13 04:25:46,317 - cadence_wtc11_all_v2 - INFO - Step 300: NLL=0.5269, MSE=0.5269, grad=0.37, lr=9.52e-03
2026-01-13 04:26:00,619 - cadence_wtc11_all_v2 - INFO - ================================================================================
2026-01-13 04:26:00,620 - cadence_wtc11_all_v2 - INFO - EPOCH 7 SUMMARY 
2026-01-13 04:26:00,620 - cadence_wtc11_all_v2 - INFO - ================================================================================
2026-01-13 04:26:00,620 - cadence_wtc11_all_v2 - INFO - [TRAIN] NLL: 0.6570 | MSE: 0.6570 | r: 0.6529 | rho: 0.5354 | R2: 0.3430 | RMSE: 0.8805
2026-01-13 04:26:00,621 - cadence_wtc11_all_v2 - INFO - [VAL]   NLL: 0.7536 | MSE: 0.7536 | r: 0.5780 | rho: 0.4672 | R2: 0.2038 | RMSE: 0.9430
2026-01-13 04:26:00,621 - cadence_wtc11_all_v2 - INFO - --------------------------------------------------------------------------------
2026-01-13 04:26:00,621 - cadence_wtc11_all_v2 - INFO -   [VAL] encode4_wtc11:
2026-01-13 04:26:00,621 - cadence_wtc11_all_v2 - INFO -     activity: r=0.5780 | rho=0.4672 | R2=0.2038 | RMSE=0.9430 | MAE=0.6912
2026-01-13 04:26:00,621 - cadence_wtc11_all_v2 - INFO - ================================================================================
2026-01-13 04:26:01,032 - cadence_wtc11_all_v2 - INFO - Epoch 7 completed in 27.0s
2026-01-13 04:26:26,762 - cadence_wtc11_all_v2 - INFO - ================================================================================
2026-01-13 04:26:26,763 - cadence_wtc11_all_v2 - INFO - EPOCH 8 SUMMARY (BEST)
2026-01-13 04:26:26,763 - cadence_wtc11_all_v2 - INFO - ================================================================================
2026-01-13 04:26:26,763 - cadence_wtc11_all_v2 - INFO - [TRAIN] NLL: 0.5520 | MSE: 0.5520 | r: 0.6892 | rho: 0.5674 | R2: 0.4480 | RMSE: 0.8071
2026-01-13 04:26:26,763 - cadence_wtc11_all_v2 - INFO - [VAL]   NLL: 0.6022 | MSE: 0.6022 | r: 0.6121 | rho: 0.4831 | R2: 0.3638 | RMSE: 0.8430
2026-01-13 04:26:26,763 - cadence_wtc11_all_v2 - INFO - --------------------------------------------------------------------------------
2026-01-13 04:26:26,763 - cadence_wtc11_all_v2 - INFO -   [VAL] encode4_wtc11:
2026-01-13 04:26:26,763 - cadence_wtc11_all_v2 - INFO -     activity: r=0.6121 | rho=0.4831 | R2=0.3638 | RMSE=0.8430 | MAE=0.6375
2026-01-13 04:26:26,763 - cadence_wtc11_all_v2 - INFO - ================================================================================
2026-01-13 04:26:27,702 - cadence_wtc11_all_v2 - INFO - Epoch 8 completed in 26.6s
2026-01-13 04:26:56,202 - cadence_wtc11_all_v2 - INFO - ================================================================================
2026-01-13 04:26:56,203 - cadence_wtc11_all_v2 - INFO - EPOCH 9 SUMMARY 
2026-01-13 04:26:56,203 - cadence_wtc11_all_v2 - INFO - ================================================================================
2026-01-13 04:26:56,203 - cadence_wtc11_all_v2 - INFO - [TRAIN] NLL: 0.5053 | MSE: 0.5053 | r: 0.7058 | rho: 0.5841 | R2: 0.4947 | RMSE: 0.7722
2026-01-13 04:26:56,203 - cadence_wtc11_all_v2 - INFO - [VAL]   NLL: 0.6154 | MSE: 0.6154 | r: 0.6096 | rho: 0.4853 | R2: 0.3498 | RMSE: 0.8522
2026-01-13 04:26:56,203 - cadence_wtc11_all_v2 - INFO - --------------------------------------------------------------------------------
2026-01-13 04:26:56,203 - cadence_wtc11_all_v2 - INFO -   [VAL] encode4_wtc11:
2026-01-13 04:26:56,204 - cadence_wtc11_all_v2 - INFO -     activity: r=0.6096 | rho=0.4853 | R2=0.3498 | RMSE=0.8522 | MAE=0.6414
2026-01-13 04:26:56,204 - cadence_wtc11_all_v2 - INFO - ================================================================================
2026-01-13 04:26:56,556 - cadence_wtc11_all_v2 - INFO - Epoch 9 completed in 28.9s
2026-01-13 04:27:02,477 - cadence_wtc11_all_v2 - INFO - Step 400: NLL=0.4712, MSE=0.4712, grad=0.50, lr=9.91e-03
2026-01-13 04:27:24,427 - cadence_wtc11_all_v2 - INFO - ================================================================================
2026-01-13 04:27:24,428 - cadence_wtc11_all_v2 - INFO - EPOCH 10 SUMMARY 
2026-01-13 04:27:24,428 - cadence_wtc11_all_v2 - INFO - ================================================================================
2026-01-13 04:27:24,428 - cadence_wtc11_all_v2 - INFO - [TRAIN] NLL: 0.5772 | MSE: 0.5772 | r: 0.7126 | rho: 0.5961 | R2: 0.4228 | RMSE: 0.8253
2026-01-13 04:27:24,428 - cadence_wtc11_all_v2 - INFO - [VAL]   NLL: 0.7400 | MSE: 0.7400 | r: 0.6053 | rho: 0.5018 | R2: 0.2183 | RMSE: 0.9344
2026-01-13 04:27:24,428 - cadence_wtc11_all_v2 - INFO - --------------------------------------------------------------------------------
2026-01-13 04:27:24,429 - cadence_wtc11_all_v2 - INFO -   [VAL] encode4_wtc11:
2026-01-13 04:27:24,429 - cadence_wtc11_all_v2 - INFO -     activity: r=0.6053 | rho=0.5018 | R2=0.2183 | RMSE=0.9344 | MAE=0.7053
2026-01-13 04:27:24,429 - cadence_wtc11_all_v2 - INFO - ================================================================================
2026-01-13 04:27:24,790 - cadence_wtc11_all_v2 - INFO - Epoch 10 completed in 28.2s
2026-01-13 04:27:49,108 - cadence_wtc11_all_v2 - INFO - ================================================================================
2026-01-13 04:27:49,108 - cadence_wtc11_all_v2 - INFO - EPOCH 11 SUMMARY (BEST)
2026-01-13 04:27:49,109 - cadence_wtc11_all_v2 - INFO - ================================================================================
2026-01-13 04:27:49,109 - cadence_wtc11_all_v2 - INFO - [TRAIN] NLL: 0.4804 | MSE: 0.4804 | r: 0.7291 | rho: 0.6028 | R2: 0.5196 | RMSE: 0.7529
2026-01-13 04:27:49,109 - cadence_wtc11_all_v2 - INFO - [VAL]   NLL: 0.6009 | MSE: 0.6009 | r: 0.6340 | rho: 0.5135 | R2: 0.3652 | RMSE: 0.8421
2026-01-13 04:27:49,109 - cadence_wtc11_all_v2 - INFO - --------------------------------------------------------------------------------
2026-01-13 04:27:49,109 - cadence_wtc11_all_v2 - INFO -   [VAL] encode4_wtc11:
2026-01-13 04:27:49,109 - cadence_wtc11_all_v2 - INFO -     activity: r=0.6340 | rho=0.5135 | R2=0.3652 | RMSE=0.8421 | MAE=0.6232
2026-01-13 04:27:49,109 - cadence_wtc11_all_v2 - INFO - ================================================================================
2026-01-13 04:27:50,414 - cadence_wtc11_all_v2 - INFO - Epoch 11 completed in 25.6s
2026-01-13 04:28:05,254 - cadence_wtc11_all_v2 - INFO - Step 500: NLL=0.4732, MSE=0.4732, grad=0.30, lr=9.19e-03
2026-01-13 04:28:16,107 - cadence_wtc11_all_v2 - INFO - ================================================================================
2026-01-13 04:28:16,107 - cadence_wtc11_all_v2 - INFO - EPOCH 12 SUMMARY (BEST)
2026-01-13 04:28:16,107 - cadence_wtc11_all_v2 - INFO - ================================================================================
2026-01-13 04:28:16,108 - cadence_wtc11_all_v2 - INFO - [TRAIN] NLL: 0.4849 | MSE: 0.4849 | r: 0.7401 | rho: 0.6005 | R2: 0.5151 | RMSE: 0.7564
2026-01-13 04:28:16,108 - cadence_wtc11_all_v2 - INFO - [VAL]   NLL: 0.5804 | MSE: 0.5804 | r: 0.6359 | rho: 0.5034 | R2: 0.3868 | RMSE: 0.8276
2026-01-13 04:28:16,108 - cadence_wtc11_all_v2 - INFO - --------------------------------------------------------------------------------
2026-01-13 04:28:16,108 - cadence_wtc11_all_v2 - INFO -   [VAL] encode4_wtc11:
2026-01-13 04:28:16,108 - cadence_wtc11_all_v2 - INFO -     activity: r=0.6359 | rho=0.5034 | R2=0.3868 | RMSE=0.8276 | MAE=0.6324
2026-01-13 04:28:16,108 - cadence_wtc11_all_v2 - INFO - ================================================================================
2026-01-13 04:28:16,896 - cadence_wtc11_all_v2 - INFO - Epoch 12 completed in 26.5s
2026-01-13 04:28:43,834 - cadence_wtc11_all_v2 - INFO - ================================================================================
2026-01-13 04:28:43,834 - cadence_wtc11_all_v2 - INFO - EPOCH 13 SUMMARY 
2026-01-13 04:28:43,834 - cadence_wtc11_all_v2 - INFO - ================================================================================
2026-01-13 04:28:43,835 - cadence_wtc11_all_v2 - INFO - [TRAIN] NLL: 0.4420 | MSE: 0.4420 | r: 0.7599 | rho: 0.6383 | R2: 0.5580 | RMSE: 0.7222
2026-01-13 04:28:43,835 - cadence_wtc11_all_v2 - INFO - [VAL]   NLL: 0.5666 | MSE: 0.5666 | r: 0.6353 | rho: 0.5177 | R2: 0.4014 | RMSE: 0.8177
2026-01-13 04:28:43,835 - cadence_wtc11_all_v2 - INFO - --------------------------------------------------------------------------------
2026-01-13 04:28:43,835 - cadence_wtc11_all_v2 - INFO -   [VAL] encode4_wtc11:
2026-01-13 04:28:43,835 - cadence_wtc11_all_v2 - INFO -     activity: r=0.6353 | rho=0.5177 | R2=0.4014 | RMSE=0.8177 | MAE=0.6164
2026-01-13 04:28:43,835 - cadence_wtc11_all_v2 - INFO - ================================================================================
2026-01-13 04:28:44,243 - cadence_wtc11_all_v2 - INFO - Epoch 13 completed in 27.3s
2026-01-13 04:29:11,765 - cadence_wtc11_all_v2 - INFO - ================================================================================
2026-01-13 04:29:11,766 - cadence_wtc11_all_v2 - INFO - EPOCH 14 SUMMARY (BEST)
2026-01-13 04:29:11,766 - cadence_wtc11_all_v2 - INFO - ================================================================================
2026-01-13 04:29:11,766 - cadence_wtc11_all_v2 - INFO - [TRAIN] NLL: 0.4351 | MSE: 0.4351 | r: 0.7529 | rho: 0.6235 | R2: 0.5649 | RMSE: 0.7166
2026-01-13 04:29:11,766 - cadence_wtc11_all_v2 - INFO - [VAL]   NLL: 0.5614 | MSE: 0.5614 | r: 0.6403 | rho: 0.5219 | R2: 0.4069 | RMSE: 0.8139
2026-01-13 04:29:11,766 - cadence_wtc11_all_v2 - INFO - --------------------------------------------------------------------------------
2026-01-13 04:29:11,766 - cadence_wtc11_all_v2 - INFO -   [VAL] encode4_wtc11:
2026-01-13 04:29:11,767 - cadence_wtc11_all_v2 - INFO -     activity: r=0.6403 | rho=0.5219 | R2=0.4069 | RMSE=0.8139 | MAE=0.6096
2026-01-13 04:29:11,767 - cadence_wtc11_all_v2 - INFO - ================================================================================
2026-01-13 04:29:12,570 - cadence_wtc11_all_v2 - INFO - Epoch 14 completed in 28.3s
2026-01-13 04:29:21,433 - cadence_wtc11_all_v2 - INFO - Step 600: NLL=0.4087, MSE=0.4087, grad=0.45, lr=7.87e-03
2026-01-13 04:29:41,484 - cadence_wtc11_all_v2 - INFO - ================================================================================
2026-01-13 04:29:41,484 - cadence_wtc11_all_v2 - INFO - EPOCH 15 SUMMARY 
2026-01-13 04:29:41,484 - cadence_wtc11_all_v2 - INFO - ================================================================================
2026-01-13 04:29:41,484 - cadence_wtc11_all_v2 - INFO - [TRAIN] NLL: 0.4516 | MSE: 0.4516 | r: 0.7471 | rho: 0.6271 | R2: 0.5484 | RMSE: 0.7300
2026-01-13 04:29:41,485 - cadence_wtc11_all_v2 - INFO - [VAL]   NLL: 0.5973 | MSE: 0.5973 | r: 0.6086 | rho: 0.4939 | R2: 0.3690 | RMSE: 0.8395
2026-01-13 04:29:41,485 - cadence_wtc11_all_v2 - INFO - --------------------------------------------------------------------------------
2026-01-13 04:29:41,485 - cadence_wtc11_all_v2 - INFO -   [VAL] encode4_wtc11:
2026-01-13 04:29:41,485 - cadence_wtc11_all_v2 - INFO -     activity: r=0.6086 | rho=0.4939 | R2=0.3690 | RMSE=0.8395 | MAE=0.6222
2026-01-13 04:29:41,485 - cadence_wtc11_all_v2 - INFO - ================================================================================
2026-01-13 04:29:41,859 - cadence_wtc11_all_v2 - INFO - Epoch 15 completed in 29.3s
2026-01-13 04:30:09,030 - cadence_wtc11_all_v2 - INFO - ================================================================================
2026-01-13 04:30:09,031 - cadence_wtc11_all_v2 - INFO - EPOCH 16 SUMMARY 
2026-01-13 04:30:09,031 - cadence_wtc11_all_v2 - INFO - ================================================================================
2026-01-13 04:30:09,031 - cadence_wtc11_all_v2 - INFO - [TRAIN] NLL: 0.4947 | MSE: 0.4947 | r: 0.7669 | rho: 0.6680 | R2: 0.5053 | RMSE: 0.7640
2026-01-13 04:30:09,031 - cadence_wtc11_all_v2 - INFO - [VAL]   NLL: 0.6184 | MSE: 0.6184 | r: 0.6207 | rho: 0.5227 | R2: 0.3467 | RMSE: 0.8542
2026-01-13 04:30:09,031 - cadence_wtc11_all_v2 - INFO - --------------------------------------------------------------------------------
2026-01-13 04:30:09,032 - cadence_wtc11_all_v2 - INFO -   [VAL] encode4_wtc11:
2026-01-13 04:30:09,032 - cadence_wtc11_all_v2 - INFO -     activity: r=0.6207 | rho=0.5227 | R2=0.3467 | RMSE=0.8542 | MAE=0.6332
2026-01-13 04:30:09,032 - cadence_wtc11_all_v2 - INFO - ================================================================================
2026-01-13 04:30:09,392 - cadence_wtc11_all_v2 - INFO - Epoch 16 completed in 27.5s
2026-01-13 04:30:26,640 - cadence_wtc11_all_v2 - INFO - Step 700: NLL=0.3693, MSE=0.3693, grad=0.40, lr=6.13e-03
2026-01-13 04:30:35,652 - cadence_wtc11_all_v2 - INFO - ================================================================================
2026-01-13 04:30:35,653 - cadence_wtc11_all_v2 - INFO - EPOCH 17 SUMMARY 
2026-01-13 04:30:35,653 - cadence_wtc11_all_v2 - INFO - ================================================================================
2026-01-13 04:30:35,653 - cadence_wtc11_all_v2 - INFO - [TRAIN] NLL: 0.3792 | MSE: 0.3792 | r: 0.7898 | rho: 0.6780 | R2: 0.6208 | RMSE: 0.6689
2026-01-13 04:30:35,653 - cadence_wtc11_all_v2 - INFO - [VAL]   NLL: 0.5737 | MSE: 0.5737 | r: 0.6316 | rho: 0.5210 | R2: 0.3939 | RMSE: 0.8228
2026-01-13 04:30:35,653 - cadence_wtc11_all_v2 - INFO - --------------------------------------------------------------------------------
2026-01-13 04:30:35,654 - cadence_wtc11_all_v2 - INFO -   [VAL] encode4_wtc11:
2026-01-13 04:30:35,654 - cadence_wtc11_all_v2 - INFO -     activity: r=0.6316 | rho=0.5210 | R2=0.3939 | RMSE=0.8228 | MAE=0.6101
2026-01-13 04:30:35,654 - cadence_wtc11_all_v2 - INFO - ================================================================================
2026-01-13 04:30:36,057 - cadence_wtc11_all_v2 - INFO - Epoch 17 completed in 26.7s
2026-01-13 04:31:03,706 - cadence_wtc11_all_v2 - INFO - ================================================================================
2026-01-13 04:31:03,706 - cadence_wtc11_all_v2 - INFO - EPOCH 18 SUMMARY (BEST)
2026-01-13 04:31:03,706 - cadence_wtc11_all_v2 - INFO - ================================================================================
2026-01-13 04:31:03,706 - cadence_wtc11_all_v2 - INFO - [TRAIN] NLL: 0.3609 | MSE: 0.3609 | r: 0.8068 | rho: 0.6975 | R2: 0.6391 | RMSE: 0.6526
2026-01-13 04:31:03,707 - cadence_wtc11_all_v2 - INFO - [VAL]   NLL: 0.5807 | MSE: 0.5807 | r: 0.6520 | rho: 0.5410 | R2: 0.3865 | RMSE: 0.8278
2026-01-13 04:31:03,707 - cadence_wtc11_all_v2 - INFO - --------------------------------------------------------------------------------
2026-01-13 04:31:03,707 - cadence_wtc11_all_v2 - INFO -   [VAL] encode4_wtc11:
2026-01-13 04:31:03,707 - cadence_wtc11_all_v2 - INFO -     activity: r=0.6520 | rho=0.5410 | R2=0.3865 | RMSE=0.8278 | MAE=0.6218
2026-01-13 04:31:03,707 - cadence_wtc11_all_v2 - INFO - ================================================================================
2026-01-13 04:31:04,479 - cadence_wtc11_all_v2 - INFO - Epoch 18 completed in 28.4s
2026-01-13 04:31:31,360 - cadence_wtc11_all_v2 - INFO - ================================================================================
2026-01-13 04:31:31,362 - cadence_wtc11_all_v2 - INFO - EPOCH 19 SUMMARY 
2026-01-13 04:31:31,362 - cadence_wtc11_all_v2 - INFO - ================================================================================
2026-01-13 04:31:31,362 - cadence_wtc11_all_v2 - INFO - [TRAIN] NLL: 0.3702 | MSE: 0.3702 | r: 0.8032 | rho: 0.6967 | R2: 0.6298 | RMSE: 0.6609
2026-01-13 04:31:31,363 - cadence_wtc11_all_v2 - INFO - [VAL]   NLL: 0.6145 | MSE: 0.6145 | r: 0.6455 | rho: 0.5347 | R2: 0.3508 | RMSE: 0.8516
2026-01-13 04:31:31,363 - cadence_wtc11_all_v2 - INFO - --------------------------------------------------------------------------------
2026-01-13 04:31:31,363 - cadence_wtc11_all_v2 - INFO -   [VAL] encode4_wtc11:
2026-01-13 04:31:31,363 - cadence_wtc11_all_v2 - INFO -     activity: r=0.6455 | rho=0.5347 | R2=0.3508 | RMSE=0.8516 | MAE=0.6356
2026-01-13 04:31:31,364 - cadence_wtc11_all_v2 - INFO - ================================================================================
2026-01-13 04:31:31,787 - cadence_wtc11_all_v2 - INFO - Epoch 19 completed in 27.3s
2026-01-13 04:31:42,653 - cadence_wtc11_all_v2 - INFO - Step 800: NLL=0.3476, MSE=0.3476, grad=0.29, lr=4.23e-03
2026-01-13 04:31:59,826 - cadence_wtc11_all_v2 - INFO - ================================================================================
2026-01-13 04:31:59,826 - cadence_wtc11_all_v2 - INFO - EPOCH 20 SUMMARY 
2026-01-13 04:31:59,826 - cadence_wtc11_all_v2 - INFO - ================================================================================
2026-01-13 04:31:59,826 - cadence_wtc11_all_v2 - INFO - [TRAIN] NLL: 0.3317 | MSE: 0.3317 | r: 0.8191 | rho: 0.7215 | R2: 0.6683 | RMSE: 0.6256
2026-01-13 04:31:59,826 - cadence_wtc11_all_v2 - INFO - [VAL]   NLL: 0.5628 | MSE: 0.5628 | r: 0.6428 | rho: 0.5411 | R2: 0.4054 | RMSE: 0.8149
2026-01-13 04:31:59,826 - cadence_wtc11_all_v2 - INFO - --------------------------------------------------------------------------------
2026-01-13 04:31:59,826 - cadence_wtc11_all_v2 - INFO -   [VAL] encode4_wtc11:
2026-01-13 04:31:59,826 - cadence_wtc11_all_v2 - INFO -     activity: r=0.6428 | rho=0.5411 | R2=0.4054 | RMSE=0.8149 | MAE=0.6084
2026-01-13 04:31:59,826 - cadence_wtc11_all_v2 - INFO - ================================================================================
2026-01-13 04:32:00,261 - cadence_wtc11_all_v2 - INFO - Epoch 20 completed in 28.5s
2026-01-13 04:32:28,137 - cadence_wtc11_all_v2 - INFO - ================================================================================
2026-01-13 04:32:28,137 - cadence_wtc11_all_v2 - INFO - EPOCH 21 SUMMARY 
2026-01-13 04:32:28,137 - cadence_wtc11_all_v2 - INFO - ================================================================================
2026-01-13 04:32:28,137 - cadence_wtc11_all_v2 - INFO - [TRAIN] NLL: 0.3050 | MSE: 0.3050 | r: 0.8355 | rho: 0.7357 | R2: 0.6950 | RMSE: 0.5999
2026-01-13 04:32:28,138 - cadence_wtc11_all_v2 - INFO - [VAL]   NLL: 0.5571 | MSE: 0.5571 | r: 0.6500 | rho: 0.5315 | R2: 0.4114 | RMSE: 0.8108
2026-01-13 04:32:28,138 - cadence_wtc11_all_v2 - INFO - --------------------------------------------------------------------------------
2026-01-13 04:32:28,138 - cadence_wtc11_all_v2 - INFO -   [VAL] encode4_wtc11:
2026-01-13 04:32:28,138 - cadence_wtc11_all_v2 - INFO -     activity: r=0.6500 | rho=0.5315 | R2=0.4114 | RMSE=0.8108 | MAE=0.6037
2026-01-13 04:32:28,138 - cadence_wtc11_all_v2 - INFO - ================================================================================
2026-01-13 04:32:28,562 - cadence_wtc11_all_v2 - INFO - Epoch 21 completed in 28.3s
2026-01-13 04:32:55,586 - cadence_wtc11_all_v2 - INFO - ================================================================================
2026-01-13 04:32:55,586 - cadence_wtc11_all_v2 - INFO - EPOCH 22 SUMMARY (BEST)
2026-01-13 04:32:55,587 - cadence_wtc11_all_v2 - INFO - ================================================================================
2026-01-13 04:32:55,587 - cadence_wtc11_all_v2 - INFO - [TRAIN] NLL: 0.2814 | MSE: 0.2814 | r: 0.8495 | rho: 0.7526 | R2: 0.7186 | RMSE: 0.5763
2026-01-13 04:32:55,587 - cadence_wtc11_all_v2 - INFO - [VAL]   NLL: 0.5554 | MSE: 0.5554 | r: 0.6561 | rho: 0.5439 | R2: 0.4133 | RMSE: 0.8095
2026-01-13 04:32:55,587 - cadence_wtc11_all_v2 - INFO - --------------------------------------------------------------------------------
2026-01-13 04:32:55,587 - cadence_wtc11_all_v2 - INFO -   [VAL] encode4_wtc11:
2026-01-13 04:32:55,587 - cadence_wtc11_all_v2 - INFO -     activity: r=0.6561 | rho=0.5439 | R2=0.4133 | RMSE=0.8095 | MAE=0.6099
2026-01-13 04:32:55,588 - cadence_wtc11_all_v2 - INFO - ================================================================================
2026-01-13 04:32:56,405 - cadence_wtc11_all_v2 - INFO - Epoch 22 completed in 27.8s
2026-01-13 04:32:59,037 - cadence_wtc11_all_v2 - INFO - Step 900: NLL=0.2982, MSE=0.2982, grad=0.41, lr=2.43e-03
2026-01-13 04:33:21,880 - cadence_wtc11_all_v2 - INFO - ================================================================================
2026-01-13 04:33:21,881 - cadence_wtc11_all_v2 - INFO - EPOCH 23 SUMMARY 
2026-01-13 04:33:21,881 - cadence_wtc11_all_v2 - INFO - ================================================================================
2026-01-13 04:33:21,881 - cadence_wtc11_all_v2 - INFO - [TRAIN] NLL: 0.2662 | MSE: 0.2662 | r: 0.8576 | rho: 0.7642 | R2: 0.7338 | RMSE: 0.5604
2026-01-13 04:33:21,881 - cadence_wtc11_all_v2 - INFO - [VAL]   NLL: 0.5760 | MSE: 0.5760 | r: 0.6482 | rho: 0.5441 | R2: 0.3915 | RMSE: 0.8244
2026-01-13 04:33:21,881 - cadence_wtc11_all_v2 - INFO - --------------------------------------------------------------------------------
2026-01-13 04:33:21,882 - cadence_wtc11_all_v2 - INFO -   [VAL] encode4_wtc11:
2026-01-13 04:33:21,882 - cadence_wtc11_all_v2 - INFO -     activity: r=0.6482 | rho=0.5441 | R2=0.3915 | RMSE=0.8244 | MAE=0.6167
2026-01-13 04:33:21,882 - cadence_wtc11_all_v2 - INFO - ================================================================================
2026-01-13 04:33:22,200 - cadence_wtc11_all_v2 - INFO - Epoch 23 completed in 25.8s
2026-01-13 04:33:46,906 - cadence_wtc11_all_v2 - INFO - ================================================================================
2026-01-13 04:33:46,907 - cadence_wtc11_all_v2 - INFO - EPOCH 24 SUMMARY (BEST)
2026-01-13 04:33:46,907 - cadence_wtc11_all_v2 - INFO - ================================================================================
2026-01-13 04:33:46,908 - cadence_wtc11_all_v2 - INFO - [TRAIN] NLL: 0.2630 | MSE: 0.2630 | r: 0.8648 | rho: 0.7730 | R2: 0.7370 | RMSE: 0.5571
2026-01-13 04:33:46,908 - cadence_wtc11_all_v2 - INFO - [VAL]   NLL: 0.5732 | MSE: 0.5732 | r: 0.6566 | rho: 0.5446 | R2: 0.3945 | RMSE: 0.8224
2026-01-13 04:33:46,908 - cadence_wtc11_all_v2 - INFO - --------------------------------------------------------------------------------
2026-01-13 04:33:46,908 - cadence_wtc11_all_v2 - INFO -   [VAL] encode4_wtc11:
2026-01-13 04:33:46,908 - cadence_wtc11_all_v2 - INFO -     activity: r=0.6566 | rho=0.5446 | R2=0.3945 | RMSE=0.8224 | MAE=0.6191
2026-01-13 04:33:46,909 - cadence_wtc11_all_v2 - INFO - ================================================================================
2026-01-13 04:33:47,661 - cadence_wtc11_all_v2 - INFO - Epoch 24 completed in 25.5s
2026-01-13 04:33:58,988 - cadence_wtc11_all_v2 - INFO - Step 1000: NLL=0.2485, MSE=0.2485, grad=0.29, lr=1.01e-03
2026-01-13 04:34:12,427 - cadence_wtc11_all_v2 - INFO - ================================================================================
2026-01-13 04:34:12,427 - cadence_wtc11_all_v2 - INFO - EPOCH 25 SUMMARY (BEST)
2026-01-13 04:34:12,428 - cadence_wtc11_all_v2 - INFO - ================================================================================
2026-01-13 04:34:12,428 - cadence_wtc11_all_v2 - INFO - [TRAIN] NLL: 0.2398 | MSE: 0.2398 | r: 0.8720 | rho: 0.7837 | R2: 0.7602 | RMSE: 0.5320
2026-01-13 04:34:12,428 - cadence_wtc11_all_v2 - INFO - [VAL]   NLL: 0.5520 | MSE: 0.5520 | r: 0.6578 | rho: 0.5475 | R2: 0.4168 | RMSE: 0.8071
2026-01-13 04:34:12,428 - cadence_wtc11_all_v2 - INFO - --------------------------------------------------------------------------------
2026-01-13 04:34:12,428 - cadence_wtc11_all_v2 - INFO -   [VAL] encode4_wtc11:
2026-01-13 04:34:12,429 - cadence_wtc11_all_v2 - INFO -     activity: r=0.6578 | rho=0.5475 | R2=0.4168 | RMSE=0.8071 | MAE=0.6048
2026-01-13 04:34:12,429 - cadence_wtc11_all_v2 - INFO - ================================================================================
2026-01-13 04:34:13,206 - cadence_wtc11_all_v2 - INFO - Epoch 25 completed in 25.5s
2026-01-13 04:34:40,185 - cadence_wtc11_all_v2 - INFO - ================================================================================
2026-01-13 04:34:40,186 - cadence_wtc11_all_v2 - INFO - EPOCH 26 SUMMARY 
2026-01-13 04:34:40,186 - cadence_wtc11_all_v2 - INFO - ================================================================================
2026-01-13 04:34:40,186 - cadence_wtc11_all_v2 - INFO - [TRAIN] NLL: 0.2326 | MSE: 0.2326 | r: 0.8769 | rho: 0.7903 | R2: 0.7674 | RMSE: 0.5239
2026-01-13 04:34:40,187 - cadence_wtc11_all_v2 - INFO - [VAL]   NLL: 0.5508 | MSE: 0.5508 | r: 0.6570 | rho: 0.5464 | R2: 0.4181 | RMSE: 0.8062
2026-01-13 04:34:40,187 - cadence_wtc11_all_v2 - INFO - --------------------------------------------------------------------------------
2026-01-13 04:34:40,187 - cadence_wtc11_all_v2 - INFO -   [VAL] encode4_wtc11:
2026-01-13 04:34:40,187 - cadence_wtc11_all_v2 - INFO -     activity: r=0.6570 | rho=0.5464 | R2=0.4181 | RMSE=0.8062 | MAE=0.6052
2026-01-13 04:34:40,187 - cadence_wtc11_all_v2 - INFO - ================================================================================
2026-01-13 04:34:40,670 - cadence_wtc11_all_v2 - INFO - Epoch 26 completed in 27.5s
2026-01-13 04:35:06,062 - cadence_wtc11_all_v2 - INFO - ================================================================================
2026-01-13 04:35:06,063 - cadence_wtc11_all_v2 - INFO - EPOCH 27 SUMMARY 
2026-01-13 04:35:06,063 - cadence_wtc11_all_v2 - INFO - ================================================================================
2026-01-13 04:35:06,063 - cadence_wtc11_all_v2 - INFO - [TRAIN] NLL: 0.2258 | MSE: 0.2258 | r: 0.8799 | rho: 0.7968 | R2: 0.7742 | RMSE: 0.5162
2026-01-13 04:35:06,063 - cadence_wtc11_all_v2 - INFO - [VAL]   NLL: 0.5583 | MSE: 0.5583 | r: 0.6569 | rho: 0.5459 | R2: 0.4102 | RMSE: 0.8117
2026-01-13 04:35:06,063 - cadence_wtc11_all_v2 - INFO - --------------------------------------------------------------------------------
2026-01-13 04:35:06,063 - cadence_wtc11_all_v2 - INFO -   [VAL] encode4_wtc11:
2026-01-13 04:35:06,063 - cadence_wtc11_all_v2 - INFO -     activity: r=0.6569 | rho=0.5459 | R2=0.4102 | RMSE=0.8117 | MAE=0.6094
2026-01-13 04:35:06,063 - cadence_wtc11_all_v2 - INFO - ================================================================================
2026-01-13 04:35:06,462 - cadence_wtc11_all_v2 - INFO - Epoch 27 completed in 25.8s
2026-01-13 04:35:11,664 - cadence_wtc11_all_v2 - INFO - Step 1100: NLL=0.2234, MSE=0.2234, grad=0.26, lr=1.74e-04
2026-01-13 04:35:34,914 - cadence_wtc11_all_v2 - INFO - ================================================================================
2026-01-13 04:35:34,915 - cadence_wtc11_all_v2 - INFO - EPOCH 28 SUMMARY 
2026-01-13 04:35:34,915 - cadence_wtc11_all_v2 - INFO - ================================================================================
2026-01-13 04:35:34,915 - cadence_wtc11_all_v2 - INFO - [TRAIN] NLL: 0.2244 | MSE: 0.2244 | r: 0.8807 | rho: 0.7969 | R2: 0.7756 | RMSE: 0.5146
2026-01-13 04:35:34,915 - cadence_wtc11_all_v2 - INFO - [VAL]   NLL: 0.5590 | MSE: 0.5590 | r: 0.6553 | rho: 0.5454 | R2: 0.4094 | RMSE: 0.8122
2026-01-13 04:35:34,916 - cadence_wtc11_all_v2 - INFO - --------------------------------------------------------------------------------
2026-01-13 04:35:34,916 - cadence_wtc11_all_v2 - INFO -   [VAL] encode4_wtc11:
2026-01-13 04:35:34,916 - cadence_wtc11_all_v2 - INFO -     activity: r=0.6553 | rho=0.5454 | R2=0.4094 | RMSE=0.8122 | MAE=0.6108
2026-01-13 04:35:34,916 - cadence_wtc11_all_v2 - INFO - ================================================================================
2026-01-13 04:35:35,278 - cadence_wtc11_all_v2 - INFO - Epoch 28 completed in 28.8s
2026-01-13 04:36:01,454 - cadence_wtc11_all_v2 - INFO - ================================================================================
2026-01-13 04:36:01,455 - cadence_wtc11_all_v2 - INFO - EPOCH 29 SUMMARY 
2026-01-13 04:36:01,455 - cadence_wtc11_all_v2 - INFO - ================================================================================
2026-01-13 04:36:01,455 - cadence_wtc11_all_v2 - INFO - [TRAIN] NLL: 0.2213 | MSE: 0.2213 | r: 0.8825 | rho: 0.7985 | R2: 0.7787 | RMSE: 0.5110
2026-01-13 04:36:01,455 - cadence_wtc11_all_v2 - INFO - [VAL]   NLL: 0.5593 | MSE: 0.5593 | r: 0.6558 | rho: 0.5453 | R2: 0.4091 | RMSE: 0.8124
2026-01-13 04:36:01,456 - cadence_wtc11_all_v2 - INFO - --------------------------------------------------------------------------------
2026-01-13 04:36:01,456 - cadence_wtc11_all_v2 - INFO -   [VAL] encode4_wtc11:
2026-01-13 04:36:01,456 - cadence_wtc11_all_v2 - INFO -     activity: r=0.6558 | rho=0.5453 | R2=0.4091 | RMSE=0.8124 | MAE=0.6109
2026-01-13 04:36:01,456 - cadence_wtc11_all_v2 - INFO - ================================================================================
2026-01-13 04:36:01,830 - cadence_wtc11_all_v2 - INFO - Epoch 29 completed in 26.6s
2026-01-13 04:36:01,830 - cadence_wtc11_all_v2 - INFO - Training complete. Running final evaluation...
2026-01-13 04:36:03,431 - cadence_wtc11_all_v2 - INFO - 
============================================================
2026-01-13 04:36:03,431 - cadence_wtc11_all_v2 - INFO - Evaluating on TEST sets...
2026-01-13 04:36:03,432 - cadence_wtc11_all_v2 - INFO - ============================================================
2026-01-13 04:36:03,433 - cadence_wtc11_all_v2 - INFO -   Evaluating encode4_wtc11 (test)...
2026-01-13 04:36:04,691 - cadence_wtc11_all_v2 - INFO -     activity: r=0.6836, rho=0.5796, R2=0.4539, RMSE=0.7426 (n=5597)
2026-01-13 04:36:04,692 - cadence_wtc11_all_v2 - INFO - 
============================================================
2026-01-13 04:36:04,692 - cadence_wtc11_all_v2 - INFO - Evaluating on CALIBRATION sets...
2026-01-13 04:36:04,692 - cadence_wtc11_all_v2 - INFO - ============================================================
2026-01-13 04:36:04,693 - cadence_wtc11_all_v2 - INFO -   Evaluating encode4_wtc11 (calibration)...
2026-01-13 04:36:05,942 - cadence_wtc11_all_v2 - INFO -     activity: r=0.6885, rho=0.5843, R2=0.4589, RMSE=0.7244 (n=5595)
2026-01-13 04:36:05,942 - cadence_wtc11_all_v2 - INFO - Results saved to results/cadence_wtc11_all_v2/final_results.json
