2026-01-13 05:53:10,421 - cadence_maize_v1 - INFO - Experiment: cadence_maize_v1
2026-01-13 05:53:10,422 - cadence_maize_v1 - INFO - Output directory: results/cadence_maize_v1
2026-01-13 05:53:10,423 - cadence_maize_v1 - INFO - Starting training...
2026-01-13 05:53:10,423 - cadence_maize_v1 - INFO - Config: config1_single_celltype
2026-01-13 05:53:10,432 - cadence_maize_v1 - INFO - Setting up datasets...
2026-01-13 05:53:28,719 - cadence_maize_v1 - INFO - Dataset sizes: {'jores_maize': 22143}
2026-01-13 05:53:28,719 - cadence_maize_v1 - INFO - Using balanced activity sampling with 10 bins...
2026-01-13 05:53:31,291 - cadence_maize_v1 - INFO -   jores_maize: test set loaded
2026-01-13 05:53:52,876 - cadence_maize_v1 - INFO - Data setup complete
2026-01-13 05:53:52,876 - cadence_maize_v1 - INFO - Setting up model...
2026-01-13 05:53:55,215 - cadence_maize_v1 - INFO - Model parameters: 1,389,026 (1,389,026 trainable)
2026-01-13 05:54:02,325 - cadence_maize_v1 - INFO - OneCycleLR: 17300 total steps, initial_lr=0.000400, max_lr=0.01
2026-01-13 05:54:02,325 - cadence_maize_v1 - INFO - Model setup complete
2026-01-13 05:54:21,887 - cadence_maize_v1 - INFO - Step 100: NLL=0.4117, MSE=0.3879, grad=4.30, lr=4.09e-04
2026-01-13 05:54:36,877 - cadence_maize_v1 - INFO - Step 200: NLL=0.3451, MSE=0.3558, grad=3.55, lr=4.35e-04
2026-01-13 05:54:50,578 - cadence_maize_v1 - INFO - Step 300: NLL=0.2910, MSE=0.3670, grad=3.18, lr=4.79e-04
2026-01-13 05:55:07,019 - cadence_maize_v1 - INFO - ================================================================================
2026-01-13 05:55:07,020 - cadence_maize_v1 - INFO - EPOCH 0 SUMMARY (BEST)
2026-01-13 05:55:07,020 - cadence_maize_v1 - INFO - ================================================================================
2026-01-13 05:55:07,020 - cadence_maize_v1 - INFO - [TRAIN] NLL: 0.3929 | MSE: 0.3929 | r: 0.7470 | rho: 0.7333 | R2: 0.4482 | RMSE: 1.1023
2026-01-13 05:55:07,021 - cadence_maize_v1 - INFO - [VAL]   NLL: 0.4114 | MSE: 0.4114 | r: 0.7323 | rho: 0.7143 | R2: 0.4432 | RMSE: 1.1259
2026-01-13 05:55:07,021 - cadence_maize_v1 - INFO - --------------------------------------------------------------------------------
2026-01-13 05:55:07,021 - cadence_maize_v1 - INFO -   [VAL] jores_maize:
2026-01-13 05:55:07,021 - cadence_maize_v1 - INFO -     leaf: r=0.7496 | rho=0.7508 | R2=0.4334 | RMSE=1.3699 | MAE=1.0846
2026-01-13 05:55:07,022 - cadence_maize_v1 - INFO -     proto: r=0.7151 | rho=0.6777 | R2=0.4529 | RMSE=0.8819 | MAE=0.6889
2026-01-13 05:55:07,022 - cadence_maize_v1 - INFO - ================================================================================
2026-01-13 05:55:07,617 - cadence_maize_v1 - INFO - Epoch 0 completed in 65.3s
2026-01-13 05:55:15,948 - cadence_maize_v1 - INFO - Step 400: NLL=0.2659, MSE=0.3015, grad=3.34, lr=5.40e-04
2026-01-13 05:55:29,468 - cadence_maize_v1 - INFO - Step 500: NLL=0.2646, MSE=0.3179, grad=2.51, lr=6.18e-04
2026-01-13 05:55:43,992 - cadence_maize_v1 - INFO - Step 600: NLL=0.2876, MSE=0.3187, grad=2.44, lr=7.13e-04
2026-01-13 05:56:08,616 - cadence_maize_v1 - INFO - ================================================================================
2026-01-13 05:56:08,616 - cadence_maize_v1 - INFO - EPOCH 1 SUMMARY (BEST)
2026-01-13 05:56:08,616 - cadence_maize_v1 - INFO - ================================================================================
2026-01-13 05:56:08,617 - cadence_maize_v1 - INFO - [TRAIN] NLL: 0.3360 | MSE: 0.3360 | r: 0.7896 | rho: 0.7818 | R2: 0.5455 | RMSE: 1.0099
2026-01-13 05:56:08,617 - cadence_maize_v1 - INFO - [VAL]   NLL: 0.4044 | MSE: 0.4044 | r: 0.7605 | rho: 0.7473 | R2: 0.4751 | RMSE: 1.1033
2026-01-13 05:56:08,617 - cadence_maize_v1 - INFO - --------------------------------------------------------------------------------
2026-01-13 05:56:08,617 - cadence_maize_v1 - INFO -   [VAL] jores_maize:
2026-01-13 05:56:08,618 - cadence_maize_v1 - INFO -     leaf: r=0.7657 | rho=0.7698 | R2=0.4091 | RMSE=1.3990 | MAE=1.0759
2026-01-13 05:56:08,618 - cadence_maize_v1 - INFO -     proto: r=0.7553 | rho=0.7249 | R2=0.5412 | RMSE=0.8077 | MAE=0.6301
2026-01-13 05:56:08,618 - cadence_maize_v1 - INFO - ================================================================================
2026-01-13 05:56:09,222 - cadence_maize_v1 - INFO - Epoch 1 completed in 61.6s
2026-01-13 05:56:11,370 - cadence_maize_v1 - INFO - Step 700: NLL=0.2827, MSE=0.3099, grad=1.95, lr=8.25e-04
2026-01-13 05:56:27,721 - cadence_maize_v1 - INFO - Step 800: NLL=0.3089, MSE=0.2753, grad=4.22, lr=9.52e-04
2026-01-13 05:56:41,344 - cadence_maize_v1 - INFO - Step 900: NLL=0.2188, MSE=0.2339, grad=1.70, lr=1.10e-03
2026-01-13 05:56:58,057 - cadence_maize_v1 - INFO - Step 1000: NLL=0.2283, MSE=0.2272, grad=1.71, lr=1.25e-03
2026-01-13 05:57:14,256 - cadence_maize_v1 - INFO - ================================================================================
2026-01-13 05:57:14,257 - cadence_maize_v1 - INFO - EPOCH 2 SUMMARY 
2026-01-13 05:57:14,257 - cadence_maize_v1 - INFO - ================================================================================
2026-01-13 05:57:14,257 - cadence_maize_v1 - INFO - [TRAIN] NLL: 0.3975 | MSE: 0.3975 | r: 0.7717 | rho: 0.7763 | R2: 0.4321 | RMSE: 1.1128
2026-01-13 05:57:14,257 - cadence_maize_v1 - INFO - [VAL]   NLL: 0.4253 | MSE: 0.4253 | r: 0.7440 | rho: 0.7431 | R2: 0.4073 | RMSE: 1.1525
2026-01-13 05:57:14,257 - cadence_maize_v1 - INFO - --------------------------------------------------------------------------------
2026-01-13 05:57:14,258 - cadence_maize_v1 - INFO -   [VAL] jores_maize:
2026-01-13 05:57:14,258 - cadence_maize_v1 - INFO -     leaf: r=0.7716 | rho=0.7836 | R2=0.4396 | RMSE=1.3623 | MAE=1.0619
2026-01-13 05:57:14,258 - cadence_maize_v1 - INFO -     proto: r=0.7163 | rho=0.7027 | R2=0.3750 | RMSE=0.9427 | MAE=0.7368
2026-01-13 05:57:14,258 - cadence_maize_v1 - INFO - ================================================================================
2026-01-13 05:57:14,535 - cadence_maize_v1 - INFO - Epoch 2 completed in 65.3s
2026-01-13 05:57:25,673 - cadence_maize_v1 - INFO - Step 1100: NLL=0.3390, MSE=0.3372, grad=1.35, lr=1.43e-03
2026-01-13 05:57:40,042 - cadence_maize_v1 - INFO - Step 1200: NLL=0.2540, MSE=0.2782, grad=1.58, lr=1.61e-03
2026-01-13 05:57:55,227 - cadence_maize_v1 - INFO - Step 1300: NLL=0.3587, MSE=0.4066, grad=1.64, lr=1.81e-03
2026-01-13 05:58:18,645 - cadence_maize_v1 - INFO - ================================================================================
2026-01-13 05:58:18,646 - cadence_maize_v1 - INFO - EPOCH 3 SUMMARY 
2026-01-13 05:58:18,646 - cadence_maize_v1 - INFO - ================================================================================
2026-01-13 05:58:18,647 - cadence_maize_v1 - INFO - [TRAIN] NLL: 0.4316 | MSE: 0.4316 | r: 0.7702 | rho: 0.7715 | R2: 0.2906 | RMSE: 1.1794
2026-01-13 05:58:18,647 - cadence_maize_v1 - INFO - [VAL]   NLL: 0.4649 | MSE: 0.4649 | r: 0.7404 | rho: 0.7368 | R2: 0.2829 | RMSE: 1.2223
2026-01-13 05:58:18,647 - cadence_maize_v1 - INFO - --------------------------------------------------------------------------------
2026-01-13 05:58:18,647 - cadence_maize_v1 - INFO -   [VAL] jores_maize:
2026-01-13 05:58:18,648 - cadence_maize_v1 - INFO -     leaf: r=0.7690 | rho=0.7708 | R2=0.4919 | RMSE=1.2973 | MAE=1.0177
2026-01-13 05:58:18,648 - cadence_maize_v1 - INFO -     proto: r=0.7117 | rho=0.7029 | R2=0.0740 | RMSE=1.1474 | MAE=0.8985
2026-01-13 05:58:18,648 - cadence_maize_v1 - INFO - ================================================================================
2026-01-13 05:58:18,948 - cadence_maize_v1 - INFO - Epoch 3 completed in 64.4s
2026-01-13 05:58:22,447 - cadence_maize_v1 - INFO - Step 1400: NLL=0.2964, MSE=0.3008, grad=1.09, lr=2.02e-03
2026-01-13 05:58:37,660 - cadence_maize_v1 - INFO - Step 1500: NLL=0.2810, MSE=0.3250, grad=0.88, lr=2.25e-03
2026-01-13 05:58:51,106 - cadence_maize_v1 - INFO - Step 1600: NLL=0.2781, MSE=0.3097, grad=1.12, lr=2.48e-03
2026-01-13 05:59:05,991 - cadence_maize_v1 - INFO - Step 1700: NLL=0.3038, MSE=0.3450, grad=1.18, lr=2.73e-03
2026-01-13 05:59:19,604 - cadence_maize_v1 - INFO - ================================================================================
2026-01-13 05:59:19,604 - cadence_maize_v1 - INFO - EPOCH 4 SUMMARY 
2026-01-13 05:59:19,604 - cadence_maize_v1 - INFO - ================================================================================
2026-01-13 05:59:19,605 - cadence_maize_v1 - INFO - [TRAIN] NLL: 0.6034 | MSE: 0.6034 | r: 0.7177 | rho: 0.7145 | R2: 0.2503 | RMSE: 1.3162
2026-01-13 05:59:19,605 - cadence_maize_v1 - INFO - [VAL]   NLL: 0.5142 | MSE: 0.5142 | r: 0.7387 | rho: 0.7344 | R2: 0.3479 | RMSE: 1.2346
2026-01-13 05:59:19,605 - cadence_maize_v1 - INFO - --------------------------------------------------------------------------------
2026-01-13 05:59:19,606 - cadence_maize_v1 - INFO -   [VAL] jores_maize:
2026-01-13 05:59:19,606 - cadence_maize_v1 - INFO -     leaf: r=0.7247 | rho=0.7290 | R2=0.2257 | RMSE=1.6014 | MAE=1.2142
2026-01-13 05:59:19,606 - cadence_maize_v1 - INFO -     proto: r=0.7528 | rho=0.7397 | R2=0.4702 | RMSE=0.8679 | MAE=0.6714
2026-01-13 05:59:19,606 - cadence_maize_v1 - INFO - ================================================================================
2026-01-13 05:59:19,938 - cadence_maize_v1 - INFO - Epoch 4 completed in 61.0s
2026-01-13 05:59:31,832 - cadence_maize_v1 - INFO - Step 1800: NLL=0.2289, MSE=0.2627, grad=0.65, lr=2.98e-03
2026-01-13 05:59:45,487 - cadence_maize_v1 - INFO - Step 1900: NLL=0.3560, MSE=0.4096, grad=1.00, lr=3.24e-03
2026-01-13 06:00:00,318 - cadence_maize_v1 - INFO - Step 2000: NLL=0.3381, MSE=0.3137, grad=1.83, lr=3.51e-03
2026-01-13 06:00:20,832 - cadence_maize_v1 - INFO - ================================================================================
2026-01-13 06:00:20,832 - cadence_maize_v1 - INFO - EPOCH 5 SUMMARY (BEST)
2026-01-13 06:00:20,833 - cadence_maize_v1 - INFO - ================================================================================
2026-01-13 06:00:20,833 - cadence_maize_v1 - INFO - [TRAIN] NLL: 0.3860 | MSE: 0.3860 | r: 0.7958 | rho: 0.7925 | R2: 0.4642 | RMSE: 1.0896
2026-01-13 06:00:20,833 - cadence_maize_v1 - INFO - [VAL]   NLL: 0.4464 | MSE: 0.4464 | r: 0.7710 | rho: 0.7639 | R2: 0.4059 | RMSE: 1.1677
2026-01-13 06:00:20,833 - cadence_maize_v1 - INFO - --------------------------------------------------------------------------------
2026-01-13 06:00:20,833 - cadence_maize_v1 - INFO -   [VAL] jores_maize:
2026-01-13 06:00:20,833 - cadence_maize_v1 - INFO -     leaf: r=0.7739 | rho=0.7757 | R2=0.3698 | RMSE=1.4447 | MAE=1.1352
2026-01-13 06:00:20,834 - cadence_maize_v1 - INFO -     proto: r=0.7681 | rho=0.7521 | R2=0.4420 | RMSE=0.8907 | MAE=0.6941
2026-01-13 06:00:20,834 - cadence_maize_v1 - INFO - ================================================================================
2026-01-13 06:00:21,356 - cadence_maize_v1 - INFO - Epoch 5 completed in 61.4s
2026-01-13 06:00:25,631 - cadence_maize_v1 - INFO - Step 2100: NLL=0.3015, MSE=0.3085, grad=0.81, lr=3.78e-03
2026-01-13 06:00:40,262 - cadence_maize_v1 - INFO - Step 2200: NLL=0.2860, MSE=0.2570, grad=0.72, lr=4.06e-03
2026-01-13 06:00:53,024 - cadence_maize_v1 - INFO - Step 2300: NLL=0.3666, MSE=0.3509, grad=0.57, lr=4.35e-03
2026-01-13 06:01:05,585 - cadence_maize_v1 - INFO - Step 2400: NLL=0.3849, MSE=0.4175, grad=0.92, lr=4.64e-03
2026-01-13 06:01:17,981 - cadence_maize_v1 - INFO - ================================================================================
2026-01-13 06:01:17,981 - cadence_maize_v1 - INFO - EPOCH 6 SUMMARY 
2026-01-13 06:01:17,982 - cadence_maize_v1 - INFO - ================================================================================
2026-01-13 06:01:17,982 - cadence_maize_v1 - INFO - [TRAIN] NLL: 0.3608 | MSE: 0.3608 | r: 0.7793 | rho: 0.7581 | R2: 0.5153 | RMSE: 1.0446
2026-01-13 06:01:17,982 - cadence_maize_v1 - INFO - [VAL]   NLL: 0.4206 | MSE: 0.4206 | r: 0.7458 | rho: 0.7181 | R2: 0.4544 | RMSE: 1.1250
2026-01-13 06:01:17,982 - cadence_maize_v1 - INFO - --------------------------------------------------------------------------------
2026-01-13 06:01:17,982 - cadence_maize_v1 - INFO -   [VAL] jores_maize:
2026-01-13 06:01:17,982 - cadence_maize_v1 - INFO -     leaf: r=0.7507 | rho=0.7503 | R2=0.3852 | RMSE=1.4270 | MAE=1.1213
2026-01-13 06:01:17,983 - cadence_maize_v1 - INFO -     proto: r=0.7409 | rho=0.6859 | R2=0.5236 | RMSE=0.8230 | MAE=0.6432
2026-01-13 06:01:17,983 - cadence_maize_v1 - INFO - ================================================================================
2026-01-13 06:01:18,229 - cadence_maize_v1 - INFO - Epoch 6 completed in 56.9s
2026-01-13 06:01:30,853 - cadence_maize_v1 - INFO - Step 2500: NLL=0.2673, MSE=0.2610, grad=0.94, lr=4.93e-03
2026-01-13 06:01:44,797 - cadence_maize_v1 - INFO - Step 2600: NLL=0.3025, MSE=0.3018, grad=0.47, lr=5.22e-03
2026-01-13 06:01:58,566 - cadence_maize_v1 - INFO - Step 2700: NLL=0.2472, MSE=0.2676, grad=0.29, lr=5.51e-03
2026-01-13 06:02:17,520 - cadence_maize_v1 - INFO - ================================================================================
2026-01-13 06:02:17,521 - cadence_maize_v1 - INFO - EPOCH 7 SUMMARY 
2026-01-13 06:02:17,521 - cadence_maize_v1 - INFO - ================================================================================
2026-01-13 06:02:17,521 - cadence_maize_v1 - INFO - [TRAIN] NLL: 0.4755 | MSE: 0.4755 | r: 0.7862 | rho: 0.7821 | R2: 0.3687 | RMSE: 1.1952
2026-01-13 06:02:17,521 - cadence_maize_v1 - INFO - [VAL]   NLL: 0.4902 | MSE: 0.4902 | r: 0.7594 | rho: 0.7536 | R2: 0.3483 | RMSE: 1.2233
2026-01-13 06:02:17,522 - cadence_maize_v1 - INFO - --------------------------------------------------------------------------------
2026-01-13 06:02:17,522 - cadence_maize_v1 - INFO -   [VAL] jores_maize:
2026-01-13 06:02:17,522 - cadence_maize_v1 - INFO -     leaf: r=0.7818 | rho=0.7909 | R2=0.3070 | RMSE=1.5150 | MAE=1.2073
2026-01-13 06:02:17,522 - cadence_maize_v1 - INFO -     proto: r=0.7370 | rho=0.7162 | R2=0.3895 | RMSE=0.9316 | MAE=0.7346
2026-01-13 06:02:17,522 - cadence_maize_v1 - INFO - ================================================================================
2026-01-13 06:02:17,799 - cadence_maize_v1 - INFO - Epoch 7 completed in 59.6s
2026-01-13 06:02:23,447 - cadence_maize_v1 - INFO - Step 2800: NLL=0.3092, MSE=0.3071, grad=0.49, lr=5.80e-03
2026-01-13 06:02:38,043 - cadence_maize_v1 - INFO - Step 2900: NLL=0.3065, MSE=0.3302, grad=0.42, lr=6.08e-03
2026-01-13 06:02:51,905 - cadence_maize_v1 - INFO - Step 3000: NLL=0.3202, MSE=0.3887, grad=0.79, lr=6.37e-03
2026-01-13 06:03:06,254 - cadence_maize_v1 - INFO - Step 3100: NLL=0.2952, MSE=0.3063, grad=0.38, lr=6.65e-03
2026-01-13 06:03:18,302 - cadence_maize_v1 - INFO - ================================================================================
2026-01-13 06:03:18,303 - cadence_maize_v1 - INFO - EPOCH 8 SUMMARY 
2026-01-13 06:03:18,303 - cadence_maize_v1 - INFO - ================================================================================
2026-01-13 06:03:18,303 - cadence_maize_v1 - INFO - [TRAIN] NLL: 0.5234 | MSE: 0.5234 | r: 0.7757 | rho: 0.7758 | R2: 0.2156 | RMSE: 1.2877
2026-01-13 06:03:18,304 - cadence_maize_v1 - INFO - [VAL]   NLL: 0.5765 | MSE: 0.5765 | r: 0.7497 | rho: 0.7453 | R2: 0.1586 | RMSE: 1.3529
2026-01-13 06:03:18,304 - cadence_maize_v1 - INFO - --------------------------------------------------------------------------------
2026-01-13 06:03:18,304 - cadence_maize_v1 - INFO -   [VAL] jores_maize:
2026-01-13 06:03:18,304 - cadence_maize_v1 - INFO -     leaf: r=0.7479 | rho=0.7703 | R2=0.2976 | RMSE=1.5252 | MAE=1.2174
2026-01-13 06:03:18,305 - cadence_maize_v1 - INFO -     proto: r=0.7516 | rho=0.7203 | R2=0.0196 | RMSE=1.1806 | MAE=0.9783
2026-01-13 06:03:18,305 - cadence_maize_v1 - INFO - ================================================================================
2026-01-13 06:03:18,595 - cadence_maize_v1 - INFO - Epoch 8 completed in 60.8s
2026-01-13 06:03:32,633 - cadence_maize_v1 - INFO - Step 3200: NLL=0.4050, MSE=0.3620, grad=0.81, lr=6.92e-03
2026-01-13 06:03:47,981 - cadence_maize_v1 - INFO - Step 3300: NLL=0.2828, MSE=0.2933, grad=0.37, lr=7.19e-03
2026-01-13 06:04:03,327 - cadence_maize_v1 - INFO - Step 3400: NLL=0.3286, MSE=0.3580, grad=0.50, lr=7.45e-03
2026-01-13 06:04:21,230 - cadence_maize_v1 - INFO - ================================================================================
2026-01-13 06:04:21,231 - cadence_maize_v1 - INFO - EPOCH 9 SUMMARY 
2026-01-13 06:04:21,231 - cadence_maize_v1 - INFO - ================================================================================
2026-01-13 06:04:21,231 - cadence_maize_v1 - INFO - [TRAIN] NLL: 0.4242 | MSE: 0.4242 | r: 0.7826 | rho: 0.7902 | R2: 0.3849 | RMSE: 1.1529
2026-01-13 06:04:21,232 - cadence_maize_v1 - INFO - [VAL]   NLL: 0.4822 | MSE: 0.4822 | r: 0.7551 | rho: 0.7585 | R2: 0.3295 | RMSE: 1.2265
2026-01-13 06:04:21,232 - cadence_maize_v1 - INFO - --------------------------------------------------------------------------------
2026-01-13 06:04:21,232 - cadence_maize_v1 - INFO -   [VAL] jores_maize:
2026-01-13 06:04:21,232 - cadence_maize_v1 - INFO -     leaf: r=0.7609 | rho=0.7777 | R2=0.3627 | RMSE=1.4528 | MAE=1.1737
2026-01-13 06:04:21,232 - cadence_maize_v1 - INFO -     proto: r=0.7494 | rho=0.7392 | R2=0.2963 | RMSE=1.0002 | MAE=0.7947
2026-01-13 06:04:21,233 - cadence_maize_v1 - INFO - ================================================================================
2026-01-13 06:04:21,483 - cadence_maize_v1 - INFO - Epoch 9 completed in 62.9s
2026-01-13 06:04:27,480 - cadence_maize_v1 - INFO - Step 3500: NLL=0.3263, MSE=0.3227, grad=0.55, lr=7.70e-03
2026-01-13 06:04:40,306 - cadence_maize_v1 - INFO - Step 3600: NLL=0.2612, MSE=0.2982, grad=0.39, lr=7.94e-03
2026-01-13 06:04:54,659 - cadence_maize_v1 - INFO - Step 3700: NLL=0.3629, MSE=0.3783, grad=0.47, lr=8.18e-03
2026-01-13 06:05:08,274 - cadence_maize_v1 - INFO - Step 3800: NLL=0.3451, MSE=0.3410, grad=0.48, lr=8.40e-03
2026-01-13 06:05:18,048 - cadence_maize_v1 - INFO - ================================================================================
2026-01-13 06:05:18,049 - cadence_maize_v1 - INFO - EPOCH 10 SUMMARY 
2026-01-13 06:05:18,049 - cadence_maize_v1 - INFO - ================================================================================
2026-01-13 06:05:18,049 - cadence_maize_v1 - INFO - [TRAIN] NLL: 0.6263 | MSE: 0.6263 | r: 0.7562 | rho: 0.7489 | R2: 0.2044 | RMSE: 1.3521
2026-01-13 06:05:18,049 - cadence_maize_v1 - INFO - [VAL]   NLL: 0.5676 | MSE: 0.5676 | r: 0.7560 | rho: 0.7392 | R2: 0.2733 | RMSE: 1.3014
2026-01-13 06:05:18,050 - cadence_maize_v1 - INFO - --------------------------------------------------------------------------------
2026-01-13 06:05:18,050 - cadence_maize_v1 - INFO -   [VAL] jores_maize:
2026-01-13 06:05:18,050 - cadence_maize_v1 - INFO -     leaf: r=0.7697 | rho=0.7804 | R2=0.1555 | RMSE=1.6724 | MAE=1.3451
2026-01-13 06:05:18,050 - cadence_maize_v1 - INFO -     proto: r=0.7424 | rho=0.6979 | R2=0.3912 | RMSE=0.9304 | MAE=0.7260
2026-01-13 06:05:18,050 - cadence_maize_v1 - INFO - ================================================================================
2026-01-13 06:05:18,313 - cadence_maize_v1 - INFO - Epoch 10 completed in 56.8s
2026-01-13 06:05:32,496 - cadence_maize_v1 - INFO - Step 3900: NLL=0.2601, MSE=0.2415, grad=0.38, lr=8.61e-03
2026-01-13 06:05:45,752 - cadence_maize_v1 - INFO - Step 4000: NLL=0.2800, MSE=0.2965, grad=0.28, lr=8.81e-03
2026-01-13 06:05:58,835 - cadence_maize_v1 - INFO - Step 4100: NLL=0.2618, MSE=0.3071, grad=0.28, lr=8.99e-03
2026-01-13 06:06:16,145 - cadence_maize_v1 - INFO - ================================================================================
2026-01-13 06:06:16,145 - cadence_maize_v1 - INFO - EPOCH 11 SUMMARY (BEST)
2026-01-13 06:06:16,145 - cadence_maize_v1 - INFO - ================================================================================
2026-01-13 06:06:16,145 - cadence_maize_v1 - INFO - [TRAIN] NLL: 0.3045 | MSE: 0.3045 | r: 0.8018 | rho: 0.7903 | R2: 0.5630 | RMSE: 0.9748
2026-01-13 06:06:16,145 - cadence_maize_v1 - INFO - [VAL]   NLL: 0.3137 | MSE: 0.3137 | r: 0.7932 | rho: 0.7789 | R2: 0.5534 | RMSE: 0.9938
2026-01-13 06:06:16,146 - cadence_maize_v1 - INFO - --------------------------------------------------------------------------------
2026-01-13 06:06:16,146 - cadence_maize_v1 - INFO -   [VAL] jores_maize:
2026-01-13 06:06:16,146 - cadence_maize_v1 - INFO -     leaf: r=0.8048 | rho=0.8073 | R2=0.6010 | RMSE=1.1495 | MAE=0.8907
2026-01-13 06:06:16,146 - cadence_maize_v1 - INFO -     proto: r=0.7816 | rho=0.7504 | R2=0.5059 | RMSE=0.8382 | MAE=0.6633
2026-01-13 06:06:16,146 - cadence_maize_v1 - INFO - ================================================================================
2026-01-13 06:06:16,731 - cadence_maize_v1 - INFO - Epoch 11 completed in 58.4s
2026-01-13 06:06:24,722 - cadence_maize_v1 - INFO - Step 4200: NLL=0.3055, MSE=0.3360, grad=0.41, lr=9.16e-03
2026-01-13 06:06:39,578 - cadence_maize_v1 - INFO - Step 4300: NLL=0.3057, MSE=0.3604, grad=0.38, lr=9.32e-03
2026-01-13 06:06:54,878 - cadence_maize_v1 - INFO - Step 4400: NLL=0.4979, MSE=0.5735, grad=0.93, lr=9.46e-03
2026-01-13 06:07:18,066 - cadence_maize_v1 - INFO - ================================================================================
2026-01-13 06:07:18,066 - cadence_maize_v1 - INFO - EPOCH 12 SUMMARY (BEST)
2026-01-13 06:07:18,066 - cadence_maize_v1 - INFO - ================================================================================
2026-01-13 06:07:18,067 - cadence_maize_v1 - INFO - [TRAIN] NLL: 0.3032 | MSE: 0.3032 | r: 0.7879 | rho: 0.7787 | R2: 0.5889 | RMSE: 0.9600
2026-01-13 06:07:18,067 - cadence_maize_v1 - INFO - [VAL]   NLL: 0.3347 | MSE: 0.3347 | r: 0.7991 | rho: 0.7845 | R2: 0.5679 | RMSE: 1.0021
2026-01-13 06:07:18,067 - cadence_maize_v1 - INFO - --------------------------------------------------------------------------------
2026-01-13 06:07:18,068 - cadence_maize_v1 - INFO -   [VAL] jores_maize:
2026-01-13 06:07:18,068 - cadence_maize_v1 - INFO -     leaf: r=0.8001 | rho=0.8028 | R2=0.5074 | RMSE=1.2773 | MAE=1.0080
2026-01-13 06:07:18,068 - cadence_maize_v1 - INFO -     proto: r=0.7981 | rho=0.7662 | R2=0.6284 | RMSE=0.7268 | MAE=0.5570
2026-01-13 06:07:18,068 - cadence_maize_v1 - INFO - ================================================================================
2026-01-13 06:07:18,685 - cadence_maize_v1 - INFO - Epoch 12 completed in 62.0s
2026-01-13 06:07:19,713 - cadence_maize_v1 - INFO - Step 4500: NLL=0.2057, MSE=0.2113, grad=0.33, lr=9.59e-03
2026-01-13 06:07:35,236 - cadence_maize_v1 - INFO - Step 4600: NLL=0.2448, MSE=0.2981, grad=0.34, lr=9.70e-03
2026-01-13 06:07:51,045 - cadence_maize_v1 - INFO - Step 4700: NLL=0.2284, MSE=0.3020, grad=0.32, lr=9.79e-03
2026-01-13 06:08:04,371 - cadence_maize_v1 - INFO - Step 4800: NLL=0.3159, MSE=0.2725, grad=0.53, lr=9.87e-03
2026-01-13 06:08:20,102 - cadence_maize_v1 - INFO - ================================================================================
2026-01-13 06:08:20,103 - cadence_maize_v1 - INFO - EPOCH 13 SUMMARY 
2026-01-13 06:08:20,103 - cadence_maize_v1 - INFO - ================================================================================
2026-01-13 06:08:20,103 - cadence_maize_v1 - INFO - [TRAIN] NLL: 0.5092 | MSE: 0.5092 | r: 0.7185 | rho: 0.7361 | R2: 0.1518 | RMSE: 1.2816
2026-01-13 06:08:20,103 - cadence_maize_v1 - INFO - [VAL]   NLL: 0.4358 | MSE: 0.4358 | r: 0.7401 | rho: 0.7404 | R2: 0.3123 | RMSE: 1.1851
2026-01-13 06:08:20,103 - cadence_maize_v1 - INFO - --------------------------------------------------------------------------------
2026-01-13 06:08:20,103 - cadence_maize_v1 - INFO -   [VAL] jores_maize:
2026-01-13 06:08:20,103 - cadence_maize_v1 - INFO -     leaf: r=0.7911 | rho=0.7909 | R2=0.5468 | RMSE=1.2251 | MAE=0.9427
2026-01-13 06:08:20,103 - cadence_maize_v1 - INFO -     proto: r=0.6892 | rho=0.6898 | R2=0.0779 | RMSE=1.1450 | MAE=0.8522
2026-01-13 06:08:20,103 - cadence_maize_v1 - INFO - ================================================================================
2026-01-13 06:08:20,283 - cadence_maize_v1 - INFO - Epoch 13 completed in 61.6s
2026-01-13 06:08:28,092 - cadence_maize_v1 - INFO - Step 4900: NLL=0.1774, MSE=0.1942, grad=0.29, lr=9.93e-03
2026-01-13 06:08:42,211 - cadence_maize_v1 - INFO - Step 5000: NLL=0.4256, MSE=0.4045, grad=0.53, lr=9.97e-03
2026-01-13 06:08:55,093 - cadence_maize_v1 - INFO - Step 5100: NLL=0.3098, MSE=0.3252, grad=0.41, lr=9.99e-03
2026-01-13 06:09:15,932 - cadence_maize_v1 - INFO - ================================================================================
2026-01-13 06:09:15,932 - cadence_maize_v1 - INFO - EPOCH 14 SUMMARY 
2026-01-13 06:09:15,932 - cadence_maize_v1 - INFO - ================================================================================
2026-01-13 06:09:15,932 - cadence_maize_v1 - INFO - [TRAIN] NLL: 0.3641 | MSE: 0.3641 | r: 0.7935 | rho: 0.7832 | R2: 0.4229 | RMSE: 1.0810
2026-01-13 06:09:15,932 - cadence_maize_v1 - INFO - [VAL]   NLL: 0.4101 | MSE: 0.4101 | r: 0.7582 | rho: 0.7441 | R2: 0.3922 | RMSE: 1.1435
2026-01-13 06:09:15,932 - cadence_maize_v1 - INFO - --------------------------------------------------------------------------------
2026-01-13 06:09:15,932 - cadence_maize_v1 - INFO -   [VAL] jores_maize:
2026-01-13 06:09:15,933 - cadence_maize_v1 - INFO -     leaf: r=0.7459 | rho=0.7479 | R2=0.5143 | RMSE=1.2683 | MAE=0.9644
2026-01-13 06:09:15,933 - cadence_maize_v1 - INFO -     proto: r=0.7705 | rho=0.7404 | R2=0.2700 | RMSE=1.0188 | MAE=0.8188
2026-01-13 06:09:15,933 - cadence_maize_v1 - INFO - ================================================================================
2026-01-13 06:09:16,189 - cadence_maize_v1 - INFO - Epoch 14 completed in 55.9s
2026-01-13 06:09:18,498 - cadence_maize_v1 - INFO - Step 5200: NLL=0.2721, MSE=0.2525, grad=0.35, lr=1.00e-02
2026-01-13 06:09:31,555 - cadence_maize_v1 - INFO - Step 5300: NLL=0.2200, MSE=0.2547, grad=0.35, lr=1.00e-02
2026-01-13 06:09:44,654 - cadence_maize_v1 - INFO - Step 5400: NLL=0.3105, MSE=0.2942, grad=0.36, lr=9.99e-03
2026-01-13 06:09:59,056 - cadence_maize_v1 - INFO - Step 5500: NLL=0.2150, MSE=0.2393, grad=0.20, lr=9.98e-03
2026-01-13 06:10:12,982 - cadence_maize_v1 - INFO - ================================================================================
2026-01-13 06:10:12,983 - cadence_maize_v1 - INFO - EPOCH 15 SUMMARY 
2026-01-13 06:10:12,983 - cadence_maize_v1 - INFO - ================================================================================
2026-01-13 06:10:12,983 - cadence_maize_v1 - INFO - [TRAIN] NLL: 0.3764 | MSE: 0.3764 | r: 0.7730 | rho: 0.7648 | R2: 0.4540 | RMSE: 1.0861
2026-01-13 06:10:12,984 - cadence_maize_v1 - INFO - [VAL]   NLL: 0.3940 | MSE: 0.3940 | r: 0.7543 | rho: 0.7454 | R2: 0.4538 | RMSE: 1.1080
2026-01-13 06:10:12,984 - cadence_maize_v1 - INFO - --------------------------------------------------------------------------------
2026-01-13 06:10:12,984 - cadence_maize_v1 - INFO -   [VAL] jores_maize:
2026-01-13 06:10:12,984 - cadence_maize_v1 - INFO -     leaf: r=0.7504 | rho=0.7493 | R2=0.4769 | RMSE=1.3163 | MAE=1.0319
2026-01-13 06:10:12,984 - cadence_maize_v1 - INFO -     proto: r=0.7582 | rho=0.7415 | R2=0.4307 | RMSE=0.8997 | MAE=0.6979
2026-01-13 06:10:12,985 - cadence_maize_v1 - INFO - ================================================================================
2026-01-13 06:10:13,241 - cadence_maize_v1 - INFO - Epoch 15 completed in 57.1s
2026-01-13 06:10:23,213 - cadence_maize_v1 - INFO - Step 5600: NLL=0.3199, MSE=0.3525, grad=0.54, lr=9.97e-03
2026-01-13 06:10:37,179 - cadence_maize_v1 - INFO - Step 5700: NLL=0.3553, MSE=0.3546, grad=0.47, lr=9.96e-03
2026-01-13 06:10:50,969 - cadence_maize_v1 - INFO - Step 5800: NLL=0.3941, MSE=0.4008, grad=0.51, lr=9.94e-03
2026-01-13 06:11:12,409 - cadence_maize_v1 - INFO - ================================================================================
2026-01-13 06:11:12,410 - cadence_maize_v1 - INFO - EPOCH 16 SUMMARY 
2026-01-13 06:11:12,410 - cadence_maize_v1 - INFO - ================================================================================
2026-01-13 06:11:12,410 - cadence_maize_v1 - INFO - [TRAIN] NLL: 0.3207 | MSE: 0.3207 | r: 0.7727 | rho: 0.7669 | R2: 0.5422 | RMSE: 0.9994
2026-01-13 06:11:12,410 - cadence_maize_v1 - INFO - [VAL]   NLL: 0.3216 | MSE: 0.3216 | r: 0.7692 | rho: 0.7610 | R2: 0.5440 | RMSE: 1.0056
2026-01-13 06:11:12,411 - cadence_maize_v1 - INFO - --------------------------------------------------------------------------------
2026-01-13 06:11:12,411 - cadence_maize_v1 - INFO -   [VAL] jores_maize:
2026-01-13 06:11:12,411 - cadence_maize_v1 - INFO -     leaf: r=0.7803 | rho=0.7838 | R2=0.5881 | RMSE=1.1680 | MAE=0.9067
2026-01-13 06:11:12,411 - cadence_maize_v1 - INFO -     proto: r=0.7582 | rho=0.7382 | R2=0.5000 | RMSE=0.8431 | MAE=0.6586
2026-01-13 06:11:12,411 - cadence_maize_v1 - INFO - ================================================================================
2026-01-13 06:11:12,727 - cadence_maize_v1 - INFO - Epoch 16 completed in 59.5s
2026-01-13 06:11:15,979 - cadence_maize_v1 - INFO - Step 5900: NLL=0.3183, MSE=0.3033, grad=0.39, lr=9.92e-03
2026-01-13 06:11:29,764 - cadence_maize_v1 - INFO - Step 6000: NLL=0.1936, MSE=0.1956, grad=0.23, lr=9.89e-03
2026-01-13 06:11:44,566 - cadence_maize_v1 - INFO - Step 6100: NLL=0.1957, MSE=0.2153, grad=0.35, lr=9.86e-03
2026-01-13 06:11:57,130 - cadence_maize_v1 - INFO - Step 6200: NLL=0.3161, MSE=0.3533, grad=0.38, lr=9.83e-03
2026-01-13 06:12:08,861 - cadence_maize_v1 - INFO - ================================================================================
2026-01-13 06:12:08,862 - cadence_maize_v1 - INFO - EPOCH 17 SUMMARY 
2026-01-13 06:12:08,862 - cadence_maize_v1 - INFO - ================================================================================
2026-01-13 06:12:08,862 - cadence_maize_v1 - INFO - [TRAIN] NLL: 0.3779 | MSE: 0.3779 | r: 0.7821 | rho: 0.7731 | R2: 0.4225 | RMSE: 1.0971
2026-01-13 06:12:08,862 - cadence_maize_v1 - INFO - [VAL]   NLL: 0.3726 | MSE: 0.3726 | r: 0.7859 | rho: 0.7738 | R2: 0.4629 | RMSE: 1.0856
2026-01-13 06:12:08,863 - cadence_maize_v1 - INFO - --------------------------------------------------------------------------------
2026-01-13 06:12:08,863 - cadence_maize_v1 - INFO -   [VAL] jores_maize:
2026-01-13 06:12:08,863 - cadence_maize_v1 - INFO -     leaf: r=0.7801 | rho=0.7845 | R2=0.5359 | RMSE=1.2397 | MAE=0.9477
2026-01-13 06:12:08,863 - cadence_maize_v1 - INFO -     proto: r=0.7918 | rho=0.7630 | R2=0.3899 | RMSE=0.9314 | MAE=0.7403
2026-01-13 06:12:08,864 - cadence_maize_v1 - INFO - ================================================================================
2026-01-13 06:12:09,086 - cadence_maize_v1 - INFO - Epoch 17 completed in 56.4s
2026-01-13 06:12:19,240 - cadence_maize_v1 - INFO - Step 6300: NLL=0.3236, MSE=0.3200, grad=0.39, lr=9.79e-03
2026-01-13 06:12:31,483 - cadence_maize_v1 - INFO - Step 6400: NLL=0.1785, MSE=0.2179, grad=0.32, lr=9.76e-03
2026-01-13 06:12:44,788 - cadence_maize_v1 - INFO - Step 6500: NLL=0.2577, MSE=0.2848, grad=0.35, lr=9.71e-03
2026-01-13 06:13:04,922 - cadence_maize_v1 - INFO - ================================================================================
2026-01-13 06:13:04,922 - cadence_maize_v1 - INFO - EPOCH 18 SUMMARY 
2026-01-13 06:13:04,922 - cadence_maize_v1 - INFO - ================================================================================
2026-01-13 06:13:04,923 - cadence_maize_v1 - INFO - [TRAIN] NLL: 0.3943 | MSE: 0.3943 | r: 0.7983 | rho: 0.7852 | R2: 0.4750 | RMSE: 1.0893
2026-01-13 06:13:04,923 - cadence_maize_v1 - INFO - [VAL]   NLL: 0.3939 | MSE: 0.3939 | r: 0.7786 | rho: 0.7581 | R2: 0.4853 | RMSE: 1.0911
2026-01-13 06:13:04,923 - cadence_maize_v1 - INFO - --------------------------------------------------------------------------------
2026-01-13 06:13:04,923 - cadence_maize_v1 - INFO -   [VAL] jores_maize:
2026-01-13 06:13:04,924 - cadence_maize_v1 - INFO -     leaf: r=0.7737 | rho=0.7705 | R2=0.4294 | RMSE=1.3747 | MAE=1.0654
2026-01-13 06:13:04,924 - cadence_maize_v1 - INFO -     proto: r=0.7835 | rho=0.7457 | R2=0.5413 | RMSE=0.8076 | MAE=0.6266
2026-01-13 06:13:04,924 - cadence_maize_v1 - INFO - ================================================================================
2026-01-13 06:13:05,172 - cadence_maize_v1 - INFO - Epoch 18 completed in 56.1s
2026-01-13 06:13:09,221 - cadence_maize_v1 - INFO - Step 6600: NLL=0.3216, MSE=0.3083, grad=0.42, lr=9.67e-03
2026-01-13 06:13:23,405 - cadence_maize_v1 - INFO - Step 6700: NLL=0.2425, MSE=0.2705, grad=0.28, lr=9.62e-03
2026-01-13 06:13:37,883 - cadence_maize_v1 - INFO - Step 6800: NLL=0.2370, MSE=0.2423, grad=0.34, lr=9.57e-03
2026-01-13 06:13:52,918 - cadence_maize_v1 - INFO - Step 6900: NLL=0.2942, MSE=0.2828, grad=0.32, lr=9.52e-03
2026-01-13 06:14:05,058 - cadence_maize_v1 - INFO - ================================================================================
2026-01-13 06:14:05,058 - cadence_maize_v1 - INFO - EPOCH 19 SUMMARY 
2026-01-13 06:14:05,059 - cadence_maize_v1 - INFO - ================================================================================
2026-01-13 06:14:05,059 - cadence_maize_v1 - INFO - [TRAIN] NLL: 0.3467 | MSE: 0.3467 | r: 0.7727 | rho: 0.7638 | R2: 0.4771 | RMSE: 1.0490
2026-01-13 06:14:05,059 - cadence_maize_v1 - INFO - [VAL]   NLL: 0.3353 | MSE: 0.3353 | r: 0.7841 | rho: 0.7752 | R2: 0.5122 | RMSE: 1.0312
2026-01-13 06:14:05,059 - cadence_maize_v1 - INFO - --------------------------------------------------------------------------------
2026-01-13 06:14:05,060 - cadence_maize_v1 - INFO -   [VAL] jores_maize:
2026-01-13 06:14:05,060 - cadence_maize_v1 - INFO -     leaf: r=0.7984 | rho=0.8023 | R2=0.5892 | RMSE=1.1664 | MAE=0.9055
2026-01-13 06:14:05,060 - cadence_maize_v1 - INFO -     proto: r=0.7699 | rho=0.7482 | R2=0.4352 | RMSE=0.8961 | MAE=0.6907
2026-01-13 06:14:05,060 - cadence_maize_v1 - INFO - ================================================================================
2026-01-13 06:14:05,332 - cadence_maize_v1 - INFO - Epoch 19 completed in 60.2s
2026-01-13 06:14:19,339 - cadence_maize_v1 - INFO - Step 7000: NLL=0.2474, MSE=0.2230, grad=0.47, lr=9.46e-03
2026-01-13 06:14:34,254 - cadence_maize_v1 - INFO - Step 7100: NLL=0.2180, MSE=0.2644, grad=0.27, lr=9.40e-03
2026-01-13 06:14:46,798 - cadence_maize_v1 - INFO - Step 7200: NLL=0.2188, MSE=0.1959, grad=0.41, lr=9.33e-03
2026-01-13 06:15:05,102 - cadence_maize_v1 - INFO - ================================================================================
2026-01-13 06:15:05,102 - cadence_maize_v1 - INFO - EPOCH 20 SUMMARY 
2026-01-13 06:15:05,102 - cadence_maize_v1 - INFO - ================================================================================
2026-01-13 06:15:05,102 - cadence_maize_v1 - INFO - [TRAIN] NLL: 0.2996 | MSE: 0.2996 | r: 0.7955 | rho: 0.7812 | R2: 0.5383 | RMSE: 0.9779
2026-01-13 06:15:05,102 - cadence_maize_v1 - INFO - [VAL]   NLL: 0.3401 | MSE: 0.3401 | r: 0.7764 | rho: 0.7630 | R2: 0.5019 | RMSE: 1.0396
2026-01-13 06:15:05,103 - cadence_maize_v1 - INFO - --------------------------------------------------------------------------------
2026-01-13 06:15:05,103 - cadence_maize_v1 - INFO -   [VAL] jores_maize:
2026-01-13 06:15:05,103 - cadence_maize_v1 - INFO -     leaf: r=0.7907 | rho=0.7937 | R2=0.5884 | RMSE=1.1676 | MAE=0.9071
2026-01-13 06:15:05,103 - cadence_maize_v1 - INFO -     proto: r=0.7622 | rho=0.7323 | R2=0.4154 | RMSE=0.9117 | MAE=0.7312
2026-01-13 06:15:05,103 - cadence_maize_v1 - INFO - ================================================================================
2026-01-13 06:15:05,350 - cadence_maize_v1 - INFO - Epoch 20 completed in 60.0s
2026-01-13 06:15:11,055 - cadence_maize_v1 - INFO - Step 7300: NLL=0.3879, MSE=0.4429, grad=0.67, lr=9.27e-03
2026-01-13 06:15:22,919 - cadence_maize_v1 - INFO - Step 7400: NLL=0.2515, MSE=0.2662, grad=0.43, lr=9.20e-03
2026-01-13 06:15:35,848 - cadence_maize_v1 - INFO - Step 7500: NLL=0.2680, MSE=0.2847, grad=0.38, lr=9.13e-03
2026-01-13 06:15:49,366 - cadence_maize_v1 - INFO - Step 7600: NLL=0.2532, MSE=0.2639, grad=0.44, lr=9.05e-03
2026-01-13 06:15:59,328 - cadence_maize_v1 - INFO - ================================================================================
2026-01-13 06:15:59,329 - cadence_maize_v1 - INFO - EPOCH 21 SUMMARY 
2026-01-13 06:15:59,329 - cadence_maize_v1 - INFO - ================================================================================
2026-01-13 06:15:59,329 - cadence_maize_v1 - INFO - [TRAIN] NLL: 0.4025 | MSE: 0.4025 | r: 0.8104 | rho: 0.8026 | R2: 0.4298 | RMSE: 1.1178
2026-01-13 06:15:59,329 - cadence_maize_v1 - INFO - [VAL]   NLL: 0.4447 | MSE: 0.4447 | r: 0.7906 | rho: 0.7740 | R2: 0.3961 | RMSE: 1.1715
2026-01-13 06:15:59,329 - cadence_maize_v1 - INFO - --------------------------------------------------------------------------------
2026-01-13 06:15:59,329 - cadence_maize_v1 - INFO -   [VAL] jores_maize:
2026-01-13 06:15:59,330 - cadence_maize_v1 - INFO -     leaf: r=0.7956 | rho=0.7985 | R2=0.3904 | RMSE=1.4208 | MAE=1.1360
2026-01-13 06:15:59,330 - cadence_maize_v1 - INFO -     proto: r=0.7856 | rho=0.7494 | R2=0.4018 | RMSE=0.9222 | MAE=0.7121
2026-01-13 06:15:59,330 - cadence_maize_v1 - INFO - ================================================================================
2026-01-13 06:15:59,534 - cadence_maize_v1 - INFO - Epoch 21 completed in 54.2s
2026-01-13 06:16:10,497 - cadence_maize_v1 - INFO - Step 7700: NLL=0.2624, MSE=0.2599, grad=0.28, lr=8.98e-03
2026-01-13 06:16:22,630 - cadence_maize_v1 - INFO - Step 7800: NLL=0.2002, MSE=0.1817, grad=0.35, lr=8.90e-03
2026-01-13 06:16:35,380 - cadence_maize_v1 - INFO - Step 7900: NLL=0.3238, MSE=0.3385, grad=0.49, lr=8.81e-03
2026-01-13 06:16:51,764 - cadence_maize_v1 - INFO - ================================================================================
2026-01-13 06:16:51,764 - cadence_maize_v1 - INFO - EPOCH 22 SUMMARY 
2026-01-13 06:16:51,764 - cadence_maize_v1 - INFO - ================================================================================
2026-01-13 06:16:51,765 - cadence_maize_v1 - INFO - [TRAIN] NLL: 0.4069 | MSE: 0.4069 | r: 0.7916 | rho: 0.7934 | R2: 0.3244 | RMSE: 1.1455
2026-01-13 06:16:51,765 - cadence_maize_v1 - INFO - [VAL]   NLL: 0.4032 | MSE: 0.4032 | r: 0.7813 | rho: 0.7826 | R2: 0.3720 | RMSE: 1.1392
2026-01-13 06:16:51,765 - cadence_maize_v1 - INFO - --------------------------------------------------------------------------------
2026-01-13 06:16:51,765 - cadence_maize_v1 - INFO -   [VAL] jores_maize:
2026-01-13 06:16:51,766 - cadence_maize_v1 - INFO -     leaf: r=0.7961 | rho=0.7992 | R2=0.5682 | RMSE=1.1958 | MAE=0.9184
2026-01-13 06:16:51,766 - cadence_maize_v1 - INFO -     proto: r=0.7666 | rho=0.7661 | R2=0.1758 | RMSE=1.0825 | MAE=0.8486
2026-01-13 06:16:51,766 - cadence_maize_v1 - INFO - ================================================================================
2026-01-13 06:16:52,020 - cadence_maize_v1 - INFO - Early stopping triggered after 22 epochs (patience=10)
2026-01-13 06:16:52,020 - cadence_maize_v1 - INFO - Training complete. Running final evaluation...
2026-01-13 06:16:56,136 - cadence_maize_v1 - INFO - Results saved to results/cadence_maize_v1/final_results.json
