2026-01-13 04:39:38,487 - cadence_k562_all_v2 - INFO - Experiment: cadence_k562_all_v2
2026-01-13 04:39:38,487 - cadence_k562_all_v2 - INFO - Output directory: results/cadence_k562_all_v2
2026-01-13 04:39:38,488 - cadence_k562_all_v2 - INFO - Starting training...
2026-01-13 04:39:38,488 - cadence_k562_all_v2 - INFO - Config: config1_single_celltype
2026-01-13 04:39:38,488 - cadence_k562_all_v2 - INFO - Setting up datasets...
2026-01-13 04:44:51,065 - cadence_k562_all_v2 - INFO - Dataset sizes: {'encode4_k562': 158377}
2026-01-13 04:44:51,066 - cadence_k562_all_v2 - INFO - Using standard global index sampling...
2026-01-13 04:45:44,255 - cadence_k562_all_v2 - INFO -   encode4_k562: val set loaded
2026-01-13 04:51:18,569 - cadence_k562_all_v2 - INFO -   encode4_k562: test set loaded (22631 samples)
2026-01-13 04:51:54,757 - cadence_k562_all_v2 - INFO -   encode4_k562: calibration set loaded (22633 samples)
2026-01-13 04:51:54,778 - cadence_k562_all_v2 - INFO - Data setup complete
2026-01-13 04:51:54,779 - cadence_k562_all_v2 - INFO - Setting up model...
2026-01-13 04:51:56,717 - cadence_k562_all_v2 - INFO - Model parameters: 2,744,580 (2,744,580 trainable)
2026-01-13 04:52:02,250 - cadence_k562_all_v2 - INFO - OneCycleLR: 4650 total steps, initial_lr=0.000400, max_lr=0.01
2026-01-13 04:52:02,253 - cadence_k562_all_v2 - INFO - Model setup complete
2026-01-13 04:52:55,671 - cadence_k562_all_v2 - INFO - Step 100: NLL=0.6889, MSE=0.6889, grad=1.68, lr=5.21e-04
2026-01-13 04:53:30,471 - cadence_k562_all_v2 - INFO - ================================================================================
2026-01-13 04:53:30,471 - cadence_k562_all_v2 - INFO - EPOCH 0 SUMMARY (BEST)
2026-01-13 04:53:30,471 - cadence_k562_all_v2 - INFO - ================================================================================
2026-01-13 04:53:30,472 - cadence_k562_all_v2 - INFO - [TRAIN] NLL: 0.6879 | MSE: 0.6879 | r: 0.5737 | rho: 0.5106 | R2: 0.3069 | RMSE: 0.4371
2026-01-13 04:53:30,472 - cadence_k562_all_v2 - INFO - [VAL]   NLL: 0.7267 | MSE: 0.7267 | r: 0.5516 | rho: 0.4852 | R2: 0.2779 | RMSE: 0.4493
2026-01-13 04:53:30,472 - cadence_k562_all_v2 - INFO - --------------------------------------------------------------------------------
2026-01-13 04:53:30,472 - cadence_k562_all_v2 - INFO -   [VAL] encode4_k562:
2026-01-13 04:53:30,473 - cadence_k562_all_v2 - INFO -     activity: r=0.5516 | rho=0.4852 | R2=0.2779 | RMSE=0.4493 | MAE=0.3333
2026-01-13 04:53:30,473 - cadence_k562_all_v2 - INFO - ================================================================================
2026-01-13 04:53:31,238 - cadence_k562_all_v2 - INFO - Epoch 0 completed in 89.0s
2026-01-13 04:53:51,461 - cadence_k562_all_v2 - INFO - Step 200: NLL=0.6181, MSE=0.6181, grad=1.97, lr=8.79e-04
2026-01-13 04:54:36,928 - cadence_k562_all_v2 - INFO - Step 300: NLL=0.6184, MSE=0.6184, grad=1.45, lr=1.46e-03
2026-01-13 04:54:55,623 - cadence_k562_all_v2 - INFO - ================================================================================
2026-01-13 04:54:55,624 - cadence_k562_all_v2 - INFO - EPOCH 1 SUMMARY 
2026-01-13 04:54:55,624 - cadence_k562_all_v2 - INFO - ================================================================================
2026-01-13 04:54:55,624 - cadence_k562_all_v2 - INFO - [TRAIN] NLL: 0.8920 | MSE: 0.8920 | r: 0.4920 | rho: 0.4245 | R2: 0.1014 | RMSE: 0.4977
2026-01-13 04:54:55,625 - cadence_k562_all_v2 - INFO - [VAL]   NLL: 0.9405 | MSE: 0.9405 | r: 0.4623 | rho: 0.4044 | R2: 0.0655 | RMSE: 0.5111
2026-01-13 04:54:55,625 - cadence_k562_all_v2 - INFO - --------------------------------------------------------------------------------
2026-01-13 04:54:55,625 - cadence_k562_all_v2 - INFO -   [VAL] encode4_k562:
2026-01-13 04:54:55,625 - cadence_k562_all_v2 - INFO -     activity: r=0.4623 | rho=0.4044 | R2=0.0655 | RMSE=0.5111 | MAE=0.3662
2026-01-13 04:54:55,625 - cadence_k562_all_v2 - INFO - ================================================================================
2026-01-13 04:54:56,145 - cadence_k562_all_v2 - INFO - Epoch 1 completed in 84.9s
2026-01-13 04:55:40,578 - cadence_k562_all_v2 - INFO - Step 400: NLL=0.5562, MSE=0.5562, grad=1.03, lr=2.22e-03
2026-01-13 04:56:25,181 - cadence_k562_all_v2 - INFO - ================================================================================
2026-01-13 04:56:25,182 - cadence_k562_all_v2 - INFO - EPOCH 2 SUMMARY (BEST)
2026-01-13 04:56:25,182 - cadence_k562_all_v2 - INFO - ================================================================================
2026-01-13 04:56:25,183 - cadence_k562_all_v2 - INFO - [TRAIN] NLL: 0.5208 | MSE: 0.5208 | r: 0.6899 | rho: 0.6338 | R2: 0.4754 | RMSE: 0.3803
2026-01-13 04:56:25,183 - cadence_k562_all_v2 - INFO - [VAL]   NLL: 0.5629 | MSE: 0.5629 | r: 0.6664 | rho: 0.6081 | R2: 0.4407 | RMSE: 0.3954
2026-01-13 04:56:25,183 - cadence_k562_all_v2 - INFO - --------------------------------------------------------------------------------
2026-01-13 04:56:25,183 - cadence_k562_all_v2 - INFO -   [VAL] encode4_k562:
2026-01-13 04:56:25,183 - cadence_k562_all_v2 - INFO -     activity: r=0.6664 | rho=0.6081 | R2=0.4407 | RMSE=0.3954 | MAE=0.2985
2026-01-13 04:56:25,184 - cadence_k562_all_v2 - INFO - ================================================================================
2026-01-13 04:56:25,499 - cadence_k562_all_v2 - INFO - Epoch 2 completed in 89.4s
2026-01-13 04:56:41,353 - cadence_k562_all_v2 - INFO - Step 500: NLL=0.5493, MSE=0.5493, grad=1.05, lr=3.14e-03
2026-01-13 04:57:28,223 - cadence_k562_all_v2 - INFO - Step 600: NLL=0.4963, MSE=0.4963, grad=0.67, lr=4.16e-03
2026-01-13 04:57:52,789 - cadence_k562_all_v2 - INFO - ================================================================================
2026-01-13 04:57:52,789 - cadence_k562_all_v2 - INFO - EPOCH 3 SUMMARY (BEST)
2026-01-13 04:57:52,790 - cadence_k562_all_v2 - INFO - ================================================================================
2026-01-13 04:57:52,790 - cadence_k562_all_v2 - INFO - [TRAIN] NLL: 0.5107 | MSE: 0.5107 | r: 0.7017 | rho: 0.6286 | R2: 0.4855 | RMSE: 0.3766
2026-01-13 04:57:52,790 - cadence_k562_all_v2 - INFO - [VAL]   NLL: 0.5469 | MSE: 0.5469 | r: 0.6815 | rho: 0.6133 | R2: 0.4566 | RMSE: 0.3898
2026-01-13 04:57:52,790 - cadence_k562_all_v2 - INFO - --------------------------------------------------------------------------------
2026-01-13 04:57:52,791 - cadence_k562_all_v2 - INFO -   [VAL] encode4_k562:
2026-01-13 04:57:52,791 - cadence_k562_all_v2 - INFO -     activity: r=0.6815 | rho=0.6133 | R2=0.4566 | RMSE=0.3898 | MAE=0.2938
2026-01-13 04:57:52,791 - cadence_k562_all_v2 - INFO - ================================================================================
2026-01-13 04:57:53,020 - cadence_k562_all_v2 - INFO - Epoch 3 completed in 87.5s
2026-01-13 04:58:30,841 - cadence_k562_all_v2 - INFO - Step 700: NLL=0.4466, MSE=0.4466, grad=0.91, lr=5.23e-03
2026-01-13 04:59:14,976 - cadence_k562_all_v2 - INFO - ================================================================================
2026-01-13 04:59:14,976 - cadence_k562_all_v2 - INFO - EPOCH 4 SUMMARY 
2026-01-13 04:59:14,977 - cadence_k562_all_v2 - INFO - ================================================================================
2026-01-13 04:59:14,977 - cadence_k562_all_v2 - INFO - [TRAIN] NLL: 0.5116 | MSE: 0.5116 | r: 0.6975 | rho: 0.6371 | R2: 0.4846 | RMSE: 0.3769
2026-01-13 04:59:14,977 - cadence_k562_all_v2 - INFO - [VAL]   NLL: 0.5443 | MSE: 0.5443 | r: 0.6789 | rho: 0.6231 | R2: 0.4592 | RMSE: 0.3888
2026-01-13 04:59:14,977 - cadence_k562_all_v2 - INFO - --------------------------------------------------------------------------------
2026-01-13 04:59:14,978 - cadence_k562_all_v2 - INFO -   [VAL] encode4_k562:
2026-01-13 04:59:14,978 - cadence_k562_all_v2 - INFO -     activity: r=0.6789 | rho=0.6231 | R2=0.4592 | RMSE=0.3888 | MAE=0.2901
2026-01-13 04:59:14,978 - cadence_k562_all_v2 - INFO - ================================================================================
2026-01-13 04:59:15,163 - cadence_k562_all_v2 - INFO - Epoch 4 completed in 82.1s
2026-01-13 04:59:23,709 - cadence_k562_all_v2 - INFO - Step 800: NLL=0.5021, MSE=0.5021, grad=0.55, lr=6.30e-03
2026-01-13 05:00:00,198 - cadence_k562_all_v2 - INFO - Step 900: NLL=0.4787, MSE=0.4787, grad=0.88, lr=7.32e-03
2026-01-13 05:00:29,190 - cadence_k562_all_v2 - INFO - ================================================================================
2026-01-13 05:00:29,191 - cadence_k562_all_v2 - INFO - EPOCH 5 SUMMARY (BEST)
2026-01-13 05:00:29,191 - cadence_k562_all_v2 - INFO - ================================================================================
2026-01-13 05:00:29,191 - cadence_k562_all_v2 - INFO - [TRAIN] NLL: 0.5006 | MSE: 0.5006 | r: 0.7409 | rho: 0.6790 | R2: 0.4957 | RMSE: 0.3729
2026-01-13 05:00:29,191 - cadence_k562_all_v2 - INFO - [VAL]   NLL: 0.5479 | MSE: 0.5479 | r: 0.7238 | rho: 0.6650 | R2: 0.4556 | RMSE: 0.3901
2026-01-13 05:00:29,191 - cadence_k562_all_v2 - INFO - --------------------------------------------------------------------------------
2026-01-13 05:00:29,191 - cadence_k562_all_v2 - INFO -   [VAL] encode4_k562:
2026-01-13 05:00:29,191 - cadence_k562_all_v2 - INFO -     activity: r=0.7238 | rho=0.6650 | R2=0.4556 | RMSE=0.3901 | MAE=0.3112
2026-01-13 05:00:29,192 - cadence_k562_all_v2 - INFO - ================================================================================
2026-01-13 05:00:30,037 - cadence_k562_all_v2 - INFO - Epoch 5 completed in 74.9s
2026-01-13 05:01:05,258 - cadence_k562_all_v2 - INFO - Step 1000: NLL=0.4705, MSE=0.4705, grad=0.30, lr=8.23e-03
2026-01-13 05:01:53,827 - cadence_k562_all_v2 - INFO - ================================================================================
2026-01-13 05:01:53,827 - cadence_k562_all_v2 - INFO - EPOCH 6 SUMMARY 
2026-01-13 05:01:53,827 - cadence_k562_all_v2 - INFO - ================================================================================
2026-01-13 05:01:53,828 - cadence_k562_all_v2 - INFO - [TRAIN] NLL: 0.6478 | MSE: 0.6478 | r: 0.7279 | rho: 0.6687 | R2: 0.3474 | RMSE: 0.4242
2026-01-13 05:01:53,828 - cadence_k562_all_v2 - INFO - [VAL]   NLL: 0.6930 | MSE: 0.6930 | r: 0.7062 | rho: 0.6532 | R2: 0.3114 | RMSE: 0.4387
2026-01-13 05:01:53,828 - cadence_k562_all_v2 - INFO - --------------------------------------------------------------------------------
2026-01-13 05:01:53,828 - cadence_k562_all_v2 - INFO -   [VAL] encode4_k562:
2026-01-13 05:01:53,829 - cadence_k562_all_v2 - INFO -     activity: r=0.7062 | rho=0.6532 | R2=0.3114 | RMSE=0.4387 | MAE=0.3393
2026-01-13 05:01:53,829 - cadence_k562_all_v2 - INFO - ================================================================================
2026-01-13 05:01:54,138 - cadence_k562_all_v2 - INFO - Epoch 6 completed in 84.1s
2026-01-13 05:02:00,716 - cadence_k562_all_v2 - INFO - Step 1100: NLL=0.4277, MSE=0.4277, grad=0.39, lr=8.98e-03
2026-01-13 05:02:48,558 - cadence_k562_all_v2 - INFO - Step 1200: NLL=0.4370, MSE=0.4370, grad=0.28, lr=9.55e-03
2026-01-13 05:03:17,719 - cadence_k562_all_v2 - INFO - ================================================================================
2026-01-13 05:03:17,719 - cadence_k562_all_v2 - INFO - EPOCH 7 SUMMARY 
2026-01-13 05:03:17,719 - cadence_k562_all_v2 - INFO - ================================================================================
2026-01-13 05:03:17,719 - cadence_k562_all_v2 - INFO - [TRAIN] NLL: 0.5310 | MSE: 0.5310 | r: 0.7211 | rho: 0.6616 | R2: 0.4650 | RMSE: 0.3840
2026-01-13 05:03:17,720 - cadence_k562_all_v2 - INFO - [VAL]   NLL: 0.5812 | MSE: 0.5812 | r: 0.6920 | rho: 0.6391 | R2: 0.4225 | RMSE: 0.4018
2026-01-13 05:03:17,720 - cadence_k562_all_v2 - INFO - --------------------------------------------------------------------------------
2026-01-13 05:03:17,720 - cadence_k562_all_v2 - INFO -   [VAL] encode4_k562:
2026-01-13 05:03:17,720 - cadence_k562_all_v2 - INFO -     activity: r=0.6920 | rho=0.6391 | R2=0.4225 | RMSE=0.4018 | MAE=0.2998
2026-01-13 05:03:17,720 - cadence_k562_all_v2 - INFO - ================================================================================
2026-01-13 05:03:18,125 - cadence_k562_all_v2 - INFO - Epoch 7 completed in 84.0s
2026-01-13 05:03:43,920 - cadence_k562_all_v2 - INFO - Step 1300: NLL=0.4266, MSE=0.4266, grad=0.30, lr=9.89e-03
2026-01-13 05:04:40,842 - cadence_k562_all_v2 - INFO - ================================================================================
2026-01-13 05:04:40,842 - cadence_k562_all_v2 - INFO - EPOCH 8 SUMMARY (BEST)
2026-01-13 05:04:40,842 - cadence_k562_all_v2 - INFO - ================================================================================
2026-01-13 05:04:40,842 - cadence_k562_all_v2 - INFO - [TRAIN] NLL: 0.4230 | MSE: 0.4230 | r: 0.7681 | rho: 0.7093 | R2: 0.5738 | RMSE: 0.3428
2026-01-13 05:04:40,843 - cadence_k562_all_v2 - INFO - [VAL]   NLL: 0.4749 | MSE: 0.4749 | r: 0.7387 | rho: 0.6806 | R2: 0.5281 | RMSE: 0.3632
2026-01-13 05:04:40,843 - cadence_k562_all_v2 - INFO - --------------------------------------------------------------------------------
2026-01-13 05:04:40,843 - cadence_k562_all_v2 - INFO -   [VAL] encode4_k562:
2026-01-13 05:04:40,843 - cadence_k562_all_v2 - INFO -     activity: r=0.7387 | rho=0.6806 | R2=0.5281 | RMSE=0.3632 | MAE=0.2717
2026-01-13 05:04:40,843 - cadence_k562_all_v2 - INFO - ================================================================================
2026-01-13 05:04:41,689 - cadence_k562_all_v2 - INFO - Epoch 8 completed in 83.5s
2026-01-13 05:04:45,403 - cadence_k562_all_v2 - INFO - Step 1400: NLL=0.4175, MSE=0.4175, grad=0.30, lr=1.00e-02
2026-01-13 05:05:32,825 - cadence_k562_all_v2 - INFO - Step 1500: NLL=0.4171, MSE=0.4171, grad=0.30, lr=9.97e-03
2026-01-13 05:06:11,100 - cadence_k562_all_v2 - INFO - ================================================================================
2026-01-13 05:06:11,101 - cadence_k562_all_v2 - INFO - EPOCH 9 SUMMARY (BEST)
2026-01-13 05:06:11,101 - cadence_k562_all_v2 - INFO - ================================================================================
2026-01-13 05:06:11,101 - cadence_k562_all_v2 - INFO - [TRAIN] NLL: 0.4320 | MSE: 0.4320 | r: 0.7689 | rho: 0.7146 | R2: 0.5648 | RMSE: 0.3464
2026-01-13 05:06:11,101 - cadence_k562_all_v2 - INFO - [VAL]   NLL: 0.4750 | MSE: 0.4750 | r: 0.7451 | rho: 0.6932 | R2: 0.5281 | RMSE: 0.3632
2026-01-13 05:06:11,101 - cadence_k562_all_v2 - INFO - --------------------------------------------------------------------------------
2026-01-13 05:06:11,101 - cadence_k562_all_v2 - INFO -   [VAL] encode4_k562:
2026-01-13 05:06:11,102 - cadence_k562_all_v2 - INFO -     activity: r=0.7451 | rho=0.6932 | R2=0.5281 | RMSE=0.3632 | MAE=0.2812
2026-01-13 05:06:11,102 - cadence_k562_all_v2 - INFO - ================================================================================
2026-01-13 05:06:12,162 - cadence_k562_all_v2 - INFO - Epoch 9 completed in 90.5s
2026-01-13 05:06:37,116 - cadence_k562_all_v2 - INFO - Step 1600: NLL=0.3730, MSE=0.3730, grad=0.23, lr=9.90e-03
2026-01-13 05:07:24,965 - cadence_k562_all_v2 - INFO - Step 1700: NLL=0.3738, MSE=0.3738, grad=0.30, lr=9.78e-03
2026-01-13 05:07:42,224 - cadence_k562_all_v2 - INFO - ================================================================================
2026-01-13 05:07:42,225 - cadence_k562_all_v2 - INFO - EPOCH 10 SUMMARY 
2026-01-13 05:07:42,225 - cadence_k562_all_v2 - INFO - ================================================================================
2026-01-13 05:07:42,225 - cadence_k562_all_v2 - INFO - [TRAIN] NLL: 0.4955 | MSE: 0.4955 | r: 0.7435 | rho: 0.6897 | R2: 0.5008 | RMSE: 0.3710
2026-01-13 05:07:42,226 - cadence_k562_all_v2 - INFO - [VAL]   NLL: 0.5341 | MSE: 0.5341 | r: 0.7161 | rho: 0.6664 | R2: 0.4693 | RMSE: 0.3852
2026-01-13 05:07:42,226 - cadence_k562_all_v2 - INFO - --------------------------------------------------------------------------------
2026-01-13 05:07:42,226 - cadence_k562_all_v2 - INFO -   [VAL] encode4_k562:
2026-01-13 05:07:42,226 - cadence_k562_all_v2 - INFO -     activity: r=0.7161 | rho=0.6664 | R2=0.4693 | RMSE=0.3852 | MAE=0.3003
2026-01-13 05:07:42,226 - cadence_k562_all_v2 - INFO - ================================================================================
2026-01-13 05:07:42,626 - cadence_k562_all_v2 - INFO - Epoch 10 completed in 90.5s
2026-01-13 05:08:25,587 - cadence_k562_all_v2 - INFO - Step 1800: NLL=0.3629, MSE=0.3629, grad=0.38, lr=9.62e-03
2026-01-13 05:09:07,621 - cadence_k562_all_v2 - INFO - ================================================================================
2026-01-13 05:09:07,621 - cadence_k562_all_v2 - INFO - EPOCH 11 SUMMARY (BEST)
2026-01-13 05:09:07,621 - cadence_k562_all_v2 - INFO - ================================================================================
2026-01-13 05:09:07,621 - cadence_k562_all_v2 - INFO - [TRAIN] NLL: 0.3987 | MSE: 0.3987 | r: 0.7754 | rho: 0.7086 | R2: 0.5983 | RMSE: 0.3328
2026-01-13 05:09:07,622 - cadence_k562_all_v2 - INFO - [VAL]   NLL: 0.4484 | MSE: 0.4484 | r: 0.7470 | rho: 0.6835 | R2: 0.5545 | RMSE: 0.3529
2026-01-13 05:09:07,622 - cadence_k562_all_v2 - INFO - --------------------------------------------------------------------------------
2026-01-13 05:09:07,622 - cadence_k562_all_v2 - INFO -   [VAL] encode4_k562:
2026-01-13 05:09:07,622 - cadence_k562_all_v2 - INFO -     activity: r=0.7470 | rho=0.6835 | R2=0.5545 | RMSE=0.3529 | MAE=0.2671
2026-01-13 05:09:07,622 - cadence_k562_all_v2 - INFO - ================================================================================
2026-01-13 05:09:08,455 - cadence_k562_all_v2 - INFO - Epoch 11 completed in 85.8s
2026-01-13 05:09:26,449 - cadence_k562_all_v2 - INFO - Step 1900: NLL=0.3953, MSE=0.3953, grad=0.28, lr=9.42e-03
2026-01-13 05:10:09,467 - cadence_k562_all_v2 - INFO - Step 2000: NLL=0.3712, MSE=0.3712, grad=0.26, lr=9.17e-03
2026-01-13 05:10:31,807 - cadence_k562_all_v2 - INFO - ================================================================================
2026-01-13 05:10:31,807 - cadence_k562_all_v2 - INFO - EPOCH 12 SUMMARY (BEST)
2026-01-13 05:10:31,807 - cadence_k562_all_v2 - INFO - ================================================================================
2026-01-13 05:10:31,807 - cadence_k562_all_v2 - INFO - [TRAIN] NLL: 0.3883 | MSE: 0.3883 | r: 0.7865 | rho: 0.7295 | R2: 0.6088 | RMSE: 0.3284
2026-01-13 05:10:31,808 - cadence_k562_all_v2 - INFO - [VAL]   NLL: 0.4366 | MSE: 0.4366 | r: 0.7545 | rho: 0.7007 | R2: 0.5662 | RMSE: 0.3482
2026-01-13 05:10:31,808 - cadence_k562_all_v2 - INFO - --------------------------------------------------------------------------------
2026-01-13 05:10:31,808 - cadence_k562_all_v2 - INFO -   [VAL] encode4_k562:
2026-01-13 05:10:31,808 - cadence_k562_all_v2 - INFO -     activity: r=0.7545 | rho=0.7007 | R2=0.5662 | RMSE=0.3482 | MAE=0.2621
2026-01-13 05:10:31,808 - cadence_k562_all_v2 - INFO - ================================================================================
2026-01-13 05:10:32,378 - cadence_k562_all_v2 - INFO - Epoch 12 completed in 83.9s
2026-01-13 05:11:13,477 - cadence_k562_all_v2 - INFO - Step 2100: NLL=0.3275, MSE=0.3275, grad=0.27, lr=8.88e-03
2026-01-13 05:12:01,988 - cadence_k562_all_v2 - INFO - ================================================================================
2026-01-13 05:12:01,988 - cadence_k562_all_v2 - INFO - EPOCH 13 SUMMARY 
2026-01-13 05:12:01,989 - cadence_k562_all_v2 - INFO - ================================================================================
2026-01-13 05:12:01,989 - cadence_k562_all_v2 - INFO - [TRAIN] NLL: 0.4028 | MSE: 0.4028 | r: 0.7838 | rho: 0.7278 | R2: 0.5942 | RMSE: 0.3345
2026-01-13 05:12:01,989 - cadence_k562_all_v2 - INFO - [VAL]   NLL: 0.4538 | MSE: 0.4538 | r: 0.7525 | rho: 0.7024 | R2: 0.5491 | RMSE: 0.3550
2026-01-13 05:12:01,989 - cadence_k562_all_v2 - INFO - --------------------------------------------------------------------------------
2026-01-13 05:12:01,989 - cadence_k562_all_v2 - INFO -   [VAL] encode4_k562:
2026-01-13 05:12:01,989 - cadence_k562_all_v2 - INFO -     activity: r=0.7525 | rho=0.7024 | R2=0.5491 | RMSE=0.3550 | MAE=0.2743
2026-01-13 05:12:01,989 - cadence_k562_all_v2 - INFO - ================================================================================
2026-01-13 05:12:02,463 - cadence_k562_all_v2 - INFO - Epoch 13 completed in 90.1s
2026-01-13 05:12:17,312 - cadence_k562_all_v2 - INFO - Step 2200: NLL=0.3567, MSE=0.3567, grad=0.24, lr=8.56e-03
2026-01-13 05:13:00,887 - cadence_k562_all_v2 - INFO - Step 2300: NLL=0.3481, MSE=0.3481, grad=0.24, lr=8.21e-03
2026-01-13 05:13:26,533 - cadence_k562_all_v2 - INFO - ================================================================================
2026-01-13 05:13:26,534 - cadence_k562_all_v2 - INFO - EPOCH 14 SUMMARY (BEST)
2026-01-13 05:13:26,534 - cadence_k562_all_v2 - INFO - ================================================================================
2026-01-13 05:13:26,534 - cadence_k562_all_v2 - INFO - [TRAIN] NLL: 0.4194 | MSE: 0.4194 | r: 0.7957 | rho: 0.7371 | R2: 0.5774 | RMSE: 0.3413
2026-01-13 05:13:26,534 - cadence_k562_all_v2 - INFO - [VAL]   NLL: 0.4632 | MSE: 0.4632 | r: 0.7620 | rho: 0.7072 | R2: 0.5398 | RMSE: 0.3587
2026-01-13 05:13:26,534 - cadence_k562_all_v2 - INFO - --------------------------------------------------------------------------------
2026-01-13 05:13:26,534 - cadence_k562_all_v2 - INFO -   [VAL] encode4_k562:
2026-01-13 05:13:26,534 - cadence_k562_all_v2 - INFO -     activity: r=0.7620 | rho=0.7072 | R2=0.5398 | RMSE=0.3587 | MAE=0.2773
2026-01-13 05:13:26,534 - cadence_k562_all_v2 - INFO - ================================================================================
2026-01-13 05:13:27,535 - cadence_k562_all_v2 - INFO - Epoch 14 completed in 85.1s
2026-01-13 05:14:02,939 - cadence_k562_all_v2 - INFO - Step 2400: NLL=0.3744, MSE=0.3744, grad=0.26, lr=7.82e-03
2026-01-13 05:14:48,109 - cadence_k562_all_v2 - INFO - ================================================================================
2026-01-13 05:14:48,110 - cadence_k562_all_v2 - INFO - EPOCH 15 SUMMARY (BEST)
2026-01-13 05:14:48,110 - cadence_k562_all_v2 - INFO - ================================================================================
2026-01-13 05:14:48,110 - cadence_k562_all_v2 - INFO - [TRAIN] NLL: 0.3696 | MSE: 0.3696 | r: 0.8018 | rho: 0.7437 | R2: 0.6277 | RMSE: 0.3204
2026-01-13 05:14:48,110 - cadence_k562_all_v2 - INFO - [VAL]   NLL: 0.4393 | MSE: 0.4393 | r: 0.7622 | rho: 0.7112 | R2: 0.5635 | RMSE: 0.3493
2026-01-13 05:14:48,110 - cadence_k562_all_v2 - INFO - --------------------------------------------------------------------------------
2026-01-13 05:14:48,111 - cadence_k562_all_v2 - INFO -   [VAL] encode4_k562:
2026-01-13 05:14:48,111 - cadence_k562_all_v2 - INFO -     activity: r=0.7622 | rho=0.7112 | R2=0.5635 | RMSE=0.3493 | MAE=0.2580
2026-01-13 05:14:48,111 - cadence_k562_all_v2 - INFO - ================================================================================
2026-01-13 05:14:49,158 - cadence_k562_all_v2 - INFO - Epoch 15 completed in 81.6s
2026-01-13 05:14:56,907 - cadence_k562_all_v2 - INFO - Step 2500: NLL=0.3240, MSE=0.3240, grad=0.25, lr=7.41e-03
2026-01-13 05:15:40,196 - cadence_k562_all_v2 - INFO - Step 2600: NLL=0.3465, MSE=0.3465, grad=0.23, lr=6.98e-03
2026-01-13 05:16:12,392 - cadence_k562_all_v2 - INFO - ================================================================================
2026-01-13 05:16:12,392 - cadence_k562_all_v2 - INFO - EPOCH 16 SUMMARY (BEST)
2026-01-13 05:16:12,392 - cadence_k562_all_v2 - INFO - ================================================================================
2026-01-13 05:16:12,392 - cadence_k562_all_v2 - INFO - [TRAIN] NLL: 0.4446 | MSE: 0.4446 | r: 0.7989 | rho: 0.7392 | R2: 0.5521 | RMSE: 0.3514
2026-01-13 05:16:12,393 - cadence_k562_all_v2 - INFO - [VAL]   NLL: 0.5070 | MSE: 0.5070 | r: 0.7633 | rho: 0.7119 | R2: 0.4962 | RMSE: 0.3753
2026-01-13 05:16:12,393 - cadence_k562_all_v2 - INFO - --------------------------------------------------------------------------------
2026-01-13 05:16:12,393 - cadence_k562_all_v2 - INFO -   [VAL] encode4_k562:
2026-01-13 05:16:12,393 - cadence_k562_all_v2 - INFO -     activity: r=0.7633 | rho=0.7119 | R2=0.4962 | RMSE=0.3753 | MAE=0.2895
2026-01-13 05:16:12,393 - cadence_k562_all_v2 - INFO - ================================================================================
2026-01-13 05:16:13,416 - cadence_k562_all_v2 - INFO - Epoch 16 completed in 84.2s
2026-01-13 05:16:48,136 - cadence_k562_all_v2 - INFO - Step 2700: NLL=0.2934, MSE=0.2934, grad=0.27, lr=6.53e-03
2026-01-13 05:17:54,993 - cadence_k562_all_v2 - INFO - ================================================================================
2026-01-13 05:17:54,994 - cadence_k562_all_v2 - INFO - EPOCH 17 SUMMARY (BEST)
2026-01-13 05:17:54,994 - cadence_k562_all_v2 - INFO - ================================================================================
2026-01-13 05:17:54,994 - cadence_k562_all_v2 - INFO - [TRAIN] NLL: 0.3469 | MSE: 0.3469 | r: 0.8139 | rho: 0.7562 | R2: 0.6505 | RMSE: 0.3104
2026-01-13 05:17:54,994 - cadence_k562_all_v2 - INFO - [VAL]   NLL: 0.4081 | MSE: 0.4081 | r: 0.7769 | rho: 0.7232 | R2: 0.5946 | RMSE: 0.3367
2026-01-13 05:17:54,994 - cadence_k562_all_v2 - INFO - --------------------------------------------------------------------------------
2026-01-13 05:17:54,994 - cadence_k562_all_v2 - INFO -   [VAL] encode4_k562:
2026-01-13 05:17:54,994 - cadence_k562_all_v2 - INFO -     activity: r=0.7769 | rho=0.7232 | R2=0.5946 | RMSE=0.3367 | MAE=0.2579
2026-01-13 05:17:54,995 - cadence_k562_all_v2 - INFO - ================================================================================
2026-01-13 05:17:56,082 - cadence_k562_all_v2 - INFO - Epoch 17 completed in 102.7s
2026-01-13 05:18:03,043 - cadence_k562_all_v2 - INFO - Step 2800: NLL=0.3094, MSE=0.3094, grad=0.28, lr=6.06e-03
2026-01-13 05:18:53,905 - cadence_k562_all_v2 - INFO - Step 2900: NLL=0.3218, MSE=0.3218, grad=0.24, lr=5.59e-03
2026-01-13 05:19:34,312 - cadence_k562_all_v2 - INFO - ================================================================================
2026-01-13 05:19:34,312 - cadence_k562_all_v2 - INFO - EPOCH 18 SUMMARY 
2026-01-13 05:19:34,312 - cadence_k562_all_v2 - INFO - ================================================================================
2026-01-13 05:19:34,312 - cadence_k562_all_v2 - INFO - [TRAIN] NLL: 0.3452 | MSE: 0.3452 | r: 0.8174 | rho: 0.7638 | R2: 0.6523 | RMSE: 0.3096
2026-01-13 05:19:34,312 - cadence_k562_all_v2 - INFO - [VAL]   NLL: 0.4145 | MSE: 0.4145 | r: 0.7749 | rho: 0.7260 | R2: 0.5881 | RMSE: 0.3393
2026-01-13 05:19:34,313 - cadence_k562_all_v2 - INFO - --------------------------------------------------------------------------------
2026-01-13 05:19:34,313 - cadence_k562_all_v2 - INFO -   [VAL] encode4_k562:
2026-01-13 05:19:34,313 - cadence_k562_all_v2 - INFO -     activity: r=0.7749 | rho=0.7260 | R2=0.5881 | RMSE=0.3393 | MAE=0.2590
2026-01-13 05:19:34,313 - cadence_k562_all_v2 - INFO - ================================================================================
2026-01-13 05:19:34,751 - cadence_k562_all_v2 - INFO - Epoch 18 completed in 98.7s
2026-01-13 05:20:04,124 - cadence_k562_all_v2 - INFO - Step 3000: NLL=0.3101, MSE=0.3101, grad=0.28, lr=5.10e-03
2026-01-13 05:20:57,123 - cadence_k562_all_v2 - INFO - Step 3100: NLL=0.3093, MSE=0.3093, grad=0.32, lr=4.62e-03
2026-01-13 05:21:15,842 - cadence_k562_all_v2 - INFO - ================================================================================
2026-01-13 05:21:15,842 - cadence_k562_all_v2 - INFO - EPOCH 19 SUMMARY 
2026-01-13 05:21:15,842 - cadence_k562_all_v2 - INFO - ================================================================================
2026-01-13 05:21:15,842 - cadence_k562_all_v2 - INFO - [TRAIN] NLL: 0.3612 | MSE: 0.3612 | r: 0.8209 | rho: 0.7561 | R2: 0.6361 | RMSE: 0.3167
2026-01-13 05:21:15,842 - cadence_k562_all_v2 - INFO - [VAL]   NLL: 0.4561 | MSE: 0.4561 | r: 0.7735 | rho: 0.7202 | R2: 0.5468 | RMSE: 0.3559
2026-01-13 05:21:15,843 - cadence_k562_all_v2 - INFO - --------------------------------------------------------------------------------
2026-01-13 05:21:15,843 - cadence_k562_all_v2 - INFO -   [VAL] encode4_k562:
2026-01-13 05:21:15,843 - cadence_k562_all_v2 - INFO -     activity: r=0.7735 | rho=0.7202 | R2=0.5468 | RMSE=0.3559 | MAE=0.2743
2026-01-13 05:21:15,843 - cadence_k562_all_v2 - INFO - ================================================================================
2026-01-13 05:21:16,368 - cadence_k562_all_v2 - INFO - Epoch 19 completed in 101.6s
2026-01-13 05:22:17,528 - cadence_k562_all_v2 - INFO - Step 3200: NLL=0.2830, MSE=0.2830, grad=0.21, lr=4.14e-03
2026-01-13 05:23:06,102 - cadence_k562_all_v2 - INFO - ================================================================================
2026-01-13 05:23:06,102 - cadence_k562_all_v2 - INFO - EPOCH 20 SUMMARY (BEST)
2026-01-13 05:23:06,102 - cadence_k562_all_v2 - INFO - ================================================================================
2026-01-13 05:23:06,102 - cadence_k562_all_v2 - INFO - [TRAIN] NLL: 0.3198 | MSE: 0.3198 | r: 0.8333 | rho: 0.7743 | R2: 0.6778 | RMSE: 0.2980
2026-01-13 05:23:06,102 - cadence_k562_all_v2 - INFO - [VAL]   NLL: 0.4050 | MSE: 0.4050 | r: 0.7841 | rho: 0.7329 | R2: 0.5976 | RMSE: 0.3354
2026-01-13 05:23:06,103 - cadence_k562_all_v2 - INFO - --------------------------------------------------------------------------------
2026-01-13 05:23:06,103 - cadence_k562_all_v2 - INFO -   [VAL] encode4_k562:
2026-01-13 05:23:06,103 - cadence_k562_all_v2 - INFO -     activity: r=0.7841 | rho=0.7329 | R2=0.5976 | RMSE=0.3354 | MAE=0.2590
2026-01-13 05:23:06,103 - cadence_k562_all_v2 - INFO - ================================================================================
2026-01-13 05:23:07,922 - cadence_k562_all_v2 - INFO - Epoch 20 completed in 111.6s
2026-01-13 05:23:35,568 - cadence_k562_all_v2 - INFO - Step 3300: NLL=0.2779, MSE=0.2779, grad=0.22, lr=3.67e-03
2026-01-13 05:24:31,307 - cadence_k562_all_v2 - INFO - Step 3400: NLL=0.2819, MSE=0.2819, grad=0.25, lr=3.21e-03
2026-01-13 05:24:53,780 - cadence_k562_all_v2 - INFO - ================================================================================
2026-01-13 05:24:53,781 - cadence_k562_all_v2 - INFO - EPOCH 21 SUMMARY (BEST)
2026-01-13 05:24:53,781 - cadence_k562_all_v2 - INFO - ================================================================================
2026-01-13 05:24:53,781 - cadence_k562_all_v2 - INFO - [TRAIN] NLL: 0.3200 | MSE: 0.3200 | r: 0.8419 | rho: 0.7809 | R2: 0.6777 | RMSE: 0.2981
2026-01-13 05:24:53,781 - cadence_k562_all_v2 - INFO - [VAL]   NLL: 0.4065 | MSE: 0.4065 | r: 0.7867 | rho: 0.7349 | R2: 0.5961 | RMSE: 0.3360
2026-01-13 05:24:53,781 - cadence_k562_all_v2 - INFO - --------------------------------------------------------------------------------
2026-01-13 05:24:53,781 - cadence_k562_all_v2 - INFO -   [VAL] encode4_k562:
2026-01-13 05:24:53,781 - cadence_k562_all_v2 - INFO -     activity: r=0.7867 | rho=0.7349 | R2=0.5961 | RMSE=0.3360 | MAE=0.2572
2026-01-13 05:24:53,782 - cadence_k562_all_v2 - INFO - ================================================================================
2026-01-13 05:24:55,028 - cadence_k562_all_v2 - INFO - Epoch 21 completed in 107.1s
2026-01-13 05:25:50,196 - cadence_k562_all_v2 - INFO - Step 3500: NLL=0.2628, MSE=0.2628, grad=0.27, lr=2.77e-03
2026-01-13 05:26:43,756 - cadence_k562_all_v2 - INFO - ================================================================================
2026-01-13 05:26:43,757 - cadence_k562_all_v2 - INFO - EPOCH 22 SUMMARY (BEST)
2026-01-13 05:26:43,757 - cadence_k562_all_v2 - INFO - ================================================================================
2026-01-13 05:26:43,757 - cadence_k562_all_v2 - INFO - [TRAIN] NLL: 0.2788 | MSE: 0.2788 | r: 0.8498 | rho: 0.7895 | R2: 0.7191 | RMSE: 0.2783
2026-01-13 05:26:43,757 - cadence_k562_all_v2 - INFO - [VAL]   NLL: 0.3811 | MSE: 0.3811 | r: 0.7889 | rho: 0.7360 | R2: 0.6213 | RMSE: 0.3254
2026-01-13 05:26:43,757 - cadence_k562_all_v2 - INFO - --------------------------------------------------------------------------------
2026-01-13 05:26:43,757 - cadence_k562_all_v2 - INFO -   [VAL] encode4_k562:
2026-01-13 05:26:43,757 - cadence_k562_all_v2 - INFO -     activity: r=0.7889 | rho=0.7360 | R2=0.6213 | RMSE=0.3254 | MAE=0.2464
2026-01-13 05:26:43,757 - cadence_k562_all_v2 - INFO - ================================================================================
2026-01-13 05:26:44,929 - cadence_k562_all_v2 - INFO - Epoch 22 completed in 109.9s
2026-01-13 05:27:07,395 - cadence_k562_all_v2 - INFO - Step 3600: NLL=0.2526, MSE=0.2526, grad=0.32, lr=2.35e-03
2026-01-13 05:28:04,843 - cadence_k562_all_v2 - INFO - Step 3700: NLL=0.2502, MSE=0.2502, grad=0.27, lr=1.95e-03
2026-01-13 05:28:33,772 - cadence_k562_all_v2 - INFO - ================================================================================
2026-01-13 05:28:33,772 - cadence_k562_all_v2 - INFO - EPOCH 23 SUMMARY (BEST)
2026-01-13 05:28:33,772 - cadence_k562_all_v2 - INFO - ================================================================================
2026-01-13 05:28:33,772 - cadence_k562_all_v2 - INFO - [TRAIN] NLL: 0.2541 | MSE: 0.2541 | r: 0.8634 | rho: 0.8037 | R2: 0.7440 | RMSE: 0.2657
2026-01-13 05:28:33,772 - cadence_k562_all_v2 - INFO - [VAL]   NLL: 0.3664 | MSE: 0.3664 | r: 0.8006 | rho: 0.7486 | R2: 0.6360 | RMSE: 0.3190
2026-01-13 05:28:33,773 - cadence_k562_all_v2 - INFO - --------------------------------------------------------------------------------
2026-01-13 05:28:33,773 - cadence_k562_all_v2 - INFO -   [VAL] encode4_k562:
2026-01-13 05:28:33,773 - cadence_k562_all_v2 - INFO -     activity: r=0.8006 | rho=0.7486 | R2=0.6360 | RMSE=0.3190 | MAE=0.2386
2026-01-13 05:28:33,773 - cadence_k562_all_v2 - INFO - ================================================================================
2026-01-13 05:28:34,979 - cadence_k562_all_v2 - INFO - Epoch 23 completed in 110.0s
2026-01-13 05:29:25,101 - cadence_k562_all_v2 - INFO - Step 3800: NLL=0.2670, MSE=0.2670, grad=0.32, lr=1.59e-03
2026-01-13 05:30:22,735 - cadence_k562_all_v2 - INFO - ================================================================================
2026-01-13 05:30:22,736 - cadence_k562_all_v2 - INFO - EPOCH 24 SUMMARY (BEST)
2026-01-13 05:30:22,736 - cadence_k562_all_v2 - INFO - ================================================================================
2026-01-13 05:30:22,736 - cadence_k562_all_v2 - INFO - [TRAIN] NLL: 0.2368 | MSE: 0.2368 | r: 0.8726 | rho: 0.8145 | R2: 0.7614 | RMSE: 0.2565
2026-01-13 05:30:22,736 - cadence_k562_all_v2 - INFO - [VAL]   NLL: 0.3625 | MSE: 0.3625 | r: 0.8017 | rho: 0.7496 | R2: 0.6398 | RMSE: 0.3173
2026-01-13 05:30:22,736 - cadence_k562_all_v2 - INFO - --------------------------------------------------------------------------------
2026-01-13 05:30:22,736 - cadence_k562_all_v2 - INFO -   [VAL] encode4_k562:
2026-01-13 05:30:22,737 - cadence_k562_all_v2 - INFO -     activity: r=0.8017 | rho=0.7496 | R2=0.6398 | RMSE=0.3173 | MAE=0.2393
2026-01-13 05:30:22,737 - cadence_k562_all_v2 - INFO - ================================================================================
2026-01-13 05:30:23,713 - cadence_k562_all_v2 - INFO - Epoch 24 completed in 108.7s
2026-01-13 05:30:39,667 - cadence_k562_all_v2 - INFO - Step 3900: NLL=0.2590, MSE=0.2590, grad=0.28, lr=1.25e-03
2026-01-13 05:31:34,755 - cadence_k562_all_v2 - INFO - Step 4000: NLL=0.2263, MSE=0.2263, grad=0.27, lr=9.49e-04
2026-01-13 05:32:07,147 - cadence_k562_all_v2 - INFO - ================================================================================
2026-01-13 05:32:07,148 - cadence_k562_all_v2 - INFO - EPOCH 25 SUMMARY (BEST)
2026-01-13 05:32:07,148 - cadence_k562_all_v2 - INFO - ================================================================================
2026-01-13 05:32:07,148 - cadence_k562_all_v2 - INFO - [TRAIN] NLL: 0.2263 | MSE: 0.2263 | r: 0.8791 | rho: 0.8209 | R2: 0.7720 | RMSE: 0.2507
2026-01-13 05:32:07,148 - cadence_k562_all_v2 - INFO - [VAL]   NLL: 0.3586 | MSE: 0.3586 | r: 0.8059 | rho: 0.7534 | R2: 0.6437 | RMSE: 0.3156
2026-01-13 05:32:07,148 - cadence_k562_all_v2 - INFO - --------------------------------------------------------------------------------
2026-01-13 05:32:07,149 - cadence_k562_all_v2 - INFO -   [VAL] encode4_k562:
2026-01-13 05:32:07,149 - cadence_k562_all_v2 - INFO -     activity: r=0.8059 | rho=0.7534 | R2=0.6437 | RMSE=0.3156 | MAE=0.2374
2026-01-13 05:32:07,149 - cadence_k562_all_v2 - INFO - ================================================================================
2026-01-13 05:32:08,229 - cadence_k562_all_v2 - INFO - Epoch 25 completed in 104.5s
2026-01-13 05:32:48,538 - cadence_k562_all_v2 - INFO - Step 4100: NLL=0.2219, MSE=0.2219, grad=0.24, lr=6.86e-04
2026-01-13 05:33:46,901 - cadence_k562_all_v2 - INFO - ================================================================================
2026-01-13 05:33:46,901 - cadence_k562_all_v2 - INFO - EPOCH 26 SUMMARY 
2026-01-13 05:33:46,902 - cadence_k562_all_v2 - INFO - ================================================================================
2026-01-13 05:33:46,902 - cadence_k562_all_v2 - INFO - [TRAIN] NLL: 0.2179 | MSE: 0.2179 | r: 0.8843 | rho: 0.8262 | R2: 0.7804 | RMSE: 0.2460
2026-01-13 05:33:46,902 - cadence_k562_all_v2 - INFO - [VAL]   NLL: 0.3575 | MSE: 0.3575 | r: 0.8049 | rho: 0.7535 | R2: 0.6447 | RMSE: 0.3151
2026-01-13 05:33:46,902 - cadence_k562_all_v2 - INFO - --------------------------------------------------------------------------------
2026-01-13 05:33:46,902 - cadence_k562_all_v2 - INFO -   [VAL] encode4_k562:
2026-01-13 05:33:46,902 - cadence_k562_all_v2 - INFO -     activity: r=0.8049 | rho=0.7535 | R2=0.6447 | RMSE=0.3151 | MAE=0.2383
2026-01-13 05:33:46,902 - cadence_k562_all_v2 - INFO - ================================================================================
2026-01-13 05:33:47,372 - cadence_k562_all_v2 - INFO - Epoch 26 completed in 99.1s
2026-01-13 05:33:56,330 - cadence_k562_all_v2 - INFO - Step 4200: NLL=0.2231, MSE=0.2231, grad=0.25, lr=4.62e-04
2026-01-13 05:34:42,984 - cadence_k562_all_v2 - INFO - Step 4300: NLL=0.2217, MSE=0.2217, grad=0.26, lr=2.81e-04
2026-01-13 05:35:17,597 - cadence_k562_all_v2 - INFO - ================================================================================
2026-01-13 05:35:17,597 - cadence_k562_all_v2 - INFO - EPOCH 27 SUMMARY (BEST)
2026-01-13 05:35:17,597 - cadence_k562_all_v2 - INFO - ================================================================================
2026-01-13 05:35:17,597 - cadence_k562_all_v2 - INFO - [TRAIN] NLL: 0.2092 | MSE: 0.2092 | r: 0.8887 | rho: 0.8316 | R2: 0.7892 | RMSE: 0.2411
2026-01-13 05:35:17,597 - cadence_k562_all_v2 - INFO - [VAL]   NLL: 0.3533 | MSE: 0.3533 | r: 0.8072 | rho: 0.7559 | R2: 0.6490 | RMSE: 0.3132
2026-01-13 05:35:17,597 - cadence_k562_all_v2 - INFO - --------------------------------------------------------------------------------
2026-01-13 05:35:17,597 - cadence_k562_all_v2 - INFO -   [VAL] encode4_k562:
2026-01-13 05:35:17,597 - cadence_k562_all_v2 - INFO -     activity: r=0.8072 | rho=0.7559 | R2=0.6490 | RMSE=0.3132 | MAE=0.2350
2026-01-13 05:35:17,597 - cadence_k562_all_v2 - INFO - ================================================================================
2026-01-13 05:35:18,533 - cadence_k562_all_v2 - INFO - Epoch 27 completed in 91.2s
2026-01-13 05:35:48,745 - cadence_k562_all_v2 - INFO - Step 4400: NLL=0.2070, MSE=0.2070, grad=0.25, lr=1.44e-04
2026-01-13 05:36:43,150 - cadence_k562_all_v2 - INFO - ================================================================================
2026-01-13 05:36:43,150 - cadence_k562_all_v2 - INFO - EPOCH 28 SUMMARY (BEST)
2026-01-13 05:36:43,151 - cadence_k562_all_v2 - INFO - ================================================================================
2026-01-13 05:36:43,151 - cadence_k562_all_v2 - INFO - [TRAIN] NLL: 0.2068 | MSE: 0.2068 | r: 0.8901 | rho: 0.8323 | R2: 0.7917 | RMSE: 0.2397
2026-01-13 05:36:43,151 - cadence_k562_all_v2 - INFO - [VAL]   NLL: 0.3528 | MSE: 0.3528 | r: 0.8075 | rho: 0.7561 | R2: 0.6495 | RMSE: 0.3130
2026-01-13 05:36:43,151 - cadence_k562_all_v2 - INFO - --------------------------------------------------------------------------------
2026-01-13 05:36:43,151 - cadence_k562_all_v2 - INFO -   [VAL] encode4_k562:
2026-01-13 05:36:43,151 - cadence_k562_all_v2 - INFO -     activity: r=0.8075 | rho=0.7561 | R2=0.6495 | RMSE=0.3130 | MAE=0.2350
2026-01-13 05:36:43,151 - cadence_k562_all_v2 - INFO - ================================================================================
2026-01-13 05:36:44,057 - cadence_k562_all_v2 - INFO - Epoch 28 completed in 85.5s
2026-01-13 05:36:46,975 - cadence_k562_all_v2 - INFO - Step 4500: NLL=0.2390, MSE=0.2390, grad=0.32, lr=5.17e-05
2026-01-13 05:37:34,092 - cadence_k562_all_v2 - INFO - Step 4600: NLL=0.2277, MSE=0.2277, grad=0.25, lr=5.63e-06
2026-01-13 05:38:15,713 - cadence_k562_all_v2 - INFO - ================================================================================
2026-01-13 05:38:15,714 - cadence_k562_all_v2 - INFO - EPOCH 29 SUMMARY (BEST)
2026-01-13 05:38:15,714 - cadence_k562_all_v2 - INFO - ================================================================================
2026-01-13 05:38:15,714 - cadence_k562_all_v2 - INFO - [TRAIN] NLL: 0.2048 | MSE: 0.2048 | r: 0.8911 | rho: 0.8335 | R2: 0.7937 | RMSE: 0.2385
2026-01-13 05:38:15,714 - cadence_k562_all_v2 - INFO - [VAL]   NLL: 0.3526 | MSE: 0.3526 | r: 0.8076 | rho: 0.7561 | R2: 0.6497 | RMSE: 0.3129
2026-01-13 05:38:15,714 - cadence_k562_all_v2 - INFO - --------------------------------------------------------------------------------
2026-01-13 05:38:15,714 - cadence_k562_all_v2 - INFO -   [VAL] encode4_k562:
2026-01-13 05:38:15,714 - cadence_k562_all_v2 - INFO -     activity: r=0.8076 | rho=0.7561 | R2=0.6497 | RMSE=0.3129 | MAE=0.2350
2026-01-13 05:38:15,714 - cadence_k562_all_v2 - INFO - ================================================================================
2026-01-13 05:38:16,801 - cadence_k562_all_v2 - INFO - Epoch 29 completed in 92.7s
2026-01-13 05:38:16,801 - cadence_k562_all_v2 - INFO - Training complete. Running final evaluation...
2026-01-13 05:38:21,378 - cadence_k562_all_v2 - INFO - 
============================================================
2026-01-13 05:38:21,378 - cadence_k562_all_v2 - INFO - Evaluating on TEST sets...
2026-01-13 05:38:21,378 - cadence_k562_all_v2 - INFO - ============================================================
2026-01-13 05:38:21,380 - cadence_k562_all_v2 - INFO -   Evaluating encode4_k562 (test)...
2026-01-13 05:38:26,193 - cadence_k562_all_v2 - INFO -     activity: r=0.8076, rho=0.7573, R2=0.6496, RMSE=0.5911 (n=22631)
2026-01-13 05:38:26,194 - cadence_k562_all_v2 - INFO - 
============================================================
2026-01-13 05:38:26,194 - cadence_k562_all_v2 - INFO - Evaluating on CALIBRATION sets...
2026-01-13 05:38:26,194 - cadence_k562_all_v2 - INFO - ============================================================
2026-01-13 05:38:26,195 - cadence_k562_all_v2 - INFO -   Evaluating encode4_k562 (calibration)...
2026-01-13 05:38:31,460 - cadence_k562_all_v2 - INFO -     activity: r=0.8046, rho=0.7455, R2=0.6437, RMSE=0.5857 (n=22633)
2026-01-13 05:38:31,463 - cadence_k562_all_v2 - INFO - Results saved to results/cadence_k562_all_v2/final_results.json
