2026-01-13 06:55:37,487 - cadence_yeast_all_v1 - INFO - Experiment: cadence_yeast_all_v1
2026-01-13 06:55:37,491 - cadence_yeast_all_v1 - INFO - Output directory: results/cadence_yeast_all_v1
2026-01-13 06:55:37,492 - cadence_yeast_all_v1 - INFO - Starting training...
2026-01-13 06:55:37,492 - cadence_yeast_all_v1 - INFO - Config: config1_single_celltype
2026-01-13 06:55:37,492 - cadence_yeast_all_v1 - INFO - Setting up datasets...
2026-01-13 06:57:47,372 - cadence_yeast_all_v1 - INFO - Dataset sizes: {'dream_yeast': 100000}
2026-01-13 06:57:47,372 - cadence_yeast_all_v1 - INFO - Using balanced activity sampling with 10 bins...
2026-01-13 06:58:14,997 - cadence_yeast_all_v1 - INFO -   dream_yeast: val set loaded
2026-01-13 07:01:34,738 - cadence_yeast_all_v1 - INFO -   dream_yeast: test set loaded (71103 samples)
2026-01-13 07:03:52,595 - cadence_yeast_all_v1 - INFO -   dream_yeast: calibration set loaded (67055 samples)
2026-01-13 07:03:52,611 - cadence_yeast_all_v1 - INFO - Data setup complete
2026-01-13 07:03:52,613 - cadence_yeast_all_v1 - INFO - Setting up model...
2026-01-13 07:03:54,782 - cadence_yeast_all_v1 - INFO - Model parameters: 2,744,580 (2,744,580 trainable)
2026-01-13 07:04:01,965 - cadence_yeast_all_v1 - INFO - Model setup complete
2026-01-13 07:04:20,127 - cadence_yeast_all_v1 - INFO - Step 100: NLL=1.7565, MSE=1.4340, grad=8.82, lr=1.00e-03
2026-01-13 07:04:36,383 - cadence_yeast_all_v1 - INFO - Step 200: NLL=2.8293, MSE=1.6669, grad=12.96, lr=1.00e-03
2026-01-13 07:04:51,552 - cadence_yeast_all_v1 - INFO - Step 300: NLL=2.5165, MSE=1.4911, grad=7.01, lr=1.00e-03
2026-01-13 07:05:06,670 - cadence_yeast_all_v1 - INFO - Step 400: NLL=2.3605, MSE=1.2427, grad=10.63, lr=1.00e-03
2026-01-13 07:05:22,142 - cadence_yeast_all_v1 - INFO - Step 500: NLL=1.8045, MSE=1.4216, grad=10.44, lr=1.00e-03
2026-01-13 07:05:37,952 - cadence_yeast_all_v1 - INFO - Step 600: NLL=1.6018, MSE=1.0844, grad=4.63, lr=1.00e-03
2026-01-13 07:05:55,121 - cadence_yeast_all_v1 - INFO - Step 700: NLL=2.2251, MSE=1.0951, grad=13.93, lr=1.00e-03
2026-01-13 07:06:41,604 - cadence_yeast_all_v1 - INFO - ================================================================================
2026-01-13 07:06:41,604 - cadence_yeast_all_v1 - INFO - EPOCH 0 SUMMARY (BEST)
2026-01-13 07:06:41,604 - cadence_yeast_all_v1 - INFO - ================================================================================
2026-01-13 07:06:41,605 - cadence_yeast_all_v1 - INFO - [TRAIN] NLL: 1.2479 | MSE: 1.2479 | r: 0.5861 | rho: 0.6120 | R2: -0.2502 | RMSE: 2.6454
2026-01-13 07:06:41,605 - cadence_yeast_all_v1 - INFO - [VAL]   NLL: 1.1997 | MSE: 1.1997 | r: 0.5687 | rho: 0.6156 | R2: -0.1670 | RMSE: 2.5938
2026-01-13 07:06:41,605 - cadence_yeast_all_v1 - INFO - --------------------------------------------------------------------------------
2026-01-13 07:06:41,605 - cadence_yeast_all_v1 - INFO -   [VAL] dream_yeast:
2026-01-13 07:06:41,605 - cadence_yeast_all_v1 - INFO -     expression: r=0.5687 | rho=0.6156 | R2=-0.1670 | RMSE=2.5938 | MAE=1.9639
2026-01-13 07:06:41,606 - cadence_yeast_all_v1 - INFO - ================================================================================
2026-01-13 07:06:42,796 - cadence_yeast_all_v1 - INFO - Epoch 0 completed in 160.8s
2026-01-13 07:06:46,675 - cadence_yeast_all_v1 - INFO - Step 800: NLL=1.5425, MSE=1.3320, grad=8.45, lr=1.00e-03
2026-01-13 07:07:03,153 - cadence_yeast_all_v1 - INFO - Step 900: NLL=1.1735, MSE=1.0824, grad=5.26, lr=1.00e-03
2026-01-13 07:07:20,949 - cadence_yeast_all_v1 - INFO - Step 1000: NLL=1.3970, MSE=1.3563, grad=8.02, lr=1.00e-03
2026-01-13 07:07:36,950 - cadence_yeast_all_v1 - INFO - Step 1100: NLL=1.1249, MSE=1.1119, grad=4.59, lr=1.00e-03
2026-01-13 07:07:52,060 - cadence_yeast_all_v1 - INFO - Step 1200: NLL=1.0961, MSE=1.0364, grad=6.25, lr=1.00e-03
2026-01-13 07:08:09,594 - cadence_yeast_all_v1 - INFO - Step 1300: NLL=0.8326, MSE=0.7775, grad=6.79, lr=1.00e-03
2026-01-13 07:08:25,719 - cadence_yeast_all_v1 - INFO - Step 1400: NLL=0.7633, MSE=0.8124, grad=4.44, lr=1.00e-03
2026-01-13 07:08:44,500 - cadence_yeast_all_v1 - INFO - Step 1500: NLL=1.1426, MSE=0.9810, grad=8.52, lr=1.00e-03
2026-01-13 07:09:24,046 - cadence_yeast_all_v1 - INFO - ================================================================================
2026-01-13 07:09:24,046 - cadence_yeast_all_v1 - INFO - EPOCH 1 SUMMARY (BEST)
2026-01-13 07:09:24,047 - cadence_yeast_all_v1 - INFO - ================================================================================
2026-01-13 07:09:24,047 - cadence_yeast_all_v1 - INFO - [TRAIN] NLL: 1.0684 | MSE: 1.0684 | r: 0.6355 | rho: 0.6431 | R2: -0.0705 | RMSE: 2.4478
2026-01-13 07:09:24,047 - cadence_yeast_all_v1 - INFO - [VAL]   NLL: 1.1226 | MSE: 1.1226 | r: 0.5786 | rho: 0.6192 | R2: -0.0920 | RMSE: 2.5091
2026-01-13 07:09:24,047 - cadence_yeast_all_v1 - INFO - --------------------------------------------------------------------------------
2026-01-13 07:09:24,048 - cadence_yeast_all_v1 - INFO -   [VAL] dream_yeast:
2026-01-13 07:09:24,048 - cadence_yeast_all_v1 - INFO -     expression: r=0.5786 | rho=0.6192 | R2=-0.0920 | RMSE=2.5091 | MAE=1.8977
2026-01-13 07:09:24,048 - cadence_yeast_all_v1 - INFO - ================================================================================
2026-01-13 07:09:25,128 - cadence_yeast_all_v1 - INFO - Epoch 1 completed in 162.3s
2026-01-13 07:09:32,051 - cadence_yeast_all_v1 - INFO - Step 1600: NLL=1.2554, MSE=1.0644, grad=6.07, lr=9.98e-04
2026-01-13 07:09:48,857 - cadence_yeast_all_v1 - INFO - Step 1700: NLL=0.8546, MSE=0.8853, grad=4.08, lr=9.98e-04
2026-01-13 07:10:05,285 - cadence_yeast_all_v1 - INFO - Step 1800: NLL=0.6835, MSE=0.6799, grad=3.27, lr=9.98e-04
2026-01-13 07:10:20,119 - cadence_yeast_all_v1 - INFO - Step 1900: NLL=0.9301, MSE=0.7360, grad=3.89, lr=9.98e-04
2026-01-13 07:10:36,068 - cadence_yeast_all_v1 - INFO - Step 2000: NLL=0.7902, MSE=0.7094, grad=4.30, lr=9.98e-04
2026-01-13 07:10:50,826 - cadence_yeast_all_v1 - INFO - Step 2100: NLL=0.7859, MSE=0.8255, grad=4.62, lr=9.98e-04
2026-01-13 07:11:07,487 - cadence_yeast_all_v1 - INFO - Step 2200: NLL=0.7421, MSE=0.8520, grad=3.19, lr=9.98e-04
2026-01-13 07:11:24,711 - cadence_yeast_all_v1 - INFO - Step 2300: NLL=0.8115, MSE=0.7630, grad=3.60, lr=9.98e-04
2026-01-13 07:12:02,808 - cadence_yeast_all_v1 - INFO - ================================================================================
2026-01-13 07:12:02,809 - cadence_yeast_all_v1 - INFO - EPOCH 2 SUMMARY (BEST)
2026-01-13 07:12:02,809 - cadence_yeast_all_v1 - INFO - ================================================================================
2026-01-13 07:12:02,809 - cadence_yeast_all_v1 - INFO - [TRAIN] NLL: 0.8160 | MSE: 0.8160 | r: 0.6690 | rho: 0.6562 | R2: 0.1824 | RMSE: 2.1392
2026-01-13 07:12:02,809 - cadence_yeast_all_v1 - INFO - [VAL]   NLL: 0.9515 | MSE: 0.9515 | r: 0.6033 | rho: 0.6297 | R2: 0.0745 | RMSE: 2.3099
2026-01-13 07:12:02,809 - cadence_yeast_all_v1 - INFO - --------------------------------------------------------------------------------
2026-01-13 07:12:02,809 - cadence_yeast_all_v1 - INFO -   [VAL] dream_yeast:
2026-01-13 07:12:02,809 - cadence_yeast_all_v1 - INFO -     expression: r=0.6033 | rho=0.6297 | R2=0.0745 | RMSE=2.3099 | MAE=1.7903
2026-01-13 07:12:02,810 - cadence_yeast_all_v1 - INFO - ================================================================================
2026-01-13 07:12:04,094 - cadence_yeast_all_v1 - INFO - Epoch 2 completed in 159.0s
2026-01-13 07:12:14,471 - cadence_yeast_all_v1 - INFO - Step 2400: NLL=0.6741, MSE=0.6201, grad=5.53, lr=9.96e-04
2026-01-13 07:12:33,234 - cadence_yeast_all_v1 - INFO - Step 2500: NLL=0.7331, MSE=0.8809, grad=3.16, lr=9.96e-04
2026-01-13 07:12:50,004 - cadence_yeast_all_v1 - INFO - Step 2600: NLL=0.6557, MSE=0.6148, grad=4.05, lr=9.96e-04
2026-01-13 07:13:04,815 - cadence_yeast_all_v1 - INFO - Step 2700: NLL=0.8103, MSE=0.7545, grad=3.68, lr=9.96e-04
2026-01-13 07:13:20,578 - cadence_yeast_all_v1 - INFO - Step 2800: NLL=0.8224, MSE=0.8274, grad=4.56, lr=9.96e-04
2026-01-13 07:13:37,204 - cadence_yeast_all_v1 - INFO - Step 2900: NLL=0.6914, MSE=0.6433, grad=3.60, lr=9.96e-04
2026-01-13 07:13:54,804 - cadence_yeast_all_v1 - INFO - Step 3000: NLL=0.4900, MSE=0.6271, grad=3.07, lr=9.96e-04
2026-01-13 07:14:12,088 - cadence_yeast_all_v1 - INFO - Step 3100: NLL=0.6257, MSE=0.6988, grad=4.46, lr=9.96e-04
2026-01-13 07:14:45,186 - cadence_yeast_all_v1 - INFO - ================================================================================
2026-01-13 07:14:45,186 - cadence_yeast_all_v1 - INFO - EPOCH 3 SUMMARY 
2026-01-13 07:14:45,186 - cadence_yeast_all_v1 - INFO - ================================================================================
2026-01-13 07:14:45,186 - cadence_yeast_all_v1 - INFO - [TRAIN] NLL: 0.8225 | MSE: 0.8225 | r: 0.6809 | rho: 0.6698 | R2: 0.1759 | RMSE: 2.1477
2026-01-13 07:14:45,187 - cadence_yeast_all_v1 - INFO - [VAL]   NLL: 1.0322 | MSE: 1.0322 | r: 0.5929 | rho: 0.6166 | R2: -0.0040 | RMSE: 2.4059
2026-01-13 07:14:45,187 - cadence_yeast_all_v1 - INFO - --------------------------------------------------------------------------------
2026-01-13 07:14:45,187 - cadence_yeast_all_v1 - INFO -   [VAL] dream_yeast:
2026-01-13 07:14:45,187 - cadence_yeast_all_v1 - INFO -     expression: r=0.5929 | rho=0.6166 | R2=-0.0040 | RMSE=2.4059 | MAE=1.8302
2026-01-13 07:14:45,187 - cadence_yeast_all_v1 - INFO - ================================================================================
2026-01-13 07:14:45,650 - cadence_yeast_all_v1 - INFO - Epoch 3 completed in 161.6s
2026-01-13 07:14:58,762 - cadence_yeast_all_v1 - INFO - Step 3200: NLL=0.7049, MSE=0.7727, grad=5.31, lr=9.93e-04
2026-01-13 07:15:16,004 - cadence_yeast_all_v1 - INFO - Step 3300: NLL=0.7317, MSE=0.7559, grad=6.35, lr=9.93e-04
2026-01-13 07:15:31,677 - cadence_yeast_all_v1 - INFO - Step 3400: NLL=0.5715, MSE=0.5978, grad=3.05, lr=9.93e-04
2026-01-13 07:15:47,606 - cadence_yeast_all_v1 - INFO - Step 3500: NLL=0.6661, MSE=0.8419, grad=3.45, lr=9.93e-04
2026-01-13 07:16:03,092 - cadence_yeast_all_v1 - INFO - Step 3600: NLL=0.6396, MSE=0.6608, grad=2.23, lr=9.93e-04
2026-01-13 07:16:18,586 - cadence_yeast_all_v1 - INFO - Step 3700: NLL=0.7503, MSE=0.8803, grad=5.50, lr=9.93e-04
2026-01-13 07:16:35,272 - cadence_yeast_all_v1 - INFO - Step 3800: NLL=0.7451, MSE=0.7222, grad=5.16, lr=9.93e-04
2026-01-13 07:16:53,398 - cadence_yeast_all_v1 - INFO - Step 3900: NLL=0.6175, MSE=0.7174, grad=3.90, lr=9.93e-04
2026-01-13 07:17:25,872 - cadence_yeast_all_v1 - INFO - ================================================================================
2026-01-13 07:17:25,883 - cadence_yeast_all_v1 - INFO - EPOCH 4 SUMMARY 
2026-01-13 07:17:25,883 - cadence_yeast_all_v1 - INFO - ================================================================================
2026-01-13 07:17:25,883 - cadence_yeast_all_v1 - INFO - [TRAIN] NLL: 0.7167 | MSE: 0.7167 | r: 0.7109 | rho: 0.6939 | R2: 0.2819 | RMSE: 2.0048
2026-01-13 07:17:25,883 - cadence_yeast_all_v1 - INFO - [VAL]   NLL: 0.9964 | MSE: 0.9964 | r: 0.6018 | rho: 0.6310 | R2: 0.0308 | RMSE: 2.3639
2026-01-13 07:17:25,883 - cadence_yeast_all_v1 - INFO - --------------------------------------------------------------------------------
2026-01-13 07:17:25,883 - cadence_yeast_all_v1 - INFO -   [VAL] dream_yeast:
2026-01-13 07:17:25,883 - cadence_yeast_all_v1 - INFO -     expression: r=0.6018 | rho=0.6310 | R2=0.0308 | RMSE=2.3639 | MAE=1.8415
2026-01-13 07:17:25,884 - cadence_yeast_all_v1 - INFO - ================================================================================
2026-01-13 07:17:26,508 - cadence_yeast_all_v1 - INFO - Epoch 4 completed in 160.9s
2026-01-13 07:17:43,397 - cadence_yeast_all_v1 - INFO - Step 4000: NLL=0.5357, MSE=0.6371, grad=3.24, lr=9.89e-04
2026-01-13 07:18:00,474 - cadence_yeast_all_v1 - INFO - Step 4100: NLL=0.5134, MSE=0.5990, grad=1.67, lr=9.89e-04
2026-01-13 07:18:16,958 - cadence_yeast_all_v1 - INFO - Step 4200: NLL=0.4120, MSE=0.4554, grad=3.20, lr=9.89e-04
2026-01-13 07:18:33,670 - cadence_yeast_all_v1 - INFO - Step 4300: NLL=0.6280, MSE=0.7086, grad=3.07, lr=9.89e-04
2026-01-13 07:18:50,778 - cadence_yeast_all_v1 - INFO - Step 4400: NLL=0.3899, MSE=0.4392, grad=3.46, lr=9.89e-04
2026-01-13 07:19:07,855 - cadence_yeast_all_v1 - INFO - Step 4500: NLL=0.4502, MSE=0.4928, grad=2.38, lr=9.89e-04
2026-01-13 07:19:25,334 - cadence_yeast_all_v1 - INFO - Step 4600: NLL=0.5076, MSE=0.5805, grad=2.60, lr=9.89e-04
2026-01-13 07:20:08,601 - cadence_yeast_all_v1 - INFO - ================================================================================
2026-01-13 07:20:08,602 - cadence_yeast_all_v1 - INFO - EPOCH 5 SUMMARY 
2026-01-13 07:20:08,602 - cadence_yeast_all_v1 - INFO - ================================================================================
2026-01-13 07:20:08,602 - cadence_yeast_all_v1 - INFO - [TRAIN] NLL: 0.5436 | MSE: 0.5436 | r: 0.7321 | rho: 0.7052 | R2: 0.4554 | RMSE: 1.7460
2026-01-13 07:20:08,602 - cadence_yeast_all_v1 - INFO - [VAL]   NLL: 0.7951 | MSE: 0.7951 | r: 0.5933 | rho: 0.6220 | R2: 0.2266 | RMSE: 2.1116
2026-01-13 07:20:08,602 - cadence_yeast_all_v1 - INFO - --------------------------------------------------------------------------------
2026-01-13 07:20:08,602 - cadence_yeast_all_v1 - INFO -   [VAL] dream_yeast:
2026-01-13 07:20:08,603 - cadence_yeast_all_v1 - INFO -     expression: r=0.5933 | rho=0.6220 | R2=0.2266 | RMSE=2.1116 | MAE=1.5991
2026-01-13 07:20:08,603 - cadence_yeast_all_v1 - INFO - ================================================================================
2026-01-13 07:20:09,145 - cadence_yeast_all_v1 - INFO - Epoch 5 completed in 162.6s
2026-01-13 07:20:11,411 - cadence_yeast_all_v1 - INFO - Step 4700: NLL=0.3907, MSE=0.5009, grad=2.21, lr=9.84e-04
2026-01-13 07:20:27,673 - cadence_yeast_all_v1 - INFO - Step 4800: NLL=0.3733, MSE=0.5040, grad=2.06, lr=9.84e-04
2026-01-13 07:20:44,585 - cadence_yeast_all_v1 - INFO - Step 4900: NLL=0.4797, MSE=0.5180, grad=2.27, lr=9.84e-04
2026-01-13 07:21:01,558 - cadence_yeast_all_v1 - INFO - Step 5000: NLL=0.4581, MSE=0.5475, grad=2.76, lr=9.84e-04
2026-01-13 07:21:17,613 - cadence_yeast_all_v1 - INFO - Step 5100: NLL=0.5439, MSE=0.5297, grad=2.40, lr=9.84e-04
2026-01-13 07:21:34,918 - cadence_yeast_all_v1 - INFO - Step 5200: NLL=0.4047, MSE=0.4674, grad=3.09, lr=9.84e-04
2026-01-13 07:21:49,997 - cadence_yeast_all_v1 - INFO - Step 5300: NLL=0.3951, MSE=0.4912, grad=1.81, lr=9.84e-04
2026-01-13 07:22:06,561 - cadence_yeast_all_v1 - INFO - Step 5400: NLL=0.4760, MSE=0.5539, grad=3.89, lr=9.84e-04
2026-01-13 07:22:48,698 - cadence_yeast_all_v1 - INFO - ================================================================================
2026-01-13 07:22:48,699 - cadence_yeast_all_v1 - INFO - EPOCH 6 SUMMARY (BEST)
2026-01-13 07:22:48,699 - cadence_yeast_all_v1 - INFO - ================================================================================
2026-01-13 07:22:48,699 - cadence_yeast_all_v1 - INFO - [TRAIN] NLL: 0.6523 | MSE: 0.6523 | r: 0.7359 | rho: 0.7161 | R2: 0.3465 | RMSE: 1.9126
2026-01-13 07:22:48,699 - cadence_yeast_all_v1 - INFO - [VAL]   NLL: 0.9599 | MSE: 0.9599 | r: 0.6137 | rho: 0.6337 | R2: 0.0663 | RMSE: 2.3202
2026-01-13 07:22:48,699 - cadence_yeast_all_v1 - INFO - --------------------------------------------------------------------------------
2026-01-13 07:22:48,700 - cadence_yeast_all_v1 - INFO -   [VAL] dream_yeast:
2026-01-13 07:22:48,700 - cadence_yeast_all_v1 - INFO -     expression: r=0.6137 | rho=0.6337 | R2=0.0663 | RMSE=2.3202 | MAE=1.7778
2026-01-13 07:22:48,700 - cadence_yeast_all_v1 - INFO - ================================================================================
2026-01-13 07:22:50,096 - cadence_yeast_all_v1 - INFO - Epoch 6 completed in 160.9s
2026-01-13 07:22:55,621 - cadence_yeast_all_v1 - INFO - Step 5500: NLL=0.3932, MSE=0.4686, grad=2.47, lr=9.79e-04
2026-01-13 07:23:11,424 - cadence_yeast_all_v1 - INFO - Step 5600: NLL=0.5531, MSE=0.6426, grad=4.70, lr=9.79e-04
2026-01-13 07:23:27,870 - cadence_yeast_all_v1 - INFO - Step 5700: NLL=0.4075, MSE=0.4630, grad=1.85, lr=9.79e-04
2026-01-13 07:23:47,052 - cadence_yeast_all_v1 - INFO - Step 5800: NLL=0.3853, MSE=0.4317, grad=2.20, lr=9.79e-04
2026-01-13 07:24:04,414 - cadence_yeast_all_v1 - INFO - Step 5900: NLL=0.2737, MSE=0.3661, grad=1.87, lr=9.79e-04
2026-01-13 07:24:21,770 - cadence_yeast_all_v1 - INFO - Step 6000: NLL=0.4498, MSE=0.4926, grad=1.41, lr=9.79e-04
2026-01-13 07:24:37,615 - cadence_yeast_all_v1 - INFO - Step 6100: NLL=0.4046, MSE=0.4813, grad=2.62, lr=9.79e-04
2026-01-13 07:24:54,447 - cadence_yeast_all_v1 - INFO - Step 6200: NLL=0.5685, MSE=0.5996, grad=3.68, lr=9.79e-04
2026-01-13 07:25:34,769 - cadence_yeast_all_v1 - INFO - ================================================================================
2026-01-13 07:25:34,769 - cadence_yeast_all_v1 - INFO - EPOCH 7 SUMMARY (BEST)
2026-01-13 07:25:34,769 - cadence_yeast_all_v1 - INFO - ================================================================================
2026-01-13 07:25:34,769 - cadence_yeast_all_v1 - INFO - [TRAIN] NLL: 0.5532 | MSE: 0.5532 | r: 0.7652 | rho: 0.7353 | R2: 0.4458 | RMSE: 1.7613
2026-01-13 07:25:34,769 - cadence_yeast_all_v1 - INFO - [VAL]   NLL: 0.8391 | MSE: 0.8391 | r: 0.6143 | rho: 0.6439 | R2: 0.1838 | RMSE: 2.1693
2026-01-13 07:25:34,769 - cadence_yeast_all_v1 - INFO - --------------------------------------------------------------------------------
2026-01-13 07:25:34,770 - cadence_yeast_all_v1 - INFO -   [VAL] dream_yeast:
2026-01-13 07:25:34,770 - cadence_yeast_all_v1 - INFO -     expression: r=0.6143 | rho=0.6439 | R2=0.1838 | RMSE=2.1693 | MAE=1.6537
2026-01-13 07:25:34,770 - cadence_yeast_all_v1 - INFO - ================================================================================
2026-01-13 07:25:35,908 - cadence_yeast_all_v1 - INFO - Epoch 7 completed in 165.8s
2026-01-13 07:25:43,590 - cadence_yeast_all_v1 - INFO - Step 6300: NLL=0.3707, MSE=0.4050, grad=2.82, lr=9.72e-04
2026-01-13 07:26:00,784 - cadence_yeast_all_v1 - INFO - Step 6400: NLL=0.3796, MSE=0.4633, grad=1.44, lr=9.72e-04
2026-01-13 07:26:17,807 - cadence_yeast_all_v1 - INFO - Step 6500: NLL=0.3349, MSE=0.3701, grad=2.39, lr=9.72e-04
2026-01-13 07:26:34,870 - cadence_yeast_all_v1 - INFO - Step 6600: NLL=0.3521, MSE=0.3436, grad=3.69, lr=9.72e-04
2026-01-13 07:26:52,190 - cadence_yeast_all_v1 - INFO - Step 6700: NLL=0.4817, MSE=0.5284, grad=3.07, lr=9.72e-04
2026-01-13 07:27:10,100 - cadence_yeast_all_v1 - INFO - Step 6800: NLL=0.4141, MSE=0.5011, grad=2.73, lr=9.72e-04
2026-01-13 07:27:28,832 - cadence_yeast_all_v1 - INFO - Step 6900: NLL=0.3335, MSE=0.4139, grad=1.55, lr=9.72e-04
2026-01-13 07:27:46,051 - cadence_yeast_all_v1 - INFO - Step 7000: NLL=0.3856, MSE=0.4837, grad=1.99, lr=9.72e-04
2026-01-13 07:28:15,680 - cadence_yeast_all_v1 - INFO - ================================================================================
2026-01-13 07:28:15,680 - cadence_yeast_all_v1 - INFO - EPOCH 8 SUMMARY (BEST)
2026-01-13 07:28:15,680 - cadence_yeast_all_v1 - INFO - ================================================================================
2026-01-13 07:28:15,680 - cadence_yeast_all_v1 - INFO - [TRAIN] NLL: 0.4613 | MSE: 0.4613 | r: 0.7822 | rho: 0.7483 | R2: 0.5378 | RMSE: 1.6084
2026-01-13 07:28:15,680 - cadence_yeast_all_v1 - INFO - [VAL]   NLL: 0.7628 | MSE: 0.7628 | r: 0.6162 | rho: 0.6383 | R2: 0.2580 | RMSE: 2.0683
2026-01-13 07:28:15,680 - cadence_yeast_all_v1 - INFO - --------------------------------------------------------------------------------
2026-01-13 07:28:15,681 - cadence_yeast_all_v1 - INFO -   [VAL] dream_yeast:
2026-01-13 07:28:15,681 - cadence_yeast_all_v1 - INFO -     expression: r=0.6162 | rho=0.6383 | R2=0.2580 | RMSE=2.0683 | MAE=1.5717
2026-01-13 07:28:15,681 - cadence_yeast_all_v1 - INFO - ================================================================================
2026-01-13 07:28:16,534 - cadence_yeast_all_v1 - INFO - Epoch 8 completed in 160.6s
2026-01-13 07:28:25,141 - cadence_yeast_all_v1 - INFO - Step 7100: NLL=0.3002, MSE=0.3828, grad=1.38, lr=9.65e-04
2026-01-13 07:28:40,842 - cadence_yeast_all_v1 - INFO - Step 7200: NLL=0.3420, MSE=0.4328, grad=2.33, lr=9.65e-04
2026-01-13 07:28:59,060 - cadence_yeast_all_v1 - INFO - Step 7300: NLL=0.3622, MSE=0.4722, grad=1.46, lr=9.65e-04
2026-01-13 07:29:19,548 - cadence_yeast_all_v1 - INFO - Step 7400: NLL=0.3037, MSE=0.4298, grad=1.38, lr=9.65e-04
2026-01-13 07:29:36,337 - cadence_yeast_all_v1 - INFO - Step 7500: NLL=0.3426, MSE=0.4365, grad=1.79, lr=9.65e-04
2026-01-13 07:29:54,374 - cadence_yeast_all_v1 - INFO - Step 7600: NLL=0.2896, MSE=0.3851, grad=1.15, lr=9.65e-04
2026-01-13 07:30:11,421 - cadence_yeast_all_v1 - INFO - Step 7700: NLL=0.2514, MSE=0.3196, grad=2.06, lr=9.65e-04
2026-01-13 07:30:30,560 - cadence_yeast_all_v1 - INFO - Step 7800: NLL=0.4451, MSE=0.5419, grad=2.23, lr=9.65e-04
2026-01-13 07:31:04,133 - cadence_yeast_all_v1 - INFO - ================================================================================
2026-01-13 07:31:04,134 - cadence_yeast_all_v1 - INFO - EPOCH 9 SUMMARY 
2026-01-13 07:31:04,134 - cadence_yeast_all_v1 - INFO - ================================================================================
2026-01-13 07:31:04,134 - cadence_yeast_all_v1 - INFO - [TRAIN] NLL: 0.4540 | MSE: 0.4540 | r: 0.7850 | rho: 0.7542 | R2: 0.5452 | RMSE: 1.5956
2026-01-13 07:31:04,134 - cadence_yeast_all_v1 - INFO - [VAL]   NLL: 0.8551 | MSE: 0.8551 | r: 0.5908 | rho: 0.6112 | R2: 0.1682 | RMSE: 2.1898
2026-01-13 07:31:04,134 - cadence_yeast_all_v1 - INFO - --------------------------------------------------------------------------------
2026-01-13 07:31:04,134 - cadence_yeast_all_v1 - INFO -   [VAL] dream_yeast:
2026-01-13 07:31:04,134 - cadence_yeast_all_v1 - INFO -     expression: r=0.5908 | rho=0.6112 | R2=0.1682 | RMSE=2.1898 | MAE=1.6762
2026-01-13 07:31:04,134 - cadence_yeast_all_v1 - INFO - ================================================================================
2026-01-13 07:31:04,751 - cadence_yeast_all_v1 - INFO - Epoch 9 completed in 168.2s
2026-01-13 07:31:20,552 - cadence_yeast_all_v1 - INFO - Step 7900: NLL=0.2648, MSE=0.3257, grad=1.15, lr=9.57e-04
2026-01-13 07:31:38,104 - cadence_yeast_all_v1 - INFO - Step 8000: NLL=0.4070, MSE=0.5248, grad=2.07, lr=9.57e-04
2026-01-13 07:31:54,591 - cadence_yeast_all_v1 - INFO - Step 8100: NLL=0.3425, MSE=0.3913, grad=3.70, lr=9.57e-04
2026-01-13 07:32:12,040 - cadence_yeast_all_v1 - INFO - Step 8200: NLL=0.4371, MSE=0.3916, grad=3.05, lr=9.57e-04
2026-01-13 07:32:29,372 - cadence_yeast_all_v1 - INFO - Step 8300: NLL=0.4115, MSE=0.4719, grad=1.48, lr=9.57e-04
2026-01-13 07:32:47,426 - cadence_yeast_all_v1 - INFO - Step 8400: NLL=0.3432, MSE=0.3974, grad=1.25, lr=9.57e-04
2026-01-13 07:33:05,706 - cadence_yeast_all_v1 - INFO - Step 8500: NLL=0.3289, MSE=0.3623, grad=2.49, lr=9.57e-04
2026-01-13 07:33:25,005 - cadence_yeast_all_v1 - INFO - Step 8600: NLL=0.3369, MSE=0.3815, grad=1.60, lr=9.57e-04
2026-01-13 07:33:57,778 - cadence_yeast_all_v1 - INFO - ================================================================================
2026-01-13 07:33:57,778 - cadence_yeast_all_v1 - INFO - EPOCH 10 SUMMARY 
2026-01-13 07:33:57,778 - cadence_yeast_all_v1 - INFO - ================================================================================
2026-01-13 07:33:57,778 - cadence_yeast_all_v1 - INFO - [TRAIN] NLL: 0.4178 | MSE: 0.4178 | r: 0.7985 | rho: 0.7649 | R2: 0.5814 | RMSE: 1.5307
2026-01-13 07:33:57,778 - cadence_yeast_all_v1 - INFO - [VAL]   NLL: 0.7934 | MSE: 0.7934 | r: 0.6020 | rho: 0.6197 | R2: 0.2282 | RMSE: 2.1094
2026-01-13 07:33:57,778 - cadence_yeast_all_v1 - INFO - --------------------------------------------------------------------------------
2026-01-13 07:33:57,779 - cadence_yeast_all_v1 - INFO -   [VAL] dream_yeast:
2026-01-13 07:33:57,779 - cadence_yeast_all_v1 - INFO -     expression: r=0.6020 | rho=0.6197 | R2=0.2282 | RMSE=2.1094 | MAE=1.5979
2026-01-13 07:33:57,779 - cadence_yeast_all_v1 - INFO - ================================================================================
2026-01-13 07:33:58,384 - cadence_yeast_all_v1 - INFO - Epoch 10 completed in 173.6s
2026-01-13 07:34:17,824 - cadence_yeast_all_v1 - INFO - Step 8700: NLL=0.2536, MSE=0.3270, grad=1.01, lr=9.48e-04
2026-01-13 07:34:36,235 - cadence_yeast_all_v1 - INFO - Step 8800: NLL=0.2483, MSE=0.3546, grad=1.23, lr=9.48e-04
2026-01-13 07:34:54,139 - cadence_yeast_all_v1 - INFO - Step 8900: NLL=0.2575, MSE=0.2772, grad=1.55, lr=9.48e-04
2026-01-13 07:35:10,551 - cadence_yeast_all_v1 - INFO - Step 9000: NLL=0.2634, MSE=0.3597, grad=1.78, lr=9.48e-04
2026-01-13 07:35:29,887 - cadence_yeast_all_v1 - INFO - Step 9100: NLL=0.3725, MSE=0.4925, grad=2.23, lr=9.48e-04
2026-01-13 07:35:46,922 - cadence_yeast_all_v1 - INFO - Step 9200: NLL=0.2935, MSE=0.3733, grad=1.23, lr=9.48e-04
2026-01-13 07:36:05,961 - cadence_yeast_all_v1 - INFO - Step 9300: NLL=0.3237, MSE=0.4193, grad=2.80, lr=9.48e-04
2026-01-13 07:36:46,717 - cadence_yeast_all_v1 - INFO - ================================================================================
2026-01-13 07:36:46,717 - cadence_yeast_all_v1 - INFO - EPOCH 11 SUMMARY 
2026-01-13 07:36:46,717 - cadence_yeast_all_v1 - INFO - ================================================================================
2026-01-13 07:36:46,718 - cadence_yeast_all_v1 - INFO - [TRAIN] NLL: 0.3748 | MSE: 0.3748 | r: 0.8211 | rho: 0.7873 | R2: 0.6245 | RMSE: 1.4498
2026-01-13 07:36:46,718 - cadence_yeast_all_v1 - INFO - [VAL]   NLL: 0.7801 | MSE: 0.7801 | r: 0.6069 | rho: 0.6261 | R2: 0.2411 | RMSE: 2.0917
2026-01-13 07:36:46,718 - cadence_yeast_all_v1 - INFO - --------------------------------------------------------------------------------
2026-01-13 07:36:46,718 - cadence_yeast_all_v1 - INFO -   [VAL] dream_yeast:
2026-01-13 07:36:46,718 - cadence_yeast_all_v1 - INFO -     expression: r=0.6069 | rho=0.6261 | R2=0.2411 | RMSE=2.0917 | MAE=1.5975
2026-01-13 07:36:46,718 - cadence_yeast_all_v1 - INFO - ================================================================================
2026-01-13 07:36:47,333 - cadence_yeast_all_v1 - INFO - Epoch 11 completed in 168.9s
2026-01-13 07:36:50,374 - cadence_yeast_all_v1 - INFO - Step 9400: NLL=0.2379, MSE=0.2750, grad=1.14, lr=9.38e-04
2026-01-13 07:37:06,002 - cadence_yeast_all_v1 - INFO - Step 9500: NLL=0.2736, MSE=0.3651, grad=1.38, lr=9.38e-04
2026-01-13 07:37:23,434 - cadence_yeast_all_v1 - INFO - Step 9600: NLL=0.2389, MSE=0.3103, grad=1.42, lr=9.38e-04
2026-01-13 07:37:42,284 - cadence_yeast_all_v1 - INFO - Step 9700: NLL=0.1777, MSE=0.2456, grad=1.06, lr=9.38e-04
2026-01-13 07:37:59,678 - cadence_yeast_all_v1 - INFO - Step 9800: NLL=0.2375, MSE=0.3145, grad=1.64, lr=9.38e-04
2026-01-13 07:38:17,852 - cadence_yeast_all_v1 - INFO - Step 9900: NLL=0.2433, MSE=0.3354, grad=1.47, lr=9.38e-04
2026-01-13 07:38:34,526 - cadence_yeast_all_v1 - INFO - Step 10000: NLL=0.1863, MSE=0.2413, grad=1.27, lr=9.38e-04
2026-01-13 07:38:50,964 - cadence_yeast_all_v1 - INFO - Step 10100: NLL=0.2113, MSE=0.3189, grad=1.15, lr=9.38e-04
2026-01-13 07:39:31,238 - cadence_yeast_all_v1 - INFO - ================================================================================
2026-01-13 07:39:31,238 - cadence_yeast_all_v1 - INFO - EPOCH 12 SUMMARY 
2026-01-13 07:39:31,238 - cadence_yeast_all_v1 - INFO - ================================================================================
2026-01-13 07:39:31,238 - cadence_yeast_all_v1 - INFO - [TRAIN] NLL: 0.3495 | MSE: 0.3495 | r: 0.8296 | rho: 0.7966 | R2: 0.6498 | RMSE: 1.4000
2026-01-13 07:39:31,238 - cadence_yeast_all_v1 - INFO - [VAL]   NLL: 0.7782 | MSE: 0.7782 | r: 0.6026 | rho: 0.6221 | R2: 0.2431 | RMSE: 2.0890
2026-01-13 07:39:31,238 - cadence_yeast_all_v1 - INFO - --------------------------------------------------------------------------------
2026-01-13 07:39:31,238 - cadence_yeast_all_v1 - INFO -   [VAL] dream_yeast:
2026-01-13 07:39:31,238 - cadence_yeast_all_v1 - INFO -     expression: r=0.6026 | rho=0.6221 | R2=0.2431 | RMSE=2.0890 | MAE=1.5850
2026-01-13 07:39:31,238 - cadence_yeast_all_v1 - INFO - ================================================================================
2026-01-13 07:39:31,880 - cadence_yeast_all_v1 - INFO - Epoch 12 completed in 164.5s
2026-01-13 07:39:39,391 - cadence_yeast_all_v1 - INFO - Step 10200: NLL=0.2311, MSE=0.3016, grad=1.05, lr=9.28e-04
2026-01-13 07:39:57,618 - cadence_yeast_all_v1 - INFO - Step 10300: NLL=0.3226, MSE=0.4092, grad=1.26, lr=9.28e-04
2026-01-13 07:40:13,973 - cadence_yeast_all_v1 - INFO - Step 10400: NLL=0.5399, MSE=0.4442, grad=14.03, lr=9.28e-04
2026-01-13 07:40:27,740 - cadence_yeast_all_v1 - INFO - Step 10500: NLL=0.2274, MSE=0.3315, grad=0.92, lr=9.28e-04
2026-01-13 07:40:40,954 - cadence_yeast_all_v1 - INFO - Step 10600: NLL=0.1926, MSE=0.2522, grad=1.09, lr=9.28e-04
2026-01-13 07:40:56,082 - cadence_yeast_all_v1 - INFO - Step 10700: NLL=0.3121, MSE=0.3813, grad=1.31, lr=9.28e-04
2026-01-13 07:41:10,459 - cadence_yeast_all_v1 - INFO - Step 10800: NLL=0.1883, MSE=0.2481, grad=2.32, lr=9.28e-04
2026-01-13 07:41:27,587 - cadence_yeast_all_v1 - INFO - Step 10900: NLL=0.2052, MSE=0.2829, grad=0.95, lr=9.28e-04
2026-01-13 07:42:08,107 - cadence_yeast_all_v1 - INFO - ================================================================================
2026-01-13 07:42:08,107 - cadence_yeast_all_v1 - INFO - EPOCH 13 SUMMARY 
2026-01-13 07:42:08,107 - cadence_yeast_all_v1 - INFO - ================================================================================
2026-01-13 07:42:08,108 - cadence_yeast_all_v1 - INFO - [TRAIN] NLL: 0.3008 | MSE: 0.3008 | r: 0.8444 | rho: 0.8097 | R2: 0.6986 | RMSE: 1.2988
2026-01-13 07:42:08,108 - cadence_yeast_all_v1 - INFO - [VAL]   NLL: 0.7225 | MSE: 0.7225 | r: 0.6027 | rho: 0.6253 | R2: 0.2972 | RMSE: 2.0130
2026-01-13 07:42:08,108 - cadence_yeast_all_v1 - INFO - --------------------------------------------------------------------------------
2026-01-13 07:42:08,108 - cadence_yeast_all_v1 - INFO -   [VAL] dream_yeast:
2026-01-13 07:42:08,108 - cadence_yeast_all_v1 - INFO -     expression: r=0.6027 | rho=0.6253 | R2=0.2972 | RMSE=2.0130 | MAE=1.5261
2026-01-13 07:42:08,108 - cadence_yeast_all_v1 - INFO - ================================================================================
2026-01-13 07:42:08,512 - cadence_yeast_all_v1 - INFO - Epoch 13 completed in 156.6s
2026-01-13 07:42:16,629 - cadence_yeast_all_v1 - INFO - Step 11000: NLL=0.1918, MSE=0.2840, grad=1.33, lr=9.17e-04
2026-01-13 07:42:30,757 - cadence_yeast_all_v1 - INFO - Step 11100: NLL=0.2079, MSE=0.2795, grad=1.27, lr=9.17e-04
2026-01-13 07:42:46,740 - cadence_yeast_all_v1 - INFO - Step 11200: NLL=0.2526, MSE=0.3172, grad=1.46, lr=9.17e-04
2026-01-13 07:43:03,167 - cadence_yeast_all_v1 - INFO - Step 11300: NLL=0.2241, MSE=0.2853, grad=1.62, lr=9.17e-04
2026-01-13 07:43:17,375 - cadence_yeast_all_v1 - INFO - Step 11400: NLL=0.2182, MSE=0.2808, grad=1.59, lr=9.17e-04
2026-01-13 07:43:32,631 - cadence_yeast_all_v1 - INFO - Step 11500: NLL=0.2971, MSE=0.4016, grad=2.42, lr=9.17e-04
2026-01-13 07:43:48,552 - cadence_yeast_all_v1 - INFO - Step 11600: NLL=0.2817, MSE=0.3720, grad=1.28, lr=9.17e-04
2026-01-13 07:44:00,301 - cadence_yeast_all_v1 - INFO - Step 11700: NLL=0.2483, MSE=0.3614, grad=0.89, lr=9.17e-04
2026-01-13 07:44:32,464 - cadence_yeast_all_v1 - INFO - ================================================================================
2026-01-13 07:44:32,464 - cadence_yeast_all_v1 - INFO - EPOCH 14 SUMMARY 
2026-01-13 07:44:32,465 - cadence_yeast_all_v1 - INFO - ================================================================================
2026-01-13 07:44:32,465 - cadence_yeast_all_v1 - INFO - [TRAIN] NLL: 0.2871 | MSE: 0.2871 | r: 0.8534 | rho: 0.8230 | R2: 0.7124 | RMSE: 1.2688
2026-01-13 07:44:32,465 - cadence_yeast_all_v1 - INFO - [VAL]   NLL: 0.7330 | MSE: 0.7330 | r: 0.5997 | rho: 0.6224 | R2: 0.2870 | RMSE: 2.0275
2026-01-13 07:44:32,475 - cadence_yeast_all_v1 - INFO - --------------------------------------------------------------------------------
2026-01-13 07:44:32,475 - cadence_yeast_all_v1 - INFO -   [VAL] dream_yeast:
2026-01-13 07:44:32,475 - cadence_yeast_all_v1 - INFO -     expression: r=0.5997 | rho=0.6224 | R2=0.2870 | RMSE=2.0275 | MAE=1.5529
2026-01-13 07:44:32,475 - cadence_yeast_all_v1 - INFO - ================================================================================
2026-01-13 07:44:33,147 - cadence_yeast_all_v1 - INFO - Epoch 14 completed in 144.6s
2026-01-13 07:44:44,472 - cadence_yeast_all_v1 - INFO - Step 11800: NLL=0.2218, MSE=0.2961, grad=1.32, lr=9.05e-04
2026-01-13 07:44:59,346 - cadence_yeast_all_v1 - INFO - Step 11900: NLL=0.1963, MSE=0.2859, grad=1.31, lr=9.05e-04
2026-01-13 07:45:16,813 - cadence_yeast_all_v1 - INFO - Step 12000: NLL=0.2002, MSE=0.2532, grad=1.25, lr=9.05e-04
2026-01-13 07:45:31,828 - cadence_yeast_all_v1 - INFO - Step 12100: NLL=0.2146, MSE=0.2556, grad=1.35, lr=9.05e-04
2026-01-13 07:45:47,994 - cadence_yeast_all_v1 - INFO - Step 12200: NLL=0.2607, MSE=0.3294, grad=1.20, lr=9.05e-04
2026-01-13 07:46:04,397 - cadence_yeast_all_v1 - INFO - Step 12300: NLL=0.1720, MSE=0.2521, grad=0.84, lr=9.05e-04
2026-01-13 07:46:20,509 - cadence_yeast_all_v1 - INFO - Step 12400: NLL=0.2105, MSE=0.2880, grad=0.90, lr=9.05e-04
2026-01-13 07:46:36,659 - cadence_yeast_all_v1 - INFO - Step 12500: NLL=0.2119, MSE=0.2338, grad=1.37, lr=9.05e-04
2026-01-13 07:47:05,555 - cadence_yeast_all_v1 - INFO - ================================================================================
2026-01-13 07:47:05,556 - cadence_yeast_all_v1 - INFO - EPOCH 15 SUMMARY 
2026-01-13 07:47:05,556 - cadence_yeast_all_v1 - INFO - ================================================================================
2026-01-13 07:47:05,556 - cadence_yeast_all_v1 - INFO - [TRAIN] NLL: 0.2861 | MSE: 0.2861 | r: 0.8600 | rho: 0.8328 | R2: 0.7133 | RMSE: 1.2667
2026-01-13 07:47:05,556 - cadence_yeast_all_v1 - INFO - [VAL]   NLL: 0.7483 | MSE: 0.7483 | r: 0.6029 | rho: 0.6239 | R2: 0.2721 | RMSE: 2.0486
2026-01-13 07:47:05,556 - cadence_yeast_all_v1 - INFO - --------------------------------------------------------------------------------
2026-01-13 07:47:05,556 - cadence_yeast_all_v1 - INFO -   [VAL] dream_yeast:
2026-01-13 07:47:05,557 - cadence_yeast_all_v1 - INFO -     expression: r=0.6029 | rho=0.6239 | R2=0.2721 | RMSE=2.0486 | MAE=1.5643
2026-01-13 07:47:05,557 - cadence_yeast_all_v1 - INFO - ================================================================================
2026-01-13 07:47:06,063 - cadence_yeast_all_v1 - INFO - Epoch 15 completed in 152.9s
2026-01-13 07:47:19,317 - cadence_yeast_all_v1 - INFO - Step 12600: NLL=0.1733, MSE=0.2370, grad=0.78, lr=8.92e-04
2026-01-13 07:47:34,449 - cadence_yeast_all_v1 - INFO - Step 12700: NLL=0.3057, MSE=0.3541, grad=3.52, lr=8.92e-04
2026-01-13 07:47:50,800 - cadence_yeast_all_v1 - INFO - Step 12800: NLL=0.1992, MSE=0.2669, grad=3.29, lr=8.92e-04
2026-01-13 07:48:08,272 - cadence_yeast_all_v1 - INFO - Step 12900: NLL=0.1403, MSE=0.1759, grad=0.75, lr=8.92e-04
2026-01-13 07:48:22,862 - cadence_yeast_all_v1 - INFO - Step 13000: NLL=0.2706, MSE=0.3883, grad=2.64, lr=8.92e-04
2026-01-13 07:48:34,972 - cadence_yeast_all_v1 - INFO - Step 13100: NLL=0.2001, MSE=0.2695, grad=1.46, lr=8.92e-04
2026-01-13 07:48:50,198 - cadence_yeast_all_v1 - INFO - Step 13200: NLL=0.2345, MSE=0.3097, grad=1.27, lr=8.92e-04
2026-01-13 07:49:30,459 - cadence_yeast_all_v1 - INFO - ================================================================================
2026-01-13 07:49:30,459 - cadence_yeast_all_v1 - INFO - EPOCH 16 SUMMARY 
2026-01-13 07:49:30,459 - cadence_yeast_all_v1 - INFO - ================================================================================
2026-01-13 07:49:30,459 - cadence_yeast_all_v1 - INFO - [TRAIN] NLL: 0.2781 | MSE: 0.2781 | r: 0.8670 | rho: 0.8392 | R2: 0.7214 | RMSE: 1.2489
2026-01-13 07:49:30,459 - cadence_yeast_all_v1 - INFO - [VAL]   NLL: 0.7877 | MSE: 0.7877 | r: 0.5950 | rho: 0.6254 | R2: 0.2338 | RMSE: 2.1018
2026-01-13 07:49:30,459 - cadence_yeast_all_v1 - INFO - --------------------------------------------------------------------------------
2026-01-13 07:49:30,459 - cadence_yeast_all_v1 - INFO -   [VAL] dream_yeast:
2026-01-13 07:49:30,460 - cadence_yeast_all_v1 - INFO -     expression: r=0.5950 | rho=0.6254 | R2=0.2338 | RMSE=2.1018 | MAE=1.6025
2026-01-13 07:49:30,460 - cadence_yeast_all_v1 - INFO - ================================================================================
2026-01-13 07:49:31,053 - cadence_yeast_all_v1 - INFO - Epoch 16 completed in 145.0s
2026-01-13 07:49:32,910 - cadence_yeast_all_v1 - INFO - Step 13300: NLL=0.2051, MSE=0.2835, grad=1.31, lr=8.79e-04
2026-01-13 07:49:47,469 - cadence_yeast_all_v1 - INFO - Step 13400: NLL=0.1867, MSE=0.2747, grad=0.89, lr=8.79e-04
2026-01-13 07:50:01,613 - cadence_yeast_all_v1 - INFO - Step 13500: NLL=0.2083, MSE=0.2890, grad=1.17, lr=8.79e-04
2026-01-13 07:50:16,024 - cadence_yeast_all_v1 - INFO - Step 13600: NLL=0.2298, MSE=0.2858, grad=2.02, lr=8.79e-04
2026-01-13 07:50:32,381 - cadence_yeast_all_v1 - INFO - Step 13700: NLL=0.1871, MSE=0.2433, grad=3.12, lr=8.79e-04
2026-01-13 07:50:48,398 - cadence_yeast_all_v1 - INFO - Step 13800: NLL=0.2141, MSE=0.3017, grad=0.92, lr=8.79e-04
2026-01-13 07:51:04,100 - cadence_yeast_all_v1 - INFO - Step 13900: NLL=0.1615, MSE=0.2242, grad=0.81, lr=8.79e-04
2026-01-13 07:51:19,697 - cadence_yeast_all_v1 - INFO - Step 14000: NLL=0.1561, MSE=0.1974, grad=0.95, lr=8.79e-04
2026-01-13 07:52:00,820 - cadence_yeast_all_v1 - INFO - ================================================================================
2026-01-13 07:52:00,821 - cadence_yeast_all_v1 - INFO - EPOCH 17 SUMMARY (BEST)
2026-01-13 07:52:00,821 - cadence_yeast_all_v1 - INFO - ================================================================================
2026-01-13 07:52:00,821 - cadence_yeast_all_v1 - INFO - [TRAIN] NLL: 0.2667 | MSE: 0.2667 | r: 0.8762 | rho: 0.8492 | R2: 0.7328 | RMSE: 1.2231
2026-01-13 07:52:00,821 - cadence_yeast_all_v1 - INFO - [VAL]   NLL: 0.7587 | MSE: 0.7587 | r: 0.6191 | rho: 0.6360 | R2: 0.2620 | RMSE: 2.0627
2026-01-13 07:52:00,821 - cadence_yeast_all_v1 - INFO - --------------------------------------------------------------------------------
2026-01-13 07:52:00,821 - cadence_yeast_all_v1 - INFO -   [VAL] dream_yeast:
2026-01-13 07:52:00,821 - cadence_yeast_all_v1 - INFO -     expression: r=0.6191 | rho=0.6360 | R2=0.2620 | RMSE=2.0627 | MAE=1.5747
2026-01-13 07:52:00,821 - cadence_yeast_all_v1 - INFO - ================================================================================
2026-01-13 07:52:01,921 - cadence_yeast_all_v1 - INFO - Epoch 17 completed in 150.9s
2026-01-13 07:52:05,959 - cadence_yeast_all_v1 - INFO - Step 14100: NLL=0.1496, MSE=0.1824, grad=1.13, lr=8.65e-04
2026-01-13 07:52:21,455 - cadence_yeast_all_v1 - INFO - Step 14200: NLL=0.2072, MSE=0.3110, grad=1.04, lr=8.65e-04
2026-01-13 07:52:37,005 - cadence_yeast_all_v1 - INFO - Step 14300: NLL=0.1250, MSE=0.1636, grad=1.04, lr=8.65e-04
2026-01-13 07:52:53,751 - cadence_yeast_all_v1 - INFO - Step 14400: NLL=0.1487, MSE=0.1997, grad=1.15, lr=8.65e-04
2026-01-13 07:53:09,353 - cadence_yeast_all_v1 - INFO - Step 14500: NLL=0.1440, MSE=0.1920, grad=0.70, lr=8.65e-04
2026-01-13 07:53:24,765 - cadence_yeast_all_v1 - INFO - Step 14600: NLL=0.1717, MSE=0.2229, grad=0.93, lr=8.65e-04
2026-01-13 07:53:41,462 - cadence_yeast_all_v1 - INFO - Step 14700: NLL=0.1742, MSE=0.1823, grad=3.23, lr=8.65e-04
2026-01-13 07:53:57,261 - cadence_yeast_all_v1 - INFO - Step 14800: NLL=0.1186, MSE=0.1796, grad=0.59, lr=8.65e-04
2026-01-13 07:54:33,971 - cadence_yeast_all_v1 - INFO - ================================================================================
2026-01-13 07:54:33,977 - cadence_yeast_all_v1 - INFO - EPOCH 18 SUMMARY 
2026-01-13 07:54:33,977 - cadence_yeast_all_v1 - INFO - ================================================================================
2026-01-13 07:54:33,977 - cadence_yeast_all_v1 - INFO - [TRAIN] NLL: 0.2415 | MSE: 0.2415 | r: 0.8893 | rho: 0.8597 | R2: 0.7581 | RMSE: 1.1637
2026-01-13 07:54:33,977 - cadence_yeast_all_v1 - INFO - [VAL]   NLL: 0.7969 | MSE: 0.7969 | r: 0.5856 | rho: 0.6012 | R2: 0.2248 | RMSE: 2.1140
2026-01-13 07:54:33,977 - cadence_yeast_all_v1 - INFO - --------------------------------------------------------------------------------
2026-01-13 07:54:33,977 - cadence_yeast_all_v1 - INFO -   [VAL] dream_yeast:
2026-01-13 07:54:33,977 - cadence_yeast_all_v1 - INFO -     expression: r=0.5856 | rho=0.6012 | R2=0.2248 | RMSE=2.1140 | MAE=1.6205
2026-01-13 07:54:33,978 - cadence_yeast_all_v1 - INFO - ================================================================================
2026-01-13 07:54:34,483 - cadence_yeast_all_v1 - INFO - Epoch 18 completed in 152.6s
2026-01-13 07:54:41,457 - cadence_yeast_all_v1 - INFO - Step 14900: NLL=0.1954, MSE=0.2649, grad=1.35, lr=8.50e-04
2026-01-13 07:54:57,170 - cadence_yeast_all_v1 - INFO - Step 15000: NLL=0.1385, MSE=0.1708, grad=0.83, lr=8.50e-04
2026-01-13 07:55:12,423 - cadence_yeast_all_v1 - INFO - Step 15100: NLL=0.1838, MSE=0.2408, grad=1.95, lr=8.50e-04
2026-01-13 07:55:28,406 - cadence_yeast_all_v1 - INFO - Step 15200: NLL=0.1262, MSE=0.1605, grad=0.78, lr=8.50e-04
2026-01-13 07:55:44,530 - cadence_yeast_all_v1 - INFO - Step 15300: NLL=0.1403, MSE=0.1789, grad=0.87, lr=8.50e-04
2026-01-13 07:55:59,969 - cadence_yeast_all_v1 - INFO - Step 15400: NLL=0.1546, MSE=0.2035, grad=1.06, lr=8.50e-04
2026-01-13 07:56:16,211 - cadence_yeast_all_v1 - INFO - Step 15500: NLL=0.1435, MSE=0.2055, grad=0.67, lr=8.50e-04
2026-01-13 07:56:33,588 - cadence_yeast_all_v1 - INFO - Step 15600: NLL=0.1940, MSE=0.2342, grad=1.55, lr=8.50e-04
2026-01-13 07:57:11,045 - cadence_yeast_all_v1 - INFO - ================================================================================
2026-01-13 07:57:11,045 - cadence_yeast_all_v1 - INFO - EPOCH 19 SUMMARY 
2026-01-13 07:57:11,045 - cadence_yeast_all_v1 - INFO - ================================================================================
2026-01-13 07:57:11,046 - cadence_yeast_all_v1 - INFO - [TRAIN] NLL: 0.1964 | MSE: 0.1964 | r: 0.8982 | rho: 0.8677 | R2: 0.8032 | RMSE: 1.0495
2026-01-13 07:57:11,046 - cadence_yeast_all_v1 - INFO - [VAL]   NLL: 0.7241 | MSE: 0.7241 | r: 0.5924 | rho: 0.6077 | R2: 0.2956 | RMSE: 2.0152
2026-01-13 07:57:11,046 - cadence_yeast_all_v1 - INFO - --------------------------------------------------------------------------------
2026-01-13 07:57:11,046 - cadence_yeast_all_v1 - INFO -   [VAL] dream_yeast:
2026-01-13 07:57:11,046 - cadence_yeast_all_v1 - INFO -     expression: r=0.5924 | rho=0.6077 | R2=0.2956 | RMSE=2.0152 | MAE=1.5352
2026-01-13 07:57:11,046 - cadence_yeast_all_v1 - INFO - ================================================================================
2026-01-13 07:57:11,673 - cadence_yeast_all_v1 - INFO - Epoch 19 completed in 157.2s
2026-01-13 07:57:21,691 - cadence_yeast_all_v1 - INFO - Step 15700: NLL=0.1684, MSE=0.2047, grad=0.86, lr=8.35e-04
2026-01-13 07:57:37,129 - cadence_yeast_all_v1 - INFO - Step 15800: NLL=0.1615, MSE=0.2184, grad=1.02, lr=8.35e-04
2026-01-13 07:57:51,949 - cadence_yeast_all_v1 - INFO - Step 15900: NLL=0.1498, MSE=0.1957, grad=1.48, lr=8.35e-04
2026-01-13 07:58:07,525 - cadence_yeast_all_v1 - INFO - Step 16000: NLL=0.1385, MSE=0.1936, grad=0.82, lr=8.35e-04
2026-01-13 07:58:23,677 - cadence_yeast_all_v1 - INFO - Step 16100: NLL=0.1283, MSE=0.1730, grad=1.09, lr=8.35e-04
2026-01-13 07:58:40,001 - cadence_yeast_all_v1 - INFO - Step 16200: NLL=0.1469, MSE=0.2151, grad=1.37, lr=8.35e-04
2026-01-13 07:58:56,872 - cadence_yeast_all_v1 - INFO - Step 16300: NLL=0.1443, MSE=0.1795, grad=1.07, lr=8.35e-04
2026-01-13 07:59:12,639 - cadence_yeast_all_v1 - INFO - Step 16400: NLL=0.1715, MSE=0.2016, grad=0.88, lr=8.35e-04
2026-01-13 07:59:45,198 - cadence_yeast_all_v1 - INFO - ================================================================================
2026-01-13 07:59:45,198 - cadence_yeast_all_v1 - INFO - EPOCH 20 SUMMARY 
2026-01-13 07:59:45,198 - cadence_yeast_all_v1 - INFO - ================================================================================
2026-01-13 07:59:45,198 - cadence_yeast_all_v1 - INFO - [TRAIN] NLL: 0.1891 | MSE: 0.1891 | r: 0.9022 | rho: 0.8729 | R2: 0.8105 | RMSE: 1.0298
2026-01-13 07:59:45,199 - cadence_yeast_all_v1 - INFO - [VAL]   NLL: 0.7241 | MSE: 0.7241 | r: 0.5950 | rho: 0.6105 | R2: 0.2957 | RMSE: 2.0151
2026-01-13 07:59:45,199 - cadence_yeast_all_v1 - INFO - --------------------------------------------------------------------------------
2026-01-13 07:59:45,199 - cadence_yeast_all_v1 - INFO -   [VAL] dream_yeast:
2026-01-13 07:59:45,199 - cadence_yeast_all_v1 - INFO -     expression: r=0.5950 | rho=0.6105 | R2=0.2957 | RMSE=2.0151 | MAE=1.5360
2026-01-13 07:59:45,199 - cadence_yeast_all_v1 - INFO - ================================================================================
2026-01-13 07:59:45,656 - cadence_yeast_all_v1 - INFO - Epoch 20 completed in 154.0s
2026-01-13 07:59:58,464 - cadence_yeast_all_v1 - INFO - Step 16500: NLL=0.1116, MSE=0.1379, grad=0.78, lr=8.19e-04
2026-01-13 08:00:13,697 - cadence_yeast_all_v1 - INFO - Step 16600: NLL=0.1584, MSE=0.2035, grad=0.86, lr=8.19e-04
2026-01-13 08:00:27,874 - cadence_yeast_all_v1 - INFO - Step 16700: NLL=0.1448, MSE=0.1889, grad=1.39, lr=8.19e-04
2026-01-13 08:00:43,127 - cadence_yeast_all_v1 - INFO - Step 16800: NLL=0.0900, MSE=0.1222, grad=0.75, lr=8.19e-04
2026-01-13 08:00:59,463 - cadence_yeast_all_v1 - INFO - Step 16900: NLL=0.1804, MSE=0.2486, grad=1.24, lr=8.19e-04
2026-01-13 08:01:15,163 - cadence_yeast_all_v1 - INFO - Step 17000: NLL=0.1519, MSE=0.1772, grad=1.10, lr=8.19e-04
2026-01-13 08:01:29,965 - cadence_yeast_all_v1 - INFO - Step 17100: NLL=0.1722, MSE=0.2151, grad=1.06, lr=8.19e-04
2026-01-13 08:01:46,148 - cadence_yeast_all_v1 - INFO - Step 17200: NLL=0.1615, MSE=0.2076, grad=0.93, lr=8.19e-04
2026-01-13 08:02:15,590 - cadence_yeast_all_v1 - INFO - ================================================================================
2026-01-13 08:02:15,590 - cadence_yeast_all_v1 - INFO - EPOCH 21 SUMMARY 
2026-01-13 08:02:15,591 - cadence_yeast_all_v1 - INFO - ================================================================================
2026-01-13 08:02:15,591 - cadence_yeast_all_v1 - INFO - [TRAIN] NLL: 0.1722 | MSE: 0.1722 | r: 0.9125 | rho: 0.8862 | R2: 0.8275 | RMSE: 0.9826
2026-01-13 08:02:15,591 - cadence_yeast_all_v1 - INFO - [VAL]   NLL: 0.7283 | MSE: 0.7283 | r: 0.5989 | rho: 0.6147 | R2: 0.2916 | RMSE: 2.0209
2026-01-13 08:02:15,591 - cadence_yeast_all_v1 - INFO - --------------------------------------------------------------------------------
2026-01-13 08:02:15,596 - cadence_yeast_all_v1 - INFO -   [VAL] dream_yeast:
2026-01-13 08:02:15,597 - cadence_yeast_all_v1 - INFO -     expression: r=0.5989 | rho=0.6147 | R2=0.2916 | RMSE=2.0209 | MAE=1.5371
2026-01-13 08:02:15,597 - cadence_yeast_all_v1 - INFO - ================================================================================
2026-01-13 08:02:16,102 - cadence_yeast_all_v1 - INFO - Epoch 21 completed in 150.4s
2026-01-13 08:02:33,202 - cadence_yeast_all_v1 - INFO - Step 17300: NLL=0.0772, MSE=0.1055, grad=0.53, lr=8.02e-04
2026-01-13 08:02:49,669 - cadence_yeast_all_v1 - INFO - Step 17400: NLL=0.0891, MSE=0.1193, grad=0.71, lr=8.02e-04
2026-01-13 08:03:05,641 - cadence_yeast_all_v1 - INFO - Step 17500: NLL=0.1119, MSE=0.1545, grad=0.86, lr=8.02e-04
2026-01-13 08:03:21,278 - cadence_yeast_all_v1 - INFO - Step 17600: NLL=0.1803, MSE=0.2355, grad=1.48, lr=8.02e-04
2026-01-13 08:03:37,172 - cadence_yeast_all_v1 - INFO - Step 17700: NLL=0.0746, MSE=0.1077, grad=0.52, lr=8.02e-04
2026-01-13 08:03:53,321 - cadence_yeast_all_v1 - INFO - Step 17800: NLL=0.1014, MSE=0.1383, grad=0.89, lr=8.02e-04
2026-01-13 08:04:09,799 - cadence_yeast_all_v1 - INFO - Step 17900: NLL=0.0987, MSE=0.1254, grad=0.74, lr=8.02e-04
2026-01-13 08:04:54,696 - cadence_yeast_all_v1 - INFO - ================================================================================
2026-01-13 08:04:54,696 - cadence_yeast_all_v1 - INFO - EPOCH 22 SUMMARY 
2026-01-13 08:04:54,696 - cadence_yeast_all_v1 - INFO - ================================================================================
2026-01-13 08:04:54,696 - cadence_yeast_all_v1 - INFO - [TRAIN] NLL: 0.1595 | MSE: 0.1595 | r: 0.9201 | rho: 0.8953 | R2: 0.8402 | RMSE: 0.9458
2026-01-13 08:04:54,696 - cadence_yeast_all_v1 - INFO - [VAL]   NLL: 0.7516 | MSE: 0.7516 | r: 0.5905 | rho: 0.6071 | R2: 0.2689 | RMSE: 2.0530
2026-01-13 08:04:54,696 - cadence_yeast_all_v1 - INFO - --------------------------------------------------------------------------------
2026-01-13 08:04:54,697 - cadence_yeast_all_v1 - INFO -   [VAL] dream_yeast:
2026-01-13 08:04:54,697 - cadence_yeast_all_v1 - INFO -     expression: r=0.5905 | rho=0.6071 | R2=0.2689 | RMSE=2.0530 | MAE=1.5654
2026-01-13 08:04:54,697 - cadence_yeast_all_v1 - INFO - ================================================================================
2026-01-13 08:04:55,282 - cadence_yeast_all_v1 - INFO - Epoch 22 completed in 159.2s
2026-01-13 08:04:58,696 - cadence_yeast_all_v1 - INFO - Step 18000: NLL=0.1290, MSE=0.1743, grad=0.86, lr=7.86e-04
2026-01-13 08:05:15,546 - cadence_yeast_all_v1 - INFO - Step 18100: NLL=0.1154, MSE=0.1360, grad=1.61, lr=7.86e-04
2026-01-13 08:05:31,051 - cadence_yeast_all_v1 - INFO - Step 18200: NLL=0.1314, MSE=0.1692, grad=1.00, lr=7.86e-04
2026-01-13 08:05:46,388 - cadence_yeast_all_v1 - INFO - Step 18300: NLL=0.1393, MSE=0.1758, grad=0.81, lr=7.86e-04
2026-01-13 08:06:01,699 - cadence_yeast_all_v1 - INFO - Step 18400: NLL=0.0969, MSE=0.1306, grad=0.61, lr=7.86e-04
2026-01-13 08:06:17,650 - cadence_yeast_all_v1 - INFO - Step 18500: NLL=0.1223, MSE=0.1511, grad=0.86, lr=7.86e-04
2026-01-13 08:06:34,855 - cadence_yeast_all_v1 - INFO - Step 18600: NLL=0.1284, MSE=0.1506, grad=0.74, lr=7.86e-04
2026-01-13 08:06:51,071 - cadence_yeast_all_v1 - INFO - Step 18700: NLL=0.0967, MSE=0.1314, grad=0.62, lr=7.86e-04
2026-01-13 08:07:30,594 - cadence_yeast_all_v1 - INFO - ================================================================================
2026-01-13 08:07:30,595 - cadence_yeast_all_v1 - INFO - EPOCH 23 SUMMARY 
2026-01-13 08:07:30,595 - cadence_yeast_all_v1 - INFO - ================================================================================
2026-01-13 08:07:30,599 - cadence_yeast_all_v1 - INFO - [TRAIN] NLL: 0.1545 | MSE: 0.1545 | r: 0.9213 | rho: 0.9001 | R2: 0.8452 | RMSE: 0.9309
2026-01-13 08:07:30,599 - cadence_yeast_all_v1 - INFO - [VAL]   NLL: 0.7373 | MSE: 0.7373 | r: 0.5905 | rho: 0.6048 | R2: 0.2828 | RMSE: 2.0334
2026-01-13 08:07:30,599 - cadence_yeast_all_v1 - INFO - --------------------------------------------------------------------------------
2026-01-13 08:07:30,599 - cadence_yeast_all_v1 - INFO -   [VAL] dream_yeast:
2026-01-13 08:07:30,599 - cadence_yeast_all_v1 - INFO -     expression: r=0.5905 | rho=0.6048 | R2=0.2828 | RMSE=2.0334 | MAE=1.5543
2026-01-13 08:07:30,599 - cadence_yeast_all_v1 - INFO - ================================================================================
2026-01-13 08:07:31,124 - cadence_yeast_all_v1 - INFO - Epoch 23 completed in 155.8s
2026-01-13 08:07:37,462 - cadence_yeast_all_v1 - INFO - Step 18800: NLL=0.1234, MSE=0.1689, grad=0.90, lr=7.68e-04
2026-01-13 08:07:53,565 - cadence_yeast_all_v1 - INFO - Step 18900: NLL=0.1006, MSE=0.1433, grad=0.64, lr=7.68e-04
2026-01-13 08:08:11,402 - cadence_yeast_all_v1 - INFO - Step 19000: NLL=0.1258, MSE=0.1546, grad=0.76, lr=7.68e-04
2026-01-13 08:08:28,825 - cadence_yeast_all_v1 - INFO - Step 19100: NLL=0.1032, MSE=0.1433, grad=0.69, lr=7.68e-04
2026-01-13 08:08:44,298 - cadence_yeast_all_v1 - INFO - Step 19200: NLL=0.1112, MSE=0.1263, grad=1.57, lr=7.68e-04
2026-01-13 08:09:00,279 - cadence_yeast_all_v1 - INFO - Step 19300: NLL=0.1443, MSE=0.1795, grad=1.88, lr=7.68e-04
2026-01-13 08:09:16,808 - cadence_yeast_all_v1 - INFO - Step 19400: NLL=0.0941, MSE=0.1041, grad=1.14, lr=7.68e-04
2026-01-13 08:09:33,320 - cadence_yeast_all_v1 - INFO - Step 19500: NLL=0.1143, MSE=0.1621, grad=1.33, lr=7.68e-04
2026-01-13 08:10:11,352 - cadence_yeast_all_v1 - INFO - ================================================================================
2026-01-13 08:10:11,352 - cadence_yeast_all_v1 - INFO - EPOCH 24 SUMMARY 
2026-01-13 08:10:11,352 - cadence_yeast_all_v1 - INFO - ================================================================================
2026-01-13 08:10:11,352 - cadence_yeast_all_v1 - INFO - [TRAIN] NLL: 0.1403 | MSE: 0.1403 | r: 0.9281 | rho: 0.9045 | R2: 0.8595 | RMSE: 0.8869
2026-01-13 08:10:11,352 - cadence_yeast_all_v1 - INFO - [VAL]   NLL: 0.7387 | MSE: 0.7387 | r: 0.5768 | rho: 0.5881 | R2: 0.2814 | RMSE: 2.0354
2026-01-13 08:10:11,352 - cadence_yeast_all_v1 - INFO - --------------------------------------------------------------------------------
2026-01-13 08:10:11,352 - cadence_yeast_all_v1 - INFO -   [VAL] dream_yeast:
2026-01-13 08:10:11,352 - cadence_yeast_all_v1 - INFO -     expression: r=0.5768 | rho=0.5881 | R2=0.2814 | RMSE=2.0354 | MAE=1.5538
2026-01-13 08:10:11,357 - cadence_yeast_all_v1 - INFO - ================================================================================
2026-01-13 08:10:11,892 - cadence_yeast_all_v1 - INFO - Epoch 24 completed in 160.8s
2026-01-13 08:10:20,220 - cadence_yeast_all_v1 - INFO - Step 19600: NLL=0.1312, MSE=0.1800, grad=0.85, lr=7.50e-04
2026-01-13 08:10:36,144 - cadence_yeast_all_v1 - INFO - Step 19700: NLL=0.0733, MSE=0.0932, grad=0.57, lr=7.50e-04
2026-01-13 08:10:51,791 - cadence_yeast_all_v1 - INFO - Step 19800: NLL=0.1252, MSE=0.1824, grad=0.89, lr=7.50e-04
2026-01-13 08:11:07,777 - cadence_yeast_all_v1 - INFO - Step 19900: NLL=0.0843, MSE=0.1141, grad=0.73, lr=7.50e-04
2026-01-13 08:11:23,012 - cadence_yeast_all_v1 - INFO - Step 20000: NLL=0.1062, MSE=0.1397, grad=0.77, lr=7.50e-04
2026-01-13 08:11:36,435 - cadence_yeast_all_v1 - INFO - Step 20100: NLL=0.0956, MSE=0.1285, grad=0.59, lr=7.50e-04
2026-01-13 08:11:52,107 - cadence_yeast_all_v1 - INFO - Step 20200: NLL=0.1080, MSE=0.1599, grad=0.57, lr=7.50e-04
2026-01-13 08:12:06,820 - cadence_yeast_all_v1 - INFO - Step 20300: NLL=0.1119, MSE=0.1652, grad=1.02, lr=7.50e-04
2026-01-13 08:12:40,771 - cadence_yeast_all_v1 - INFO - ================================================================================
2026-01-13 08:12:40,771 - cadence_yeast_all_v1 - INFO - EPOCH 25 SUMMARY 
2026-01-13 08:12:40,771 - cadence_yeast_all_v1 - INFO - ================================================================================
2026-01-13 08:12:40,771 - cadence_yeast_all_v1 - INFO - [TRAIN] NLL: 0.1322 | MSE: 0.1322 | r: 0.9343 | rho: 0.9136 | R2: 0.8675 | RMSE: 0.8610
2026-01-13 08:12:40,772 - cadence_yeast_all_v1 - INFO - [VAL]   NLL: 0.7596 | MSE: 0.7596 | r: 0.5734 | rho: 0.5860 | R2: 0.2612 | RMSE: 2.0639
2026-01-13 08:12:40,772 - cadence_yeast_all_v1 - INFO - --------------------------------------------------------------------------------
2026-01-13 08:12:40,772 - cadence_yeast_all_v1 - INFO -   [VAL] dream_yeast:
2026-01-13 08:12:40,772 - cadence_yeast_all_v1 - INFO -     expression: r=0.5734 | rho=0.5860 | R2=0.2612 | RMSE=2.0639 | MAE=1.5789
2026-01-13 08:12:40,772 - cadence_yeast_all_v1 - INFO - ================================================================================
2026-01-13 08:12:41,159 - cadence_yeast_all_v1 - INFO - Epoch 25 completed in 149.3s
2026-01-13 08:12:51,179 - cadence_yeast_all_v1 - INFO - Step 20400: NLL=0.1102, MSE=0.1741, grad=0.59, lr=7.32e-04
2026-01-13 08:13:05,286 - cadence_yeast_all_v1 - INFO - Step 20500: NLL=0.1019, MSE=0.1417, grad=0.77, lr=7.32e-04
2026-01-13 08:13:18,402 - cadence_yeast_all_v1 - INFO - Step 20600: NLL=0.1569, MSE=0.1844, grad=2.04, lr=7.32e-04
2026-01-13 08:13:33,053 - cadence_yeast_all_v1 - INFO - Step 20700: NLL=0.1322, MSE=0.1637, grad=1.00, lr=7.32e-04
2026-01-13 08:13:48,827 - cadence_yeast_all_v1 - INFO - Step 20800: NLL=0.0602, MSE=0.0849, grad=0.70, lr=7.32e-04
2026-01-13 08:14:04,554 - cadence_yeast_all_v1 - INFO - Step 20900: NLL=0.1372, MSE=0.1502, grad=1.29, lr=7.32e-04
2026-01-13 08:14:19,909 - cadence_yeast_all_v1 - INFO - Step 21000: NLL=0.0930, MSE=0.1191, grad=1.39, lr=7.32e-04
2026-01-13 08:14:33,827 - cadence_yeast_all_v1 - INFO - Step 21100: NLL=0.0706, MSE=0.0931, grad=0.76, lr=7.32e-04
2026-01-13 08:15:02,492 - cadence_yeast_all_v1 - INFO - ================================================================================
2026-01-13 08:15:02,493 - cadence_yeast_all_v1 - INFO - EPOCH 26 SUMMARY 
2026-01-13 08:15:02,493 - cadence_yeast_all_v1 - INFO - ================================================================================
2026-01-13 08:15:02,493 - cadence_yeast_all_v1 - INFO - [TRAIN] NLL: 0.1325 | MSE: 0.1325 | r: 0.9366 | rho: 0.9171 | R2: 0.8673 | RMSE: 0.8619
2026-01-13 08:15:02,493 - cadence_yeast_all_v1 - INFO - [VAL]   NLL: 0.7625 | MSE: 0.7625 | r: 0.5844 | rho: 0.5994 | R2: 0.2583 | RMSE: 2.0679
2026-01-13 08:15:02,493 - cadence_yeast_all_v1 - INFO - --------------------------------------------------------------------------------
2026-01-13 08:15:02,493 - cadence_yeast_all_v1 - INFO -   [VAL] dream_yeast:
2026-01-13 08:15:02,494 - cadence_yeast_all_v1 - INFO -     expression: r=0.5844 | rho=0.5994 | R2=0.2583 | RMSE=2.0679 | MAE=1.5865
2026-01-13 08:15:02,494 - cadence_yeast_all_v1 - INFO - ================================================================================
2026-01-13 08:15:03,040 - cadence_yeast_all_v1 - INFO - Epoch 26 completed in 141.9s
2026-01-13 08:15:17,446 - cadence_yeast_all_v1 - INFO - Step 21200: NLL=0.0961, MSE=0.1246, grad=0.70, lr=7.13e-04
2026-01-13 08:15:34,299 - cadence_yeast_all_v1 - INFO - Step 21300: NLL=0.0767, MSE=0.1161, grad=0.47, lr=7.13e-04
2026-01-13 08:15:51,289 - cadence_yeast_all_v1 - INFO - Step 21400: NLL=0.0875, MSE=0.1166, grad=0.55, lr=7.13e-04
2026-01-13 08:16:08,574 - cadence_yeast_all_v1 - INFO - Step 21500: NLL=0.0813, MSE=0.1080, grad=0.78, lr=7.13e-04
2026-01-13 08:16:23,650 - cadence_yeast_all_v1 - INFO - Step 21600: NLL=0.0794, MSE=0.1046, grad=0.84, lr=7.13e-04
2026-01-13 08:16:39,173 - cadence_yeast_all_v1 - INFO - Step 21700: NLL=0.0715, MSE=0.0891, grad=1.09, lr=7.13e-04
2026-01-13 08:16:54,719 - cadence_yeast_all_v1 - INFO - Step 21800: NLL=0.0801, MSE=0.1108, grad=0.61, lr=7.13e-04
2026-01-13 08:17:40,388 - cadence_yeast_all_v1 - INFO - ================================================================================
2026-01-13 08:17:40,390 - cadence_yeast_all_v1 - INFO - EPOCH 27 SUMMARY 
2026-01-13 08:17:40,390 - cadence_yeast_all_v1 - INFO - ================================================================================
2026-01-13 08:17:40,390 - cadence_yeast_all_v1 - INFO - [TRAIN] NLL: 0.1236 | MSE: 0.1236 | r: 0.9429 | rho: 0.9269 | R2: 0.8762 | RMSE: 0.8325
2026-01-13 08:17:40,390 - cadence_yeast_all_v1 - INFO - [VAL]   NLL: 0.7807 | MSE: 0.7807 | r: 0.5851 | rho: 0.6020 | R2: 0.2406 | RMSE: 2.0925
2026-01-13 08:17:40,390 - cadence_yeast_all_v1 - INFO - --------------------------------------------------------------------------------
2026-01-13 08:17:40,390 - cadence_yeast_all_v1 - INFO -   [VAL] dream_yeast:
2026-01-13 08:17:40,390 - cadence_yeast_all_v1 - INFO -     expression: r=0.5851 | rho=0.6020 | R2=0.2406 | RMSE=2.0925 | MAE=1.6037
2026-01-13 08:17:40,391 - cadence_yeast_all_v1 - INFO - ================================================================================
2026-01-13 08:17:40,881 - cadence_yeast_all_v1 - INFO - Early stopping triggered after 27 epochs (patience=10)
2026-01-13 08:17:40,881 - cadence_yeast_all_v1 - INFO - Training complete. Running final evaluation...
2026-01-13 08:18:04,270 - cadence_yeast_all_v1 - INFO - 
============================================================
2026-01-13 08:18:04,276 - cadence_yeast_all_v1 - INFO - Evaluating on TEST sets...
2026-01-13 08:18:04,276 - cadence_yeast_all_v1 - INFO - ============================================================
2026-01-13 08:18:04,277 - cadence_yeast_all_v1 - INFO -   Evaluating dream_yeast (test)...
2026-01-13 08:18:41,634 - cadence_yeast_all_v1 - INFO -     expression: r=0.7247, rho=0.7289, R2=-237.4568, RMSE=4.9215 (n=71103)
2026-01-13 08:18:41,656 - cadence_yeast_all_v1 - INFO - 
============================================================
2026-01-13 08:18:41,660 - cadence_yeast_all_v1 - INFO - Evaluating on CALIBRATION sets...
2026-01-13 08:18:41,661 - cadence_yeast_all_v1 - INFO - ============================================================
2026-01-13 08:18:41,662 - cadence_yeast_all_v1 - INFO -   Evaluating dream_yeast (calibration)...
2026-01-13 08:19:15,461 - cadence_yeast_all_v1 - INFO -     expression: r=0.5791, rho=0.5971, R2=0.2353, RMSE=0.8774 (n=67055)
2026-01-13 08:19:15,488 - cadence_yeast_all_v1 - INFO - Results saved to results/cadence_yeast_all_v1/final_results.json
