2026-01-14 05:45:52,929 - config5_universal_v1 - INFO - Experiment: config5_universal_v1
2026-01-14 05:45:52,929 - config5_universal_v1 - INFO - Output directory: results/config5_universal_v1
2026-01-14 05:45:52,930 - config5_universal_v1 - INFO - Starting multi-phase training...
2026-01-14 05:45:52,930 - config5_universal_v1 - INFO - Setting up datasets...
2026-01-14 05:59:57,824 - config5_universal_v1 - INFO - Dataset sizes: {'encode4_k562': 158377, 'encode4_hepg2': 97925, 'encode4_wtc11': 39201, 'deepstarr': 352009, 'jores_arabidopsis': 12115, 'jores_maize': 22143, 'jores_sorghum': 17705, 'dream_yeast': 100000}
2026-01-14 05:59:57,883 - config5_universal_v1 - INFO - Using standard global index sampling...
2026-01-14 06:00:40,755 - config5_universal_v1 - INFO -   encode4_k562: val set loaded
2026-01-14 06:01:09,850 - config5_universal_v1 - INFO -   encode4_hepg2: val set loaded
2026-01-14 06:01:21,539 - config5_universal_v1 - INFO -   encode4_wtc11: val set loaded
2026-01-14 06:01:51,411 - config5_universal_v1 - INFO -   deepstarr: val set loaded
2026-01-14 06:01:52,313 - config5_universal_v1 - INFO -   jores_arabidopsis: test set loaded
2026-01-14 06:01:53,976 - config5_universal_v1 - INFO -   jores_maize: test set loaded
2026-01-14 06:01:55,340 - config5_universal_v1 - INFO -   jores_sorghum: test set loaded
2026-01-14 06:02:14,886 - config5_universal_v1 - INFO -   dream_yeast: val set loaded
2026-01-14 06:19:54,088 - config5_universal_v1 - INFO -   encode4_k562: test set loaded (22631 samples)
2026-01-14 06:20:40,096 - config5_universal_v1 - INFO -   encode4_k562: calibration set loaded (22633 samples)
2026-01-14 06:21:11,595 - config5_universal_v1 - INFO -   encode4_hepg2: test set loaded (13953 samples)
2026-01-14 06:21:42,230 - config5_universal_v1 - INFO -   encode4_hepg2: calibration set loaded (14002 samples)
2026-01-14 06:21:51,460 - config5_universal_v1 - INFO -   encode4_wtc11: test set loaded (5597 samples)
2026-01-14 06:22:01,159 - config5_universal_v1 - INFO -   encode4_wtc11: calibration set loaded (5595 samples)
2026-01-14 06:22:52,008 - config5_universal_v1 - INFO -   deepstarr: test set loaded (41186 samples)
2026-01-14 06:22:53,046 - config5_universal_v1 - INFO -   jores_arabidopsis: test set loaded (1347 samples)
2026-01-14 06:22:54,760 - config5_universal_v1 - INFO -   jores_maize: test set loaded (2461 samples)
2026-01-14 06:22:56,075 - config5_universal_v1 - INFO -   jores_sorghum: test set loaded (1968 samples)
2026-01-14 06:23:53,215 - config5_universal_v1 - INFO -   dream_yeast: test set loaded (71103 samples)
2026-01-14 06:25:13,727 - config5_universal_v1 - INFO -   dream_yeast: calibration set loaded (67055 samples)
2026-01-14 06:25:13,733 - config5_universal_v1 - INFO - Data setup complete
2026-01-14 06:25:13,733 - config5_universal_v1 - INFO - Setting up model...
2026-01-14 06:25:15,665 - config5_universal_v1 - INFO - Model parameters: 2,629,356 (2,629,356 trainable)
2026-01-14 06:25:21,417 - config5_universal_v1 - INFO - Model setup complete
2026-01-14 06:25:21,436 - config5_universal_v1 - INFO - 
============================================================
2026-01-14 06:25:21,436 - config5_universal_v1 - INFO - PHASE 1: phase1_pretrain
2026-01-14 06:25:21,436 - config5_universal_v1 - INFO -   Epochs: 50
2026-01-14 06:25:21,436 - config5_universal_v1 - INFO -   Freeze backbone: False
2026-01-14 06:25:21,436 - config5_universal_v1 - INFO -   Learning rate: 0.001
2026-01-14 06:25:21,436 - config5_universal_v1 - INFO - ============================================================

