Running APBS calculations for 89 structures...
Processing CpG00...
  → Created CpG00.in
  ✗ APBS failed for CpG00
    Last error: rank 0 size 1...
Processing CpG05...
  → Created CpG05.in
  ✗ APBS failed for CpG05
    Last error: rank 0 size 1...
Processing CpG10...
  → Created CpG10.in
  ✗ APBS failed for CpG10
    Last error: rank 0 size 1...
Processing CpG15...
  → Created CpG15.in
  ✗ APBS failed for CpG15
    Last error: rank 0 size 1...
Processing CpG20...
  → Created CpG20.in
  ✗ APBS failed for CpG20
    Last error: rank 0 size 1...
Processing CpG25...
  → Created CpG25.in
  ✗ APBS failed for CpG25
    Last error: rank 0 size 1...
Processing CpG30...
  → Created CpG30.in
  ✗ APBS failed for CpG30
    Last error: rank 0 size 1...
Processing CpG35...
  → Created CpG35.in
  ✗ APBS failed for CpG35
    Last error: rank 0 size 1...
Processing CpG40...
  → Created CpG40.in
  ✗ APBS failed for CpG40
    Last error: rank 0 size 1...
Processing CpG45...
  → Created CpG45.in
  ✗ APBS failed for CpG45
    Last error: rank 0 size 1...
Processing CpG50...
  → Created CpG50.in
  ✗ APBS failed for CpG50
    Last error: rank 0 size 1...
Processing CpG_high...
  → Created CpG_high.in
  ✗ APBS failed for CpG_high
    Last error: rank 0 size 1...
Processing CpG_low...
  → Created CpG_low.in
  ✗ APBS failed for CpG_low
    Last error: rank 0 size 1...
Processing CpG_med...
  → Created CpG_med.in
  ✗ APBS failed for CpG_med
    Last error: rank 0 size 1...
Processing DI1...
  → Created DI1.in
  ✗ APBS failed for DI1
    Last error: rank 0 size 1...
Processing DI2...
  → Created DI2.in
  ✗ APBS failed for DI2
    Last error: rank 0 size 1...
Processing GC00...
  → Created GC00.in
  ✗ APBS failed for GC00
    Last error: rank 0 size 1...
Processing GC05...
  → Created GC05.in
  ✗ APBS failed for GC05
    Last error: rank 0 size 1...
Processing GC10...
  → Created GC10.in
  ✗ APBS failed for GC10
    Last error: rank 0 size 1...
Processing GC100...
  → Created GC100.in
  ✗ APBS failed for GC100
    Last error: rank 0 size 1...
Processing GC15...
  → Created GC15.in
  ✗ APBS failed for GC15
    Last error: rank 0 size 1...
Processing GC20...
  → Created GC20.in
  ✗ APBS failed for GC20
    Last error: rank 0 size 1...
Processing GC25...
  → Created GC25.in
  ✗ APBS failed for GC25
    Last error: rank 0 size 1...
Processing GC30...
  → Created GC30.in
  ✗ APBS failed for GC30
    Last error: rank 0 size 1...
Processing GC35...
  → Created GC35.in
  ✗ APBS failed for GC35
    Last error: rank 0 size 1...
Processing GC40...
  → Created GC40.in
  ✗ APBS failed for GC40
    Last error: rank 0 size 1...
Processing GC45...
  → Created GC45.in
  ✗ APBS failed for GC45
    Last error: rank 0 size 1...
Processing GC50...
  → Created GC50.in
  ✗ APBS failed for GC50
    Last error: rank 0 size 1...
Processing GC55...
  → Created GC55.in
  ✗ APBS failed for GC55
    Last error: rank 0 size 1...
Processing GC60...
  → Created GC60.in
  ✗ APBS failed for GC60
    Last error: rank 0 size 1...
Processing GC65...
  → Created GC65.in
  ✗ APBS failed for GC65
    Last error: rank 0 size 1...
Processing GC70...
  → Created GC70.in
  ✗ APBS failed for GC70
    Last error: rank 0 size 1...
Processing GC75...
  → Created GC75.in
  ✗ APBS failed for GC75
    Last error: rank 0 size 1...
Processing GC80...
  → Created GC80.in
  ✗ APBS failed for GC80
    Last error: rank 0 size 1...
Processing GC85...
  → Created GC85.in
  ✗ APBS failed for GC85
    Last error: rank 0 size 1...
Processing GC90...
  → Created GC90.in
  ✗ APBS failed for GC90
    Last error: rank 0 size 1...
Processing GC95...
  → Created GC95.in
  ✗ APBS failed for GC95
    Last error: rank 0 size 1...
Processing GQ1...
  → Created GQ1.in
  ✗ APBS failed for GQ1
    Last error: rank 0 size 1...
Processing GQ2...
  → Created GQ2.in
  ✗ APBS failed for GQ2
    Last error: rank 0 size 1...
Processing MGW1...
  → Created MGW1.in
  ✗ APBS failed for MGW1
    Last error: rank 0 size 1...
Processing MGW2...
  → Created MGW2.in
  ✗ APBS failed for MGW2
    Last error: rank 0 size 1...
Processing MGW3...
  → Created MGW3.in
  ✗ APBS failed for MGW3
    Last error: rank 0 size 1...
Processing MGW4...
  → Created MGW4.in
  ✗ APBS failed for MGW4
    Last error: rank 0 size 1...
Processing MGW5...
  → Created MGW5.in
  ✗ APBS failed for MGW5
    Last error: rank 0 size 1...
Processing MGW6...
  → Created MGW6.in
  ✗ APBS failed for MGW6
    Last error: rank 0 size 1...
Processing MGW7...
  → Created MGW7.in
  ✗ APBS failed for MGW7
    Last error: rank 0 size 1...
Processing MGW8...
  → Created MGW8.in
  ✗ APBS failed for MGW8
    Last error: rank 0 size 1...
Processing MGW_narrow...
  → Created MGW_narrow.in
  ✗ APBS failed for MGW_narrow
    Last error: rank 0 size 1...
Processing MGW_wide...
  → Created MGW_wide.in
  ✗ APBS failed for MGW_wide
    Last error: rank 0 size 1...
Processing MIX1...
  → Created MIX1.in
  ✗ APBS failed for MIX1
    Last error: rank 0 size 1...
Processing MIX10...
  → Created MIX10.in
  ✗ APBS failed for MIX10
    Last error: rank 0 size 1...
Processing MIX2...
  → Created MIX2.in
  ✗ APBS failed for MIX2
    Last error: rank 0 size 1...
Processing MIX3...
  → Created MIX3.in
  ✗ APBS failed for MIX3
    Last error: rank 0 size 1...
Processing MIX4...
  → Created MIX4.in
  ✗ APBS failed for MIX4
    Last error: rank 0 size 1...
Processing MIX5...
  → Created MIX5.in
  ✗ APBS failed for MIX5
    Last error: rank 0 size 1...
Processing MIX6...
  → Created MIX6.in
  ✗ APBS failed for MIX6
    Last error: rank 0 size 1...
Processing MIX7...
  → Created MIX7.in
  ✗ APBS failed for MIX7
    Last error: rank 0 size 1...
Processing MIX8...
  → Created MIX8.in
  ✗ APBS failed for MIX8
    Last error: rank 0 size 1...
Processing MIX9...
  → Created MIX9.in
  ✗ APBS failed for MIX9
    Last error: rank 0 size 1...
Processing MIXED1...
  → Created MIXED1.in
  ✗ APBS failed for MIXED1
    Last error: rank 0 size 1...
Processing MIXED2...
  → Created MIXED2.in
  ✗ APBS failed for MIXED2
    Last error: rank 0 size 1...
Processing PAL1...
  → Created PAL1.in
  ✗ APBS failed for PAL1
    Last error: rank 0 size 1...
Processing PAL2...
  → Created PAL2.in
  ✗ APBS failed for PAL2
    Last error: rank 0 size 1...
Processing PAL3...
  → Created PAL3.in
  ✗ APBS failed for PAL3
    Last error: rank 0 size 1...
Processing PAL4...
  → Created PAL4.in
  ✗ APBS failed for PAL4
    Last error: rank 0 size 1...
Processing RUN4_A...
  → Created RUN4_A.in
  ✗ APBS failed for RUN4_A
    Last error: rank 0 size 1...
Processing RUN4_C...
  → Created RUN4_C.in
  ✗ APBS failed for RUN4_C
    Last error: rank 0 size 1...
Processing RUN_A10...
  → Created RUN_A10.in
  ✗ APBS failed for RUN_A10
    Last error: rank 0 size 1...
Processing RUN_A12...
  → Created RUN_A12.in
  ✗ APBS failed for RUN_A12
    Last error: rank 0 size 1...
Processing RUN_A4...
  → Created RUN_A4.in
  ✗ APBS failed for RUN_A4
    Last error: rank 0 size 1...
Processing RUN_A6...
  → Created RUN_A6.in
  ✗ APBS failed for RUN_A6
    Last error: rank 0 size 1...
Processing RUN_A8...
  → Created RUN_A8.in
  ✗ APBS failed for RUN_A8
    Last error: rank 0 size 1...
Processing RUN_C10...
  → Created RUN_C10.in
  ✗ APBS failed for RUN_C10
    Last error: rank 0 size 1...
Processing RUN_C12...
  → Created RUN_C12.in
  ✗ APBS failed for RUN_C12
    Last error: rank 0 size 1...
Processing RUN_C4...
  → Created RUN_C4.in
  ✗ APBS failed for RUN_C4
    Last error: rank 0 size 1...
Processing RUN_C6...
  → Created RUN_C6.in
  ✗ APBS failed for RUN_C6
    Last error: rank 0 size 1...
Processing RUN_C8...
  → Created RUN_C8.in
  ✗ APBS failed for RUN_C8
    Last error: rank 0 size 1...
Processing RUN_G10...
  → Created RUN_G10.in
  ✗ APBS failed for RUN_G10
    Last error: rank 0 size 1...
Processing RUN_G12...
  → Created RUN_G12.in
  ✗ APBS failed for RUN_G12
    Last error: rank 0 size 1...
Processing RUN_G4...
  → Created RUN_G4.in
  ✗ APBS failed for RUN_G4
    Last error: rank 0 size 1...
Processing RUN_G6...
  → Created RUN_G6.in
  ✗ APBS failed for RUN_G6
    Last error: rank 0 size 1...
Processing RUN_G8...
  → Created RUN_G8.in
  ✗ APBS failed for RUN_G8
    Last error: rank 0 size 1...
Processing RUN_T10...
  → Created RUN_T10.in
  ✗ APBS failed for RUN_T10
    Last error: rank 0 size 1...
Processing RUN_T12...
  → Created RUN_T12.in
  ✗ APBS failed for RUN_T12
    Last error: rank 0 size 1...
Processing RUN_T4...
  → Created RUN_T4.in
  ✗ APBS failed for RUN_T4
    Last error: rank 0 size 1...
Processing RUN_T6...
  → Created RUN_T6.in
  ✗ APBS failed for RUN_T6
    Last error: rank 0 size 1...
Processing RUN_T8...
  → Created RUN_T8.in
  ✗ APBS failed for RUN_T8
    Last error: rank 0 size 1...
Processing TRI1...
  → Created TRI1.in
  ✗ APBS failed for TRI1
    Last error: rank 0 size 1...
Processing TRI2...
  → Created TRI2.in
  ✗ APBS failed for TRI2
    Last error: rank 0 size 1...

APBS calculations completed: 0/89 successful
Some calculations failed. Check log files for details.
