2026-01-13 05:38:52,000 - cadence_hepg2_all_v2 - INFO - Experiment: cadence_hepg2_all_v2
2026-01-13 05:38:52,000 - cadence_hepg2_all_v2 - INFO - Output directory: results/cadence_hepg2_all_v2
2026-01-13 05:38:52,001 - cadence_hepg2_all_v2 - INFO - Starting training...
2026-01-13 05:38:52,001 - cadence_hepg2_all_v2 - INFO - Config: config1_single_celltype
2026-01-13 05:38:52,001 - cadence_hepg2_all_v2 - INFO - Setting up datasets...
2026-01-13 05:42:25,959 - cadence_hepg2_all_v2 - INFO - Dataset sizes: {'encode4_hepg2': 97925}
2026-01-13 05:42:25,960 - cadence_hepg2_all_v2 - INFO - Using standard global index sampling...
2026-01-13 05:42:57,160 - cadence_hepg2_all_v2 - INFO -   encode4_hepg2: val set loaded
2026-01-13 05:47:03,028 - cadence_hepg2_all_v2 - INFO -   encode4_hepg2: test set loaded (13953 samples)
2026-01-13 05:47:34,731 - cadence_hepg2_all_v2 - INFO -   encode4_hepg2: calibration set loaded (14002 samples)
2026-01-13 05:47:34,732 - cadence_hepg2_all_v2 - INFO - Data setup complete
2026-01-13 05:47:34,738 - cadence_hepg2_all_v2 - INFO - Setting up model...
2026-01-13 05:47:37,750 - cadence_hepg2_all_v2 - INFO - Model parameters: 2,744,580 (2,744,580 trainable)
2026-01-13 05:47:45,509 - cadence_hepg2_all_v2 - INFO - OneCycleLR: 2880 total steps, initial_lr=0.000400, max_lr=0.01
2026-01-13 05:47:45,532 - cadence_hepg2_all_v2 - INFO - Model setup complete
2026-01-13 05:49:14,658 - cadence_hepg2_all_v2 - INFO - ================================================================================
2026-01-13 05:49:14,659 - cadence_hepg2_all_v2 - INFO - EPOCH 0 SUMMARY (BEST)
2026-01-13 05:49:14,659 - cadence_hepg2_all_v2 - INFO - ================================================================================
2026-01-13 05:49:14,659 - cadence_hepg2_all_v2 - INFO - [TRAIN] NLL: 1.0660 | MSE: 1.0660 | r: 0.4671 | rho: 0.4625 | R2: -0.0667 | RMSE: 0.8189
2026-01-13 05:49:14,659 - cadence_hepg2_all_v2 - INFO - [VAL]   NLL: 1.1078 | MSE: 1.1078 | r: 0.4529 | rho: 0.4461 | R2: -0.1262 | RMSE: 0.8348
2026-01-13 05:49:14,659 - cadence_hepg2_all_v2 - INFO - --------------------------------------------------------------------------------
2026-01-13 05:49:14,660 - cadence_hepg2_all_v2 - INFO -   [VAL] encode4_hepg2:
2026-01-13 05:49:14,660 - cadence_hepg2_all_v2 - INFO -     activity: r=0.4529 | rho=0.4461 | R2=-0.1262 | RMSE=0.8348 | MAE=0.6541
2026-01-13 05:49:14,660 - cadence_hepg2_all_v2 - INFO - ================================================================================
2026-01-13 05:49:15,629 - cadence_hepg2_all_v2 - INFO - Epoch 0 completed in 90.1s
2026-01-13 05:49:19,171 - cadence_hepg2_all_v2 - INFO - Step 100: NLL=0.7323, MSE=0.7323, grad=1.25, lr=7.15e-04
2026-01-13 05:50:36,526 - cadence_hepg2_all_v2 - INFO - ================================================================================
2026-01-13 05:50:36,526 - cadence_hepg2_all_v2 - INFO - EPOCH 1 SUMMARY (BEST)
2026-01-13 05:50:36,526 - cadence_hepg2_all_v2 - INFO - ================================================================================
2026-01-13 05:50:36,526 - cadence_hepg2_all_v2 - INFO - [TRAIN] NLL: 0.7312 | MSE: 0.7312 | r: 0.5504 | rho: 0.5482 | R2: 0.2683 | RMSE: 0.6783
2026-01-13 05:50:36,527 - cadence_hepg2_all_v2 - INFO - [VAL]   NLL: 0.7848 | MSE: 0.7848 | r: 0.5140 | rho: 0.5205 | R2: 0.2021 | RMSE: 0.7027
2026-01-13 05:50:36,527 - cadence_hepg2_all_v2 - INFO - --------------------------------------------------------------------------------
2026-01-13 05:50:36,527 - cadence_hepg2_all_v2 - INFO -   [VAL] encode4_hepg2:
2026-01-13 05:50:36,527 - cadence_hepg2_all_v2 - INFO -     activity: r=0.5140 | rho=0.5205 | R2=0.2021 | RMSE=0.7027 | MAE=0.5306
2026-01-13 05:50:36,527 - cadence_hepg2_all_v2 - INFO - ================================================================================
2026-01-13 05:50:37,678 - cadence_hepg2_all_v2 - INFO - Epoch 1 completed in 82.0s
2026-01-13 05:50:44,456 - cadence_hepg2_all_v2 - INFO - Step 200: NLL=0.6892, MSE=0.6892, grad=1.86, lr=1.62e-03
2026-01-13 05:51:53,301 - cadence_hepg2_all_v2 - INFO - ================================================================================
2026-01-13 05:51:53,302 - cadence_hepg2_all_v2 - INFO - EPOCH 2 SUMMARY (BEST)
2026-01-13 05:51:53,302 - cadence_hepg2_all_v2 - INFO - ================================================================================
2026-01-13 05:51:53,302 - cadence_hepg2_all_v2 - INFO - [TRAIN] NLL: 0.8279 | MSE: 0.8279 | r: 0.5926 | rho: 0.5734 | R2: 0.1716 | RMSE: 0.7217
2026-01-13 05:51:53,302 - cadence_hepg2_all_v2 - INFO - [VAL]   NLL: 0.8893 | MSE: 0.8893 | r: 0.5562 | rho: 0.5396 | R2: 0.0960 | RMSE: 0.7480
2026-01-13 05:51:53,303 - cadence_hepg2_all_v2 - INFO - --------------------------------------------------------------------------------
2026-01-13 05:51:53,303 - cadence_hepg2_all_v2 - INFO -   [VAL] encode4_hepg2:
2026-01-13 05:51:53,303 - cadence_hepg2_all_v2 - INFO -     activity: r=0.5562 | rho=0.5396 | R2=0.0960 | RMSE=0.7480 | MAE=0.5700
2026-01-13 05:51:53,303 - cadence_hepg2_all_v2 - INFO - ================================================================================
2026-01-13 05:51:54,226 - cadence_hepg2_all_v2 - INFO - Epoch 2 completed in 76.5s
2026-01-13 05:52:01,563 - cadence_hepg2_all_v2 - INFO - Step 300: NLL=0.5878, MSE=0.5878, grad=1.56, lr=2.99e-03
2026-01-13 05:52:56,968 - cadence_hepg2_all_v2 - INFO - ================================================================================
2026-01-13 05:52:56,968 - cadence_hepg2_all_v2 - INFO - EPOCH 3 SUMMARY (BEST)
2026-01-13 05:52:56,969 - cadence_hepg2_all_v2 - INFO - ================================================================================
2026-01-13 05:52:56,969 - cadence_hepg2_all_v2 - INFO - [TRAIN] NLL: 0.6935 | MSE: 0.6935 | r: 0.6222 | rho: 0.6036 | R2: 0.3061 | RMSE: 0.6605
2026-01-13 05:52:56,969 - cadence_hepg2_all_v2 - INFO - [VAL]   NLL: 0.7441 | MSE: 0.7441 | r: 0.5860 | rho: 0.5775 | R2: 0.2436 | RMSE: 0.6842
2026-01-13 05:52:56,969 - cadence_hepg2_all_v2 - INFO - --------------------------------------------------------------------------------
2026-01-13 05:52:56,969 - cadence_hepg2_all_v2 - INFO -   [VAL] encode4_hepg2:
2026-01-13 05:52:56,970 - cadence_hepg2_all_v2 - INFO -     activity: r=0.5860 | rho=0.5775 | R2=0.2436 | RMSE=0.6842 | MAE=0.5083
2026-01-13 05:52:56,970 - cadence_hepg2_all_v2 - INFO - ================================================================================
2026-01-13 05:52:58,141 - cadence_hepg2_all_v2 - INFO - Epoch 3 completed in 63.9s
2026-01-13 05:53:09,297 - cadence_hepg2_all_v2 - INFO - Step 400: NLL=0.5869, MSE=0.5869, grad=1.07, lr=4.65e-03
2026-01-13 05:54:15,159 - cadence_hepg2_all_v2 - INFO - ================================================================================
2026-01-13 05:54:15,160 - cadence_hepg2_all_v2 - INFO - EPOCH 4 SUMMARY (BEST)
2026-01-13 05:54:15,160 - cadence_hepg2_all_v2 - INFO - ================================================================================
2026-01-13 05:54:15,160 - cadence_hepg2_all_v2 - INFO - [TRAIN] NLL: 0.5915 | MSE: 0.5915 | r: 0.6606 | rho: 0.6495 | R2: 0.4081 | RMSE: 0.6100
2026-01-13 05:54:15,160 - cadence_hepg2_all_v2 - INFO - [VAL]   NLL: 0.6397 | MSE: 0.6397 | r: 0.6341 | rho: 0.6315 | R2: 0.3497 | RMSE: 0.6344
2026-01-13 05:54:15,160 - cadence_hepg2_all_v2 - INFO - --------------------------------------------------------------------------------
2026-01-13 05:54:15,161 - cadence_hepg2_all_v2 - INFO -   [VAL] encode4_hepg2:
2026-01-13 05:54:15,161 - cadence_hepg2_all_v2 - INFO -     activity: r=0.6341 | rho=0.6315 | R2=0.3497 | RMSE=0.6344 | MAE=0.4853
2026-01-13 05:54:15,161 - cadence_hepg2_all_v2 - INFO - ================================================================================
2026-01-13 05:54:16,351 - cadence_hepg2_all_v2 - INFO - Epoch 4 completed in 78.2s
2026-01-13 05:54:29,938 - cadence_hepg2_all_v2 - INFO - Step 500: NLL=0.5297, MSE=0.5297, grad=0.59, lr=6.38e-03
2026-01-13 05:55:28,934 - cadence_hepg2_all_v2 - INFO - ================================================================================
2026-01-13 05:55:28,934 - cadence_hepg2_all_v2 - INFO - EPOCH 5 SUMMARY 
2026-01-13 05:55:28,935 - cadence_hepg2_all_v2 - INFO - ================================================================================
2026-01-13 05:55:28,935 - cadence_hepg2_all_v2 - INFO - [TRAIN] NLL: 0.6818 | MSE: 0.6818 | r: 0.6583 | rho: 0.6349 | R2: 0.3178 | RMSE: 0.6549
2026-01-13 05:55:28,935 - cadence_hepg2_all_v2 - INFO - [VAL]   NLL: 0.7522 | MSE: 0.7522 | r: 0.6233 | rho: 0.6073 | R2: 0.2353 | RMSE: 0.6879
2026-01-13 05:55:28,935 - cadence_hepg2_all_v2 - INFO - --------------------------------------------------------------------------------
2026-01-13 05:55:28,936 - cadence_hepg2_all_v2 - INFO -   [VAL] encode4_hepg2:
2026-01-13 05:55:28,936 - cadence_hepg2_all_v2 - INFO -     activity: r=0.6233 | rho=0.6073 | R2=0.2353 | RMSE=0.6879 | MAE=0.5282
2026-01-13 05:55:28,936 - cadence_hepg2_all_v2 - INFO - ================================================================================
2026-01-13 05:55:29,347 - cadence_hepg2_all_v2 - INFO - Epoch 5 completed in 73.0s
2026-01-13 05:55:41,131 - cadence_hepg2_all_v2 - INFO - Step 600: NLL=0.5163, MSE=0.5163, grad=0.59, lr=7.96e-03
2026-01-13 05:56:30,944 - cadence_hepg2_all_v2 - INFO - ================================================================================
2026-01-13 05:56:30,945 - cadence_hepg2_all_v2 - INFO - EPOCH 6 SUMMARY (BEST)
2026-01-13 05:56:30,948 - cadence_hepg2_all_v2 - INFO - ================================================================================
2026-01-13 05:56:30,949 - cadence_hepg2_all_v2 - INFO - [TRAIN] NLL: 0.5166 | MSE: 0.5166 | r: 0.6985 | rho: 0.6794 | R2: 0.4831 | RMSE: 0.5701
2026-01-13 05:56:30,949 - cadence_hepg2_all_v2 - INFO - [VAL]   NLL: 0.5488 | MSE: 0.5488 | r: 0.6714 | rho: 0.6629 | R2: 0.4421 | RMSE: 0.5876
2026-01-13 05:56:30,949 - cadence_hepg2_all_v2 - INFO - --------------------------------------------------------------------------------
2026-01-13 05:56:30,949 - cadence_hepg2_all_v2 - INFO -   [VAL] encode4_hepg2:
2026-01-13 05:56:30,950 - cadence_hepg2_all_v2 - INFO -     activity: r=0.6714 | rho=0.6629 | R2=0.4421 | RMSE=0.5876 | MAE=0.4399
2026-01-13 05:56:30,950 - cadence_hepg2_all_v2 - INFO - ================================================================================
2026-01-13 05:56:31,834 - cadence_hepg2_all_v2 - INFO - Epoch 6 completed in 62.5s
2026-01-13 05:56:45,873 - cadence_hepg2_all_v2 - INFO - Step 700: NLL=0.5037, MSE=0.5037, grad=0.51, lr=9.18e-03
2026-01-13 05:57:37,634 - cadence_hepg2_all_v2 - INFO - ================================================================================
2026-01-13 05:57:37,634 - cadence_hepg2_all_v2 - INFO - EPOCH 7 SUMMARY 
2026-01-13 05:57:37,634 - cadence_hepg2_all_v2 - INFO - ================================================================================
2026-01-13 05:57:37,634 - cadence_hepg2_all_v2 - INFO - [TRAIN] NLL: 0.6256 | MSE: 0.6256 | r: 0.6898 | rho: 0.6782 | R2: 0.3740 | RMSE: 0.6274
2026-01-13 05:57:37,634 - cadence_hepg2_all_v2 - INFO - [VAL]   NLL: 0.6786 | MSE: 0.6786 | r: 0.6580 | rho: 0.6497 | R2: 0.3102 | RMSE: 0.6534
2026-01-13 05:57:37,635 - cadence_hepg2_all_v2 - INFO - --------------------------------------------------------------------------------
2026-01-13 05:57:37,635 - cadence_hepg2_all_v2 - INFO -   [VAL] encode4_hepg2:
2026-01-13 05:57:37,635 - cadence_hepg2_all_v2 - INFO -     activity: r=0.6580 | rho=0.6497 | R2=0.3102 | RMSE=0.6534 | MAE=0.4728
2026-01-13 05:57:37,635 - cadence_hepg2_all_v2 - INFO - ================================================================================
2026-01-13 05:57:38,232 - cadence_hepg2_all_v2 - INFO - Epoch 7 completed in 66.4s
2026-01-13 05:57:56,464 - cadence_hepg2_all_v2 - INFO - Step 800: NLL=0.4236, MSE=0.4236, grad=0.33, lr=9.87e-03
2026-01-13 05:58:46,172 - cadence_hepg2_all_v2 - INFO - ================================================================================
2026-01-13 05:58:46,172 - cadence_hepg2_all_v2 - INFO - EPOCH 8 SUMMARY (BEST)
2026-01-13 05:58:46,172 - cadence_hepg2_all_v2 - INFO - ================================================================================
2026-01-13 05:58:46,172 - cadence_hepg2_all_v2 - INFO - [TRAIN] NLL: 0.6305 | MSE: 0.6305 | r: 0.7261 | rho: 0.7058 | R2: 0.3691 | RMSE: 0.6298
2026-01-13 05:58:46,172 - cadence_hepg2_all_v2 - INFO - [VAL]   NLL: 0.7121 | MSE: 0.7121 | r: 0.6929 | rho: 0.6837 | R2: 0.2761 | RMSE: 0.6693
2026-01-13 05:58:46,172 - cadence_hepg2_all_v2 - INFO - --------------------------------------------------------------------------------
2026-01-13 05:58:46,172 - cadence_hepg2_all_v2 - INFO -   [VAL] encode4_hepg2:
2026-01-13 05:58:46,172 - cadence_hepg2_all_v2 - INFO -     activity: r=0.6929 | rho=0.6837 | R2=0.2761 | RMSE=0.6693 | MAE=0.5203
2026-01-13 05:58:46,172 - cadence_hepg2_all_v2 - INFO - ================================================================================
2026-01-13 05:58:47,047 - cadence_hepg2_all_v2 - INFO - Epoch 8 completed in 68.8s
2026-01-13 05:59:04,574 - cadence_hepg2_all_v2 - INFO - Step 900: NLL=0.4463, MSE=0.4463, grad=0.34, lr=9.99e-03
2026-01-13 05:59:48,796 - cadence_hepg2_all_v2 - INFO - ================================================================================
2026-01-13 05:59:48,797 - cadence_hepg2_all_v2 - INFO - EPOCH 9 SUMMARY 
2026-01-13 05:59:48,797 - cadence_hepg2_all_v2 - INFO - ================================================================================
2026-01-13 05:59:48,797 - cadence_hepg2_all_v2 - INFO - [TRAIN] NLL: 0.4889 | MSE: 0.4889 | r: 0.7338 | rho: 0.7170 | R2: 0.5108 | RMSE: 0.5546
2026-01-13 05:59:48,797 - cadence_hepg2_all_v2 - INFO - [VAL]   NLL: 0.5433 | MSE: 0.5433 | r: 0.6899 | rho: 0.6878 | R2: 0.4477 | RMSE: 0.5846
2026-01-13 05:59:48,798 - cadence_hepg2_all_v2 - INFO - --------------------------------------------------------------------------------
2026-01-13 05:59:48,798 - cadence_hepg2_all_v2 - INFO -   [VAL] encode4_hepg2:
2026-01-13 05:59:48,798 - cadence_hepg2_all_v2 - INFO -     activity: r=0.6899 | rho=0.6878 | R2=0.4477 | RMSE=0.5846 | MAE=0.4291
2026-01-13 05:59:48,798 - cadence_hepg2_all_v2 - INFO - ================================================================================
2026-01-13 05:59:49,356 - cadence_hepg2_all_v2 - INFO - Epoch 9 completed in 62.3s
2026-01-13 06:00:13,368 - cadence_hepg2_all_v2 - INFO - Step 1000: NLL=0.4293, MSE=0.4293, grad=0.32, lr=9.89e-03
2026-01-13 06:00:59,564 - cadence_hepg2_all_v2 - INFO - ================================================================================
2026-01-13 06:00:59,564 - cadence_hepg2_all_v2 - INFO - EPOCH 10 SUMMARY (BEST)
2026-01-13 06:00:59,565 - cadence_hepg2_all_v2 - INFO - ================================================================================
2026-01-13 06:00:59,565 - cadence_hepg2_all_v2 - INFO - [TRAIN] NLL: 0.4382 | MSE: 0.4382 | r: 0.7644 | rho: 0.7403 | R2: 0.5615 | RMSE: 0.5251
2026-01-13 06:00:59,565 - cadence_hepg2_all_v2 - INFO - [VAL]   NLL: 0.4972 | MSE: 0.4972 | r: 0.7178 | rho: 0.7080 | R2: 0.4945 | RMSE: 0.5593
2026-01-13 06:00:59,565 - cadence_hepg2_all_v2 - INFO - --------------------------------------------------------------------------------
2026-01-13 06:00:59,566 - cadence_hepg2_all_v2 - INFO -   [VAL] encode4_hepg2:
2026-01-13 06:00:59,566 - cadence_hepg2_all_v2 - INFO -     activity: r=0.7178 | rho=0.7080 | R2=0.4945 | RMSE=0.5593 | MAE=0.4269
2026-01-13 06:00:59,566 - cadence_hepg2_all_v2 - INFO - ================================================================================
2026-01-13 06:01:00,438 - cadence_hepg2_all_v2 - INFO - Epoch 10 completed in 71.1s
2026-01-13 06:01:28,525 - cadence_hepg2_all_v2 - INFO - Step 1100: NLL=0.4110, MSE=0.4110, grad=0.32, lr=9.66e-03
2026-01-13 06:02:15,263 - cadence_hepg2_all_v2 - INFO - ================================================================================
2026-01-13 06:02:15,263 - cadence_hepg2_all_v2 - INFO - EPOCH 11 SUMMARY (BEST)
2026-01-13 06:02:15,263 - cadence_hepg2_all_v2 - INFO - ================================================================================
2026-01-13 06:02:15,264 - cadence_hepg2_all_v2 - INFO - [TRAIN] NLL: 0.4333 | MSE: 0.4333 | r: 0.7716 | rho: 0.7492 | R2: 0.5664 | RMSE: 0.5221
2026-01-13 06:02:15,264 - cadence_hepg2_all_v2 - INFO - [VAL]   NLL: 0.4666 | MSE: 0.4666 | r: 0.7339 | rho: 0.7190 | R2: 0.5256 | RMSE: 0.5418
2026-01-13 06:02:15,264 - cadence_hepg2_all_v2 - INFO - --------------------------------------------------------------------------------
2026-01-13 06:02:15,264 - cadence_hepg2_all_v2 - INFO -   [VAL] encode4_hepg2:
2026-01-13 06:02:15,265 - cadence_hepg2_all_v2 - INFO -     activity: r=0.7339 | rho=0.7190 | R2=0.5256 | RMSE=0.5418 | MAE=0.4035
2026-01-13 06:02:15,265 - cadence_hepg2_all_v2 - INFO - ================================================================================
2026-01-13 06:02:16,392 - cadence_hepg2_all_v2 - INFO - Epoch 11 completed in 76.0s
2026-01-13 06:02:46,084 - cadence_hepg2_all_v2 - INFO - Step 1200: NLL=0.4560, MSE=0.4560, grad=0.46, lr=9.33e-03
2026-01-13 06:03:27,518 - cadence_hepg2_all_v2 - INFO - ================================================================================
2026-01-13 06:03:27,519 - cadence_hepg2_all_v2 - INFO - EPOCH 12 SUMMARY 
2026-01-13 06:03:27,519 - cadence_hepg2_all_v2 - INFO - ================================================================================
2026-01-13 06:03:27,519 - cadence_hepg2_all_v2 - INFO - [TRAIN] NLL: 0.3911 | MSE: 0.3911 | r: 0.7817 | rho: 0.7585 | R2: 0.6087 | RMSE: 0.4960
2026-01-13 06:03:27,520 - cadence_hepg2_all_v2 - INFO - [VAL]   NLL: 0.4595 | MSE: 0.4595 | r: 0.7318 | rho: 0.7215 | R2: 0.5328 | RMSE: 0.5377
2026-01-13 06:03:27,520 - cadence_hepg2_all_v2 - INFO - --------------------------------------------------------------------------------
2026-01-13 06:03:27,520 - cadence_hepg2_all_v2 - INFO -   [VAL] encode4_hepg2:
2026-01-13 06:03:27,522 - cadence_hepg2_all_v2 - INFO -     activity: r=0.7318 | rho=0.7215 | R2=0.5328 | RMSE=0.5377 | MAE=0.4055
2026-01-13 06:03:27,523 - cadence_hepg2_all_v2 - INFO - ================================================================================
2026-01-13 06:03:27,781 - cadence_hepg2_all_v2 - INFO - Epoch 12 completed in 71.4s
2026-01-13 06:03:57,109 - cadence_hepg2_all_v2 - INFO - Step 1300: NLL=0.3717, MSE=0.3717, grad=0.30, lr=8.88e-03
2026-01-13 06:04:37,804 - cadence_hepg2_all_v2 - INFO - ================================================================================
2026-01-13 06:04:37,804 - cadence_hepg2_all_v2 - INFO - EPOCH 13 SUMMARY 
2026-01-13 06:04:37,804 - cadence_hepg2_all_v2 - INFO - ================================================================================
2026-01-13 06:04:37,805 - cadence_hepg2_all_v2 - INFO - [TRAIN] NLL: 0.4099 | MSE: 0.4099 | r: 0.7740 | rho: 0.7498 | R2: 0.5898 | RMSE: 0.5078
2026-01-13 06:04:37,805 - cadence_hepg2_all_v2 - INFO - [VAL]   NLL: 0.4790 | MSE: 0.4790 | r: 0.7230 | rho: 0.7092 | R2: 0.5130 | RMSE: 0.5490
2026-01-13 06:04:37,805 - cadence_hepg2_all_v2 - INFO - --------------------------------------------------------------------------------
2026-01-13 06:04:37,805 - cadence_hepg2_all_v2 - INFO -   [VAL] encode4_hepg2:
2026-01-13 06:04:37,806 - cadence_hepg2_all_v2 - INFO -     activity: r=0.7230 | rho=0.7092 | R2=0.5130 | RMSE=0.5490 | MAE=0.4198
2026-01-13 06:04:37,806 - cadence_hepg2_all_v2 - INFO - ================================================================================
2026-01-13 06:04:38,279 - cadence_hepg2_all_v2 - INFO - Epoch 13 completed in 70.5s
2026-01-13 06:05:12,813 - cadence_hepg2_all_v2 - INFO - Step 1400: NLL=0.3557, MSE=0.3557, grad=0.35, lr=8.35e-03
2026-01-13 06:05:51,587 - cadence_hepg2_all_v2 - INFO - ================================================================================
2026-01-13 06:05:51,587 - cadence_hepg2_all_v2 - INFO - EPOCH 14 SUMMARY (BEST)
2026-01-13 06:05:51,587 - cadence_hepg2_all_v2 - INFO - ================================================================================
2026-01-13 06:05:51,588 - cadence_hepg2_all_v2 - INFO - [TRAIN] NLL: 0.4066 | MSE: 0.4066 | r: 0.7932 | rho: 0.7717 | R2: 0.5932 | RMSE: 0.5057
2026-01-13 06:05:51,588 - cadence_hepg2_all_v2 - INFO - [VAL]   NLL: 0.4645 | MSE: 0.4645 | r: 0.7386 | rho: 0.7309 | R2: 0.5278 | RMSE: 0.5405
2026-01-13 06:05:51,588 - cadence_hepg2_all_v2 - INFO - --------------------------------------------------------------------------------
2026-01-13 06:05:51,588 - cadence_hepg2_all_v2 - INFO -   [VAL] encode4_hepg2:
2026-01-13 06:05:51,589 - cadence_hepg2_all_v2 - INFO -     activity: r=0.7386 | rho=0.7309 | R2=0.5278 | RMSE=0.5405 | MAE=0.4095
2026-01-13 06:05:51,589 - cadence_hepg2_all_v2 - INFO - ================================================================================
2026-01-13 06:05:52,706 - cadence_hepg2_all_v2 - INFO - Epoch 14 completed in 74.4s
2026-01-13 06:06:28,127 - cadence_hepg2_all_v2 - INFO - Step 1500: NLL=0.3326, MSE=0.3326, grad=0.35, lr=7.73e-03
2026-01-13 06:07:06,203 - cadence_hepg2_all_v2 - INFO - ================================================================================
2026-01-13 06:07:06,203 - cadence_hepg2_all_v2 - INFO - EPOCH 15 SUMMARY (BEST)
2026-01-13 06:07:06,203 - cadence_hepg2_all_v2 - INFO - ================================================================================
2026-01-13 06:07:06,203 - cadence_hepg2_all_v2 - INFO - [TRAIN] NLL: 0.3650 | MSE: 0.3650 | r: 0.8027 | rho: 0.7751 | R2: 0.6348 | RMSE: 0.4792
2026-01-13 06:07:06,203 - cadence_hepg2_all_v2 - INFO - [VAL]   NLL: 0.4536 | MSE: 0.4536 | r: 0.7420 | rho: 0.7308 | R2: 0.5389 | RMSE: 0.5342
2026-01-13 06:07:06,204 - cadence_hepg2_all_v2 - INFO - --------------------------------------------------------------------------------
2026-01-13 06:07:06,204 - cadence_hepg2_all_v2 - INFO -   [VAL] encode4_hepg2:
2026-01-13 06:07:06,204 - cadence_hepg2_all_v2 - INFO -     activity: r=0.7420 | rho=0.7308 | R2=0.5389 | RMSE=0.5342 | MAE=0.3957
2026-01-13 06:07:06,204 - cadence_hepg2_all_v2 - INFO - ================================================================================
2026-01-13 06:07:07,250 - cadence_hepg2_all_v2 - INFO - Epoch 15 completed in 74.5s
2026-01-13 06:07:43,029 - cadence_hepg2_all_v2 - INFO - Step 1600: NLL=0.3257, MSE=0.3257, grad=0.28, lr=7.05e-03
2026-01-13 06:08:14,164 - cadence_hepg2_all_v2 - INFO - ================================================================================
2026-01-13 06:08:14,164 - cadence_hepg2_all_v2 - INFO - EPOCH 16 SUMMARY (BEST)
2026-01-13 06:08:14,165 - cadence_hepg2_all_v2 - INFO - ================================================================================
2026-01-13 06:08:14,165 - cadence_hepg2_all_v2 - INFO - [TRAIN] NLL: 0.3375 | MSE: 0.3375 | r: 0.8194 | rho: 0.7906 | R2: 0.6623 | RMSE: 0.4608
2026-01-13 06:08:14,165 - cadence_hepg2_all_v2 - INFO - [VAL]   NLL: 0.4258 | MSE: 0.4258 | r: 0.7553 | rho: 0.7409 | R2: 0.5671 | RMSE: 0.5176
2026-01-13 06:08:14,165 - cadence_hepg2_all_v2 - INFO - --------------------------------------------------------------------------------
2026-01-13 06:08:14,165 - cadence_hepg2_all_v2 - INFO -   [VAL] encode4_hepg2:
2026-01-13 06:08:14,165 - cadence_hepg2_all_v2 - INFO -     activity: r=0.7553 | rho=0.7409 | R2=0.5671 | RMSE=0.5176 | MAE=0.3866
2026-01-13 06:08:14,165 - cadence_hepg2_all_v2 - INFO - ================================================================================
2026-01-13 06:08:15,387 - cadence_hepg2_all_v2 - INFO - Epoch 16 completed in 68.1s
2026-01-13 06:08:55,879 - cadence_hepg2_all_v2 - INFO - Step 1700: NLL=0.3224, MSE=0.3224, grad=0.39, lr=6.32e-03
2026-01-13 06:09:29,990 - cadence_hepg2_all_v2 - INFO - ================================================================================
2026-01-13 06:09:29,990 - cadence_hepg2_all_v2 - INFO - EPOCH 17 SUMMARY 
2026-01-13 06:09:29,990 - cadence_hepg2_all_v2 - INFO - ================================================================================
2026-01-13 06:09:29,991 - cadence_hepg2_all_v2 - INFO - [TRAIN] NLL: 0.3295 | MSE: 0.3295 | r: 0.8190 | rho: 0.7939 | R2: 0.6703 | RMSE: 0.4553
2026-01-13 06:09:29,991 - cadence_hepg2_all_v2 - INFO - [VAL]   NLL: 0.4478 | MSE: 0.4478 | r: 0.7382 | rho: 0.7325 | R2: 0.5447 | RMSE: 0.5308
2026-01-13 06:09:29,991 - cadence_hepg2_all_v2 - INFO - --------------------------------------------------------------------------------
2026-01-13 06:09:29,991 - cadence_hepg2_all_v2 - INFO -   [VAL] encode4_hepg2:
2026-01-13 06:09:29,991 - cadence_hepg2_all_v2 - INFO -     activity: r=0.7382 | rho=0.7325 | R2=0.5447 | RMSE=0.5308 | MAE=0.3970
2026-01-13 06:09:29,992 - cadence_hepg2_all_v2 - INFO - ================================================================================
2026-01-13 06:09:30,546 - cadence_hepg2_all_v2 - INFO - Epoch 17 completed in 75.2s
2026-01-13 06:10:12,522 - cadence_hepg2_all_v2 - INFO - Step 1800: NLL=0.3114, MSE=0.3114, grad=0.35, lr=5.55e-03
2026-01-13 06:10:42,985 - cadence_hepg2_all_v2 - INFO - ================================================================================
2026-01-13 06:10:42,985 - cadence_hepg2_all_v2 - INFO - EPOCH 18 SUMMARY 
2026-01-13 06:10:42,985 - cadence_hepg2_all_v2 - INFO - ================================================================================
2026-01-13 06:10:42,985 - cadence_hepg2_all_v2 - INFO - [TRAIN] NLL: 0.3213 | MSE: 0.3213 | r: 0.8293 | rho: 0.7989 | R2: 0.6786 | RMSE: 0.4496
2026-01-13 06:10:42,985 - cadence_hepg2_all_v2 - INFO - [VAL]   NLL: 0.4251 | MSE: 0.4251 | r: 0.7552 | rho: 0.7390 | R2: 0.5678 | RMSE: 0.5172
2026-01-13 06:10:42,985 - cadence_hepg2_all_v2 - INFO - --------------------------------------------------------------------------------
2026-01-13 06:10:42,986 - cadence_hepg2_all_v2 - INFO -   [VAL] encode4_hepg2:
2026-01-13 06:10:42,986 - cadence_hepg2_all_v2 - INFO -     activity: r=0.7552 | rho=0.7390 | R2=0.5678 | RMSE=0.5172 | MAE=0.3898
2026-01-13 06:10:42,986 - cadence_hepg2_all_v2 - INFO - ================================================================================
2026-01-13 06:10:43,608 - cadence_hepg2_all_v2 - INFO - Epoch 18 completed in 73.1s
2026-01-13 06:11:30,977 - cadence_hepg2_all_v2 - INFO - Step 1900: NLL=0.2979, MSE=0.2979, grad=0.33, lr=4.77e-03
2026-01-13 06:12:01,498 - cadence_hepg2_all_v2 - INFO - ================================================================================
2026-01-13 06:12:01,498 - cadence_hepg2_all_v2 - INFO - EPOCH 19 SUMMARY (BEST)
2026-01-13 06:12:01,499 - cadence_hepg2_all_v2 - INFO - ================================================================================
2026-01-13 06:12:01,499 - cadence_hepg2_all_v2 - INFO - [TRAIN] NLL: 0.2996 | MSE: 0.2996 | r: 0.8410 | rho: 0.8113 | R2: 0.7002 | RMSE: 0.4342
2026-01-13 06:12:01,499 - cadence_hepg2_all_v2 - INFO - [VAL]   NLL: 0.4199 | MSE: 0.4199 | r: 0.7584 | rho: 0.7441 | R2: 0.5731 | RMSE: 0.5140
2026-01-13 06:12:01,499 - cadence_hepg2_all_v2 - INFO - --------------------------------------------------------------------------------
2026-01-13 06:12:01,500 - cadence_hepg2_all_v2 - INFO -   [VAL] encode4_hepg2:
2026-01-13 06:12:01,500 - cadence_hepg2_all_v2 - INFO -     activity: r=0.7584 | rho=0.7441 | R2=0.5731 | RMSE=0.5140 | MAE=0.3893
2026-01-13 06:12:01,500 - cadence_hepg2_all_v2 - INFO - ================================================================================
2026-01-13 06:12:02,519 - cadence_hepg2_all_v2 - INFO - Epoch 19 completed in 78.9s
2026-01-13 06:12:53,134 - cadence_hepg2_all_v2 - INFO - Step 2000: NLL=0.2932, MSE=0.2932, grad=0.30, lr=4.00e-03
2026-01-13 06:13:18,100 - cadence_hepg2_all_v2 - INFO - ================================================================================
2026-01-13 06:13:18,100 - cadence_hepg2_all_v2 - INFO - EPOCH 20 SUMMARY 
2026-01-13 06:13:18,100 - cadence_hepg2_all_v2 - INFO - ================================================================================
2026-01-13 06:13:18,100 - cadence_hepg2_all_v2 - INFO - [TRAIN] NLL: 0.2946 | MSE: 0.2946 | r: 0.8402 | rho: 0.8107 | R2: 0.7053 | RMSE: 0.4305
2026-01-13 06:13:18,101 - cadence_hepg2_all_v2 - INFO - [VAL]   NLL: 0.4392 | MSE: 0.4392 | r: 0.7470 | rho: 0.7341 | R2: 0.5535 | RMSE: 0.5256
2026-01-13 06:13:18,101 - cadence_hepg2_all_v2 - INFO - --------------------------------------------------------------------------------
2026-01-13 06:13:18,101 - cadence_hepg2_all_v2 - INFO -   [VAL] encode4_hepg2:
2026-01-13 06:13:18,101 - cadence_hepg2_all_v2 - INFO -     activity: r=0.7470 | rho=0.7341 | R2=0.5535 | RMSE=0.5256 | MAE=0.3890
2026-01-13 06:13:18,101 - cadence_hepg2_all_v2 - INFO - ================================================================================
2026-01-13 06:13:18,644 - cadence_hepg2_all_v2 - INFO - Epoch 20 completed in 76.1s
2026-01-13 06:14:08,408 - cadence_hepg2_all_v2 - INFO - Step 2100: NLL=0.2754, MSE=0.2754, grad=0.33, lr=3.25e-03
2026-01-13 06:14:30,662 - cadence_hepg2_all_v2 - INFO - ================================================================================
2026-01-13 06:14:30,662 - cadence_hepg2_all_v2 - INFO - EPOCH 21 SUMMARY (BEST)
2026-01-13 06:14:30,662 - cadence_hepg2_all_v2 - INFO - ================================================================================
2026-01-13 06:14:30,663 - cadence_hepg2_all_v2 - INFO - [TRAIN] NLL: 0.2518 | MSE: 0.2518 | r: 0.8650 | rho: 0.8381 | R2: 0.7481 | RMSE: 0.3980
2026-01-13 06:14:30,663 - cadence_hepg2_all_v2 - INFO - [VAL]   NLL: 0.4078 | MSE: 0.4078 | r: 0.7697 | rho: 0.7582 | R2: 0.5855 | RMSE: 0.5065
2026-01-13 06:14:30,663 - cadence_hepg2_all_v2 - INFO - --------------------------------------------------------------------------------
2026-01-13 06:14:30,663 - cadence_hepg2_all_v2 - INFO -   [VAL] encode4_hepg2:
2026-01-13 06:14:30,663 - cadence_hepg2_all_v2 - INFO -     activity: r=0.7697 | rho=0.7582 | R2=0.5855 | RMSE=0.5065 | MAE=0.3792
2026-01-13 06:14:30,663 - cadence_hepg2_all_v2 - INFO - ================================================================================
2026-01-13 06:14:31,561 - cadence_hepg2_all_v2 - INFO - Epoch 21 completed in 72.9s
2026-01-13 06:15:28,592 - cadence_hepg2_all_v2 - INFO - Step 2200: NLL=0.2366, MSE=0.2366, grad=0.29, lr=2.55e-03
2026-01-13 06:15:50,696 - cadence_hepg2_all_v2 - INFO - ================================================================================
2026-01-13 06:15:50,696 - cadence_hepg2_all_v2 - INFO - EPOCH 22 SUMMARY 
2026-01-13 06:15:50,696 - cadence_hepg2_all_v2 - INFO - ================================================================================
2026-01-13 06:15:50,696 - cadence_hepg2_all_v2 - INFO - [TRAIN] NLL: 0.2646 | MSE: 0.2646 | r: 0.8646 | rho: 0.8380 | R2: 0.7352 | RMSE: 0.4080
2026-01-13 06:15:50,696 - cadence_hepg2_all_v2 - INFO - [VAL]   NLL: 0.4175 | MSE: 0.4175 | r: 0.7669 | rho: 0.7522 | R2: 0.5755 | RMSE: 0.5125
2026-01-13 06:15:50,696 - cadence_hepg2_all_v2 - INFO - --------------------------------------------------------------------------------
2026-01-13 06:15:50,697 - cadence_hepg2_all_v2 - INFO -   [VAL] encode4_hepg2:
2026-01-13 06:15:50,697 - cadence_hepg2_all_v2 - INFO -     activity: r=0.7669 | rho=0.7522 | R2=0.5755 | RMSE=0.5125 | MAE=0.3765
2026-01-13 06:15:50,697 - cadence_hepg2_all_v2 - INFO - ================================================================================
2026-01-13 06:15:51,193 - cadence_hepg2_all_v2 - INFO - Epoch 22 completed in 79.6s
2026-01-13 06:16:45,112 - cadence_hepg2_all_v2 - INFO - Step 2300: NLL=0.2081, MSE=0.2081, grad=0.31, lr=1.90e-03
2026-01-13 06:17:03,288 - cadence_hepg2_all_v2 - INFO - ================================================================================
2026-01-13 06:17:03,288 - cadence_hepg2_all_v2 - INFO - EPOCH 23 SUMMARY (BEST)
2026-01-13 06:17:03,289 - cadence_hepg2_all_v2 - INFO - ================================================================================
2026-01-13 06:17:03,289 - cadence_hepg2_all_v2 - INFO - [TRAIN] NLL: 0.2187 | MSE: 0.2187 | r: 0.8859 | rho: 0.8584 | R2: 0.7812 | RMSE: 0.3709
2026-01-13 06:17:03,289 - cadence_hepg2_all_v2 - INFO - [VAL]   NLL: 0.3985 | MSE: 0.3985 | r: 0.7728 | rho: 0.7574 | R2: 0.5949 | RMSE: 0.5007
2026-01-13 06:17:03,289 - cadence_hepg2_all_v2 - INFO - --------------------------------------------------------------------------------
2026-01-13 06:17:03,290 - cadence_hepg2_all_v2 - INFO -   [VAL] encode4_hepg2:
2026-01-13 06:17:03,290 - cadence_hepg2_all_v2 - INFO -     activity: r=0.7728 | rho=0.7574 | R2=0.5949 | RMSE=0.5007 | MAE=0.3719
2026-01-13 06:17:03,290 - cadence_hepg2_all_v2 - INFO - ================================================================================
2026-01-13 06:17:04,232 - cadence_hepg2_all_v2 - INFO - Epoch 23 completed in 73.0s
2026-01-13 06:18:01,394 - cadence_hepg2_all_v2 - INFO - Step 2400: NLL=0.2208, MSE=0.2208, grad=0.44, lr=1.33e-03
2026-01-13 06:18:18,365 - cadence_hepg2_all_v2 - INFO - ================================================================================
2026-01-13 06:18:18,366 - cadence_hepg2_all_v2 - INFO - EPOCH 24 SUMMARY (BEST)
2026-01-13 06:18:18,366 - cadence_hepg2_all_v2 - INFO - ================================================================================
2026-01-13 06:18:18,366 - cadence_hepg2_all_v2 - INFO - [TRAIN] NLL: 0.2232 | MSE: 0.2232 | r: 0.8931 | rho: 0.8647 | R2: 0.7767 | RMSE: 0.3747
2026-01-13 06:18:18,366 - cadence_hepg2_all_v2 - INFO - [VAL]   NLL: 0.4131 | MSE: 0.4131 | r: 0.7755 | rho: 0.7595 | R2: 0.5800 | RMSE: 0.5098
2026-01-13 06:18:18,367 - cadence_hepg2_all_v2 - INFO - --------------------------------------------------------------------------------
2026-01-13 06:18:18,367 - cadence_hepg2_all_v2 - INFO -   [VAL] encode4_hepg2:
2026-01-13 06:18:18,367 - cadence_hepg2_all_v2 - INFO -     activity: r=0.7755 | rho=0.7595 | R2=0.5800 | RMSE=0.5098 | MAE=0.3762
2026-01-13 06:18:18,367 - cadence_hepg2_all_v2 - INFO - ================================================================================
2026-01-13 06:18:19,540 - cadence_hepg2_all_v2 - INFO - Epoch 24 completed in 75.3s
2026-01-13 06:19:29,528 - cadence_hepg2_all_v2 - INFO - ================================================================================
2026-01-13 06:19:29,528 - cadence_hepg2_all_v2 - INFO - EPOCH 25 SUMMARY (BEST)
2026-01-13 06:19:29,529 - cadence_hepg2_all_v2 - INFO - ================================================================================
2026-01-13 06:19:29,529 - cadence_hepg2_all_v2 - INFO - [TRAIN] NLL: 0.1910 | MSE: 0.1910 | r: 0.9012 | rho: 0.8741 | R2: 0.8088 | RMSE: 0.3467
2026-01-13 06:19:29,529 - cadence_hepg2_all_v2 - INFO - [VAL]   NLL: 0.4009 | MSE: 0.4009 | r: 0.7777 | rho: 0.7637 | R2: 0.5925 | RMSE: 0.5022
2026-01-13 06:19:29,530 - cadence_hepg2_all_v2 - INFO - --------------------------------------------------------------------------------
2026-01-13 06:19:29,530 - cadence_hepg2_all_v2 - INFO -   [VAL] encode4_hepg2:
2026-01-13 06:19:29,530 - cadence_hepg2_all_v2 - INFO -     activity: r=0.7777 | rho=0.7637 | R2=0.5925 | RMSE=0.5022 | MAE=0.3759
2026-01-13 06:19:29,531 - cadence_hepg2_all_v2 - INFO - ================================================================================
2026-01-13 06:19:30,505 - cadence_hepg2_all_v2 - INFO - Epoch 25 completed in 71.0s
2026-01-13 06:19:34,301 - cadence_hepg2_all_v2 - INFO - Step 2500: NLL=0.1879, MSE=0.1879, grad=0.29, lr=8.47e-04
2026-01-13 06:20:43,082 - cadence_hepg2_all_v2 - INFO - ================================================================================
2026-01-13 06:20:43,082 - cadence_hepg2_all_v2 - INFO - EPOCH 26 SUMMARY (BEST)
2026-01-13 06:20:43,082 - cadence_hepg2_all_v2 - INFO - ================================================================================
2026-01-13 06:20:43,082 - cadence_hepg2_all_v2 - INFO - [TRAIN] NLL: 0.1778 | MSE: 0.1778 | r: 0.9073 | rho: 0.8807 | R2: 0.8221 | RMSE: 0.3345
2026-01-13 06:20:43,083 - cadence_hepg2_all_v2 - INFO - [VAL]   NLL: 0.3913 | MSE: 0.3913 | r: 0.7801 | rho: 0.7645 | R2: 0.6022 | RMSE: 0.4961
2026-01-13 06:20:43,083 - cadence_hepg2_all_v2 - INFO - --------------------------------------------------------------------------------
2026-01-13 06:20:43,083 - cadence_hepg2_all_v2 - INFO -   [VAL] encode4_hepg2:
2026-01-13 06:20:43,083 - cadence_hepg2_all_v2 - INFO -     activity: r=0.7801 | rho=0.7645 | R2=0.6022 | RMSE=0.4961 | MAE=0.3681
2026-01-13 06:20:43,084 - cadence_hepg2_all_v2 - INFO - ================================================================================
2026-01-13 06:20:44,211 - cadence_hepg2_all_v2 - INFO - Epoch 26 completed in 73.7s
2026-01-13 06:20:50,228 - cadence_hepg2_all_v2 - INFO - Step 2600: NLL=0.1871, MSE=0.1871, grad=0.32, lr=4.65e-04
2026-01-13 06:21:59,027 - cadence_hepg2_all_v2 - INFO - ================================================================================
2026-01-13 06:21:59,028 - cadence_hepg2_all_v2 - INFO - EPOCH 27 SUMMARY (BEST)
2026-01-13 06:21:59,028 - cadence_hepg2_all_v2 - INFO - ================================================================================
2026-01-13 06:21:59,028 - cadence_hepg2_all_v2 - INFO - [TRAIN] NLL: 0.1699 | MSE: 0.1699 | r: 0.9111 | rho: 0.8845 | R2: 0.8300 | RMSE: 0.3269
2026-01-13 06:21:59,028 - cadence_hepg2_all_v2 - INFO - [VAL]   NLL: 0.3895 | MSE: 0.3895 | r: 0.7808 | rho: 0.7655 | R2: 0.6040 | RMSE: 0.4950
2026-01-13 06:21:59,029 - cadence_hepg2_all_v2 - INFO - --------------------------------------------------------------------------------
2026-01-13 06:21:59,029 - cadence_hepg2_all_v2 - INFO -   [VAL] encode4_hepg2:
2026-01-13 06:21:59,029 - cadence_hepg2_all_v2 - INFO -     activity: r=0.7808 | rho=0.7655 | R2=0.6040 | RMSE=0.4950 | MAE=0.3686
2026-01-13 06:21:59,029 - cadence_hepg2_all_v2 - INFO - ================================================================================
2026-01-13 06:22:00,012 - cadence_hepg2_all_v2 - INFO - Epoch 27 completed in 75.8s
2026-01-13 06:22:09,187 - cadence_hepg2_all_v2 - INFO - Step 2700: NLL=0.1573, MSE=0.1573, grad=0.30, lr=1.93e-04
2026-01-13 06:23:16,896 - cadence_hepg2_all_v2 - INFO - ================================================================================
2026-01-13 06:23:16,896 - cadence_hepg2_all_v2 - INFO - EPOCH 28 SUMMARY 
2026-01-13 06:23:16,896 - cadence_hepg2_all_v2 - INFO - ================================================================================
2026-01-13 06:23:16,897 - cadence_hepg2_all_v2 - INFO - [TRAIN] NLL: 0.1659 | MSE: 0.1659 | r: 0.9133 | rho: 0.8870 | R2: 0.8340 | RMSE: 0.3231
2026-01-13 06:23:16,897 - cadence_hepg2_all_v2 - INFO - [VAL]   NLL: 0.3900 | MSE: 0.3900 | r: 0.7806 | rho: 0.7649 | R2: 0.6035 | RMSE: 0.4953
2026-01-13 06:23:16,897 - cadence_hepg2_all_v2 - INFO - --------------------------------------------------------------------------------
2026-01-13 06:23:16,897 - cadence_hepg2_all_v2 - INFO -   [VAL] encode4_hepg2:
2026-01-13 06:23:16,898 - cadence_hepg2_all_v2 - INFO -     activity: r=0.7806 | rho=0.7649 | R2=0.6035 | RMSE=0.4953 | MAE=0.3689
2026-01-13 06:23:16,898 - cadence_hepg2_all_v2 - INFO - ================================================================================
2026-01-13 06:23:17,409 - cadence_hepg2_all_v2 - INFO - Epoch 28 completed in 77.4s
2026-01-13 06:23:28,121 - cadence_hepg2_all_v2 - INFO - Step 2800: NLL=0.1692, MSE=0.1692, grad=0.29, lr=3.79e-05
2026-01-13 06:24:31,079 - cadence_hepg2_all_v2 - INFO - ================================================================================
2026-01-13 06:24:31,079 - cadence_hepg2_all_v2 - INFO - EPOCH 29 SUMMARY (BEST)
2026-01-13 06:24:31,080 - cadence_hepg2_all_v2 - INFO - ================================================================================
2026-01-13 06:24:31,080 - cadence_hepg2_all_v2 - INFO - [TRAIN] NLL: 0.1659 | MSE: 0.1659 | r: 0.9133 | rho: 0.8869 | R2: 0.8340 | RMSE: 0.3230
2026-01-13 06:24:31,080 - cadence_hepg2_all_v2 - INFO - [VAL]   NLL: 0.3893 | MSE: 0.3893 | r: 0.7808 | rho: 0.7650 | R2: 0.6043 | RMSE: 0.4949
2026-01-13 06:24:31,080 - cadence_hepg2_all_v2 - INFO - --------------------------------------------------------------------------------
2026-01-13 06:24:31,081 - cadence_hepg2_all_v2 - INFO -   [VAL] encode4_hepg2:
2026-01-13 06:24:31,081 - cadence_hepg2_all_v2 - INFO -     activity: r=0.7808 | rho=0.7650 | R2=0.6043 | RMSE=0.4949 | MAE=0.3686
2026-01-13 06:24:31,081 - cadence_hepg2_all_v2 - INFO - ================================================================================
2026-01-13 06:24:32,237 - cadence_hepg2_all_v2 - INFO - Epoch 29 completed in 74.8s
2026-01-13 06:24:32,237 - cadence_hepg2_all_v2 - INFO - Training complete. Running final evaluation...
2026-01-13 06:24:35,804 - cadence_hepg2_all_v2 - INFO - 
============================================================
2026-01-13 06:24:35,804 - cadence_hepg2_all_v2 - INFO - Evaluating on TEST sets...
2026-01-13 06:24:35,805 - cadence_hepg2_all_v2 - INFO - ============================================================
2026-01-13 06:24:35,806 - cadence_hepg2_all_v2 - INFO -   Evaluating encode4_hepg2 (test)...
2026-01-13 06:24:38,659 - cadence_hepg2_all_v2 - INFO -     activity: r=0.7727, rho=0.7565, R2=0.5900, RMSE=0.6324 (n=13953)
2026-01-13 06:24:38,660 - cadence_hepg2_all_v2 - INFO - 
============================================================
2026-01-13 06:24:38,660 - cadence_hepg2_all_v2 - INFO - Evaluating on CALIBRATION sets...
2026-01-13 06:24:38,660 - cadence_hepg2_all_v2 - INFO - ============================================================
2026-01-13 06:24:38,661 - cadence_hepg2_all_v2 - INFO -   Evaluating encode4_hepg2 (calibration)...
2026-01-13 06:24:41,172 - cadence_hepg2_all_v2 - INFO -     activity: r=0.7766, rho=0.7593, R2=0.5978, RMSE=0.6404 (n=14002)
2026-01-13 06:24:41,173 - cadence_hepg2_all_v2 - INFO - Results saved to results/cadence_hepg2_all_v2/final_results.json
