2026-01-13 04:38:43,731 - cadence_k562_v2 - INFO - Experiment: cadence_k562_v2
2026-01-13 04:38:43,731 - cadence_k562_v2 - INFO - Output directory: results/cadence_k562_v2
2026-01-13 04:38:43,732 - cadence_k562_v2 - INFO - Starting training...
2026-01-13 04:38:43,732 - cadence_k562_v2 - INFO - Config: config1_single_celltype
2026-01-13 04:38:43,732 - cadence_k562_v2 - INFO - Setting up datasets...
2026-01-13 04:39:20,547 - cadence_k562_v2 - INFO - Experiment: cadence_k562_v2
2026-01-13 04:39:20,547 - cadence_k562_v2 - INFO - Output directory: results/cadence_k562_v2
2026-01-13 04:39:20,561 - cadence_k562_v2 - INFO - Starting training...
2026-01-13 04:39:20,561 - cadence_k562_v2 - INFO - Config: config1_single_celltype
2026-01-13 04:39:20,561 - cadence_k562_v2 - INFO - Setting up datasets...
2026-01-13 04:44:17,948 - cadence_k562_v2 - INFO - Dataset sizes: {'encode4_k562': 158377}
2026-01-13 04:44:17,949 - cadence_k562_v2 - INFO - Using standard global index sampling...
2026-01-13 04:45:16,065 - cadence_k562_v2 - INFO -   encode4_k562: val set loaded
2026-01-13 04:51:06,622 - cadence_k562_v2 - INFO -   encode4_k562: test set loaded (22631 samples)
2026-01-13 04:51:48,849 - cadence_k562_v2 - INFO -   encode4_k562: calibration set loaded (22633 samples)
2026-01-13 04:51:48,860 - cadence_k562_v2 - INFO - Data setup complete
2026-01-13 04:51:48,860 - cadence_k562_v2 - INFO - Setting up model...
2026-01-13 04:51:50,567 - cadence_k562_v2 - INFO - Model parameters: 1,322,465 (1,322,465 trainable)
2026-01-13 04:51:56,046 - cadence_k562_v2 - INFO - OneCycleLR: 4650 total steps, initial_lr=0.000400, max_lr=0.01
2026-01-13 04:51:56,046 - cadence_k562_v2 - INFO - Model setup complete
2026-01-13 04:52:38,682 - cadence_k562_v2 - INFO - Step 100: NLL=0.6265, MSE=0.6265, grad=1.73, lr=5.21e-04
2026-01-13 04:53:10,238 - cadence_k562_v2 - INFO - ================================================================================
2026-01-13 04:53:10,239 - cadence_k562_v2 - INFO - EPOCH 0 SUMMARY (BEST)
2026-01-13 04:53:10,239 - cadence_k562_v2 - INFO - ================================================================================
2026-01-13 04:53:10,239 - cadence_k562_v2 - INFO - [TRAIN] NLL: 0.6202 | MSE: 0.6202 | r: 0.6187 | rho: 0.5451 | R2: 0.3752 | RMSE: 0.4150
2026-01-13 04:53:10,239 - cadence_k562_v2 - INFO - [VAL]   NLL: 0.6757 | MSE: 0.6757 | r: 0.5841 | rho: 0.5120 | R2: 0.3286 | RMSE: 0.4332
2026-01-13 04:53:10,240 - cadence_k562_v2 - INFO - --------------------------------------------------------------------------------
2026-01-13 04:53:10,240 - cadence_k562_v2 - INFO -   [VAL] encode4_k562:
2026-01-13 04:53:10,240 - cadence_k562_v2 - INFO -     activity: r=0.5841 | rho=0.5120 | R2=0.3286 | RMSE=0.4332 | MAE=0.3241
2026-01-13 04:53:10,240 - cadence_k562_v2 - INFO - ================================================================================
2026-01-13 04:53:10,493 - cadence_k562_v2 - INFO - Epoch 0 completed in 74.4s
2026-01-13 04:53:29,375 - cadence_k562_v2 - INFO - Step 200: NLL=0.5846, MSE=0.5846, grad=1.35, lr=8.79e-04
2026-01-13 04:54:06,480 - cadence_k562_v2 - INFO - Step 300: NLL=0.6019, MSE=0.6019, grad=1.63, lr=1.46e-03
2026-01-13 04:54:24,152 - cadence_k562_v2 - INFO - ================================================================================
2026-01-13 04:54:24,152 - cadence_k562_v2 - INFO - EPOCH 1 SUMMARY (BEST)
2026-01-13 04:54:24,152 - cadence_k562_v2 - INFO - ================================================================================
2026-01-13 04:54:24,152 - cadence_k562_v2 - INFO - [TRAIN] NLL: 0.6568 | MSE: 0.6568 | r: 0.6531 | rho: 0.5762 | R2: 0.3383 | RMSE: 0.4271
2026-01-13 04:54:24,153 - cadence_k562_v2 - INFO - [VAL]   NLL: 0.7164 | MSE: 0.7164 | r: 0.6323 | rho: 0.5632 | R2: 0.2881 | RMSE: 0.4461
2026-01-13 04:54:24,153 - cadence_k562_v2 - INFO - --------------------------------------------------------------------------------
2026-01-13 04:54:24,153 - cadence_k562_v2 - INFO -   [VAL] encode4_k562:
2026-01-13 04:54:24,153 - cadence_k562_v2 - INFO -     activity: r=0.6323 | rho=0.5632 | R2=0.2881 | RMSE=0.4461 | MAE=0.3302
2026-01-13 04:54:24,153 - cadence_k562_v2 - INFO - ================================================================================
2026-01-13 04:54:24,548 - cadence_k562_v2 - INFO - Epoch 1 completed in 74.1s
2026-01-13 04:55:00,472 - cadence_k562_v2 - INFO - Step 400: NLL=0.5301, MSE=0.5301, grad=1.16, lr=2.22e-03
2026-01-13 04:55:36,532 - cadence_k562_v2 - INFO - ================================================================================
2026-01-13 04:55:36,533 - cadence_k562_v2 - INFO - EPOCH 2 SUMMARY (BEST)
2026-01-13 04:55:36,533 - cadence_k562_v2 - INFO - ================================================================================
2026-01-13 04:55:36,533 - cadence_k562_v2 - INFO - [TRAIN] NLL: 0.5337 | MSE: 0.5337 | r: 0.7058 | rho: 0.6469 | R2: 0.4623 | RMSE: 0.3850
2026-01-13 04:55:36,533 - cadence_k562_v2 - INFO - [VAL]   NLL: 0.5712 | MSE: 0.5712 | r: 0.6858 | rho: 0.6297 | R2: 0.4324 | RMSE: 0.3983
2026-01-13 04:55:36,534 - cadence_k562_v2 - INFO - --------------------------------------------------------------------------------
2026-01-13 04:55:36,534 - cadence_k562_v2 - INFO -   [VAL] encode4_k562:
2026-01-13 04:55:36,534 - cadence_k562_v2 - INFO -     activity: r=0.6858 | rho=0.6297 | R2=0.4324 | RMSE=0.3983 | MAE=0.3061
2026-01-13 04:55:36,534 - cadence_k562_v2 - INFO - ================================================================================
2026-01-13 04:55:36,914 - cadence_k562_v2 - INFO - Epoch 2 completed in 72.4s
2026-01-13 04:55:51,948 - cadence_k562_v2 - INFO - Step 500: NLL=0.4852, MSE=0.4852, grad=0.77, lr=3.14e-03
2026-01-13 04:56:27,915 - cadence_k562_v2 - INFO - Step 600: NLL=0.4761, MSE=0.4761, grad=0.63, lr=4.16e-03
2026-01-13 04:56:48,941 - cadence_k562_v2 - INFO - ================================================================================
2026-01-13 04:56:48,942 - cadence_k562_v2 - INFO - EPOCH 3 SUMMARY 
2026-01-13 04:56:48,942 - cadence_k562_v2 - INFO - ================================================================================
2026-01-13 04:56:48,942 - cadence_k562_v2 - INFO - [TRAIN] NLL: 0.5507 | MSE: 0.5507 | r: 0.7132 | rho: 0.6465 | R2: 0.4452 | RMSE: 0.3911
2026-01-13 04:56:48,942 - cadence_k562_v2 - INFO - [VAL]   NLL: 0.6040 | MSE: 0.6040 | r: 0.6842 | rho: 0.6196 | R2: 0.3999 | RMSE: 0.4096
2026-01-13 04:56:48,943 - cadence_k562_v2 - INFO - --------------------------------------------------------------------------------
2026-01-13 04:56:48,943 - cadence_k562_v2 - INFO -   [VAL] encode4_k562:
2026-01-13 04:56:48,943 - cadence_k562_v2 - INFO -     activity: r=0.6842 | rho=0.6196 | R2=0.3999 | RMSE=0.4096 | MAE=0.3086
2026-01-13 04:56:48,943 - cadence_k562_v2 - INFO - ================================================================================
2026-01-13 04:56:49,154 - cadence_k562_v2 - INFO - Epoch 3 completed in 72.2s
2026-01-13 04:57:19,756 - cadence_k562_v2 - INFO - Step 700: NLL=0.4445, MSE=0.4445, grad=0.73, lr=5.23e-03
2026-01-13 04:58:03,405 - cadence_k562_v2 - INFO - ================================================================================
2026-01-13 04:58:03,405 - cadence_k562_v2 - INFO - EPOCH 4 SUMMARY (BEST)
2026-01-13 04:58:03,406 - cadence_k562_v2 - INFO - ================================================================================
2026-01-13 04:58:03,406 - cadence_k562_v2 - INFO - [TRAIN] NLL: 0.5239 | MSE: 0.5239 | r: 0.7161 | rho: 0.6557 | R2: 0.4722 | RMSE: 0.3814
2026-01-13 04:58:03,406 - cadence_k562_v2 - INFO - [VAL]   NLL: 0.5910 | MSE: 0.5910 | r: 0.6913 | rho: 0.6298 | R2: 0.4128 | RMSE: 0.4052
2026-01-13 04:58:03,406 - cadence_k562_v2 - INFO - --------------------------------------------------------------------------------
2026-01-13 04:58:03,407 - cadence_k562_v2 - INFO -   [VAL] encode4_k562:
2026-01-13 04:58:03,407 - cadence_k562_v2 - INFO -     activity: r=0.6913 | rho=0.6298 | R2=0.4128 | RMSE=0.4052 | MAE=0.3122
2026-01-13 04:58:03,407 - cadence_k562_v2 - INFO - ================================================================================
2026-01-13 04:58:03,772 - cadence_k562_v2 - INFO - Epoch 4 completed in 74.6s
2026-01-13 04:58:15,726 - cadence_k562_v2 - INFO - Step 800: NLL=0.4537, MSE=0.4537, grad=0.44, lr=6.30e-03
2026-01-13 04:58:53,479 - cadence_k562_v2 - INFO - Step 900: NLL=0.4814, MSE=0.4814, grad=0.71, lr=7.32e-03
2026-01-13 04:59:19,221 - cadence_k562_v2 - INFO - ================================================================================
2026-01-13 04:59:19,222 - cadence_k562_v2 - INFO - EPOCH 5 SUMMARY (BEST)
2026-01-13 04:59:19,222 - cadence_k562_v2 - INFO - ================================================================================
2026-01-13 04:59:19,222 - cadence_k562_v2 - INFO - [TRAIN] NLL: 0.4858 | MSE: 0.4858 | r: 0.7407 | rho: 0.6819 | R2: 0.5105 | RMSE: 0.3673
2026-01-13 04:59:19,222 - cadence_k562_v2 - INFO - [VAL]   NLL: 0.5112 | MSE: 0.5112 | r: 0.7223 | rho: 0.6696 | R2: 0.4921 | RMSE: 0.3768
2026-01-13 04:59:19,223 - cadence_k562_v2 - INFO - --------------------------------------------------------------------------------
2026-01-13 04:59:19,223 - cadence_k562_v2 - INFO -   [VAL] encode4_k562:
2026-01-13 04:59:19,223 - cadence_k562_v2 - INFO -     activity: r=0.7223 | rho=0.6696 | R2=0.4921 | RMSE=0.3768 | MAE=0.2956
2026-01-13 04:59:19,223 - cadence_k562_v2 - INFO - ================================================================================
2026-01-13 04:59:19,689 - cadence_k562_v2 - INFO - Epoch 5 completed in 75.9s
2026-01-13 04:59:47,510 - cadence_k562_v2 - INFO - Step 1000: NLL=0.4653, MSE=0.4653, grad=0.34, lr=8.23e-03
2026-01-13 05:00:26,718 - cadence_k562_v2 - INFO - ================================================================================
2026-01-13 05:00:26,719 - cadence_k562_v2 - INFO - EPOCH 6 SUMMARY (BEST)
2026-01-13 05:00:26,719 - cadence_k562_v2 - INFO - ================================================================================
2026-01-13 05:00:26,719 - cadence_k562_v2 - INFO - [TRAIN] NLL: 0.4425 | MSE: 0.4425 | r: 0.7498 | rho: 0.6906 | R2: 0.5542 | RMSE: 0.3506
2026-01-13 05:00:26,719 - cadence_k562_v2 - INFO - [VAL]   NLL: 0.4844 | MSE: 0.4844 | r: 0.7267 | rho: 0.6712 | R2: 0.5187 | RMSE: 0.3668
2026-01-13 05:00:26,719 - cadence_k562_v2 - INFO - --------------------------------------------------------------------------------
2026-01-13 05:00:26,719 - cadence_k562_v2 - INFO -   [VAL] encode4_k562:
2026-01-13 05:00:26,719 - cadence_k562_v2 - INFO -     activity: r=0.7267 | rho=0.6712 | R2=0.5187 | RMSE=0.3668 | MAE=0.2748
2026-01-13 05:00:26,719 - cadence_k562_v2 - INFO - ================================================================================
2026-01-13 05:00:27,115 - cadence_k562_v2 - INFO - Epoch 6 completed in 67.4s
2026-01-13 05:00:34,184 - cadence_k562_v2 - INFO - Step 1100: NLL=0.4139, MSE=0.4139, grad=0.32, lr=8.98e-03
2026-01-13 05:01:11,539 - cadence_k562_v2 - INFO - Step 1200: NLL=0.4508, MSE=0.4508, grad=0.31, lr=9.55e-03
2026-01-13 05:01:41,484 - cadence_k562_v2 - INFO - ================================================================================
2026-01-13 05:01:41,485 - cadence_k562_v2 - INFO - EPOCH 7 SUMMARY 
2026-01-13 05:01:41,485 - cadence_k562_v2 - INFO - ================================================================================
2026-01-13 05:01:41,485 - cadence_k562_v2 - INFO - [TRAIN] NLL: 0.4429 | MSE: 0.4429 | r: 0.7449 | rho: 0.6882 | R2: 0.5537 | RMSE: 0.3508
2026-01-13 05:01:41,485 - cadence_k562_v2 - INFO - [VAL]   NLL: 0.4892 | MSE: 0.4892 | r: 0.7184 | rho: 0.6647 | R2: 0.5139 | RMSE: 0.3686
2026-01-13 05:01:41,486 - cadence_k562_v2 - INFO - --------------------------------------------------------------------------------
2026-01-13 05:01:41,486 - cadence_k562_v2 - INFO -   [VAL] encode4_k562:
2026-01-13 05:01:41,486 - cadence_k562_v2 - INFO -     activity: r=0.7184 | rho=0.6647 | R2=0.5139 | RMSE=0.3686 | MAE=0.2758
2026-01-13 05:01:41,486 - cadence_k562_v2 - INFO - ================================================================================
2026-01-13 05:01:41,665 - cadence_k562_v2 - INFO - Epoch 7 completed in 74.5s
2026-01-13 05:02:05,760 - cadence_k562_v2 - INFO - Step 1300: NLL=0.4256, MSE=0.4256, grad=0.28, lr=9.89e-03
2026-01-13 05:02:58,167 - cadence_k562_v2 - INFO - ================================================================================
2026-01-13 05:02:58,167 - cadence_k562_v2 - INFO - EPOCH 8 SUMMARY (BEST)
2026-01-13 05:02:58,167 - cadence_k562_v2 - INFO - ================================================================================
2026-01-13 05:02:58,167 - cadence_k562_v2 - INFO - [TRAIN] NLL: 0.4283 | MSE: 0.4283 | r: 0.7628 | rho: 0.7061 | R2: 0.5685 | RMSE: 0.3449
2026-01-13 05:02:58,168 - cadence_k562_v2 - INFO - [VAL]   NLL: 0.4687 | MSE: 0.4687 | r: 0.7356 | rho: 0.6806 | R2: 0.5343 | RMSE: 0.3608
2026-01-13 05:02:58,168 - cadence_k562_v2 - INFO - --------------------------------------------------------------------------------
2026-01-13 05:02:58,168 - cadence_k562_v2 - INFO -   [VAL] encode4_k562:
2026-01-13 05:02:58,168 - cadence_k562_v2 - INFO -     activity: r=0.7356 | rho=0.6806 | R2=0.5343 | RMSE=0.3608 | MAE=0.2735
2026-01-13 05:02:58,169 - cadence_k562_v2 - INFO - ================================================================================
2026-01-13 05:02:58,620 - cadence_k562_v2 - INFO - Epoch 8 completed in 77.0s
2026-01-13 05:03:01,271 - cadence_k562_v2 - INFO - Step 1400: NLL=0.4072, MSE=0.4072, grad=0.27, lr=1.00e-02
2026-01-13 05:03:39,542 - cadence_k562_v2 - INFO - Step 1500: NLL=0.4214, MSE=0.4214, grad=0.34, lr=9.97e-03
2026-01-13 05:04:12,228 - cadence_k562_v2 - INFO - ================================================================================
2026-01-13 05:04:12,228 - cadence_k562_v2 - INFO - EPOCH 9 SUMMARY 
2026-01-13 05:04:12,228 - cadence_k562_v2 - INFO - ================================================================================
2026-01-13 05:04:12,229 - cadence_k562_v2 - INFO - [TRAIN] NLL: 0.4363 | MSE: 0.4363 | r: 0.7545 | rho: 0.6935 | R2: 0.5604 | RMSE: 0.3481
2026-01-13 05:04:12,229 - cadence_k562_v2 - INFO - [VAL]   NLL: 0.4875 | MSE: 0.4875 | r: 0.7266 | rho: 0.6723 | R2: 0.5156 | RMSE: 0.3680
2026-01-13 05:04:12,229 - cadence_k562_v2 - INFO - --------------------------------------------------------------------------------
2026-01-13 05:04:12,229 - cadence_k562_v2 - INFO -   [VAL] encode4_k562:
2026-01-13 05:04:12,230 - cadence_k562_v2 - INFO -     activity: r=0.7266 | rho=0.6723 | R2=0.5156 | RMSE=0.3680 | MAE=0.2787
2026-01-13 05:04:12,230 - cadence_k562_v2 - INFO - ================================================================================
2026-01-13 05:04:12,422 - cadence_k562_v2 - INFO - Epoch 9 completed in 73.8s
2026-01-13 05:04:32,156 - cadence_k562_v2 - INFO - Step 1600: NLL=0.3817, MSE=0.3817, grad=0.22, lr=9.90e-03
2026-01-13 05:05:07,944 - cadence_k562_v2 - INFO - Step 1700: NLL=0.3614, MSE=0.3614, grad=0.28, lr=9.78e-03
2026-01-13 05:05:24,065 - cadence_k562_v2 - INFO - ================================================================================
2026-01-13 05:05:24,066 - cadence_k562_v2 - INFO - EPOCH 10 SUMMARY (BEST)
2026-01-13 05:05:24,066 - cadence_k562_v2 - INFO - ================================================================================
2026-01-13 05:05:24,066 - cadence_k562_v2 - INFO - [TRAIN] NLL: 0.4134 | MSE: 0.4134 | r: 0.7763 | rho: 0.7130 | R2: 0.5836 | RMSE: 0.3388
2026-01-13 05:05:24,066 - cadence_k562_v2 - INFO - [VAL]   NLL: 0.4619 | MSE: 0.4619 | r: 0.7464 | rho: 0.6898 | R2: 0.5411 | RMSE: 0.3582
2026-01-13 05:05:24,066 - cadence_k562_v2 - INFO - --------------------------------------------------------------------------------
2026-01-13 05:05:24,067 - cadence_k562_v2 - INFO -   [VAL] encode4_k562:
2026-01-13 05:05:24,067 - cadence_k562_v2 - INFO -     activity: r=0.7464 | rho=0.6898 | R2=0.5411 | RMSE=0.3582 | MAE=0.2680
2026-01-13 05:05:24,067 - cadence_k562_v2 - INFO - ================================================================================
2026-01-13 05:05:24,413 - cadence_k562_v2 - INFO - Epoch 10 completed in 72.0s
2026-01-13 05:05:59,025 - cadence_k562_v2 - INFO - Step 1800: NLL=0.3918, MSE=0.3918, grad=0.45, lr=9.62e-03
2026-01-13 05:06:35,140 - cadence_k562_v2 - INFO - ================================================================================
2026-01-13 05:06:35,141 - cadence_k562_v2 - INFO - EPOCH 11 SUMMARY 
2026-01-13 05:06:35,141 - cadence_k562_v2 - INFO - ================================================================================
2026-01-13 05:06:35,141 - cadence_k562_v2 - INFO - [TRAIN] NLL: 0.4160 | MSE: 0.4160 | r: 0.7670 | rho: 0.7041 | R2: 0.5809 | RMSE: 0.3399
2026-01-13 05:06:35,141 - cadence_k562_v2 - INFO - [VAL]   NLL: 0.4572 | MSE: 0.4572 | r: 0.7406 | rho: 0.6837 | R2: 0.5457 | RMSE: 0.3564
2026-01-13 05:06:35,142 - cadence_k562_v2 - INFO - --------------------------------------------------------------------------------
2026-01-13 05:06:35,142 - cadence_k562_v2 - INFO -   [VAL] encode4_k562:
2026-01-13 05:06:35,142 - cadence_k562_v2 - INFO -     activity: r=0.7406 | rho=0.6837 | R2=0.5457 | RMSE=0.3564 | MAE=0.2710
2026-01-13 05:06:35,142 - cadence_k562_v2 - INFO - ================================================================================
2026-01-13 05:06:35,336 - cadence_k562_v2 - INFO - Epoch 11 completed in 70.9s
2026-01-13 05:06:52,013 - cadence_k562_v2 - INFO - Step 1900: NLL=0.4155, MSE=0.4155, grad=0.27, lr=9.42e-03
2026-01-13 05:07:29,176 - cadence_k562_v2 - INFO - Step 2000: NLL=0.3751, MSE=0.3751, grad=0.27, lr=9.17e-03
2026-01-13 05:07:48,843 - cadence_k562_v2 - INFO - ================================================================================
2026-01-13 05:07:48,843 - cadence_k562_v2 - INFO - EPOCH 12 SUMMARY (BEST)
2026-01-13 05:07:48,844 - cadence_k562_v2 - INFO - ================================================================================
2026-01-13 05:07:48,844 - cadence_k562_v2 - INFO - [TRAIN] NLL: 0.3911 | MSE: 0.3911 | r: 0.7804 | rho: 0.7183 | R2: 0.6060 | RMSE: 0.3296
2026-01-13 05:07:48,844 - cadence_k562_v2 - INFO - [VAL]   NLL: 0.4444 | MSE: 0.4444 | r: 0.7490 | rho: 0.6939 | R2: 0.5584 | RMSE: 0.3513
2026-01-13 05:07:48,844 - cadence_k562_v2 - INFO - --------------------------------------------------------------------------------
2026-01-13 05:07:48,844 - cadence_k562_v2 - INFO -   [VAL] encode4_k562:
2026-01-13 05:07:48,844 - cadence_k562_v2 - INFO -     activity: r=0.7490 | rho=0.6939 | R2=0.5584 | RMSE=0.3513 | MAE=0.2650
2026-01-13 05:07:48,844 - cadence_k562_v2 - INFO - ================================================================================
2026-01-13 05:07:49,075 - cadence_k562_v2 - INFO - Epoch 12 completed in 73.7s
2026-01-13 05:08:24,548 - cadence_k562_v2 - INFO - Step 2100: NLL=0.3500, MSE=0.3500, grad=0.23, lr=8.88e-03
2026-01-13 05:09:08,598 - cadence_k562_v2 - INFO - ================================================================================
2026-01-13 05:09:08,599 - cadence_k562_v2 - INFO - EPOCH 13 SUMMARY (BEST)
2026-01-13 05:09:08,599 - cadence_k562_v2 - INFO - ================================================================================
2026-01-13 05:09:08,599 - cadence_k562_v2 - INFO - [TRAIN] NLL: 0.4228 | MSE: 0.4228 | r: 0.7889 | rho: 0.7281 | R2: 0.5740 | RMSE: 0.3427
2026-01-13 05:09:08,599 - cadence_k562_v2 - INFO - [VAL]   NLL: 0.5050 | MSE: 0.5050 | r: 0.7544 | rho: 0.6988 | R2: 0.4982 | RMSE: 0.3745
2026-01-13 05:09:08,599 - cadence_k562_v2 - INFO - --------------------------------------------------------------------------------
2026-01-13 05:09:08,599 - cadence_k562_v2 - INFO -   [VAL] encode4_k562:
2026-01-13 05:09:08,600 - cadence_k562_v2 - INFO -     activity: r=0.7544 | rho=0.6988 | R2=0.4982 | RMSE=0.3745 | MAE=0.2777
2026-01-13 05:09:08,600 - cadence_k562_v2 - INFO - ================================================================================
2026-01-13 05:09:09,031 - cadence_k562_v2 - INFO - Epoch 13 completed in 80.0s
2026-01-13 05:09:21,429 - cadence_k562_v2 - INFO - Step 2200: NLL=0.3539, MSE=0.3539, grad=0.23, lr=8.56e-03
2026-01-13 05:09:59,822 - cadence_k562_v2 - INFO - Step 2300: NLL=0.3496, MSE=0.3496, grad=0.22, lr=8.21e-03
2026-01-13 05:10:24,300 - cadence_k562_v2 - INFO - ================================================================================
2026-01-13 05:10:24,300 - cadence_k562_v2 - INFO - EPOCH 14 SUMMARY (BEST)
2026-01-13 05:10:24,300 - cadence_k562_v2 - INFO - ================================================================================
2026-01-13 05:10:24,300 - cadence_k562_v2 - INFO - [TRAIN] NLL: 0.3598 | MSE: 0.3598 | r: 0.8002 | rho: 0.7398 | R2: 0.6375 | RMSE: 0.3161
2026-01-13 05:10:24,301 - cadence_k562_v2 - INFO - [VAL]   NLL: 0.4114 | MSE: 0.4114 | r: 0.7701 | rho: 0.7143 | R2: 0.5912 | RMSE: 0.3380
2026-01-13 05:10:24,301 - cadence_k562_v2 - INFO - --------------------------------------------------------------------------------
2026-01-13 05:10:24,301 - cadence_k562_v2 - INFO -   [VAL] encode4_k562:
2026-01-13 05:10:24,301 - cadence_k562_v2 - INFO -     activity: r=0.7701 | rho=0.7143 | R2=0.5912 | RMSE=0.3380 | MAE=0.2553
2026-01-13 05:10:24,301 - cadence_k562_v2 - INFO - ================================================================================
2026-01-13 05:10:24,712 - cadence_k562_v2 - INFO - Epoch 14 completed in 75.7s
2026-01-13 05:10:56,796 - cadence_k562_v2 - INFO - Step 2400: NLL=0.3712, MSE=0.3712, grad=0.24, lr=7.82e-03
2026-01-13 05:11:43,940 - cadence_k562_v2 - INFO - ================================================================================
2026-01-13 05:11:43,941 - cadence_k562_v2 - INFO - EPOCH 15 SUMMARY 
2026-01-13 05:11:43,941 - cadence_k562_v2 - INFO - ================================================================================
2026-01-13 05:11:43,941 - cadence_k562_v2 - INFO - [TRAIN] NLL: 0.4229 | MSE: 0.4229 | r: 0.8006 | rho: 0.7444 | R2: 0.5740 | RMSE: 0.3427
2026-01-13 05:11:43,941 - cadence_k562_v2 - INFO - [VAL]   NLL: 0.4757 | MSE: 0.4757 | r: 0.7648 | rho: 0.7143 | R2: 0.5273 | RMSE: 0.3635
2026-01-13 05:11:43,941 - cadence_k562_v2 - INFO - --------------------------------------------------------------------------------
2026-01-13 05:11:43,941 - cadence_k562_v2 - INFO -   [VAL] encode4_k562:
2026-01-13 05:11:43,942 - cadence_k562_v2 - INFO -     activity: r=0.7648 | rho=0.7143 | R2=0.5273 | RMSE=0.3635 | MAE=0.2686
2026-01-13 05:11:43,942 - cadence_k562_v2 - INFO - ================================================================================
2026-01-13 05:11:44,184 - cadence_k562_v2 - INFO - Epoch 15 completed in 79.5s
2026-01-13 05:11:55,307 - cadence_k562_v2 - INFO - Step 2500: NLL=0.3268, MSE=0.3268, grad=0.23, lr=7.41e-03
2026-01-13 05:12:37,771 - cadence_k562_v2 - INFO - Step 2600: NLL=0.3396, MSE=0.3396, grad=0.24, lr=6.98e-03
2026-01-13 05:13:10,185 - cadence_k562_v2 - INFO - ================================================================================
2026-01-13 05:13:10,185 - cadence_k562_v2 - INFO - EPOCH 16 SUMMARY (BEST)
2026-01-13 05:13:10,185 - cadence_k562_v2 - INFO - ================================================================================
2026-01-13 05:13:10,186 - cadence_k562_v2 - INFO - [TRAIN] NLL: 0.3422 | MSE: 0.3422 | r: 0.8107 | rho: 0.7492 | R2: 0.6553 | RMSE: 0.3083
2026-01-13 05:13:10,186 - cadence_k562_v2 - INFO - [VAL]   NLL: 0.4008 | MSE: 0.4008 | r: 0.7762 | rho: 0.7234 | R2: 0.6018 | RMSE: 0.3336
2026-01-13 05:13:10,186 - cadence_k562_v2 - INFO - --------------------------------------------------------------------------------
2026-01-13 05:13:10,186 - cadence_k562_v2 - INFO -   [VAL] encode4_k562:
2026-01-13 05:13:10,186 - cadence_k562_v2 - INFO -     activity: r=0.7762 | rho=0.7234 | R2=0.6018 | RMSE=0.3336 | MAE=0.2526
2026-01-13 05:13:10,186 - cadence_k562_v2 - INFO - ================================================================================
2026-01-13 05:13:10,600 - cadence_k562_v2 - INFO - Epoch 16 completed in 86.4s
2026-01-13 05:13:37,131 - cadence_k562_v2 - INFO - Step 2700: NLL=0.2924, MSE=0.2924, grad=0.23, lr=6.53e-03
2026-01-13 05:14:22,896 - cadence_k562_v2 - INFO - ================================================================================
2026-01-13 05:14:22,896 - cadence_k562_v2 - INFO - EPOCH 17 SUMMARY 
2026-01-13 05:14:22,897 - cadence_k562_v2 - INFO - ================================================================================
2026-01-13 05:14:22,897 - cadence_k562_v2 - INFO - [TRAIN] NLL: 0.3816 | MSE: 0.3816 | r: 0.8060 | rho: 0.7497 | R2: 0.6155 | RMSE: 0.3256
2026-01-13 05:14:22,897 - cadence_k562_v2 - INFO - [VAL]   NLL: 0.4266 | MSE: 0.4266 | r: 0.7725 | rho: 0.7210 | R2: 0.5761 | RMSE: 0.3442
2026-01-13 05:14:22,897 - cadence_k562_v2 - INFO - --------------------------------------------------------------------------------
2026-01-13 05:14:22,897 - cadence_k562_v2 - INFO -   [VAL] encode4_k562:
2026-01-13 05:14:22,897 - cadence_k562_v2 - INFO -     activity: r=0.7725 | rho=0.7210 | R2=0.5761 | RMSE=0.3442 | MAE=0.2565
2026-01-13 05:14:22,898 - cadence_k562_v2 - INFO - ================================================================================
2026-01-13 05:14:23,120 - cadence_k562_v2 - INFO - Epoch 17 completed in 72.5s
2026-01-13 05:14:28,696 - cadence_k562_v2 - INFO - Step 2800: NLL=0.3140, MSE=0.3140, grad=0.23, lr=6.06e-03
2026-01-13 05:15:07,221 - cadence_k562_v2 - INFO - Step 2900: NLL=0.3198, MSE=0.3198, grad=0.22, lr=5.59e-03
2026-01-13 05:15:35,917 - cadence_k562_v2 - INFO - ================================================================================
2026-01-13 05:15:35,917 - cadence_k562_v2 - INFO - EPOCH 18 SUMMARY 
2026-01-13 05:15:35,917 - cadence_k562_v2 - INFO - ================================================================================
2026-01-13 05:15:35,917 - cadence_k562_v2 - INFO - [TRAIN] NLL: 0.3517 | MSE: 0.3517 | r: 0.8146 | rho: 0.7525 | R2: 0.6457 | RMSE: 0.3125
2026-01-13 05:15:35,917 - cadence_k562_v2 - INFO - [VAL]   NLL: 0.4329 | MSE: 0.4329 | r: 0.7688 | rho: 0.7146 | R2: 0.5698 | RMSE: 0.3468
2026-01-13 05:15:35,918 - cadence_k562_v2 - INFO - --------------------------------------------------------------------------------
2026-01-13 05:15:35,918 - cadence_k562_v2 - INFO -   [VAL] encode4_k562:
2026-01-13 05:15:35,918 - cadence_k562_v2 - INFO -     activity: r=0.7688 | rho=0.7146 | R2=0.5698 | RMSE=0.3468 | MAE=0.2580
2026-01-13 05:15:35,918 - cadence_k562_v2 - INFO - ================================================================================
2026-01-13 05:15:36,093 - cadence_k562_v2 - INFO - Epoch 18 completed in 73.0s
2026-01-13 05:15:57,604 - cadence_k562_v2 - INFO - Step 3000: NLL=0.2892, MSE=0.2892, grad=0.24, lr=5.10e-03
2026-01-13 05:16:39,046 - cadence_k562_v2 - INFO - Step 3100: NLL=0.3110, MSE=0.3110, grad=0.31, lr=4.62e-03
2026-01-13 05:16:56,334 - cadence_k562_v2 - INFO - ================================================================================
2026-01-13 05:16:56,334 - cadence_k562_v2 - INFO - EPOCH 19 SUMMARY (BEST)
2026-01-13 05:16:56,334 - cadence_k562_v2 - INFO - ================================================================================
2026-01-13 05:16:56,334 - cadence_k562_v2 - INFO - [TRAIN] NLL: 0.3442 | MSE: 0.3442 | r: 0.8265 | rho: 0.7653 | R2: 0.6533 | RMSE: 0.3092
2026-01-13 05:16:56,335 - cadence_k562_v2 - INFO - [VAL]   NLL: 0.4437 | MSE: 0.4437 | r: 0.7806 | rho: 0.7288 | R2: 0.5591 | RMSE: 0.3511
2026-01-13 05:16:56,335 - cadence_k562_v2 - INFO - --------------------------------------------------------------------------------
2026-01-13 05:16:56,335 - cadence_k562_v2 - INFO -   [VAL] encode4_k562:
2026-01-13 05:16:56,335 - cadence_k562_v2 - INFO -     activity: r=0.7806 | rho=0.7288 | R2=0.5591 | RMSE=0.3511 | MAE=0.2652
2026-01-13 05:16:56,335 - cadence_k562_v2 - INFO - ================================================================================
2026-01-13 05:16:56,565 - cadence_k562_v2 - INFO - Epoch 19 completed in 80.5s
2026-01-13 05:17:44,500 - cadence_k562_v2 - INFO - Step 3200: NLL=0.2922, MSE=0.2922, grad=0.22, lr=4.14e-03
2026-01-13 05:18:25,455 - cadence_k562_v2 - INFO - ================================================================================
2026-01-13 05:18:25,456 - cadence_k562_v2 - INFO - EPOCH 20 SUMMARY (BEST)
2026-01-13 05:18:25,456 - cadence_k562_v2 - INFO - ================================================================================
2026-01-13 05:18:25,456 - cadence_k562_v2 - INFO - [TRAIN] NLL: 0.3000 | MSE: 0.3000 | r: 0.8377 | rho: 0.7781 | R2: 0.6978 | RMSE: 0.2886
2026-01-13 05:18:25,456 - cadence_k562_v2 - INFO - [VAL]   NLL: 0.3822 | MSE: 0.3822 | r: 0.7886 | rho: 0.7343 | R2: 0.6203 | RMSE: 0.3258
2026-01-13 05:18:25,456 - cadence_k562_v2 - INFO - --------------------------------------------------------------------------------
2026-01-13 05:18:25,456 - cadence_k562_v2 - INFO -   [VAL] encode4_k562:
2026-01-13 05:18:25,457 - cadence_k562_v2 - INFO -     activity: r=0.7886 | rho=0.7343 | R2=0.6203 | RMSE=0.3258 | MAE=0.2471
2026-01-13 05:18:25,457 - cadence_k562_v2 - INFO - ================================================================================
2026-01-13 05:18:26,091 - cadence_k562_v2 - INFO - Epoch 20 completed in 89.5s
2026-01-13 05:18:49,288 - cadence_k562_v2 - INFO - Step 3300: NLL=0.2560, MSE=0.2560, grad=0.21, lr=3.67e-03
2026-01-13 05:19:35,864 - cadence_k562_v2 - INFO - Step 3400: NLL=0.2758, MSE=0.2758, grad=0.26, lr=3.21e-03
2026-01-13 05:19:59,281 - cadence_k562_v2 - INFO - ================================================================================
2026-01-13 05:19:59,281 - cadence_k562_v2 - INFO - EPOCH 21 SUMMARY (BEST)
2026-01-13 05:19:59,281 - cadence_k562_v2 - INFO - ================================================================================
2026-01-13 05:19:59,282 - cadence_k562_v2 - INFO - [TRAIN] NLL: 0.3072 | MSE: 0.3072 | r: 0.8453 | rho: 0.7881 | R2: 0.6905 | RMSE: 0.2921
2026-01-13 05:19:59,282 - cadence_k562_v2 - INFO - [VAL]   NLL: 0.4027 | MSE: 0.4027 | r: 0.7911 | rho: 0.7415 | R2: 0.5999 | RMSE: 0.3344
2026-01-13 05:19:59,282 - cadence_k562_v2 - INFO - --------------------------------------------------------------------------------
2026-01-13 05:19:59,282 - cadence_k562_v2 - INFO -   [VAL] encode4_k562:
2026-01-13 05:19:59,282 - cadence_k562_v2 - INFO -     activity: r=0.7911 | rho=0.7415 | R2=0.5999 | RMSE=0.3344 | MAE=0.2483
2026-01-13 05:19:59,282 - cadence_k562_v2 - INFO - ================================================================================
2026-01-13 05:19:59,474 - cadence_k562_v2 - INFO - Epoch 21 completed in 93.4s
2026-01-13 05:20:41,440 - cadence_k562_v2 - INFO - Step 3500: NLL=0.2624, MSE=0.2624, grad=0.26, lr=2.77e-03
2026-01-13 05:21:30,189 - cadence_k562_v2 - INFO - ================================================================================
2026-01-13 05:21:30,190 - cadence_k562_v2 - INFO - EPOCH 22 SUMMARY 
2026-01-13 05:21:30,190 - cadence_k562_v2 - INFO - ================================================================================
2026-01-13 05:21:30,190 - cadence_k562_v2 - INFO - [TRAIN] NLL: 0.2919 | MSE: 0.2919 | r: 0.8481 | rho: 0.7875 | R2: 0.7059 | RMSE: 0.2847
2026-01-13 05:21:30,190 - cadence_k562_v2 - INFO - [VAL]   NLL: 0.3991 | MSE: 0.3991 | r: 0.7860 | rho: 0.7363 | R2: 0.6034 | RMSE: 0.3329
2026-01-13 05:21:30,190 - cadence_k562_v2 - INFO - --------------------------------------------------------------------------------
2026-01-13 05:21:30,191 - cadence_k562_v2 - INFO -   [VAL] encode4_k562:
2026-01-13 05:21:30,191 - cadence_k562_v2 - INFO -     activity: r=0.7860 | rho=0.7363 | R2=0.6034 | RMSE=0.3329 | MAE=0.2533
2026-01-13 05:21:30,191 - cadence_k562_v2 - INFO - ================================================================================
2026-01-13 05:21:30,459 - cadence_k562_v2 - INFO - Epoch 22 completed in 91.0s
2026-01-13 05:21:48,668 - cadence_k562_v2 - INFO - Step 3600: NLL=0.2445, MSE=0.2445, grad=0.30, lr=2.35e-03
2026-01-13 05:22:36,132 - cadence_k562_v2 - INFO - Step 3700: NLL=0.2448, MSE=0.2448, grad=0.24, lr=1.95e-03
2026-01-13 05:23:00,328 - cadence_k562_v2 - INFO - ================================================================================
2026-01-13 05:23:00,328 - cadence_k562_v2 - INFO - EPOCH 23 SUMMARY (BEST)
2026-01-13 05:23:00,328 - cadence_k562_v2 - INFO - ================================================================================
2026-01-13 05:23:00,328 - cadence_k562_v2 - INFO - [TRAIN] NLL: 0.2683 | MSE: 0.2683 | r: 0.8600 | rho: 0.8012 | R2: 0.7297 | RMSE: 0.2730
2026-01-13 05:23:00,328 - cadence_k562_v2 - INFO - [VAL]   NLL: 0.3826 | MSE: 0.3826 | r: 0.7948 | rho: 0.7443 | R2: 0.6198 | RMSE: 0.3260
2026-01-13 05:23:00,328 - cadence_k562_v2 - INFO - --------------------------------------------------------------------------------
2026-01-13 05:23:00,328 - cadence_k562_v2 - INFO -   [VAL] encode4_k562:
2026-01-13 05:23:00,328 - cadence_k562_v2 - INFO -     activity: r=0.7948 | rho=0.7443 | R2=0.6198 | RMSE=0.3260 | MAE=0.2425
2026-01-13 05:23:00,329 - cadence_k562_v2 - INFO - ================================================================================
2026-01-13 05:23:00,794 - cadence_k562_v2 - INFO - Epoch 23 completed in 90.3s
2026-01-13 05:23:40,235 - cadence_k562_v2 - INFO - Step 3800: NLL=0.2528, MSE=0.2528, grad=0.28, lr=1.59e-03
2026-01-13 05:24:32,838 - cadence_k562_v2 - INFO - ================================================================================
2026-01-13 05:24:32,838 - cadence_k562_v2 - INFO - EPOCH 24 SUMMARY (BEST)
2026-01-13 05:24:32,839 - cadence_k562_v2 - INFO - ================================================================================
2026-01-13 05:24:32,839 - cadence_k562_v2 - INFO - [TRAIN] NLL: 0.2427 | MSE: 0.2427 | r: 0.8733 | rho: 0.8144 | R2: 0.7555 | RMSE: 0.2596
2026-01-13 05:24:32,839 - cadence_k562_v2 - INFO - [VAL]   NLL: 0.3716 | MSE: 0.3716 | r: 0.8044 | rho: 0.7535 | R2: 0.6308 | RMSE: 0.3213
2026-01-13 05:24:32,839 - cadence_k562_v2 - INFO - --------------------------------------------------------------------------------
2026-01-13 05:24:32,839 - cadence_k562_v2 - INFO -   [VAL] encode4_k562:
2026-01-13 05:24:32,839 - cadence_k562_v2 - INFO -     activity: r=0.8044 | rho=0.7535 | R2=0.6308 | RMSE=0.3213 | MAE=0.2468
2026-01-13 05:24:32,839 - cadence_k562_v2 - INFO - ================================================================================
2026-01-13 05:24:33,366 - cadence_k562_v2 - INFO - Epoch 24 completed in 92.6s
2026-01-13 05:24:46,939 - cadence_k562_v2 - INFO - Step 3900: NLL=0.2494, MSE=0.2494, grad=0.28, lr=1.25e-03
2026-01-13 05:25:34,679 - cadence_k562_v2 - INFO - Step 4000: NLL=0.2151, MSE=0.2151, grad=0.24, lr=9.49e-04
2026-01-13 05:26:05,405 - cadence_k562_v2 - INFO - ================================================================================
2026-01-13 05:26:05,406 - cadence_k562_v2 - INFO - EPOCH 25 SUMMARY (BEST)
2026-01-13 05:26:05,406 - cadence_k562_v2 - INFO - ================================================================================
2026-01-13 05:26:05,406 - cadence_k562_v2 - INFO - [TRAIN] NLL: 0.2206 | MSE: 0.2206 | r: 0.8827 | rho: 0.8250 | R2: 0.7777 | RMSE: 0.2475
2026-01-13 05:26:05,406 - cadence_k562_v2 - INFO - [VAL]   NLL: 0.3466 | MSE: 0.3466 | r: 0.8097 | rho: 0.7577 | R2: 0.6556 | RMSE: 0.3103
2026-01-13 05:26:05,406 - cadence_k562_v2 - INFO - --------------------------------------------------------------------------------
2026-01-13 05:26:05,407 - cadence_k562_v2 - INFO -   [VAL] encode4_k562:
2026-01-13 05:26:05,407 - cadence_k562_v2 - INFO -     activity: r=0.8097 | rho=0.7577 | R2=0.6556 | RMSE=0.3103 | MAE=0.2349
2026-01-13 05:26:05,407 - cadence_k562_v2 - INFO - ================================================================================
2026-01-13 05:26:05,618 - cadence_k562_v2 - INFO - Epoch 25 completed in 92.3s
2026-01-13 05:26:39,745 - cadence_k562_v2 - INFO - Step 4100: NLL=0.2057, MSE=0.2057, grad=0.24, lr=6.86e-04
2026-01-13 05:27:38,564 - cadence_k562_v2 - INFO - ================================================================================
2026-01-13 05:27:38,565 - cadence_k562_v2 - INFO - EPOCH 26 SUMMARY (BEST)
2026-01-13 05:27:38,565 - cadence_k562_v2 - INFO - ================================================================================
2026-01-13 05:27:38,565 - cadence_k562_v2 - INFO - [TRAIN] NLL: 0.2127 | MSE: 0.2127 | r: 0.8883 | rho: 0.8308 | R2: 0.7857 | RMSE: 0.2430
2026-01-13 05:27:38,565 - cadence_k562_v2 - INFO - [VAL]   NLL: 0.3477 | MSE: 0.3477 | r: 0.8110 | rho: 0.7587 | R2: 0.6545 | RMSE: 0.3108
2026-01-13 05:27:38,565 - cadence_k562_v2 - INFO - --------------------------------------------------------------------------------
2026-01-13 05:27:38,565 - cadence_k562_v2 - INFO -   [VAL] encode4_k562:
2026-01-13 05:27:38,566 - cadence_k562_v2 - INFO -     activity: r=0.8110 | rho=0.7587 | R2=0.6545 | RMSE=0.3108 | MAE=0.2333
2026-01-13 05:27:38,566 - cadence_k562_v2 - INFO - ================================================================================
2026-01-13 05:27:39,106 - cadence_k562_v2 - INFO - Epoch 26 completed in 93.5s
2026-01-13 05:27:49,742 - cadence_k562_v2 - INFO - Step 4200: NLL=0.2132, MSE=0.2132, grad=0.23, lr=4.62e-04
2026-01-13 05:28:35,535 - cadence_k562_v2 - INFO - Step 4300: NLL=0.2132, MSE=0.2132, grad=0.23, lr=2.81e-04
2026-01-13 05:29:12,491 - cadence_k562_v2 - INFO - ================================================================================
2026-01-13 05:29:12,492 - cadence_k562_v2 - INFO - EPOCH 27 SUMMARY (BEST)
2026-01-13 05:29:12,492 - cadence_k562_v2 - INFO - ================================================================================
2026-01-13 05:29:12,492 - cadence_k562_v2 - INFO - [TRAIN] NLL: 0.2062 | MSE: 0.2062 | r: 0.8913 | rho: 0.8340 | R2: 0.7922 | RMSE: 0.2393
2026-01-13 05:29:12,492 - cadence_k562_v2 - INFO - [VAL]   NLL: 0.3465 | MSE: 0.3465 | r: 0.8120 | rho: 0.7604 | R2: 0.6557 | RMSE: 0.3102
2026-01-13 05:29:12,492 - cadence_k562_v2 - INFO - --------------------------------------------------------------------------------
2026-01-13 05:29:12,492 - cadence_k562_v2 - INFO -   [VAL] encode4_k562:
2026-01-13 05:29:12,492 - cadence_k562_v2 - INFO -     activity: r=0.8120 | rho=0.7604 | R2=0.6557 | RMSE=0.3102 | MAE=0.2329
2026-01-13 05:29:12,493 - cadence_k562_v2 - INFO - ================================================================================
2026-01-13 05:29:12,605 - cadence_k562_v2 - INFO - Epoch 27 completed in 93.5s
2026-01-13 05:29:40,899 - cadence_k562_v2 - INFO - Step 4400: NLL=0.2021, MSE=0.2021, grad=0.25, lr=1.44e-04
2026-01-13 05:30:41,515 - cadence_k562_v2 - INFO - ================================================================================
2026-01-13 05:30:41,515 - cadence_k562_v2 - INFO - EPOCH 28 SUMMARY (BEST)
2026-01-13 05:30:41,516 - cadence_k562_v2 - INFO - ================================================================================
2026-01-13 05:30:41,516 - cadence_k562_v2 - INFO - [TRAIN] NLL: 0.1994 | MSE: 0.1994 | r: 0.8941 | rho: 0.8368 | R2: 0.7991 | RMSE: 0.2353
2026-01-13 05:30:41,516 - cadence_k562_v2 - INFO - [VAL]   NLL: 0.3433 | MSE: 0.3433 | r: 0.8131 | rho: 0.7615 | R2: 0.6589 | RMSE: 0.3088
2026-01-13 05:30:41,516 - cadence_k562_v2 - INFO - --------------------------------------------------------------------------------
2026-01-13 05:30:41,516 - cadence_k562_v2 - INFO -   [VAL] encode4_k562:
2026-01-13 05:30:41,516 - cadence_k562_v2 - INFO -     activity: r=0.8131 | rho=0.7615 | R2=0.6589 | RMSE=0.3088 | MAE=0.2325
2026-01-13 05:30:41,517 - cadence_k562_v2 - INFO - ================================================================================
2026-01-13 05:30:42,115 - cadence_k562_v2 - INFO - Epoch 28 completed in 89.5s
2026-01-13 05:30:46,044 - cadence_k562_v2 - INFO - Step 4500: NLL=0.2240, MSE=0.2240, grad=0.29, lr=5.17e-05
2026-01-13 05:31:29,218 - cadence_k562_v2 - INFO - Step 4600: NLL=0.2332, MSE=0.2332, grad=0.24, lr=5.63e-06
2026-01-13 05:32:08,231 - cadence_k562_v2 - INFO - ================================================================================
2026-01-13 05:32:08,232 - cadence_k562_v2 - INFO - EPOCH 29 SUMMARY (BEST)
2026-01-13 05:32:08,232 - cadence_k562_v2 - INFO - ================================================================================
2026-01-13 05:32:08,232 - cadence_k562_v2 - INFO - [TRAIN] NLL: 0.1982 | MSE: 0.1982 | r: 0.8948 | rho: 0.8374 | R2: 0.8003 | RMSE: 0.2346
2026-01-13 05:32:08,232 - cadence_k562_v2 - INFO - [VAL]   NLL: 0.3431 | MSE: 0.3431 | r: 0.8132 | rho: 0.7614 | R2: 0.6591 | RMSE: 0.3087
2026-01-13 05:32:08,233 - cadence_k562_v2 - INFO - --------------------------------------------------------------------------------
2026-01-13 05:32:08,233 - cadence_k562_v2 - INFO -   [VAL] encode4_k562:
2026-01-13 05:32:08,233 - cadence_k562_v2 - INFO -     activity: r=0.8132 | rho=0.7614 | R2=0.6591 | RMSE=0.3087 | MAE=0.2324
2026-01-13 05:32:08,233 - cadence_k562_v2 - INFO - ================================================================================
2026-01-13 05:32:08,798 - cadence_k562_v2 - INFO - Epoch 29 completed in 86.7s
2026-01-13 05:32:08,798 - cadence_k562_v2 - INFO - Training complete. Running final evaluation...
2026-01-13 05:32:12,973 - cadence_k562_v2 - INFO - 
============================================================
2026-01-13 05:32:12,974 - cadence_k562_v2 - INFO - Evaluating on TEST sets...
2026-01-13 05:32:12,974 - cadence_k562_v2 - INFO - ============================================================
2026-01-13 05:32:12,975 - cadence_k562_v2 - INFO -   Evaluating encode4_k562 (test)...
2026-01-13 05:32:17,957 - cadence_k562_v2 - INFO -     activity: r=0.8090, rho=0.7590, R2=0.6519, RMSE=0.5891 (n=22631)
2026-01-13 05:32:17,958 - cadence_k562_v2 - INFO - 
============================================================
2026-01-13 05:32:17,958 - cadence_k562_v2 - INFO - Evaluating on CALIBRATION sets...
2026-01-13 05:32:17,958 - cadence_k562_v2 - INFO - ============================================================
2026-01-13 05:32:17,959 - cadence_k562_v2 - INFO -   Evaluating encode4_k562 (calibration)...
2026-01-13 05:32:23,179 - cadence_k562_v2 - INFO -     activity: r=0.8079, rho=0.7486, R2=0.6493, RMSE=0.5812 (n=22633)
2026-01-13 05:32:23,180 - cadence_k562_v2 - INFO - Results saved to results/cadence_k562_v2/final_results.json
