2026-01-13 04:18:59,295 - cadence_wtc11_v2 - INFO - Experiment: cadence_wtc11_v2
2026-01-13 04:18:59,295 - cadence_wtc11_v2 - INFO - Output directory: results/cadence_wtc11_v2
2026-01-13 04:18:59,302 - cadence_wtc11_v2 - INFO - Starting training...
2026-01-13 04:18:59,303 - cadence_wtc11_v2 - INFO - Config: config1_single_celltype
2026-01-13 04:18:59,303 - cadence_wtc11_v2 - INFO - Setting up datasets...
2026-01-13 04:20:09,909 - cadence_wtc11_v2 - INFO - Dataset sizes: {'encode4_wtc11': 39201}
2026-01-13 04:20:09,917 - cadence_wtc11_v2 - INFO - Using standard global index sampling...
2026-01-13 04:20:19,979 - cadence_wtc11_v2 - INFO -   encode4_wtc11: val set loaded
2026-01-13 04:21:38,408 - cadence_wtc11_v2 - INFO -   encode4_wtc11: test set loaded (5597 samples)
2026-01-13 04:21:48,778 - cadence_wtc11_v2 - INFO -   encode4_wtc11: calibration set loaded (5595 samples)
2026-01-13 04:21:48,792 - cadence_wtc11_v2 - INFO - Data setup complete
2026-01-13 04:21:48,792 - cadence_wtc11_v2 - INFO - Setting up model...
2026-01-13 04:21:49,913 - cadence_wtc11_v2 - INFO - Model parameters: 1,322,465 (1,322,465 trainable)
2026-01-13 04:21:55,177 - cadence_wtc11_v2 - INFO - OneCycleLR: 1170 total steps, initial_lr=0.000400, max_lr=0.01
2026-01-13 04:21:55,197 - cadence_wtc11_v2 - INFO - Model setup complete
2026-01-13 04:22:19,474 - cadence_wtc11_v2 - INFO - ================================================================================
2026-01-13 04:22:19,475 - cadence_wtc11_v2 - INFO - EPOCH 0 SUMMARY (BEST)
2026-01-13 04:22:19,475 - cadence_wtc11_v2 - INFO - ================================================================================
2026-01-13 04:22:19,475 - cadence_wtc11_v2 - INFO - [TRAIN] NLL: 1.0071 | MSE: 1.0071 | r: 0.3250 | rho: 0.2454 | R2: -0.0071 | RMSE: 1.0902
2026-01-13 04:22:19,475 - cadence_wtc11_v2 - INFO - [VAL]   NLL: 0.9540 | MSE: 0.9540 | r: 0.2776 | rho: 0.1973 | R2: -0.0079 | RMSE: 1.0610
2026-01-13 04:22:19,475 - cadence_wtc11_v2 - INFO - --------------------------------------------------------------------------------
2026-01-13 04:22:19,475 - cadence_wtc11_v2 - INFO -   [VAL] encode4_wtc11:
2026-01-13 04:22:19,475 - cadence_wtc11_v2 - INFO -     activity: r=0.2776 | rho=0.1973 | R2=-0.0079 | RMSE=1.0610 | MAE=0.7771
2026-01-13 04:22:19,476 - cadence_wtc11_v2 - INFO - ================================================================================
2026-01-13 04:22:19,674 - cadence_wtc11_v2 - INFO - Epoch 0 completed in 24.5s
2026-01-13 04:22:40,679 - cadence_wtc11_v2 - INFO - ================================================================================
2026-01-13 04:22:40,679 - cadence_wtc11_v2 - INFO - EPOCH 1 SUMMARY (BEST)
2026-01-13 04:22:40,679 - cadence_wtc11_v2 - INFO - ================================================================================
2026-01-13 04:22:40,679 - cadence_wtc11_v2 - INFO - [TRAIN] NLL: 1.0227 | MSE: 1.0227 | r: 0.5157 | rho: 0.3846 | R2: -0.0227 | RMSE: 1.0985
2026-01-13 04:22:40,680 - cadence_wtc11_v2 - INFO - [VAL]   NLL: 1.1154 | MSE: 1.1154 | r: 0.4368 | rho: 0.3097 | R2: -0.1784 | RMSE: 1.1472
2026-01-13 04:22:40,680 - cadence_wtc11_v2 - INFO - --------------------------------------------------------------------------------
2026-01-13 04:22:40,680 - cadence_wtc11_v2 - INFO -   [VAL] encode4_wtc11:
2026-01-13 04:22:40,680 - cadence_wtc11_v2 - INFO -     activity: r=0.4368 | rho=0.3097 | R2=-0.1784 | RMSE=1.1472 | MAE=0.8686
2026-01-13 04:22:40,680 - cadence_wtc11_v2 - INFO - ================================================================================
2026-01-13 04:22:41,020 - cadence_wtc11_v2 - INFO - Epoch 1 completed in 21.3s
2026-01-13 04:22:48,853 - cadence_wtc11_v2 - INFO - Step 100: NLL=0.6783, MSE=0.6783, grad=2.09, lr=2.21e-03
2026-01-13 04:23:01,167 - cadence_wtc11_v2 - INFO - ================================================================================
2026-01-13 04:23:01,167 - cadence_wtc11_v2 - INFO - EPOCH 2 SUMMARY (BEST)
2026-01-13 04:23:01,167 - cadence_wtc11_v2 - INFO - ================================================================================
2026-01-13 04:23:01,167 - cadence_wtc11_v2 - INFO - [TRAIN] NLL: 1.0811 | MSE: 1.0811 | r: 0.6259 | rho: 0.5201 | R2: -0.0811 | RMSE: 1.1295
2026-01-13 04:23:01,167 - cadence_wtc11_v2 - INFO - [VAL]   NLL: 1.2203 | MSE: 1.2203 | r: 0.5404 | rho: 0.4322 | R2: -0.2892 | RMSE: 1.2000
2026-01-13 04:23:01,167 - cadence_wtc11_v2 - INFO - --------------------------------------------------------------------------------
2026-01-13 04:23:01,167 - cadence_wtc11_v2 - INFO -   [VAL] encode4_wtc11:
2026-01-13 04:23:01,167 - cadence_wtc11_v2 - INFO -     activity: r=0.5404 | rho=0.4322 | R2=-0.2892 | RMSE=1.2000 | MAE=0.9021
2026-01-13 04:23:01,167 - cadence_wtc11_v2 - INFO - ================================================================================
2026-01-13 04:23:01,508 - cadence_wtc11_v2 - INFO - Epoch 2 completed in 20.5s
2026-01-13 04:23:22,261 - cadence_wtc11_v2 - INFO - ================================================================================
2026-01-13 04:23:22,262 - cadence_wtc11_v2 - INFO - EPOCH 3 SUMMARY 
2026-01-13 04:23:22,262 - cadence_wtc11_v2 - INFO - ================================================================================
2026-01-13 04:23:22,262 - cadence_wtc11_v2 - INFO - [TRAIN] NLL: 5.1560 | MSE: 5.1560 | r: 0.5088 | rho: 0.4735 | R2: -4.1560 | RMSE: 2.4666
2026-01-13 04:23:22,263 - cadence_wtc11_v2 - INFO - [VAL]   NLL: 5.7866 | MSE: 5.7866 | r: 0.4396 | rho: 0.3975 | R2: -5.1134 | RMSE: 2.6131
2026-01-13 04:23:22,263 - cadence_wtc11_v2 - INFO - --------------------------------------------------------------------------------
2026-01-13 04:23:22,263 - cadence_wtc11_v2 - INFO -   [VAL] encode4_wtc11:
2026-01-13 04:23:22,263 - cadence_wtc11_v2 - INFO -     activity: r=0.4396 | rho=0.3975 | R2=-5.1134 | RMSE=2.6131 | MAE=2.2895
2026-01-13 04:23:22,263 - cadence_wtc11_v2 - INFO - ================================================================================
2026-01-13 04:23:22,434 - cadence_wtc11_v2 - INFO - Epoch 3 completed in 20.9s
2026-01-13 04:23:44,299 - cadence_wtc11_v2 - INFO - ================================================================================
2026-01-13 04:23:44,299 - cadence_wtc11_v2 - INFO - EPOCH 4 SUMMARY 
2026-01-13 04:23:44,299 - cadence_wtc11_v2 - INFO - ================================================================================
2026-01-13 04:23:44,299 - cadence_wtc11_v2 - INFO - [TRAIN] NLL: 1.3956 | MSE: 1.3956 | r: 0.5276 | rho: 0.4750 | R2: -0.3956 | RMSE: 1.2833
2026-01-13 04:23:44,300 - cadence_wtc11_v2 - INFO - [VAL]   NLL: 1.3974 | MSE: 1.3974 | r: 0.4570 | rho: 0.4028 | R2: -0.4763 | RMSE: 1.2841
2026-01-13 04:23:44,300 - cadence_wtc11_v2 - INFO - --------------------------------------------------------------------------------
2026-01-13 04:23:44,300 - cadence_wtc11_v2 - INFO -   [VAL] encode4_wtc11:
2026-01-13 04:23:44,300 - cadence_wtc11_v2 - INFO -     activity: r=0.4570 | rho=0.4028 | R2=-0.4763 | RMSE=1.2841 | MAE=1.0276
2026-01-13 04:23:44,300 - cadence_wtc11_v2 - INFO - ================================================================================
2026-01-13 04:23:44,454 - cadence_wtc11_v2 - INFO - Epoch 4 completed in 22.0s
2026-01-13 04:23:47,254 - cadence_wtc11_v2 - INFO - Step 200: NLL=0.5405, MSE=0.5405, grad=0.70, lr=6.27e-03
2026-01-13 04:24:05,058 - cadence_wtc11_v2 - INFO - ================================================================================
2026-01-13 04:24:05,058 - cadence_wtc11_v2 - INFO - EPOCH 5 SUMMARY 
2026-01-13 04:24:05,058 - cadence_wtc11_v2 - INFO - ================================================================================
2026-01-13 04:24:05,058 - cadence_wtc11_v2 - INFO - [TRAIN] NLL: 2.8624 | MSE: 2.8624 | r: 0.4547 | rho: 0.3778 | R2: -1.8624 | RMSE: 1.8378
2026-01-13 04:24:05,058 - cadence_wtc11_v2 - INFO - [VAL]   NLL: 2.9587 | MSE: 2.9587 | r: 0.4031 | rho: 0.3212 | R2: -2.1258 | RMSE: 1.8685
2026-01-13 04:24:05,058 - cadence_wtc11_v2 - INFO - --------------------------------------------------------------------------------
2026-01-13 04:24:05,058 - cadence_wtc11_v2 - INFO -   [VAL] encode4_wtc11:
2026-01-13 04:24:05,058 - cadence_wtc11_v2 - INFO -     activity: r=0.4031 | rho=0.3212 | R2=-2.1258 | RMSE=1.8685 | MAE=1.5243
2026-01-13 04:24:05,058 - cadence_wtc11_v2 - INFO - ================================================================================
2026-01-13 04:24:05,229 - cadence_wtc11_v2 - INFO - Epoch 5 completed in 20.8s
2026-01-13 04:24:25,645 - cadence_wtc11_v2 - INFO - ================================================================================
2026-01-13 04:24:25,646 - cadence_wtc11_v2 - INFO - EPOCH 6 SUMMARY (BEST)
2026-01-13 04:24:25,646 - cadence_wtc11_v2 - INFO - ================================================================================
2026-01-13 04:24:25,646 - cadence_wtc11_v2 - INFO - [TRAIN] NLL: 0.6045 | MSE: 0.6045 | r: 0.6580 | rho: 0.5311 | R2: 0.3955 | RMSE: 0.8446
2026-01-13 04:24:25,647 - cadence_wtc11_v2 - INFO - [VAL]   NLL: 0.7058 | MSE: 0.7058 | r: 0.5602 | rho: 0.4468 | R2: 0.2543 | RMSE: 0.9126
2026-01-13 04:24:25,647 - cadence_wtc11_v2 - INFO - --------------------------------------------------------------------------------
2026-01-13 04:24:25,647 - cadence_wtc11_v2 - INFO -   [VAL] encode4_wtc11:
2026-01-13 04:24:25,647 - cadence_wtc11_v2 - INFO -     activity: r=0.5602 | rho=0.4468 | R2=0.2543 | RMSE=0.9126 | MAE=0.6909
2026-01-13 04:24:25,648 - cadence_wtc11_v2 - INFO - ================================================================================
2026-01-13 04:24:26,052 - cadence_wtc11_v2 - INFO - Epoch 6 completed in 20.8s
2026-01-13 04:24:35,682 - cadence_wtc11_v2 - INFO - Step 300: NLL=0.5126, MSE=0.5126, grad=0.41, lr=9.52e-03
2026-01-13 04:24:46,743 - cadence_wtc11_v2 - INFO - ================================================================================
2026-01-13 04:24:46,743 - cadence_wtc11_v2 - INFO - EPOCH 7 SUMMARY 
2026-01-13 04:24:46,743 - cadence_wtc11_v2 - INFO - ================================================================================
2026-01-13 04:24:46,743 - cadence_wtc11_v2 - INFO - [TRAIN] NLL: 1.3433 | MSE: 1.3433 | r: 0.5819 | rho: 0.4574 | R2: -0.3433 | RMSE: 1.2590
2026-01-13 04:24:46,743 - cadence_wtc11_v2 - INFO - [VAL]   NLL: 1.4957 | MSE: 1.4957 | r: 0.5087 | rho: 0.3936 | R2: -0.5802 | RMSE: 1.3285
2026-01-13 04:24:46,743 - cadence_wtc11_v2 - INFO - --------------------------------------------------------------------------------
2026-01-13 04:24:46,743 - cadence_wtc11_v2 - INFO -   [VAL] encode4_wtc11:
2026-01-13 04:24:46,743 - cadence_wtc11_v2 - INFO -     activity: r=0.5087 | rho=0.3936 | R2=-0.5802 | RMSE=1.3285 | MAE=1.0045
2026-01-13 04:24:46,743 - cadence_wtc11_v2 - INFO - ================================================================================
2026-01-13 04:24:46,882 - cadence_wtc11_v2 - INFO - Epoch 7 completed in 20.8s
2026-01-13 04:25:09,181 - cadence_wtc11_v2 - INFO - ================================================================================
2026-01-13 04:25:09,182 - cadence_wtc11_v2 - INFO - EPOCH 8 SUMMARY 
2026-01-13 04:25:09,182 - cadence_wtc11_v2 - INFO - ================================================================================
2026-01-13 04:25:09,182 - cadence_wtc11_v2 - INFO - [TRAIN] NLL: 0.6429 | MSE: 0.6429 | r: 0.6332 | rho: 0.5465 | R2: 0.3571 | RMSE: 0.8710
2026-01-13 04:25:09,182 - cadence_wtc11_v2 - INFO - [VAL]   NLL: 0.7274 | MSE: 0.7274 | r: 0.5540 | rho: 0.4746 | R2: 0.2315 | RMSE: 0.9265
2026-01-13 04:25:09,182 - cadence_wtc11_v2 - INFO - --------------------------------------------------------------------------------
2026-01-13 04:25:09,182 - cadence_wtc11_v2 - INFO -   [VAL] encode4_wtc11:
2026-01-13 04:25:09,182 - cadence_wtc11_v2 - INFO -     activity: r=0.5540 | rho=0.4746 | R2=0.2315 | RMSE=0.9265 | MAE=0.7226
2026-01-13 04:25:09,182 - cadence_wtc11_v2 - INFO - ================================================================================
2026-01-13 04:25:09,351 - cadence_wtc11_v2 - INFO - Epoch 8 completed in 22.5s
2026-01-13 04:25:30,438 - cadence_wtc11_v2 - INFO - ================================================================================
2026-01-13 04:25:30,438 - cadence_wtc11_v2 - INFO - EPOCH 9 SUMMARY (BEST)
2026-01-13 04:25:30,438 - cadence_wtc11_v2 - INFO - ================================================================================
2026-01-13 04:25:30,439 - cadence_wtc11_v2 - INFO - [TRAIN] NLL: 0.5394 | MSE: 0.5394 | r: 0.7089 | rho: 0.5911 | R2: 0.4606 | RMSE: 0.7978
2026-01-13 04:25:30,439 - cadence_wtc11_v2 - INFO - [VAL]   NLL: 0.6328 | MSE: 0.6328 | r: 0.6211 | rho: 0.5184 | R2: 0.3315 | RMSE: 0.8641
2026-01-13 04:25:30,439 - cadence_wtc11_v2 - INFO - --------------------------------------------------------------------------------
2026-01-13 04:25:30,439 - cadence_wtc11_v2 - INFO -   [VAL] encode4_wtc11:
2026-01-13 04:25:30,439 - cadence_wtc11_v2 - INFO -     activity: r=0.6211 | rho=0.5184 | R2=0.3315 | RMSE=0.8641 | MAE=0.6607
2026-01-13 04:25:30,439 - cadence_wtc11_v2 - INFO - ================================================================================
2026-01-13 04:25:30,829 - cadence_wtc11_v2 - INFO - Epoch 9 completed in 21.5s
2026-01-13 04:25:34,916 - cadence_wtc11_v2 - INFO - Step 400: NLL=0.4882, MSE=0.4882, grad=0.51, lr=9.91e-03
2026-01-13 04:25:52,155 - cadence_wtc11_v2 - INFO - ================================================================================
2026-01-13 04:25:52,155 - cadence_wtc11_v2 - INFO - EPOCH 10 SUMMARY 
2026-01-13 04:25:52,155 - cadence_wtc11_v2 - INFO - ================================================================================
2026-01-13 04:25:52,155 - cadence_wtc11_v2 - INFO - [TRAIN] NLL: 0.6207 | MSE: 0.6207 | r: 0.6868 | rho: 0.5706 | R2: 0.3793 | RMSE: 0.8558
2026-01-13 04:25:52,155 - cadence_wtc11_v2 - INFO - [VAL]   NLL: 0.7453 | MSE: 0.7453 | r: 0.5913 | rho: 0.4883 | R2: 0.2127 | RMSE: 0.9378
2026-01-13 04:25:52,156 - cadence_wtc11_v2 - INFO - --------------------------------------------------------------------------------
2026-01-13 04:25:52,156 - cadence_wtc11_v2 - INFO -   [VAL] encode4_wtc11:
2026-01-13 04:25:52,156 - cadence_wtc11_v2 - INFO -     activity: r=0.5913 | rho=0.4883 | R2=0.2127 | RMSE=0.9378 | MAE=0.6916
2026-01-13 04:25:52,156 - cadence_wtc11_v2 - INFO - ================================================================================
2026-01-13 04:25:52,320 - cadence_wtc11_v2 - INFO - Epoch 10 completed in 21.5s
2026-01-13 04:26:12,897 - cadence_wtc11_v2 - INFO - ================================================================================
2026-01-13 04:26:12,898 - cadence_wtc11_v2 - INFO - EPOCH 11 SUMMARY (BEST)
2026-01-13 04:26:12,898 - cadence_wtc11_v2 - INFO - ================================================================================
2026-01-13 04:26:12,898 - cadence_wtc11_v2 - INFO - [TRAIN] NLL: 0.4744 | MSE: 0.4744 | r: 0.7503 | rho: 0.6357 | R2: 0.5256 | RMSE: 0.7482
2026-01-13 04:26:12,898 - cadence_wtc11_v2 - INFO - [VAL]   NLL: 0.6220 | MSE: 0.6220 | r: 0.6457 | rho: 0.5405 | R2: 0.3429 | RMSE: 0.8567
2026-01-13 04:26:12,898 - cadence_wtc11_v2 - INFO - --------------------------------------------------------------------------------
2026-01-13 04:26:12,898 - cadence_wtc11_v2 - INFO -   [VAL] encode4_wtc11:
2026-01-13 04:26:12,898 - cadence_wtc11_v2 - INFO -     activity: r=0.6457 | rho=0.5405 | R2=0.3429 | RMSE=0.8567 | MAE=0.6314
2026-01-13 04:26:12,898 - cadence_wtc11_v2 - INFO - ================================================================================
2026-01-13 04:26:13,230 - cadence_wtc11_v2 - INFO - Epoch 11 completed in 20.9s
2026-01-13 04:26:24,957 - cadence_wtc11_v2 - INFO - Step 500: NLL=0.4389, MSE=0.4389, grad=0.23, lr=9.19e-03
2026-01-13 04:26:35,268 - cadence_wtc11_v2 - INFO - ================================================================================
2026-01-13 04:26:35,269 - cadence_wtc11_v2 - INFO - EPOCH 12 SUMMARY (BEST)
2026-01-13 04:26:35,269 - cadence_wtc11_v2 - INFO - ================================================================================
2026-01-13 04:26:35,269 - cadence_wtc11_v2 - INFO - [TRAIN] NLL: 0.4464 | MSE: 0.4464 | r: 0.7501 | rho: 0.6380 | R2: 0.5536 | RMSE: 0.7258
2026-01-13 04:26:35,269 - cadence_wtc11_v2 - INFO - [VAL]   NLL: 0.5526 | MSE: 0.5526 | r: 0.6477 | rho: 0.5368 | R2: 0.4162 | RMSE: 0.8075
2026-01-13 04:26:35,269 - cadence_wtc11_v2 - INFO - --------------------------------------------------------------------------------
2026-01-13 04:26:35,269 - cadence_wtc11_v2 - INFO -   [VAL] encode4_wtc11:
2026-01-13 04:26:35,269 - cadence_wtc11_v2 - INFO -     activity: r=0.6477 | rho=0.5368 | R2=0.4162 | RMSE=0.8075 | MAE=0.6036
2026-01-13 04:26:35,269 - cadence_wtc11_v2 - INFO - ================================================================================
2026-01-13 04:26:35,576 - cadence_wtc11_v2 - INFO - Epoch 12 completed in 22.3s
2026-01-13 04:26:57,573 - cadence_wtc11_v2 - INFO - ================================================================================
2026-01-13 04:26:57,573 - cadence_wtc11_v2 - INFO - EPOCH 13 SUMMARY 
2026-01-13 04:26:57,573 - cadence_wtc11_v2 - INFO - ================================================================================
2026-01-13 04:26:57,573 - cadence_wtc11_v2 - INFO - [TRAIN] NLL: 0.4429 | MSE: 0.4429 | r: 0.7480 | rho: 0.6425 | R2: 0.5571 | RMSE: 0.7229
2026-01-13 04:26:57,573 - cadence_wtc11_v2 - INFO - [VAL]   NLL: 0.5829 | MSE: 0.5829 | r: 0.6217 | rho: 0.5235 | R2: 0.3842 | RMSE: 0.8293
2026-01-13 04:26:57,573 - cadence_wtc11_v2 - INFO - --------------------------------------------------------------------------------
2026-01-13 04:26:57,573 - cadence_wtc11_v2 - INFO -   [VAL] encode4_wtc11:
2026-01-13 04:26:57,573 - cadence_wtc11_v2 - INFO -     activity: r=0.6217 | rho=0.5235 | R2=0.3842 | RMSE=0.8293 | MAE=0.6157
2026-01-13 04:26:57,573 - cadence_wtc11_v2 - INFO - ================================================================================
2026-01-13 04:26:57,756 - cadence_wtc11_v2 - INFO - Epoch 13 completed in 22.2s
2026-01-13 04:27:18,251 - cadence_wtc11_v2 - INFO - ================================================================================
2026-01-13 04:27:18,252 - cadence_wtc11_v2 - INFO - EPOCH 14 SUMMARY 
2026-01-13 04:27:18,252 - cadence_wtc11_v2 - INFO - ================================================================================
2026-01-13 04:27:18,253 - cadence_wtc11_v2 - INFO - [TRAIN] NLL: 0.4777 | MSE: 0.4777 | r: 0.7544 | rho: 0.6446 | R2: 0.5223 | RMSE: 0.7508
2026-01-13 04:27:18,253 - cadence_wtc11_v2 - INFO - [VAL]   NLL: 0.6453 | MSE: 0.6453 | r: 0.6097 | rho: 0.5062 | R2: 0.3182 | RMSE: 0.8726
2026-01-13 04:27:18,253 - cadence_wtc11_v2 - INFO - --------------------------------------------------------------------------------
2026-01-13 04:27:18,253 - cadence_wtc11_v2 - INFO -   [VAL] encode4_wtc11:
2026-01-13 04:27:18,253 - cadence_wtc11_v2 - INFO -     activity: r=0.6097 | rho=0.5062 | R2=0.3182 | RMSE=0.8726 | MAE=0.6350
2026-01-13 04:27:18,254 - cadence_wtc11_v2 - INFO - ================================================================================
2026-01-13 04:27:18,412 - cadence_wtc11_v2 - INFO - Epoch 14 completed in 20.7s
2026-01-13 04:27:24,865 - cadence_wtc11_v2 - INFO - Step 600: NLL=0.4044, MSE=0.4044, grad=0.36, lr=7.87e-03
2026-01-13 04:27:41,963 - cadence_wtc11_v2 - INFO - ================================================================================
2026-01-13 04:27:41,963 - cadence_wtc11_v2 - INFO - EPOCH 15 SUMMARY 
2026-01-13 04:27:41,963 - cadence_wtc11_v2 - INFO - ================================================================================
2026-01-13 04:27:41,963 - cadence_wtc11_v2 - INFO - [TRAIN] NLL: 0.4309 | MSE: 0.4309 | r: 0.7597 | rho: 0.6587 | R2: 0.5691 | RMSE: 0.7131
2026-01-13 04:27:41,963 - cadence_wtc11_v2 - INFO - [VAL]   NLL: 0.6015 | MSE: 0.6015 | r: 0.6213 | rho: 0.5274 | R2: 0.3646 | RMSE: 0.8425
2026-01-13 04:27:41,964 - cadence_wtc11_v2 - INFO - --------------------------------------------------------------------------------
2026-01-13 04:27:41,964 - cadence_wtc11_v2 - INFO -   [VAL] encode4_wtc11:
2026-01-13 04:27:41,964 - cadence_wtc11_v2 - INFO -     activity: r=0.6213 | rho=0.5274 | R2=0.3646 | RMSE=0.8425 | MAE=0.6296
2026-01-13 04:27:41,964 - cadence_wtc11_v2 - INFO - ================================================================================
2026-01-13 04:27:42,127 - cadence_wtc11_v2 - INFO - Epoch 15 completed in 23.7s
2026-01-13 04:28:04,059 - cadence_wtc11_v2 - INFO - ================================================================================
2026-01-13 04:28:04,059 - cadence_wtc11_v2 - INFO - EPOCH 16 SUMMARY 
2026-01-13 04:28:04,060 - cadence_wtc11_v2 - INFO - ================================================================================
2026-01-13 04:28:04,060 - cadence_wtc11_v2 - INFO - [TRAIN] NLL: 0.4637 | MSE: 0.4637 | r: 0.7685 | rho: 0.6619 | R2: 0.5363 | RMSE: 0.7397
2026-01-13 04:28:04,060 - cadence_wtc11_v2 - INFO - [VAL]   NLL: 0.6090 | MSE: 0.6090 | r: 0.6305 | rho: 0.5211 | R2: 0.3567 | RMSE: 0.8477
2026-01-13 04:28:04,060 - cadence_wtc11_v2 - INFO - --------------------------------------------------------------------------------
2026-01-13 04:28:04,060 - cadence_wtc11_v2 - INFO -   [VAL] encode4_wtc11:
2026-01-13 04:28:04,060 - cadence_wtc11_v2 - INFO -     activity: r=0.6305 | rho=0.5211 | R2=0.3567 | RMSE=0.8477 | MAE=0.6196
2026-01-13 04:28:04,060 - cadence_wtc11_v2 - INFO - ================================================================================
2026-01-13 04:28:04,239 - cadence_wtc11_v2 - INFO - Epoch 16 completed in 22.1s
2026-01-13 04:28:17,600 - cadence_wtc11_v2 - INFO - Step 700: NLL=0.3562, MSE=0.3562, grad=0.38, lr=6.13e-03
2026-01-13 04:28:27,052 - cadence_wtc11_v2 - INFO - ================================================================================
2026-01-13 04:28:27,052 - cadence_wtc11_v2 - INFO - EPOCH 17 SUMMARY (BEST)
2026-01-13 04:28:27,053 - cadence_wtc11_v2 - INFO - ================================================================================
2026-01-13 04:28:27,053 - cadence_wtc11_v2 - INFO - [TRAIN] NLL: 0.3689 | MSE: 0.3689 | r: 0.8002 | rho: 0.6996 | R2: 0.6311 | RMSE: 0.6598
2026-01-13 04:28:27,053 - cadence_wtc11_v2 - INFO - [VAL]   NLL: 0.5375 | MSE: 0.5375 | r: 0.6623 | rho: 0.5586 | R2: 0.4321 | RMSE: 0.7964
2026-01-13 04:28:27,053 - cadence_wtc11_v2 - INFO - --------------------------------------------------------------------------------
2026-01-13 04:28:27,054 - cadence_wtc11_v2 - INFO -   [VAL] encode4_wtc11:
2026-01-13 04:28:27,054 - cadence_wtc11_v2 - INFO -     activity: r=0.6623 | rho=0.5586 | R2=0.4321 | RMSE=0.7964 | MAE=0.5850
2026-01-13 04:28:27,054 - cadence_wtc11_v2 - INFO - ================================================================================
2026-01-13 04:28:27,457 - cadence_wtc11_v2 - INFO - Epoch 17 completed in 23.2s
2026-01-13 04:28:51,281 - cadence_wtc11_v2 - INFO - ================================================================================
2026-01-13 04:28:51,281 - cadence_wtc11_v2 - INFO - EPOCH 18 SUMMARY 
2026-01-13 04:28:51,281 - cadence_wtc11_v2 - INFO - ================================================================================
2026-01-13 04:28:51,282 - cadence_wtc11_v2 - INFO - [TRAIN] NLL: 0.3483 | MSE: 0.3483 | r: 0.8122 | rho: 0.7097 | R2: 0.6517 | RMSE: 0.6411
2026-01-13 04:28:51,282 - cadence_wtc11_v2 - INFO - [VAL]   NLL: 0.5484 | MSE: 0.5484 | r: 0.6596 | rho: 0.5526 | R2: 0.4206 | RMSE: 0.8045
2026-01-13 04:28:51,282 - cadence_wtc11_v2 - INFO - --------------------------------------------------------------------------------
2026-01-13 04:28:51,282 - cadence_wtc11_v2 - INFO -   [VAL] encode4_wtc11:
2026-01-13 04:28:51,282 - cadence_wtc11_v2 - INFO -     activity: r=0.6596 | rho=0.5526 | R2=0.4206 | RMSE=0.8045 | MAE=0.5903
2026-01-13 04:28:51,282 - cadence_wtc11_v2 - INFO - ================================================================================
2026-01-13 04:28:51,460 - cadence_wtc11_v2 - INFO - Epoch 18 completed in 24.0s
2026-01-13 04:29:14,209 - cadence_wtc11_v2 - INFO - ================================================================================
2026-01-13 04:29:14,209 - cadence_wtc11_v2 - INFO - EPOCH 19 SUMMARY (BEST)
2026-01-13 04:29:14,209 - cadence_wtc11_v2 - INFO - ================================================================================
2026-01-13 04:29:14,209 - cadence_wtc11_v2 - INFO - [TRAIN] NLL: 0.3277 | MSE: 0.3277 | r: 0.8245 | rho: 0.7261 | R2: 0.6723 | RMSE: 0.6219
2026-01-13 04:29:14,209 - cadence_wtc11_v2 - INFO - [VAL]   NLL: 0.5327 | MSE: 0.5327 | r: 0.6659 | rho: 0.5588 | R2: 0.4372 | RMSE: 0.7929
2026-01-13 04:29:14,209 - cadence_wtc11_v2 - INFO - --------------------------------------------------------------------------------
2026-01-13 04:29:14,210 - cadence_wtc11_v2 - INFO -   [VAL] encode4_wtc11:
2026-01-13 04:29:14,210 - cadence_wtc11_v2 - INFO -     activity: r=0.6659 | rho=0.5588 | R2=0.4372 | RMSE=0.7929 | MAE=0.5845
2026-01-13 04:29:14,210 - cadence_wtc11_v2 - INFO - ================================================================================
2026-01-13 04:29:14,463 - cadence_wtc11_v2 - INFO - Epoch 19 completed in 23.0s
2026-01-13 04:29:21,728 - cadence_wtc11_v2 - INFO - Step 800: NLL=0.3293, MSE=0.3293, grad=0.31, lr=4.23e-03
2026-01-13 04:29:35,413 - cadence_wtc11_v2 - INFO - ================================================================================
2026-01-13 04:29:35,413 - cadence_wtc11_v2 - INFO - EPOCH 20 SUMMARY 
2026-01-13 04:29:35,413 - cadence_wtc11_v2 - INFO - ================================================================================
2026-01-13 04:29:35,413 - cadence_wtc11_v2 - INFO - [TRAIN] NLL: 0.3068 | MSE: 0.3068 | r: 0.8332 | rho: 0.7346 | R2: 0.6932 | RMSE: 0.6017
2026-01-13 04:29:35,414 - cadence_wtc11_v2 - INFO - [VAL]   NLL: 0.5406 | MSE: 0.5406 | r: 0.6624 | rho: 0.5652 | R2: 0.4288 | RMSE: 0.7987
2026-01-13 04:29:35,414 - cadence_wtc11_v2 - INFO - --------------------------------------------------------------------------------
2026-01-13 04:29:35,414 - cadence_wtc11_v2 - INFO -   [VAL] encode4_wtc11:
2026-01-13 04:29:35,414 - cadence_wtc11_v2 - INFO -     activity: r=0.6624 | rho=0.5652 | R2=0.4288 | RMSE=0.7987 | MAE=0.5865
2026-01-13 04:29:35,414 - cadence_wtc11_v2 - INFO - ================================================================================
2026-01-13 04:29:35,619 - cadence_wtc11_v2 - INFO - Epoch 20 completed in 21.2s
2026-01-13 04:29:57,670 - cadence_wtc11_v2 - INFO - ================================================================================
2026-01-13 04:29:57,671 - cadence_wtc11_v2 - INFO - EPOCH 21 SUMMARY 
2026-01-13 04:29:57,671 - cadence_wtc11_v2 - INFO - ================================================================================
2026-01-13 04:29:57,671 - cadence_wtc11_v2 - INFO - [TRAIN] NLL: 0.2928 | MSE: 0.2928 | r: 0.8434 | rho: 0.7461 | R2: 0.7072 | RMSE: 0.5878
2026-01-13 04:29:57,671 - cadence_wtc11_v2 - INFO - [VAL]   NLL: 0.5478 | MSE: 0.5478 | r: 0.6614 | rho: 0.5590 | R2: 0.4212 | RMSE: 0.8040
2026-01-13 04:29:57,672 - cadence_wtc11_v2 - INFO - --------------------------------------------------------------------------------
2026-01-13 04:29:57,672 - cadence_wtc11_v2 - INFO -   [VAL] encode4_wtc11:
2026-01-13 04:29:57,672 - cadence_wtc11_v2 - INFO -     activity: r=0.6614 | rho=0.5590 | R2=0.4212 | RMSE=0.8040 | MAE=0.5919
2026-01-13 04:29:57,672 - cadence_wtc11_v2 - INFO - ================================================================================
2026-01-13 04:29:57,807 - cadence_wtc11_v2 - INFO - Epoch 21 completed in 22.2s
2026-01-13 04:30:18,964 - cadence_wtc11_v2 - INFO - ================================================================================
2026-01-13 04:30:18,964 - cadence_wtc11_v2 - INFO - EPOCH 22 SUMMARY 
2026-01-13 04:30:18,964 - cadence_wtc11_v2 - INFO - ================================================================================
2026-01-13 04:30:18,964 - cadence_wtc11_v2 - INFO - [TRAIN] NLL: 0.3112 | MSE: 0.3112 | r: 0.8399 | rho: 0.7417 | R2: 0.6888 | RMSE: 0.6060
2026-01-13 04:30:18,964 - cadence_wtc11_v2 - INFO - [VAL]   NLL: 0.5836 | MSE: 0.5836 | r: 0.6322 | rho: 0.5284 | R2: 0.3834 | RMSE: 0.8299
2026-01-13 04:30:18,964 - cadence_wtc11_v2 - INFO - --------------------------------------------------------------------------------
2026-01-13 04:30:18,964 - cadence_wtc11_v2 - INFO -   [VAL] encode4_wtc11:
2026-01-13 04:30:18,965 - cadence_wtc11_v2 - INFO -     activity: r=0.6322 | rho=0.5284 | R2=0.3834 | RMSE=0.8299 | MAE=0.6074
2026-01-13 04:30:18,965 - cadence_wtc11_v2 - INFO - ================================================================================
2026-01-13 04:30:19,115 - cadence_wtc11_v2 - INFO - Epoch 22 completed in 21.3s
2026-01-13 04:30:21,238 - cadence_wtc11_v2 - INFO - Step 900: NLL=0.3036, MSE=0.3036, grad=0.45, lr=2.43e-03
2026-01-13 04:30:39,049 - cadence_wtc11_v2 - INFO - ================================================================================
2026-01-13 04:30:39,050 - cadence_wtc11_v2 - INFO - EPOCH 23 SUMMARY 
2026-01-13 04:30:39,050 - cadence_wtc11_v2 - INFO - ================================================================================
2026-01-13 04:30:39,050 - cadence_wtc11_v2 - INFO - [TRAIN] NLL: 0.2554 | MSE: 0.2554 | r: 0.8630 | rho: 0.7723 | R2: 0.7446 | RMSE: 0.5490
2026-01-13 04:30:39,050 - cadence_wtc11_v2 - INFO - [VAL]   NLL: 0.5543 | MSE: 0.5543 | r: 0.6614 | rho: 0.5654 | R2: 0.4144 | RMSE: 0.8087
2026-01-13 04:30:39,051 - cadence_wtc11_v2 - INFO - --------------------------------------------------------------------------------
2026-01-13 04:30:39,051 - cadence_wtc11_v2 - INFO -   [VAL] encode4_wtc11:
2026-01-13 04:30:39,051 - cadence_wtc11_v2 - INFO -     activity: r=0.6614 | rho=0.5654 | R2=0.4144 | RMSE=0.8087 | MAE=0.5997
2026-01-13 04:30:39,051 - cadence_wtc11_v2 - INFO - ================================================================================
2026-01-13 04:30:39,210 - cadence_wtc11_v2 - INFO - Epoch 23 completed in 20.1s
2026-01-13 04:31:00,871 - cadence_wtc11_v2 - INFO - ================================================================================
2026-01-13 04:31:00,871 - cadence_wtc11_v2 - INFO - EPOCH 24 SUMMARY 
2026-01-13 04:31:00,872 - cadence_wtc11_v2 - INFO - ================================================================================
2026-01-13 04:31:00,872 - cadence_wtc11_v2 - INFO - [TRAIN] NLL: 0.2489 | MSE: 0.2489 | r: 0.8689 | rho: 0.7801 | R2: 0.7511 | RMSE: 0.5419
2026-01-13 04:31:00,872 - cadence_wtc11_v2 - INFO - [VAL]   NLL: 0.5497 | MSE: 0.5497 | r: 0.6550 | rho: 0.5511 | R2: 0.4192 | RMSE: 0.8054
2026-01-13 04:31:00,872 - cadence_wtc11_v2 - INFO - --------------------------------------------------------------------------------
2026-01-13 04:31:00,873 - cadence_wtc11_v2 - INFO -   [VAL] encode4_wtc11:
2026-01-13 04:31:00,873 - cadence_wtc11_v2 - INFO -     activity: r=0.6550 | rho=0.5511 | R2=0.4192 | RMSE=0.8054 | MAE=0.5978
2026-01-13 04:31:00,873 - cadence_wtc11_v2 - INFO - ================================================================================
2026-01-13 04:31:01,023 - cadence_wtc11_v2 - INFO - Epoch 24 completed in 21.8s
2026-01-13 04:31:10,056 - cadence_wtc11_v2 - INFO - Step 1000: NLL=0.2408, MSE=0.2408, grad=0.29, lr=1.01e-03
2026-01-13 04:31:22,970 - cadence_wtc11_v2 - INFO - ================================================================================
2026-01-13 04:31:22,971 - cadence_wtc11_v2 - INFO - EPOCH 25 SUMMARY 
2026-01-13 04:31:22,971 - cadence_wtc11_v2 - INFO - ================================================================================
2026-01-13 04:31:22,971 - cadence_wtc11_v2 - INFO - [TRAIN] NLL: 0.2388 | MSE: 0.2388 | r: 0.8752 | rho: 0.7878 | R2: 0.7612 | RMSE: 0.5308
2026-01-13 04:31:22,972 - cadence_wtc11_v2 - INFO - [VAL]   NLL: 0.5560 | MSE: 0.5560 | r: 0.6617 | rho: 0.5553 | R2: 0.4127 | RMSE: 0.8100
2026-01-13 04:31:22,972 - cadence_wtc11_v2 - INFO - --------------------------------------------------------------------------------
2026-01-13 04:31:22,972 - cadence_wtc11_v2 - INFO -   [VAL] encode4_wtc11:
2026-01-13 04:31:22,972 - cadence_wtc11_v2 - INFO -     activity: r=0.6617 | rho=0.5553 | R2=0.4127 | RMSE=0.8100 | MAE=0.6009
2026-01-13 04:31:22,973 - cadence_wtc11_v2 - INFO - ================================================================================
2026-01-13 04:31:23,192 - cadence_wtc11_v2 - INFO - Epoch 25 completed in 22.2s
2026-01-13 04:31:45,623 - cadence_wtc11_v2 - INFO - ================================================================================
2026-01-13 04:31:45,624 - cadence_wtc11_v2 - INFO - EPOCH 26 SUMMARY 
2026-01-13 04:31:45,624 - cadence_wtc11_v2 - INFO - ================================================================================
2026-01-13 04:31:45,624 - cadence_wtc11_v2 - INFO - [TRAIN] NLL: 0.2260 | MSE: 0.2260 | r: 0.8802 | rho: 0.7962 | R2: 0.7740 | RMSE: 0.5164
2026-01-13 04:31:45,625 - cadence_wtc11_v2 - INFO - [VAL]   NLL: 0.5508 | MSE: 0.5508 | r: 0.6604 | rho: 0.5565 | R2: 0.4181 | RMSE: 0.8062
2026-01-13 04:31:45,625 - cadence_wtc11_v2 - INFO - --------------------------------------------------------------------------------
2026-01-13 04:31:45,625 - cadence_wtc11_v2 - INFO -   [VAL] encode4_wtc11:
2026-01-13 04:31:45,625 - cadence_wtc11_v2 - INFO -     activity: r=0.6604 | rho=0.5565 | R2=0.4181 | RMSE=0.8062 | MAE=0.5989
2026-01-13 04:31:45,625 - cadence_wtc11_v2 - INFO - ================================================================================
2026-01-13 04:31:45,789 - cadence_wtc11_v2 - INFO - Epoch 26 completed in 22.6s
2026-01-13 04:32:08,785 - cadence_wtc11_v2 - INFO - ================================================================================
2026-01-13 04:32:08,785 - cadence_wtc11_v2 - INFO - EPOCH 27 SUMMARY 
2026-01-13 04:32:08,786 - cadence_wtc11_v2 - INFO - ================================================================================
2026-01-13 04:32:08,787 - cadence_wtc11_v2 - INFO - [TRAIN] NLL: 0.2189 | MSE: 0.2189 | r: 0.8838 | rho: 0.8030 | R2: 0.7811 | RMSE: 0.5083
2026-01-13 04:32:08,787 - cadence_wtc11_v2 - INFO - [VAL]   NLL: 0.5557 | MSE: 0.5557 | r: 0.6592 | rho: 0.5578 | R2: 0.4130 | RMSE: 0.8097
2026-01-13 04:32:08,787 - cadence_wtc11_v2 - INFO - --------------------------------------------------------------------------------
2026-01-13 04:32:08,787 - cadence_wtc11_v2 - INFO -   [VAL] encode4_wtc11:
2026-01-13 04:32:08,787 - cadence_wtc11_v2 - INFO -     activity: r=0.6592 | rho=0.5578 | R2=0.4130 | RMSE=0.8097 | MAE=0.6024
2026-01-13 04:32:08,787 - cadence_wtc11_v2 - INFO - ================================================================================
2026-01-13 04:32:09,019 - cadence_wtc11_v2 - INFO - Epoch 27 completed in 23.2s
2026-01-13 04:32:13,219 - cadence_wtc11_v2 - INFO - Step 1100: NLL=0.2405, MSE=0.2405, grad=0.32, lr=1.74e-04
2026-01-13 04:32:30,799 - cadence_wtc11_v2 - INFO - ================================================================================
2026-01-13 04:32:30,799 - cadence_wtc11_v2 - INFO - EPOCH 28 SUMMARY 
2026-01-13 04:32:30,799 - cadence_wtc11_v2 - INFO - ================================================================================
2026-01-13 04:32:30,800 - cadence_wtc11_v2 - INFO - [TRAIN] NLL: 0.2171 | MSE: 0.2171 | r: 0.8848 | rho: 0.8039 | R2: 0.7829 | RMSE: 0.5062
2026-01-13 04:32:30,800 - cadence_wtc11_v2 - INFO - [VAL]   NLL: 0.5572 | MSE: 0.5572 | r: 0.6591 | rho: 0.5581 | R2: 0.4113 | RMSE: 0.8109
2026-01-13 04:32:30,800 - cadence_wtc11_v2 - INFO - --------------------------------------------------------------------------------
2026-01-13 04:32:30,800 - cadence_wtc11_v2 - INFO -   [VAL] encode4_wtc11:
2026-01-13 04:32:30,800 - cadence_wtc11_v2 - INFO -     activity: r=0.6591 | rho=0.5581 | R2=0.4113 | RMSE=0.8109 | MAE=0.6039
2026-01-13 04:32:30,800 - cadence_wtc11_v2 - INFO - ================================================================================
2026-01-13 04:32:30,952 - cadence_wtc11_v2 - INFO - Epoch 28 completed in 21.9s
2026-01-13 04:32:53,938 - cadence_wtc11_v2 - INFO - ================================================================================
2026-01-13 04:32:53,938 - cadence_wtc11_v2 - INFO - EPOCH 29 SUMMARY 
2026-01-13 04:32:53,939 - cadence_wtc11_v2 - INFO - ================================================================================
2026-01-13 04:32:53,939 - cadence_wtc11_v2 - INFO - [TRAIN] NLL: 0.2154 | MSE: 0.2154 | r: 0.8858 | rho: 0.8054 | R2: 0.7846 | RMSE: 0.5042
2026-01-13 04:32:53,939 - cadence_wtc11_v2 - INFO - [VAL]   NLL: 0.5595 | MSE: 0.5595 | r: 0.6591 | rho: 0.5578 | R2: 0.4089 | RMSE: 0.8125
2026-01-13 04:32:53,939 - cadence_wtc11_v2 - INFO - --------------------------------------------------------------------------------
2026-01-13 04:32:53,939 - cadence_wtc11_v2 - INFO -   [VAL] encode4_wtc11:
2026-01-13 04:32:53,939 - cadence_wtc11_v2 - INFO -     activity: r=0.6591 | rho=0.5578 | R2=0.4089 | RMSE=0.8125 | MAE=0.6055
2026-01-13 04:32:53,939 - cadence_wtc11_v2 - INFO - ================================================================================
2026-01-13 04:32:54,161 - cadence_wtc11_v2 - INFO - Epoch 29 completed in 23.2s
2026-01-13 04:32:54,161 - cadence_wtc11_v2 - INFO - Training complete. Running final evaluation...
2026-01-13 04:32:55,560 - cadence_wtc11_v2 - INFO - 
============================================================
2026-01-13 04:32:55,560 - cadence_wtc11_v2 - INFO - Evaluating on TEST sets...
2026-01-13 04:32:55,560 - cadence_wtc11_v2 - INFO - ============================================================
2026-01-13 04:32:55,561 - cadence_wtc11_v2 - INFO -   Evaluating encode4_wtc11 (test)...
2026-01-13 04:32:56,566 - cadence_wtc11_v2 - INFO -     activity: r=0.6979, rho=0.5909, R2=0.4723, RMSE=0.7299 (n=5597)
2026-01-13 04:32:56,567 - cadence_wtc11_v2 - INFO - 
============================================================
2026-01-13 04:32:56,567 - cadence_wtc11_v2 - INFO - Evaluating on CALIBRATION sets...
2026-01-13 04:32:56,568 - cadence_wtc11_v2 - INFO - ============================================================
2026-01-13 04:32:56,568 - cadence_wtc11_v2 - INFO -   Evaluating encode4_wtc11 (calibration)...
2026-01-13 04:32:57,587 - cadence_wtc11_v2 - INFO -     activity: r=0.6957, rho=0.6003, R2=0.4672, RMSE=0.7188 (n=5595)
2026-01-13 04:32:57,588 - cadence_wtc11_v2 - INFO - Results saved to results/cadence_wtc11_v2/final_results.json
