2026-01-13 05:55:09,391 - cadence_maize_all_v1 - INFO - Experiment: cadence_maize_all_v1
2026-01-13 05:55:09,394 - cadence_maize_all_v1 - INFO - Output directory: results/cadence_maize_all_v1
2026-01-13 05:55:09,399 - cadence_maize_all_v1 - INFO - Starting training...
2026-01-13 05:55:09,399 - cadence_maize_all_v1 - INFO - Config: config1_single_celltype
2026-01-13 05:55:09,399 - cadence_maize_all_v1 - INFO - Setting up datasets...
2026-01-13 05:55:29,861 - cadence_maize_all_v1 - INFO - Dataset sizes: {'jores_maize': 22143}
2026-01-13 05:55:29,878 - cadence_maize_all_v1 - INFO - Using balanced activity sampling with 10 bins...
2026-01-13 05:55:31,862 - cadence_maize_all_v1 - INFO -   jores_maize: test set loaded
2026-01-13 05:55:48,912 - cadence_maize_all_v1 - INFO - Data setup complete
2026-01-13 05:55:48,913 - cadence_maize_all_v1 - INFO - Setting up model...
2026-01-13 05:55:51,816 - cadence_maize_all_v1 - INFO - Model parameters: 2,811,141 (2,811,141 trainable)
2026-01-13 05:55:59,784 - cadence_maize_all_v1 - INFO - OneCycleLR: 17300 total steps, initial_lr=0.000400, max_lr=0.01
2026-01-13 05:55:59,784 - cadence_maize_all_v1 - INFO - Model setup complete
2026-01-13 05:56:26,396 - cadence_maize_all_v1 - INFO - Step 100: NLL=0.3832, MSE=0.3772, grad=5.08, lr=4.09e-04
2026-01-13 05:56:50,814 - cadence_maize_all_v1 - INFO - Step 200: NLL=0.3653, MSE=0.3717, grad=4.01, lr=4.35e-04
2026-01-13 05:57:12,367 - cadence_maize_all_v1 - INFO - Step 300: NLL=0.2692, MSE=0.3233, grad=2.90, lr=4.79e-04
2026-01-13 05:57:33,592 - cadence_maize_all_v1 - INFO - ================================================================================
2026-01-13 05:57:33,593 - cadence_maize_all_v1 - INFO - EPOCH 0 SUMMARY (BEST)
2026-01-13 05:57:33,593 - cadence_maize_all_v1 - INFO - ================================================================================
2026-01-13 05:57:33,593 - cadence_maize_all_v1 - INFO - [TRAIN] NLL: 0.3897 | MSE: 0.3897 | r: 0.7639 | rho: 0.7546 | R2: 0.4453 | RMSE: 1.1010
2026-01-13 05:57:33,593 - cadence_maize_all_v1 - INFO - [VAL]   NLL: 0.4106 | MSE: 0.4106 | r: 0.7619 | rho: 0.7519 | R2: 0.4441 | RMSE: 1.1249
2026-01-13 05:57:33,593 - cadence_maize_all_v1 - INFO - --------------------------------------------------------------------------------
2026-01-13 05:57:33,593 - cadence_maize_all_v1 - INFO -   [VAL] jores_maize:
2026-01-13 05:57:33,593 - cadence_maize_all_v1 - INFO -     leaf: r=0.7586 | rho=0.7584 | R2=0.4345 | RMSE=1.3686 | MAE=1.0598
2026-01-13 05:57:33,593 - cadence_maize_all_v1 - INFO -     proto: r=0.7652 | rho=0.7453 | R2=0.4538 | RMSE=0.8812 | MAE=0.6819
2026-01-13 05:57:33,593 - cadence_maize_all_v1 - INFO - ================================================================================
2026-01-13 05:57:34,834 - cadence_maize_all_v1 - INFO - Epoch 0 completed in 95.0s
2026-01-13 05:57:46,869 - cadence_maize_all_v1 - INFO - Step 400: NLL=0.2983, MSE=0.3650, grad=2.82, lr=5.40e-04
2026-01-13 05:58:09,976 - cadence_maize_all_v1 - INFO - Step 500: NLL=0.3388, MSE=0.3888, grad=2.99, lr=6.18e-04
2026-01-13 05:58:29,792 - cadence_maize_all_v1 - INFO - Step 600: NLL=0.2789, MSE=0.3114, grad=2.06, lr=7.13e-04
2026-01-13 05:58:59,198 - cadence_maize_all_v1 - INFO - ================================================================================
2026-01-13 05:58:59,198 - cadence_maize_all_v1 - INFO - EPOCH 1 SUMMARY 
2026-01-13 05:58:59,198 - cadence_maize_all_v1 - INFO - ================================================================================
2026-01-13 05:58:59,198 - cadence_maize_all_v1 - INFO - [TRAIN] NLL: 0.3748 | MSE: 0.3748 | r: 0.7697 | rho: 0.7671 | R2: 0.4378 | RMSE: 1.0899
2026-01-13 05:58:59,198 - cadence_maize_all_v1 - INFO - [VAL]   NLL: 0.4137 | MSE: 0.4137 | r: 0.7446 | rho: 0.7387 | R2: 0.3994 | RMSE: 1.1452
2026-01-13 05:58:59,198 - cadence_maize_all_v1 - INFO - --------------------------------------------------------------------------------
2026-01-13 05:58:59,198 - cadence_maize_all_v1 - INFO -   [VAL] jores_maize:
2026-01-13 05:58:59,198 - cadence_maize_all_v1 - INFO -     leaf: r=0.7829 | rho=0.7853 | R2=0.4912 | RMSE=1.2981 | MAE=1.0055
2026-01-13 05:58:59,198 - cadence_maize_all_v1 - INFO -     proto: r=0.7064 | rho=0.6920 | R2=0.3076 | RMSE=0.9922 | MAE=0.7752
2026-01-13 05:58:59,198 - cadence_maize_all_v1 - INFO - ================================================================================
2026-01-13 05:58:59,766 - cadence_maize_all_v1 - INFO - Epoch 1 completed in 84.9s
2026-01-13 05:59:02,607 - cadence_maize_all_v1 - INFO - Step 700: NLL=0.3150, MSE=0.3489, grad=1.78, lr=8.25e-04
2026-01-13 05:59:22,722 - cadence_maize_all_v1 - INFO - Step 800: NLL=0.2493, MSE=0.2610, grad=1.70, lr=9.52e-04
2026-01-13 05:59:43,858 - cadence_maize_all_v1 - INFO - Step 900: NLL=0.2476, MSE=0.2620, grad=1.50, lr=1.10e-03
2026-01-13 06:00:04,902 - cadence_maize_all_v1 - INFO - Step 1000: NLL=0.2354, MSE=0.2391, grad=1.39, lr=1.25e-03
2026-01-13 06:00:25,751 - cadence_maize_all_v1 - INFO - ================================================================================
2026-01-13 06:00:25,757 - cadence_maize_all_v1 - INFO - EPOCH 2 SUMMARY (BEST)
2026-01-13 06:00:25,757 - cadence_maize_all_v1 - INFO - ================================================================================
2026-01-13 06:00:25,757 - cadence_maize_all_v1 - INFO - [TRAIN] NLL: 0.3996 | MSE: 0.3996 | r: 0.7727 | rho: 0.7744 | R2: 0.4401 | RMSE: 1.1111
2026-01-13 06:00:25,757 - cadence_maize_all_v1 - INFO - [VAL]   NLL: 0.4044 | MSE: 0.4044 | r: 0.7631 | rho: 0.7577 | R2: 0.4481 | RMSE: 1.1186
2026-01-13 06:00:25,758 - cadence_maize_all_v1 - INFO - --------------------------------------------------------------------------------
2026-01-13 06:00:25,758 - cadence_maize_all_v1 - INFO -   [VAL] jores_maize:
2026-01-13 06:00:25,758 - cadence_maize_all_v1 - INFO -     leaf: r=0.7754 | rho=0.7829 | R2=0.4497 | RMSE=1.3500 | MAE=1.0508
2026-01-13 06:00:25,758 - cadence_maize_all_v1 - INFO -     proto: r=0.7507 | rho=0.7325 | R2=0.4464 | RMSE=0.8872 | MAE=0.6873
2026-01-13 06:00:25,758 - cadence_maize_all_v1 - INFO - ================================================================================
2026-01-13 06:00:26,616 - cadence_maize_all_v1 - INFO - Epoch 2 completed in 86.8s
2026-01-13 06:00:39,220 - cadence_maize_all_v1 - INFO - Step 1100: NLL=0.4184, MSE=0.4019, grad=1.18, lr=1.43e-03
2026-01-13 06:00:56,683 - cadence_maize_all_v1 - INFO - Step 1200: NLL=0.2789, MSE=0.2936, grad=1.78, lr=1.61e-03
2026-01-13 06:01:15,545 - cadence_maize_all_v1 - INFO - Step 1300: NLL=0.3751, MSE=0.4113, grad=1.38, lr=1.81e-03
2026-01-13 06:01:44,988 - cadence_maize_all_v1 - INFO - ================================================================================
2026-01-13 06:01:44,988 - cadence_maize_all_v1 - INFO - EPOCH 3 SUMMARY (BEST)
2026-01-13 06:01:44,989 - cadence_maize_all_v1 - INFO - ================================================================================
2026-01-13 06:01:44,989 - cadence_maize_all_v1 - INFO - [TRAIN] NLL: 0.3791 | MSE: 0.3791 | r: 0.7704 | rho: 0.7760 | R2: 0.4232 | RMSE: 1.0982
2026-01-13 06:01:44,989 - cadence_maize_all_v1 - INFO - [VAL]   NLL: 0.4105 | MSE: 0.4105 | r: 0.7650 | rho: 0.7666 | R2: 0.4002 | RMSE: 1.1418
2026-01-13 06:01:44,989 - cadence_maize_all_v1 - INFO - --------------------------------------------------------------------------------
2026-01-13 06:01:44,990 - cadence_maize_all_v1 - INFO -   [VAL] jores_maize:
2026-01-13 06:01:44,990 - cadence_maize_all_v1 - INFO -     leaf: r=0.7900 | rho=0.7943 | R2=0.5012 | RMSE=1.2853 | MAE=0.9970
2026-01-13 06:01:44,990 - cadence_maize_all_v1 - INFO -     proto: r=0.7400 | rho=0.7389 | R2=0.2991 | RMSE=0.9982 | MAE=0.7917
2026-01-13 06:01:44,991 - cadence_maize_all_v1 - INFO - ================================================================================
2026-01-13 06:01:46,181 - cadence_maize_all_v1 - INFO - Epoch 3 completed in 79.6s
2026-01-13 06:01:50,603 - cadence_maize_all_v1 - INFO - Step 1400: NLL=0.3374, MSE=0.3238, grad=1.23, lr=2.02e-03
2026-01-13 06:02:09,374 - cadence_maize_all_v1 - INFO - Step 1500: NLL=0.3743, MSE=0.3748, grad=1.28, lr=2.25e-03
2026-01-13 06:02:27,522 - cadence_maize_all_v1 - INFO - Step 1600: NLL=0.3428, MSE=0.3709, grad=1.47, lr=2.48e-03
2026-01-13 06:02:46,934 - cadence_maize_all_v1 - INFO - Step 1700: NLL=0.3613, MSE=0.3411, grad=0.92, lr=2.73e-03
2026-01-13 06:03:05,245 - cadence_maize_all_v1 - INFO - ================================================================================
2026-01-13 06:03:05,246 - cadence_maize_all_v1 - INFO - EPOCH 4 SUMMARY (BEST)
2026-01-13 06:03:05,246 - cadence_maize_all_v1 - INFO - ================================================================================
2026-01-13 06:03:05,246 - cadence_maize_all_v1 - INFO - [TRAIN] NLL: 0.3472 | MSE: 0.3472 | r: 0.7783 | rho: 0.7630 | R2: 0.4788 | RMSE: 1.0491
2026-01-13 06:03:05,246 - cadence_maize_all_v1 - INFO - [VAL]   NLL: 0.3340 | MSE: 0.3340 | r: 0.7891 | rho: 0.7713 | R2: 0.5091 | RMSE: 1.0308
2026-01-13 06:03:05,246 - cadence_maize_all_v1 - INFO - --------------------------------------------------------------------------------
2026-01-13 06:03:05,246 - cadence_maize_all_v1 - INFO -   [VAL] jores_maize:
2026-01-13 06:03:05,246 - cadence_maize_all_v1 - INFO -     leaf: r=0.7986 | rho=0.8005 | R2=0.5984 | RMSE=1.1533 | MAE=0.8904
2026-01-13 06:03:05,247 - cadence_maize_all_v1 - INFO -     proto: r=0.7795 | rho=0.7421 | R2=0.4198 | RMSE=0.9082 | MAE=0.7310
2026-01-13 06:03:05,247 - cadence_maize_all_v1 - INFO - ================================================================================
2026-01-13 06:03:06,285 - cadence_maize_all_v1 - INFO - Epoch 4 completed in 80.1s
2026-01-13 06:03:17,623 - cadence_maize_all_v1 - INFO - Step 1800: NLL=0.3176, MSE=0.3383, grad=0.67, lr=2.98e-03
2026-01-13 06:03:37,513 - cadence_maize_all_v1 - INFO - Step 1900: NLL=0.3623, MSE=0.3982, grad=0.74, lr=3.24e-03
2026-01-13 06:03:57,272 - cadence_maize_all_v1 - INFO - Step 2000: NLL=0.2773, MSE=0.2635, grad=1.55, lr=3.51e-03
2026-01-13 06:04:24,262 - cadence_maize_all_v1 - INFO - ================================================================================
2026-01-13 06:04:24,262 - cadence_maize_all_v1 - INFO - EPOCH 5 SUMMARY 
2026-01-13 06:04:24,263 - cadence_maize_all_v1 - INFO - ================================================================================
2026-01-13 06:04:24,263 - cadence_maize_all_v1 - INFO - [TRAIN] NLL: 0.3894 | MSE: 0.3894 | r: 0.7815 | rho: 0.7767 | R2: 0.4807 | RMSE: 1.0829
2026-01-13 06:04:24,263 - cadence_maize_all_v1 - INFO - [VAL]   NLL: 0.4433 | MSE: 0.4433 | r: 0.7636 | rho: 0.7543 | R2: 0.4261 | RMSE: 1.1542
2026-01-13 06:04:24,263 - cadence_maize_all_v1 - INFO - --------------------------------------------------------------------------------
2026-01-13 06:04:24,263 - cadence_maize_all_v1 - INFO -   [VAL] jores_maize:
2026-01-13 06:04:24,263 - cadence_maize_all_v1 - INFO -     leaf: r=0.7792 | rho=0.7926 | R2=0.3499 | RMSE=1.4673 | MAE=1.1394
2026-01-13 06:04:24,263 - cadence_maize_all_v1 - INFO -     proto: r=0.7481 | rho=0.7161 | R2=0.5023 | RMSE=0.8412 | MAE=0.6557
2026-01-13 06:04:24,264 - cadence_maize_all_v1 - INFO - ================================================================================
2026-01-13 06:04:24,984 - cadence_maize_all_v1 - INFO - Epoch 5 completed in 78.7s
2026-01-13 06:04:30,742 - cadence_maize_all_v1 - INFO - Step 2100: NLL=0.3054, MSE=0.3124, grad=0.58, lr=3.78e-03
2026-01-13 06:04:50,883 - cadence_maize_all_v1 - INFO - Step 2200: NLL=0.2788, MSE=0.2763, grad=0.48, lr=4.06e-03
2026-01-13 06:05:08,269 - cadence_maize_all_v1 - INFO - Step 2300: NLL=0.4368, MSE=0.3928, grad=0.60, lr=4.35e-03
2026-01-13 06:05:28,216 - cadence_maize_all_v1 - INFO - Step 2400: NLL=0.3136, MSE=0.3966, grad=0.65, lr=4.64e-03
2026-01-13 06:05:44,269 - cadence_maize_all_v1 - INFO - ================================================================================
2026-01-13 06:05:44,269 - cadence_maize_all_v1 - INFO - EPOCH 6 SUMMARY 
2026-01-13 06:05:44,270 - cadence_maize_all_v1 - INFO - ================================================================================
2026-01-13 06:05:44,270 - cadence_maize_all_v1 - INFO - [TRAIN] NLL: 0.3190 | MSE: 0.3190 | r: 0.7770 | rho: 0.7610 | R2: 0.5292 | RMSE: 1.0029
2026-01-13 06:05:44,270 - cadence_maize_all_v1 - INFO - [VAL]   NLL: 0.3521 | MSE: 0.3521 | r: 0.7760 | rho: 0.7506 | R2: 0.4914 | RMSE: 1.0556
2026-01-13 06:05:44,270 - cadence_maize_all_v1 - INFO - --------------------------------------------------------------------------------
2026-01-13 06:05:44,271 - cadence_maize_all_v1 - INFO -   [VAL] jores_maize:
2026-01-13 06:05:44,271 - cadence_maize_all_v1 - INFO -     leaf: r=0.7973 | rho=0.7986 | R2=0.5632 | RMSE=1.2027 | MAE=0.9374
2026-01-13 06:05:44,271 - cadence_maize_all_v1 - INFO -     proto: r=0.7547 | rho=0.7026 | R2=0.4195 | RMSE=0.9084 | MAE=0.7130
2026-01-13 06:05:44,271 - cadence_maize_all_v1 - INFO - ================================================================================
2026-01-13 06:05:44,713 - cadence_maize_all_v1 - INFO - Epoch 6 completed in 79.7s
2026-01-13 06:06:01,480 - cadence_maize_all_v1 - INFO - Step 2500: NLL=0.4163, MSE=0.3054, grad=0.89, lr=4.93e-03
2026-01-13 06:06:20,587 - cadence_maize_all_v1 - INFO - Step 2600: NLL=0.2794, MSE=0.2966, grad=0.40, lr=5.22e-03
2026-01-13 06:06:41,755 - cadence_maize_all_v1 - INFO - Step 2700: NLL=0.2547, MSE=0.3013, grad=0.39, lr=5.51e-03
2026-01-13 06:07:06,552 - cadence_maize_all_v1 - INFO - ================================================================================
2026-01-13 06:07:06,552 - cadence_maize_all_v1 - INFO - EPOCH 7 SUMMARY 
2026-01-13 06:07:06,552 - cadence_maize_all_v1 - INFO - ================================================================================
2026-01-13 06:07:06,552 - cadence_maize_all_v1 - INFO - [TRAIN] NLL: 0.8069 | MSE: 0.8069 | r: 0.7525 | rho: 0.7551 | R2: -0.0602 | RMSE: 1.5520
2026-01-13 06:07:06,552 - cadence_maize_all_v1 - INFO - [VAL]   NLL: 0.7695 | MSE: 0.7695 | r: 0.7475 | rho: 0.7484 | R2: 0.0005 | RMSE: 1.5223
2026-01-13 06:07:06,552 - cadence_maize_all_v1 - INFO - --------------------------------------------------------------------------------
2026-01-13 06:07:06,552 - cadence_maize_all_v1 - INFO -   [VAL] jores_maize:
2026-01-13 06:07:06,552 - cadence_maize_all_v1 - INFO -     leaf: r=0.7332 | rho=0.7613 | R2=-0.1233 | RMSE=1.9287 | MAE=1.5876
2026-01-13 06:07:06,552 - cadence_maize_all_v1 - INFO -     proto: r=0.7618 | rho=0.7354 | R2=0.1242 | RMSE=1.1159 | MAE=0.9127
2026-01-13 06:07:06,552 - cadence_maize_all_v1 - INFO - ================================================================================
2026-01-13 06:07:07,082 - cadence_maize_all_v1 - INFO - Epoch 7 completed in 82.4s
2026-01-13 06:07:14,819 - cadence_maize_all_v1 - INFO - Step 2800: NLL=0.4237, MSE=0.3080, grad=0.58, lr=5.80e-03
2026-01-13 06:07:34,574 - cadence_maize_all_v1 - INFO - Step 2900: NLL=0.2534, MSE=0.2708, grad=0.40, lr=6.08e-03
2026-01-13 06:07:55,028 - cadence_maize_all_v1 - INFO - Step 3000: NLL=0.3283, MSE=0.3851, grad=0.67, lr=6.37e-03
2026-01-13 06:08:13,416 - cadence_maize_all_v1 - INFO - Step 3100: NLL=0.2678, MSE=0.3158, grad=0.31, lr=6.65e-03
2026-01-13 06:08:27,663 - cadence_maize_all_v1 - INFO - ================================================================================
2026-01-13 06:08:27,664 - cadence_maize_all_v1 - INFO - EPOCH 8 SUMMARY 
2026-01-13 06:08:27,664 - cadence_maize_all_v1 - INFO - ================================================================================
2026-01-13 06:08:27,664 - cadence_maize_all_v1 - INFO - [TRAIN] NLL: 0.2804 | MSE: 0.2804 | r: 0.7842 | rho: 0.7777 | R2: 0.6066 | RMSE: 0.9310
2026-01-13 06:08:27,664 - cadence_maize_all_v1 - INFO - [VAL]   NLL: 0.3020 | MSE: 0.3020 | r: 0.7858 | rho: 0.7711 | R2: 0.5947 | RMSE: 0.9626
2026-01-13 06:08:27,664 - cadence_maize_all_v1 - INFO - --------------------------------------------------------------------------------
2026-01-13 06:08:27,665 - cadence_maize_all_v1 - INFO -   [VAL] jores_maize:
2026-01-13 06:08:27,665 - cadence_maize_all_v1 - INFO -     leaf: r=0.7783 | rho=0.7784 | R2=0.5787 | RMSE=1.1812 | MAE=0.9065
2026-01-13 06:08:27,665 - cadence_maize_all_v1 - INFO -     proto: r=0.7933 | rho=0.7637 | R2=0.6107 | RMSE=0.7440 | MAE=0.5729
2026-01-13 06:08:27,665 - cadence_maize_all_v1 - INFO - ================================================================================
2026-01-13 06:08:28,275 - cadence_maize_all_v1 - INFO - Epoch 8 completed in 81.2s
2026-01-13 06:08:43,756 - cadence_maize_all_v1 - INFO - Step 3200: NLL=0.3713, MSE=0.3449, grad=0.43, lr=6.92e-03
2026-01-13 06:09:02,494 - cadence_maize_all_v1 - INFO - Step 3300: NLL=0.2386, MSE=0.2394, grad=0.30, lr=7.19e-03
2026-01-13 06:09:22,157 - cadence_maize_all_v1 - INFO - Step 3400: NLL=0.3550, MSE=0.4059, grad=0.54, lr=7.45e-03
2026-01-13 06:09:46,137 - cadence_maize_all_v1 - INFO - ================================================================================
2026-01-13 06:09:46,137 - cadence_maize_all_v1 - INFO - EPOCH 9 SUMMARY 
2026-01-13 06:09:46,137 - cadence_maize_all_v1 - INFO - ================================================================================
2026-01-13 06:09:46,137 - cadence_maize_all_v1 - INFO - [TRAIN] NLL: 0.3226 | MSE: 0.3226 | r: 0.7840 | rho: 0.7755 | R2: 0.5550 | RMSE: 0.9946
2026-01-13 06:09:46,137 - cadence_maize_all_v1 - INFO - [VAL]   NLL: 0.3177 | MSE: 0.3177 | r: 0.7889 | rho: 0.7787 | R2: 0.5694 | RMSE: 0.9898
2026-01-13 06:09:46,137 - cadence_maize_all_v1 - INFO - --------------------------------------------------------------------------------
2026-01-13 06:09:46,138 - cadence_maize_all_v1 - INFO -   [VAL] jores_maize:
2026-01-13 06:09:46,138 - cadence_maize_all_v1 - INFO -     leaf: r=0.7980 | rho=0.7989 | R2=0.5632 | RMSE=1.2027 | MAE=0.9249
2026-01-13 06:09:46,138 - cadence_maize_all_v1 - INFO -     proto: r=0.7798 | rho=0.7585 | R2=0.5755 | RMSE=0.7769 | MAE=0.6022
2026-01-13 06:09:46,138 - cadence_maize_all_v1 - INFO - ================================================================================
2026-01-13 06:09:46,620 - cadence_maize_all_v1 - INFO - Epoch 9 completed in 78.3s
2026-01-13 06:09:54,902 - cadence_maize_all_v1 - INFO - Step 3500: NLL=0.2922, MSE=0.3151, grad=0.60, lr=7.70e-03
2026-01-13 06:10:14,352 - cadence_maize_all_v1 - INFO - Step 3600: NLL=0.2986, MSE=0.3364, grad=0.56, lr=7.94e-03
2026-01-13 06:10:35,768 - cadence_maize_all_v1 - INFO - Step 3700: NLL=0.4469, MSE=0.4496, grad=0.64, lr=8.18e-03
2026-01-13 06:10:55,829 - cadence_maize_all_v1 - INFO - Step 3800: NLL=0.2539, MSE=0.2707, grad=0.42, lr=8.40e-03
2026-01-13 06:11:05,964 - cadence_maize_all_v1 - INFO - ================================================================================
2026-01-13 06:11:05,965 - cadence_maize_all_v1 - INFO - EPOCH 10 SUMMARY 
2026-01-13 06:11:05,965 - cadence_maize_all_v1 - INFO - ================================================================================
2026-01-13 06:11:05,965 - cadence_maize_all_v1 - INFO - [TRAIN] NLL: 0.4002 | MSE: 0.4002 | r: 0.7672 | rho: 0.7615 | R2: 0.4607 | RMSE: 1.1011
2026-01-13 06:11:05,966 - cadence_maize_all_v1 - INFO - [VAL]   NLL: 0.4450 | MSE: 0.4450 | r: 0.7412 | rho: 0.7298 | R2: 0.4044 | RMSE: 1.1676
2026-01-13 06:11:05,966 - cadence_maize_all_v1 - INFO - --------------------------------------------------------------------------------
2026-01-13 06:11:05,966 - cadence_maize_all_v1 - INFO -   [VAL] jores_maize:
2026-01-13 06:11:05,966 - cadence_maize_all_v1 - INFO -     leaf: r=0.7602 | rho=0.7755 | R2=0.3769 | RMSE=1.4366 | MAE=1.1239
2026-01-13 06:11:05,966 - cadence_maize_all_v1 - INFO -     proto: r=0.7222 | rho=0.6842 | R2=0.4320 | RMSE=0.8986 | MAE=0.7050
2026-01-13 06:11:05,967 - cadence_maize_all_v1 - INFO - ================================================================================
2026-01-13 06:11:06,287 - cadence_maize_all_v1 - INFO - Epoch 10 completed in 79.7s
2026-01-13 06:11:22,175 - cadence_maize_all_v1 - INFO - Step 3900: NLL=0.3091, MSE=0.2830, grad=0.44, lr=8.61e-03
2026-01-13 06:11:41,785 - cadence_maize_all_v1 - INFO - Step 4000: NLL=0.3423, MSE=0.3176, grad=0.41, lr=8.81e-03
2026-01-13 06:12:00,982 - cadence_maize_all_v1 - INFO - Step 4100: NLL=0.2741, MSE=0.3093, grad=0.30, lr=8.99e-03
2026-01-13 06:12:21,937 - cadence_maize_all_v1 - INFO - ================================================================================
2026-01-13 06:12:21,937 - cadence_maize_all_v1 - INFO - EPOCH 11 SUMMARY 
2026-01-13 06:12:21,937 - cadence_maize_all_v1 - INFO - ================================================================================
2026-01-13 06:12:21,937 - cadence_maize_all_v1 - INFO - [TRAIN] NLL: 0.3374 | MSE: 0.3374 | r: 0.7859 | rho: 0.7825 | R2: 0.5201 | RMSE: 1.0243
2026-01-13 06:12:21,937 - cadence_maize_all_v1 - INFO - [VAL]   NLL: 0.3525 | MSE: 0.3525 | r: 0.7744 | rho: 0.7685 | R2: 0.5099 | RMSE: 1.0487
2026-01-13 06:12:21,937 - cadence_maize_all_v1 - INFO - --------------------------------------------------------------------------------
2026-01-13 06:12:21,937 - cadence_maize_all_v1 - INFO -   [VAL] jores_maize:
2026-01-13 06:12:21,937 - cadence_maize_all_v1 - INFO -     leaf: r=0.7946 | rho=0.8006 | R2=0.5338 | RMSE=1.2426 | MAE=0.9675
2026-01-13 06:12:21,937 - cadence_maize_all_v1 - INFO -     proto: r=0.7542 | rho=0.7363 | R2=0.4861 | RMSE=0.8548 | MAE=0.6502
2026-01-13 06:12:21,937 - cadence_maize_all_v1 - INFO - ================================================================================
2026-01-13 06:12:22,252 - cadence_maize_all_v1 - INFO - Epoch 11 completed in 76.0s
2026-01-13 06:12:28,232 - cadence_maize_all_v1 - INFO - Step 4200: NLL=0.2322, MSE=0.2605, grad=0.40, lr=9.16e-03
2026-01-13 06:12:40,832 - cadence_maize_all_v1 - INFO - Step 4300: NLL=0.3059, MSE=0.3720, grad=0.26, lr=9.32e-03
2026-01-13 06:12:57,247 - cadence_maize_all_v1 - INFO - Step 4400: NLL=0.3325, MSE=0.3683, grad=0.51, lr=9.46e-03
2026-01-13 06:13:24,781 - cadence_maize_all_v1 - INFO - ================================================================================
2026-01-13 06:13:24,781 - cadence_maize_all_v1 - INFO - EPOCH 12 SUMMARY 
2026-01-13 06:13:24,782 - cadence_maize_all_v1 - INFO - ================================================================================
2026-01-13 06:13:24,782 - cadence_maize_all_v1 - INFO - [TRAIN] NLL: 0.3715 | MSE: 0.3715 | r: 0.7900 | rho: 0.7799 | R2: 0.5114 | RMSE: 1.0534
2026-01-13 06:13:24,782 - cadence_maize_all_v1 - INFO - [VAL]   NLL: 0.4056 | MSE: 0.4056 | r: 0.7772 | rho: 0.7588 | R2: 0.4791 | RMSE: 1.1012
2026-01-13 06:13:24,782 - cadence_maize_all_v1 - INFO - --------------------------------------------------------------------------------
2026-01-13 06:13:24,782 - cadence_maize_all_v1 - INFO -   [VAL] jores_maize:
2026-01-13 06:13:24,782 - cadence_maize_all_v1 - INFO -     leaf: r=0.7879 | rho=0.7913 | R2=0.3990 | RMSE=1.4108 | MAE=1.1395
2026-01-13 06:13:24,783 - cadence_maize_all_v1 - INFO -     proto: r=0.7666 | rho=0.7263 | R2=0.5592 | RMSE=0.7916 | MAE=0.6158
2026-01-13 06:13:24,783 - cadence_maize_all_v1 - INFO - ================================================================================
2026-01-13 06:13:25,390 - cadence_maize_all_v1 - INFO - Epoch 12 completed in 63.1s
2026-01-13 06:13:26,777 - cadence_maize_all_v1 - INFO - Step 4500: NLL=0.2284, MSE=0.2337, grad=0.34, lr=9.59e-03
2026-01-13 06:13:45,822 - cadence_maize_all_v1 - INFO - Step 4600: NLL=0.3344, MSE=0.4003, grad=0.48, lr=9.70e-03
2026-01-13 06:14:05,477 - cadence_maize_all_v1 - INFO - Step 4700: NLL=0.2447, MSE=0.3025, grad=0.30, lr=9.79e-03
2026-01-13 06:14:25,985 - cadence_maize_all_v1 - INFO - Step 4800: NLL=0.3412, MSE=0.2817, grad=0.54, lr=9.87e-03
2026-01-13 06:14:46,886 - cadence_maize_all_v1 - INFO - ================================================================================
2026-01-13 06:14:46,887 - cadence_maize_all_v1 - INFO - EPOCH 13 SUMMARY 
2026-01-13 06:14:46,887 - cadence_maize_all_v1 - INFO - ================================================================================
2026-01-13 06:14:46,887 - cadence_maize_all_v1 - INFO - [TRAIN] NLL: 0.3588 | MSE: 0.3588 | r: 0.7830 | rho: 0.7738 | R2: 0.4591 | RMSE: 1.0671
2026-01-13 06:14:46,887 - cadence_maize_all_v1 - INFO - [VAL]   NLL: 0.4008 | MSE: 0.4008 | r: 0.7483 | rho: 0.7344 | R2: 0.4368 | RMSE: 1.1207
2026-01-13 06:14:46,887 - cadence_maize_all_v1 - INFO - --------------------------------------------------------------------------------
2026-01-13 06:14:46,887 - cadence_maize_all_v1 - INFO -   [VAL] jores_maize:
2026-01-13 06:14:46,887 - cadence_maize_all_v1 - INFO -     leaf: r=0.7383 | rho=0.7401 | R2=0.4790 | RMSE=1.3136 | MAE=1.0457
2026-01-13 06:14:46,888 - cadence_maize_all_v1 - INFO -     proto: r=0.7582 | rho=0.7287 | R2=0.3946 | RMSE=0.9277 | MAE=0.7232
2026-01-13 06:14:46,888 - cadence_maize_all_v1 - INFO - ================================================================================
2026-01-13 06:14:47,444 - cadence_maize_all_v1 - INFO - Epoch 13 completed in 82.0s
2026-01-13 06:15:00,323 - cadence_maize_all_v1 - INFO - Step 4900: NLL=0.3218, MSE=0.3183, grad=0.42, lr=9.93e-03
2026-01-13 06:15:20,899 - cadence_maize_all_v1 - INFO - Step 5000: NLL=0.4165, MSE=0.4168, grad=0.43, lr=9.97e-03
2026-01-13 06:15:42,117 - cadence_maize_all_v1 - INFO - Step 5100: NLL=0.2848, MSE=0.3218, grad=0.32, lr=9.99e-03
2026-01-13 06:16:12,838 - cadence_maize_all_v1 - INFO - ================================================================================
2026-01-13 06:16:12,838 - cadence_maize_all_v1 - INFO - EPOCH 14 SUMMARY (BEST)
2026-01-13 06:16:12,839 - cadence_maize_all_v1 - INFO - ================================================================================
2026-01-13 06:16:12,845 - cadence_maize_all_v1 - INFO - [TRAIN] NLL: 0.3362 | MSE: 0.3362 | r: 0.7960 | rho: 0.7914 | R2: 0.4727 | RMSE: 1.0377
2026-01-13 06:16:12,846 - cadence_maize_all_v1 - INFO - [VAL]   NLL: 0.3396 | MSE: 0.3396 | r: 0.7940 | rho: 0.7873 | R2: 0.4928 | RMSE: 1.0416
2026-01-13 06:16:12,846 - cadence_maize_all_v1 - INFO - --------------------------------------------------------------------------------
2026-01-13 06:16:12,846 - cadence_maize_all_v1 - INFO -   [VAL] jores_maize:
2026-01-13 06:16:12,846 - cadence_maize_all_v1 - INFO -     leaf: r=0.7967 | rho=0.8051 | R2=0.6036 | RMSE=1.1457 | MAE=0.8776
2026-01-13 06:16:12,847 - cadence_maize_all_v1 - INFO -     proto: r=0.7914 | rho=0.7696 | R2=0.3819 | RMSE=0.9374 | MAE=0.7484
2026-01-13 06:16:12,847 - cadence_maize_all_v1 - INFO - ================================================================================
2026-01-13 06:16:13,873 - cadence_maize_all_v1 - INFO - Epoch 14 completed in 86.4s
2026-01-13 06:16:16,786 - cadence_maize_all_v1 - INFO - Step 5200: NLL=0.2550, MSE=0.2398, grad=0.40, lr=1.00e-02
2026-01-13 06:16:35,613 - cadence_maize_all_v1 - INFO - Step 5300: NLL=0.2381, MSE=0.2584, grad=0.39, lr=1.00e-02
2026-01-13 06:16:55,376 - cadence_maize_all_v1 - INFO - Step 5400: NLL=0.3066, MSE=0.3293, grad=0.33, lr=9.99e-03
2026-01-13 06:17:13,512 - cadence_maize_all_v1 - INFO - Step 5500: NLL=0.2767, MSE=0.3199, grad=0.31, lr=9.98e-03
2026-01-13 06:17:31,564 - cadence_maize_all_v1 - INFO - ================================================================================
2026-01-13 06:17:31,564 - cadence_maize_all_v1 - INFO - EPOCH 15 SUMMARY 
2026-01-13 06:17:31,564 - cadence_maize_all_v1 - INFO - ================================================================================
2026-01-13 06:17:31,564 - cadence_maize_all_v1 - INFO - [TRAIN] NLL: 0.4456 | MSE: 0.4456 | r: 0.7969 | rho: 0.7901 | R2: 0.4427 | RMSE: 1.1339
2026-01-13 06:17:31,564 - cadence_maize_all_v1 - INFO - [VAL]   NLL: 0.4556 | MSE: 0.4556 | r: 0.7884 | rho: 0.7741 | R2: 0.4386 | RMSE: 1.1498
2026-01-13 06:17:31,565 - cadence_maize_all_v1 - INFO - --------------------------------------------------------------------------------
2026-01-13 06:17:31,565 - cadence_maize_all_v1 - INFO -   [VAL] jores_maize:
2026-01-13 06:17:31,565 - cadence_maize_all_v1 - INFO -     leaf: r=0.7994 | rho=0.8043 | R2=0.2893 | RMSE=1.5342 | MAE=1.2264
2026-01-13 06:17:31,565 - cadence_maize_all_v1 - INFO -     proto: r=0.7774 | rho=0.7440 | R2=0.5880 | RMSE=0.7654 | MAE=0.5876
2026-01-13 06:17:31,565 - cadence_maize_all_v1 - INFO - ================================================================================
2026-01-13 06:17:32,097 - cadence_maize_all_v1 - INFO - Epoch 15 completed in 78.2s
2026-01-13 06:17:45,420 - cadence_maize_all_v1 - INFO - Step 5600: NLL=0.3117, MSE=0.3449, grad=0.48, lr=9.97e-03
2026-01-13 06:18:04,480 - cadence_maize_all_v1 - INFO - Step 5700: NLL=0.3502, MSE=0.3752, grad=0.35, lr=9.96e-03
2026-01-13 06:18:22,746 - cadence_maize_all_v1 - INFO - Step 5800: NLL=0.3407, MSE=0.4250, grad=0.37, lr=9.94e-03
2026-01-13 06:18:52,200 - cadence_maize_all_v1 - INFO - ================================================================================
2026-01-13 06:18:52,201 - cadence_maize_all_v1 - INFO - EPOCH 16 SUMMARY 
2026-01-13 06:18:52,201 - cadence_maize_all_v1 - INFO - ================================================================================
2026-01-13 06:18:52,201 - cadence_maize_all_v1 - INFO - [TRAIN] NLL: 0.3229 | MSE: 0.3229 | r: 0.7846 | rho: 0.7759 | R2: 0.5514 | RMSE: 0.9968
2026-01-13 06:18:52,201 - cadence_maize_all_v1 - INFO - [VAL]   NLL: 0.3561 | MSE: 0.3561 | r: 0.7621 | rho: 0.7510 | R2: 0.5236 | RMSE: 1.0444
2026-01-13 06:18:52,201 - cadence_maize_all_v1 - INFO - --------------------------------------------------------------------------------
2026-01-13 06:18:52,201 - cadence_maize_all_v1 - INFO -   [VAL] jores_maize:
2026-01-13 06:18:52,201 - cadence_maize_all_v1 - INFO -     leaf: r=0.7682 | rho=0.7707 | R2=0.5011 | RMSE=1.2854 | MAE=0.9873
2026-01-13 06:18:52,201 - cadence_maize_all_v1 - INFO -     proto: r=0.7559 | rho=0.7314 | R2=0.5461 | RMSE=0.8033 | MAE=0.6155
2026-01-13 06:18:52,201 - cadence_maize_all_v1 - INFO - ================================================================================
2026-01-13 06:18:52,783 - cadence_maize_all_v1 - INFO - Epoch 16 completed in 80.7s
2026-01-13 06:18:57,494 - cadence_maize_all_v1 - INFO - Step 5900: NLL=0.3297, MSE=0.3487, grad=0.33, lr=9.92e-03
2026-01-13 06:19:18,779 - cadence_maize_all_v1 - INFO - Step 6000: NLL=0.3001, MSE=0.3226, grad=0.35, lr=9.89e-03
2026-01-13 06:19:36,600 - cadence_maize_all_v1 - INFO - Step 6100: NLL=0.2512, MSE=0.2567, grad=0.48, lr=9.86e-03
2026-01-13 06:19:55,982 - cadence_maize_all_v1 - INFO - Step 6200: NLL=0.3889, MSE=0.4097, grad=0.52, lr=9.83e-03
2026-01-13 06:20:12,168 - cadence_maize_all_v1 - INFO - ================================================================================
2026-01-13 06:20:12,168 - cadence_maize_all_v1 - INFO - EPOCH 17 SUMMARY 
2026-01-13 06:20:12,168 - cadence_maize_all_v1 - INFO - ================================================================================
2026-01-13 06:20:12,169 - cadence_maize_all_v1 - INFO - [TRAIN] NLL: 0.4738 | MSE: 0.4738 | r: 0.7531 | rho: 0.7515 | R2: 0.3724 | RMSE: 1.1922
2026-01-13 06:20:12,169 - cadence_maize_all_v1 - INFO - [VAL]   NLL: 0.4914 | MSE: 0.4914 | r: 0.7383 | rho: 0.7361 | R2: 0.3597 | RMSE: 1.2177
2026-01-13 06:20:12,169 - cadence_maize_all_v1 - INFO - --------------------------------------------------------------------------------
2026-01-13 06:20:12,169 - cadence_maize_all_v1 - INFO -   [VAL] jores_maize:
2026-01-13 06:20:12,169 - cadence_maize_all_v1 - INFO -     leaf: r=0.7478 | rho=0.7557 | R2=0.2856 | RMSE=1.5382 | MAE=1.2026
2026-01-13 06:20:12,169 - cadence_maize_all_v1 - INFO -     proto: r=0.7288 | rho=0.7166 | R2=0.4339 | RMSE=0.8971 | MAE=0.7012
2026-01-13 06:20:12,169 - cadence_maize_all_v1 - INFO - ================================================================================
2026-01-13 06:20:12,730 - cadence_maize_all_v1 - INFO - Epoch 17 completed in 79.9s
2026-01-13 06:20:26,971 - cadence_maize_all_v1 - INFO - Step 6300: NLL=0.2931, MSE=0.2921, grad=0.42, lr=9.79e-03
2026-01-13 06:20:45,602 - cadence_maize_all_v1 - INFO - Step 6400: NLL=0.1822, MSE=0.2155, grad=0.29, lr=9.76e-03
2026-01-13 06:21:04,510 - cadence_maize_all_v1 - INFO - Step 6500: NLL=0.3123, MSE=0.3522, grad=0.38, lr=9.71e-03
2026-01-13 06:21:29,425 - cadence_maize_all_v1 - INFO - ================================================================================
2026-01-13 06:21:29,425 - cadence_maize_all_v1 - INFO - EPOCH 18 SUMMARY 
2026-01-13 06:21:29,425 - cadence_maize_all_v1 - INFO - ================================================================================
2026-01-13 06:21:29,425 - cadence_maize_all_v1 - INFO - [TRAIN] NLL: 0.3206 | MSE: 0.3206 | r: 0.7829 | rho: 0.7801 | R2: 0.5376 | RMSE: 1.0013
2026-01-13 06:21:29,426 - cadence_maize_all_v1 - INFO - [VAL]   NLL: 0.3686 | MSE: 0.3686 | r: 0.7500 | rho: 0.7451 | R2: 0.4903 | RMSE: 1.0711
2026-01-13 06:21:29,426 - cadence_maize_all_v1 - INFO - --------------------------------------------------------------------------------
2026-01-13 06:21:29,426 - cadence_maize_all_v1 - INFO -   [VAL] jores_maize:
2026-01-13 06:21:29,426 - cadence_maize_all_v1 - INFO -     leaf: r=0.7614 | rho=0.7647 | R2=0.5084 | RMSE=1.2760 | MAE=0.9917
2026-01-13 06:21:29,426 - cadence_maize_all_v1 - INFO -     proto: r=0.7386 | rho=0.7254 | R2=0.4722 | RMSE=0.8662 | MAE=0.6725
2026-01-13 06:21:29,427 - cadence_maize_all_v1 - INFO - ================================================================================
2026-01-13 06:21:29,993 - cadence_maize_all_v1 - INFO - Epoch 18 completed in 77.3s
2026-01-13 06:21:35,674 - cadence_maize_all_v1 - INFO - Step 6600: NLL=0.2541, MSE=0.2502, grad=0.34, lr=9.67e-03
2026-01-13 06:21:53,794 - cadence_maize_all_v1 - INFO - Step 6700: NLL=0.2907, MSE=0.3318, grad=0.34, lr=9.62e-03
2026-01-13 06:22:11,807 - cadence_maize_all_v1 - INFO - Step 6800: NLL=0.2743, MSE=0.3112, grad=0.29, lr=9.57e-03
2026-01-13 06:22:30,668 - cadence_maize_all_v1 - INFO - Step 6900: NLL=0.2890, MSE=0.3071, grad=0.34, lr=9.52e-03
2026-01-13 06:22:44,774 - cadence_maize_all_v1 - INFO - ================================================================================
2026-01-13 06:22:44,775 - cadence_maize_all_v1 - INFO - EPOCH 19 SUMMARY 
2026-01-13 06:22:44,775 - cadence_maize_all_v1 - INFO - ================================================================================
2026-01-13 06:22:44,775 - cadence_maize_all_v1 - INFO - [TRAIN] NLL: 0.4007 | MSE: 0.4007 | r: 0.7374 | rho: 0.7309 | R2: 0.4527 | RMSE: 1.1057
2026-01-13 06:22:44,776 - cadence_maize_all_v1 - INFO - [VAL]   NLL: 0.4383 | MSE: 0.4383 | r: 0.7180 | rho: 0.7061 | R2: 0.3974 | RMSE: 1.1665
2026-01-13 06:22:44,776 - cadence_maize_all_v1 - INFO - --------------------------------------------------------------------------------
2026-01-13 06:22:44,776 - cadence_maize_all_v1 - INFO -   [VAL] jores_maize:
2026-01-13 06:22:44,776 - cadence_maize_all_v1 - INFO -     leaf: r=0.6933 | rho=0.6954 | R2=0.4103 | RMSE=1.3975 | MAE=1.0628
2026-01-13 06:22:44,776 - cadence_maize_all_v1 - INFO -     proto: r=0.7427 | rho=0.7168 | R2=0.3845 | RMSE=0.9355 | MAE=0.7462
2026-01-13 06:22:44,777 - cadence_maize_all_v1 - INFO - ================================================================================
2026-01-13 06:22:45,292 - cadence_maize_all_v1 - INFO - Epoch 19 completed in 75.3s
2026-01-13 06:23:00,569 - cadence_maize_all_v1 - INFO - Step 7000: NLL=0.2853, MSE=0.2652, grad=0.47, lr=9.46e-03
2026-01-13 06:23:20,751 - cadence_maize_all_v1 - INFO - Step 7100: NLL=0.2568, MSE=0.2818, grad=0.26, lr=9.40e-03
2026-01-13 06:23:40,428 - cadence_maize_all_v1 - INFO - Step 7200: NLL=0.2306, MSE=0.2155, grad=0.39, lr=9.33e-03
2026-01-13 06:24:04,335 - cadence_maize_all_v1 - INFO - ================================================================================
2026-01-13 06:24:04,336 - cadence_maize_all_v1 - INFO - EPOCH 20 SUMMARY 
2026-01-13 06:24:04,336 - cadence_maize_all_v1 - INFO - ================================================================================
2026-01-13 06:24:04,336 - cadence_maize_all_v1 - INFO - [TRAIN] NLL: 0.3115 | MSE: 0.3115 | r: 0.7663 | rho: 0.7582 | R2: 0.5564 | RMSE: 0.9844
2026-01-13 06:24:04,337 - cadence_maize_all_v1 - INFO - [VAL]   NLL: 0.3085 | MSE: 0.3085 | r: 0.7786 | rho: 0.7664 | R2: 0.5735 | RMSE: 0.9798
2026-01-13 06:24:04,337 - cadence_maize_all_v1 - INFO - --------------------------------------------------------------------------------
2026-01-13 06:24:04,337 - cadence_maize_all_v1 - INFO -   [VAL] jores_maize:
2026-01-13 06:24:04,337 - cadence_maize_all_v1 - INFO -     leaf: r=0.8048 | rho=0.8107 | R2=0.5885 | RMSE=1.1673 | MAE=0.9040
2026-01-13 06:24:04,338 - cadence_maize_all_v1 - INFO -     proto: r=0.7524 | rho=0.7222 | R2=0.5585 | RMSE=0.7923 | MAE=0.6108
2026-01-13 06:24:04,338 - cadence_maize_all_v1 - INFO - ================================================================================
2026-01-13 06:24:04,854 - cadence_maize_all_v1 - INFO - Epoch 20 completed in 79.6s
2026-01-13 06:24:11,714 - cadence_maize_all_v1 - INFO - Step 7300: NLL=0.2952, MSE=0.3615, grad=0.48, lr=9.27e-03
2026-01-13 06:24:32,049 - cadence_maize_all_v1 - INFO - Step 7400: NLL=0.2487, MSE=0.2553, grad=0.49, lr=9.20e-03
2026-01-13 06:24:51,211 - cadence_maize_all_v1 - INFO - Step 7500: NLL=0.3850, MSE=0.3909, grad=0.41, lr=9.13e-03
2026-01-13 06:25:09,031 - cadence_maize_all_v1 - INFO - Step 7600: NLL=0.2661, MSE=0.3032, grad=0.26, lr=9.05e-03
2026-01-13 06:25:21,842 - cadence_maize_all_v1 - INFO - ================================================================================
2026-01-13 06:25:21,842 - cadence_maize_all_v1 - INFO - EPOCH 21 SUMMARY 
2026-01-13 06:25:21,843 - cadence_maize_all_v1 - INFO - ================================================================================
2026-01-13 06:25:21,843 - cadence_maize_all_v1 - INFO - [TRAIN] NLL: 0.5734 | MSE: 0.5734 | r: 0.7437 | rho: 0.7300 | R2: 0.2349 | RMSE: 1.3143
2026-01-13 06:25:21,843 - cadence_maize_all_v1 - INFO - [VAL]   NLL: 0.5515 | MSE: 0.5515 | r: 0.7378 | rho: 0.7221 | R2: 0.2885 | RMSE: 1.2860
2026-01-13 06:25:21,844 - cadence_maize_all_v1 - INFO - --------------------------------------------------------------------------------
2026-01-13 06:25:21,844 - cadence_maize_all_v1 - INFO -   [VAL] jores_maize:
2026-01-13 06:25:21,844 - cadence_maize_all_v1 - INFO -     leaf: r=0.7029 | rho=0.7076 | R2=0.1875 | RMSE=1.6404 | MAE=1.2383
2026-01-13 06:25:21,844 - cadence_maize_all_v1 - INFO -     proto: r=0.7727 | rho=0.7366 | R2=0.3895 | RMSE=0.9316 | MAE=0.7340
2026-01-13 06:25:21,844 - cadence_maize_all_v1 - INFO - ================================================================================
2026-01-13 06:25:22,606 - cadence_maize_all_v1 - INFO - Epoch 21 completed in 77.8s
2026-01-13 06:25:38,942 - cadence_maize_all_v1 - INFO - Step 7700: NLL=0.2749, MSE=0.2714, grad=0.25, lr=8.98e-03
2026-01-13 06:25:56,178 - cadence_maize_all_v1 - INFO - Step 7800: NLL=0.2332, MSE=0.2446, grad=0.30, lr=8.90e-03
2026-01-13 06:26:14,743 - cadence_maize_all_v1 - INFO - Step 7900: NLL=0.4236, MSE=0.3877, grad=0.53, lr=8.81e-03
2026-01-13 06:26:38,152 - cadence_maize_all_v1 - INFO - ================================================================================
2026-01-13 06:26:38,153 - cadence_maize_all_v1 - INFO - EPOCH 22 SUMMARY 
2026-01-13 06:26:38,153 - cadence_maize_all_v1 - INFO - ================================================================================
2026-01-13 06:26:38,153 - cadence_maize_all_v1 - INFO - [TRAIN] NLL: 0.3613 | MSE: 0.3613 | r: 0.7957 | rho: 0.7882 | R2: 0.4071 | RMSE: 1.0791
2026-01-13 06:26:38,153 - cadence_maize_all_v1 - INFO - [VAL]   NLL: 0.4312 | MSE: 0.4312 | r: 0.7565 | rho: 0.7419 | R2: 0.3228 | RMSE: 1.1786
2026-01-13 06:26:38,154 - cadence_maize_all_v1 - INFO - --------------------------------------------------------------------------------
2026-01-13 06:26:38,154 - cadence_maize_all_v1 - INFO -   [VAL] jores_maize:
2026-01-13 06:26:38,154 - cadence_maize_all_v1 - INFO -     leaf: r=0.7606 | rho=0.7610 | R2=0.5466 | RMSE=1.2254 | MAE=0.9503
2026-01-13 06:26:38,154 - cadence_maize_all_v1 - INFO -     proto: r=0.7524 | rho=0.7227 | R2=0.0991 | RMSE=1.1317 | MAE=0.9320
2026-01-13 06:26:38,155 - cadence_maize_all_v1 - INFO - ================================================================================
2026-01-13 06:26:38,584 - cadence_maize_all_v1 - INFO - Epoch 22 completed in 76.0s
2026-01-13 06:26:46,392 - cadence_maize_all_v1 - INFO - Step 8000: NLL=0.2590, MSE=0.2920, grad=0.41, lr=8.73e-03
2026-01-13 06:27:03,840 - cadence_maize_all_v1 - INFO - Step 8100: NLL=0.2839, MSE=0.3387, grad=0.37, lr=8.64e-03
2026-01-13 06:27:18,292 - cadence_maize_all_v1 - INFO - Step 8200: NLL=0.2636, MSE=0.2594, grad=0.35, lr=8.55e-03
2026-01-13 06:27:34,649 - cadence_maize_all_v1 - INFO - Step 8300: NLL=0.2194, MSE=0.2331, grad=0.29, lr=8.46e-03
2026-01-13 06:27:43,153 - cadence_maize_all_v1 - INFO - ================================================================================
2026-01-13 06:27:43,154 - cadence_maize_all_v1 - INFO - EPOCH 23 SUMMARY 
2026-01-13 06:27:43,154 - cadence_maize_all_v1 - INFO - ================================================================================
2026-01-13 06:27:43,154 - cadence_maize_all_v1 - INFO - [TRAIN] NLL: 0.2730 | MSE: 0.2730 | r: 0.8127 | rho: 0.8041 | R2: 0.6031 | RMSE: 0.9253
2026-01-13 06:27:43,154 - cadence_maize_all_v1 - INFO - [VAL]   NLL: 0.3161 | MSE: 0.3161 | r: 0.7813 | rho: 0.7674 | R2: 0.5621 | RMSE: 0.9923
2026-01-13 06:27:43,154 - cadence_maize_all_v1 - INFO - --------------------------------------------------------------------------------
2026-01-13 06:27:43,155 - cadence_maize_all_v1 - INFO -   [VAL] jores_maize:
2026-01-13 06:27:43,155 - cadence_maize_all_v1 - INFO -     leaf: r=0.7881 | rho=0.7913 | R2=0.5795 | RMSE=1.1801 | MAE=0.9185
2026-01-13 06:27:43,155 - cadence_maize_all_v1 - INFO -     proto: r=0.7744 | rho=0.7435 | R2=0.5447 | RMSE=0.8045 | MAE=0.6171
2026-01-13 06:27:43,155 - cadence_maize_all_v1 - INFO - ================================================================================
2026-01-13 06:27:43,487 - cadence_maize_all_v1 - INFO - Epoch 23 completed in 64.9s
2026-01-13 06:27:57,864 - cadence_maize_all_v1 - INFO - Step 8400: NLL=0.1674, MSE=0.1796, grad=0.21, lr=8.36e-03
2026-01-13 06:28:16,434 - cadence_maize_all_v1 - INFO - Step 8500: NLL=0.2365, MSE=0.2183, grad=0.40, lr=8.27e-03
2026-01-13 06:28:33,487 - cadence_maize_all_v1 - INFO - Step 8600: NLL=0.2220, MSE=0.2501, grad=0.29, lr=8.17e-03
2026-01-13 06:28:52,302 - cadence_maize_all_v1 - INFO - ================================================================================
2026-01-13 06:28:52,302 - cadence_maize_all_v1 - INFO - EPOCH 24 SUMMARY 
2026-01-13 06:28:52,302 - cadence_maize_all_v1 - INFO - ================================================================================
2026-01-13 06:28:52,302 - cadence_maize_all_v1 - INFO - [TRAIN] NLL: 0.4855 | MSE: 0.4855 | r: 0.7654 | rho: 0.7516 | R2: 0.2048 | RMSE: 1.2507
2026-01-13 06:28:52,302 - cadence_maize_all_v1 - INFO - [VAL]   NLL: 0.4943 | MSE: 0.4943 | r: 0.7526 | rho: 0.7363 | R2: 0.2293 | RMSE: 1.2614
2026-01-13 06:28:52,302 - cadence_maize_all_v1 - INFO - --------------------------------------------------------------------------------
2026-01-13 06:28:52,302 - cadence_maize_all_v1 - INFO -   [VAL] jores_maize:
2026-01-13 06:28:52,302 - cadence_maize_all_v1 - INFO -     leaf: r=0.7467 | rho=0.7495 | R2=0.4719 | RMSE=1.3225 | MAE=1.0455
2026-01-13 06:28:52,302 - cadence_maize_all_v1 - INFO -     proto: r=0.7586 | rho=0.7231 | R2=-0.0132 | RMSE=1.2002 | MAE=0.9950
2026-01-13 06:28:52,302 - cadence_maize_all_v1 - INFO - ================================================================================
2026-01-13 06:28:52,998 - cadence_maize_all_v1 - INFO - Early stopping triggered after 24 epochs (patience=10)
2026-01-13 06:28:52,998 - cadence_maize_all_v1 - INFO - Training complete. Running final evaluation...
2026-01-13 06:28:57,499 - cadence_maize_all_v1 - INFO - Results saved to results/cadence_maize_all_v1/final_results.json
