2026-01-13 05:32:42,642 - cadence_hepg2_v2 - INFO - Experiment: cadence_hepg2_v2
2026-01-13 05:32:42,643 - cadence_hepg2_v2 - INFO - Output directory: results/cadence_hepg2_v2
2026-01-13 05:32:42,643 - cadence_hepg2_v2 - INFO - Starting training...
2026-01-13 05:32:42,643 - cadence_hepg2_v2 - INFO - Config: config1_single_celltype
2026-01-13 05:32:42,644 - cadence_hepg2_v2 - INFO - Setting up datasets...
2026-01-13 05:35:57,531 - cadence_hepg2_v2 - INFO - Dataset sizes: {'encode4_hepg2': 97925}
2026-01-13 05:35:57,552 - cadence_hepg2_v2 - INFO - Using standard global index sampling...
2026-01-13 05:36:27,917 - cadence_hepg2_v2 - INFO -   encode4_hepg2: val set loaded
2026-01-13 05:40:54,655 - cadence_hepg2_v2 - INFO -   encode4_hepg2: test set loaded (13953 samples)
2026-01-13 05:41:32,301 - cadence_hepg2_v2 - INFO -   encode4_hepg2: calibration set loaded (14002 samples)
2026-01-13 05:41:32,306 - cadence_hepg2_v2 - INFO - Data setup complete
2026-01-13 05:41:32,307 - cadence_hepg2_v2 - INFO - Setting up model...
2026-01-13 05:41:34,848 - cadence_hepg2_v2 - INFO - Model parameters: 1,322,465 (1,322,465 trainable)
2026-01-13 05:41:43,378 - cadence_hepg2_v2 - INFO - OneCycleLR: 2880 total steps, initial_lr=0.000400, max_lr=0.01
2026-01-13 05:41:43,378 - cadence_hepg2_v2 - INFO - Model setup complete
2026-01-13 05:42:57,670 - cadence_hepg2_v2 - INFO - ================================================================================
2026-01-13 05:42:57,671 - cadence_hepg2_v2 - INFO - EPOCH 0 SUMMARY (BEST)
2026-01-13 05:42:57,671 - cadence_hepg2_v2 - INFO - ================================================================================
2026-01-13 05:42:57,672 - cadence_hepg2_v2 - INFO - [TRAIN] NLL: 0.7350 | MSE: 0.7350 | r: 0.5215 | rho: 0.5032 | R2: 0.2645 | RMSE: 0.6800
2026-01-13 05:42:57,672 - cadence_hepg2_v2 - INFO - [VAL]   NLL: 0.7438 | MSE: 0.7438 | r: 0.4969 | rho: 0.4781 | R2: 0.2438 | RMSE: 0.6841
2026-01-13 05:42:57,672 - cadence_hepg2_v2 - INFO - --------------------------------------------------------------------------------
2026-01-13 05:42:57,673 - cadence_hepg2_v2 - INFO -   [VAL] encode4_hepg2:
2026-01-13 05:42:57,673 - cadence_hepg2_v2 - INFO -     activity: r=0.4969 | rho=0.4781 | R2=0.2438 | RMSE=0.6841 | MAE=0.5237
2026-01-13 05:42:57,673 - cadence_hepg2_v2 - INFO - ================================================================================
2026-01-13 05:42:58,026 - cadence_hepg2_v2 - INFO - Epoch 0 completed in 74.6s
2026-01-13 05:43:01,763 - cadence_hepg2_v2 - INFO - Step 100: NLL=0.7044, MSE=0.7044, grad=1.86, lr=7.15e-04
2026-01-13 05:44:03,735 - cadence_hepg2_v2 - INFO - ================================================================================
2026-01-13 05:44:03,735 - cadence_hepg2_v2 - INFO - EPOCH 1 SUMMARY (BEST)
2026-01-13 05:44:03,735 - cadence_hepg2_v2 - INFO - ================================================================================
2026-01-13 05:44:03,735 - cadence_hepg2_v2 - INFO - [TRAIN] NLL: 0.7498 | MSE: 0.7498 | r: 0.5805 | rho: 0.5738 | R2: 0.2497 | RMSE: 0.6868
2026-01-13 05:44:03,736 - cadence_hepg2_v2 - INFO - [VAL]   NLL: 0.7892 | MSE: 0.7892 | r: 0.5308 | rho: 0.5321 | R2: 0.1977 | RMSE: 0.7046
2026-01-13 05:44:03,736 - cadence_hepg2_v2 - INFO - --------------------------------------------------------------------------------
2026-01-13 05:44:03,736 - cadence_hepg2_v2 - INFO -   [VAL] encode4_hepg2:
2026-01-13 05:44:03,736 - cadence_hepg2_v2 - INFO -     activity: r=0.5308 | rho=0.5321 | R2=0.1977 | RMSE=0.7046 | MAE=0.5207
2026-01-13 05:44:03,736 - cadence_hepg2_v2 - INFO - ================================================================================
2026-01-13 05:44:04,238 - cadence_hepg2_v2 - INFO - Epoch 1 completed in 66.2s
2026-01-13 05:44:10,173 - cadence_hepg2_v2 - INFO - Step 200: NLL=0.6566, MSE=0.6566, grad=1.48, lr=1.62e-03
2026-01-13 05:45:02,123 - cadence_hepg2_v2 - INFO - ================================================================================
2026-01-13 05:45:02,123 - cadence_hepg2_v2 - INFO - EPOCH 2 SUMMARY (BEST)
2026-01-13 05:45:02,123 - cadence_hepg2_v2 - INFO - ================================================================================
2026-01-13 05:45:02,123 - cadence_hepg2_v2 - INFO - [TRAIN] NLL: 2.7065 | MSE: 2.7065 | r: 0.5852 | rho: 0.6037 | R2: -1.7081 | RMSE: 1.3049
2026-01-13 05:45:02,123 - cadence_hepg2_v2 - INFO - [VAL]   NLL: 2.8630 | MSE: 2.8630 | r: 0.5544 | rho: 0.5746 | R2: -1.9105 | RMSE: 1.3420
2026-01-13 05:45:02,123 - cadence_hepg2_v2 - INFO - --------------------------------------------------------------------------------
2026-01-13 05:45:02,124 - cadence_hepg2_v2 - INFO -   [VAL] encode4_hepg2:
2026-01-13 05:45:02,124 - cadence_hepg2_v2 - INFO -     activity: r=0.5544 | rho=0.5746 | R2=-1.9105 | RMSE=1.3420 | MAE=1.1462
2026-01-13 05:45:02,124 - cadence_hepg2_v2 - INFO - ================================================================================
2026-01-13 05:45:02,630 - cadence_hepg2_v2 - INFO - Epoch 2 completed in 58.4s
2026-01-13 05:45:09,787 - cadence_hepg2_v2 - INFO - Step 300: NLL=0.5817, MSE=0.5817, grad=1.12, lr=2.99e-03
2026-01-13 05:45:59,541 - cadence_hepg2_v2 - INFO - ================================================================================
2026-01-13 05:45:59,541 - cadence_hepg2_v2 - INFO - EPOCH 3 SUMMARY (BEST)
2026-01-13 05:45:59,541 - cadence_hepg2_v2 - INFO - ================================================================================
2026-01-13 05:45:59,542 - cadence_hepg2_v2 - INFO - [TRAIN] NLL: 0.6020 | MSE: 0.6020 | r: 0.6500 | rho: 0.6330 | R2: 0.3977 | RMSE: 0.6154
2026-01-13 05:45:59,542 - cadence_hepg2_v2 - INFO - [VAL]   NLL: 0.6377 | MSE: 0.6377 | r: 0.6224 | rho: 0.6119 | R2: 0.3517 | RMSE: 0.6334
2026-01-13 05:45:59,542 - cadence_hepg2_v2 - INFO - --------------------------------------------------------------------------------
2026-01-13 05:45:59,542 - cadence_hepg2_v2 - INFO -   [VAL] encode4_hepg2:
2026-01-13 05:45:59,543 - cadence_hepg2_v2 - INFO -     activity: r=0.6224 | rho=0.6119 | R2=0.3517 | RMSE=0.6334 | MAE=0.4870
2026-01-13 05:45:59,543 - cadence_hepg2_v2 - INFO - ================================================================================
2026-01-13 05:45:59,785 - cadence_hepg2_v2 - INFO - Epoch 3 completed in 57.2s
2026-01-13 05:46:07,999 - cadence_hepg2_v2 - INFO - Step 400: NLL=0.5435, MSE=0.5435, grad=0.56, lr=4.65e-03
2026-01-13 05:46:52,488 - cadence_hepg2_v2 - INFO - ================================================================================
2026-01-13 05:46:52,488 - cadence_hepg2_v2 - INFO - EPOCH 4 SUMMARY (BEST)
2026-01-13 05:46:52,488 - cadence_hepg2_v2 - INFO - ================================================================================
2026-01-13 05:46:52,489 - cadence_hepg2_v2 - INFO - [TRAIN] NLL: 0.5609 | MSE: 0.5609 | r: 0.6838 | rho: 0.6647 | R2: 0.4388 | RMSE: 0.5940
2026-01-13 05:46:52,489 - cadence_hepg2_v2 - INFO - [VAL]   NLL: 0.5920 | MSE: 0.5920 | r: 0.6523 | rho: 0.6421 | R2: 0.3982 | RMSE: 0.6103
2026-01-13 05:46:52,489 - cadence_hepg2_v2 - INFO - --------------------------------------------------------------------------------
2026-01-13 05:46:52,489 - cadence_hepg2_v2 - INFO -   [VAL] encode4_hepg2:
2026-01-13 05:46:52,489 - cadence_hepg2_v2 - INFO -     activity: r=0.6523 | rho=0.6421 | R2=0.3982 | RMSE=0.6103 | MAE=0.4617
2026-01-13 05:46:52,489 - cadence_hepg2_v2 - INFO - ================================================================================
2026-01-13 05:46:52,945 - cadence_hepg2_v2 - INFO - Epoch 4 completed in 53.1s
2026-01-13 05:47:01,746 - cadence_hepg2_v2 - INFO - Step 500: NLL=0.5046, MSE=0.5046, grad=0.50, lr=6.38e-03
2026-01-13 05:47:51,510 - cadence_hepg2_v2 - INFO - ================================================================================
2026-01-13 05:47:51,511 - cadence_hepg2_v2 - INFO - EPOCH 5 SUMMARY 
2026-01-13 05:47:51,511 - cadence_hepg2_v2 - INFO - ================================================================================
2026-01-13 05:47:51,511 - cadence_hepg2_v2 - INFO - [TRAIN] NLL: 0.7107 | MSE: 0.7107 | r: 0.6450 | rho: 0.6220 | R2: 0.2889 | RMSE: 0.6687
2026-01-13 05:47:51,512 - cadence_hepg2_v2 - INFO - [VAL]   NLL: 0.7417 | MSE: 0.7417 | r: 0.6251 | rho: 0.6084 | R2: 0.2460 | RMSE: 0.6831
2026-01-13 05:47:51,512 - cadence_hepg2_v2 - INFO - --------------------------------------------------------------------------------
2026-01-13 05:47:51,512 - cadence_hepg2_v2 - INFO -   [VAL] encode4_hepg2:
2026-01-13 05:47:51,512 - cadence_hepg2_v2 - INFO -     activity: r=0.6251 | rho=0.6084 | R2=0.2460 | RMSE=0.6831 | MAE=0.5300
2026-01-13 05:47:51,513 - cadence_hepg2_v2 - INFO - ================================================================================
2026-01-13 05:47:51,671 - cadence_hepg2_v2 - INFO - Epoch 5 completed in 58.7s
2026-01-13 05:48:04,754 - cadence_hepg2_v2 - INFO - Step 600: NLL=0.4650, MSE=0.4650, grad=0.80, lr=7.96e-03
2026-01-13 05:49:00,063 - cadence_hepg2_v2 - INFO - ================================================================================
2026-01-13 05:49:00,063 - cadence_hepg2_v2 - INFO - EPOCH 6 SUMMARY (BEST)
2026-01-13 05:49:00,063 - cadence_hepg2_v2 - INFO - ================================================================================
2026-01-13 05:49:00,063 - cadence_hepg2_v2 - INFO - [TRAIN] NLL: 0.5447 | MSE: 0.5447 | r: 0.6863 | rho: 0.6661 | R2: 0.4550 | RMSE: 0.5854
2026-01-13 05:49:00,063 - cadence_hepg2_v2 - INFO - [VAL]   NLL: 0.5596 | MSE: 0.5596 | r: 0.6606 | rho: 0.6465 | R2: 0.4311 | RMSE: 0.5933
2026-01-13 05:49:00,064 - cadence_hepg2_v2 - INFO - --------------------------------------------------------------------------------
2026-01-13 05:49:00,064 - cadence_hepg2_v2 - INFO -   [VAL] encode4_hepg2:
2026-01-13 05:49:00,064 - cadence_hepg2_v2 - INFO -     activity: r=0.6606 | rho=0.6465 | R2=0.4311 | RMSE=0.5933 | MAE=0.4443
2026-01-13 05:49:00,064 - cadence_hepg2_v2 - INFO - ================================================================================
2026-01-13 05:49:00,642 - cadence_hepg2_v2 - INFO - Epoch 6 completed in 69.0s
2026-01-13 05:49:18,224 - cadence_hepg2_v2 - INFO - Step 700: NLL=0.4961, MSE=0.4961, grad=0.44, lr=9.18e-03
2026-01-13 05:50:09,165 - cadence_hepg2_v2 - INFO - ================================================================================
2026-01-13 05:50:09,166 - cadence_hepg2_v2 - INFO - EPOCH 7 SUMMARY (BEST)
2026-01-13 05:50:09,166 - cadence_hepg2_v2 - INFO - ================================================================================
2026-01-13 05:50:09,166 - cadence_hepg2_v2 - INFO - [TRAIN] NLL: 0.4703 | MSE: 0.4703 | r: 0.7374 | rho: 0.7141 | R2: 0.5295 | RMSE: 0.5439
2026-01-13 05:50:09,166 - cadence_hepg2_v2 - INFO - [VAL]   NLL: 0.5119 | MSE: 0.5119 | r: 0.7084 | rho: 0.6909 | R2: 0.4796 | RMSE: 0.5675
2026-01-13 05:50:09,166 - cadence_hepg2_v2 - INFO - --------------------------------------------------------------------------------
2026-01-13 05:50:09,166 - cadence_hepg2_v2 - INFO -   [VAL] encode4_hepg2:
2026-01-13 05:50:09,167 - cadence_hepg2_v2 - INFO -     activity: r=0.7084 | rho=0.6909 | R2=0.4796 | RMSE=0.5675 | MAE=0.4305
2026-01-13 05:50:09,167 - cadence_hepg2_v2 - INFO - ================================================================================
2026-01-13 05:50:09,671 - cadence_hepg2_v2 - INFO - Epoch 7 completed in 69.0s
2026-01-13 05:50:24,995 - cadence_hepg2_v2 - INFO - Step 800: NLL=0.4389, MSE=0.4389, grad=0.36, lr=9.87e-03
2026-01-13 05:51:14,895 - cadence_hepg2_v2 - INFO - ================================================================================
2026-01-13 05:51:14,895 - cadence_hepg2_v2 - INFO - EPOCH 8 SUMMARY (BEST)
2026-01-13 05:51:14,896 - cadence_hepg2_v2 - INFO - ================================================================================
2026-01-13 05:51:14,896 - cadence_hepg2_v2 - INFO - [TRAIN] NLL: 0.4537 | MSE: 0.4537 | r: 0.7483 | rho: 0.7327 | R2: 0.5460 | RMSE: 0.5342
2026-01-13 05:51:14,896 - cadence_hepg2_v2 - INFO - [VAL]   NLL: 0.4856 | MSE: 0.4856 | r: 0.7172 | rho: 0.7102 | R2: 0.5064 | RMSE: 0.5527
2026-01-13 05:51:14,896 - cadence_hepg2_v2 - INFO - --------------------------------------------------------------------------------
2026-01-13 05:51:14,896 - cadence_hepg2_v2 - INFO -   [VAL] encode4_hepg2:
2026-01-13 05:51:14,896 - cadence_hepg2_v2 - INFO -     activity: r=0.7172 | rho=0.7102 | R2=0.5064 | RMSE=0.5527 | MAE=0.4159
2026-01-13 05:51:14,896 - cadence_hepg2_v2 - INFO - ================================================================================
2026-01-13 05:51:15,451 - cadence_hepg2_v2 - INFO - Epoch 8 completed in 65.8s
2026-01-13 05:51:34,259 - cadence_hepg2_v2 - INFO - Step 900: NLL=0.4234, MSE=0.4234, grad=0.30, lr=9.99e-03
2026-01-13 05:52:26,923 - cadence_hepg2_v2 - INFO - ================================================================================
2026-01-13 05:52:26,924 - cadence_hepg2_v2 - INFO - EPOCH 9 SUMMARY 
2026-01-13 05:52:26,924 - cadence_hepg2_v2 - INFO - ================================================================================
2026-01-13 05:52:26,924 - cadence_hepg2_v2 - INFO - [TRAIN] NLL: 0.4304 | MSE: 0.4304 | r: 0.7553 | rho: 0.7328 | R2: 0.5693 | RMSE: 0.5204
2026-01-13 05:52:26,924 - cadence_hepg2_v2 - INFO - [VAL]   NLL: 0.4925 | MSE: 0.4925 | r: 0.7119 | rho: 0.6999 | R2: 0.4993 | RMSE: 0.5566
2026-01-13 05:52:26,924 - cadence_hepg2_v2 - INFO - --------------------------------------------------------------------------------
2026-01-13 05:52:26,924 - cadence_hepg2_v2 - INFO -   [VAL] encode4_hepg2:
2026-01-13 05:52:26,924 - cadence_hepg2_v2 - INFO -     activity: r=0.7119 | rho=0.6999 | R2=0.4993 | RMSE=0.5566 | MAE=0.4242
2026-01-13 05:52:26,924 - cadence_hepg2_v2 - INFO - ================================================================================
2026-01-13 05:52:27,208 - cadence_hepg2_v2 - INFO - Epoch 9 completed in 71.8s
2026-01-13 05:52:47,591 - cadence_hepg2_v2 - INFO - Step 1000: NLL=0.4131, MSE=0.4131, grad=0.29, lr=9.89e-03
2026-01-13 05:53:31,668 - cadence_hepg2_v2 - INFO - ================================================================================
2026-01-13 05:53:31,668 - cadence_hepg2_v2 - INFO - EPOCH 10 SUMMARY 
2026-01-13 05:53:31,668 - cadence_hepg2_v2 - INFO - ================================================================================
2026-01-13 05:53:31,668 - cadence_hepg2_v2 - INFO - [TRAIN] NLL: 0.5064 | MSE: 0.5064 | r: 0.7402 | rho: 0.7258 | R2: 0.4933 | RMSE: 0.5644
2026-01-13 05:53:31,669 - cadence_hepg2_v2 - INFO - [VAL]   NLL: 0.5585 | MSE: 0.5585 | r: 0.6984 | rho: 0.6944 | R2: 0.4322 | RMSE: 0.5928
2026-01-13 05:53:31,669 - cadence_hepg2_v2 - INFO - --------------------------------------------------------------------------------
2026-01-13 05:53:31,669 - cadence_hepg2_v2 - INFO -   [VAL] encode4_hepg2:
2026-01-13 05:53:31,669 - cadence_hepg2_v2 - INFO -     activity: r=0.6984 | rho=0.6944 | R2=0.4322 | RMSE=0.5928 | MAE=0.4333
2026-01-13 05:53:31,669 - cadence_hepg2_v2 - INFO - ================================================================================
2026-01-13 05:53:31,914 - cadence_hepg2_v2 - INFO - Epoch 10 completed in 64.7s
2026-01-13 05:53:54,869 - cadence_hepg2_v2 - INFO - Step 1100: NLL=0.4074, MSE=0.4074, grad=0.30, lr=9.66e-03
2026-01-13 05:54:37,589 - cadence_hepg2_v2 - INFO - ================================================================================
2026-01-13 05:54:37,590 - cadence_hepg2_v2 - INFO - EPOCH 11 SUMMARY (BEST)
2026-01-13 05:54:37,590 - cadence_hepg2_v2 - INFO - ================================================================================
2026-01-13 05:54:37,590 - cadence_hepg2_v2 - INFO - [TRAIN] NLL: 0.4217 | MSE: 0.4217 | r: 0.7662 | rho: 0.7444 | R2: 0.5780 | RMSE: 0.5151
2026-01-13 05:54:37,591 - cadence_hepg2_v2 - INFO - [VAL]   NLL: 0.4782 | MSE: 0.4782 | r: 0.7258 | rho: 0.7108 | R2: 0.5138 | RMSE: 0.5485
2026-01-13 05:54:37,591 - cadence_hepg2_v2 - INFO - --------------------------------------------------------------------------------
2026-01-13 05:54:37,591 - cadence_hepg2_v2 - INFO -   [VAL] encode4_hepg2:
2026-01-13 05:54:37,591 - cadence_hepg2_v2 - INFO -     activity: r=0.7258 | rho=0.7108 | R2=0.5138 | RMSE=0.5485 | MAE=0.4097
2026-01-13 05:54:37,591 - cadence_hepg2_v2 - INFO - ================================================================================
2026-01-13 05:54:38,149 - cadence_hepg2_v2 - INFO - Epoch 11 completed in 66.2s
2026-01-13 05:55:09,331 - cadence_hepg2_v2 - INFO - Step 1200: NLL=0.4105, MSE=0.4105, grad=0.37, lr=9.33e-03
2026-01-13 05:55:54,214 - cadence_hepg2_v2 - INFO - ================================================================================
2026-01-13 05:55:54,215 - cadence_hepg2_v2 - INFO - EPOCH 12 SUMMARY 
2026-01-13 05:55:54,215 - cadence_hepg2_v2 - INFO - ================================================================================
2026-01-13 05:55:54,215 - cadence_hepg2_v2 - INFO - [TRAIN] NLL: 0.3932 | MSE: 0.3932 | r: 0.7852 | rho: 0.7600 | R2: 0.6065 | RMSE: 0.4974
2026-01-13 05:55:54,215 - cadence_hepg2_v2 - INFO - [VAL]   NLL: 0.4765 | MSE: 0.4765 | r: 0.7229 | rho: 0.7132 | R2: 0.5156 | RMSE: 0.5475
2026-01-13 05:55:54,215 - cadence_hepg2_v2 - INFO - --------------------------------------------------------------------------------
2026-01-13 05:55:54,216 - cadence_hepg2_v2 - INFO -   [VAL] encode4_hepg2:
2026-01-13 05:55:54,216 - cadence_hepg2_v2 - INFO -     activity: r=0.7229 | rho=0.7132 | R2=0.5156 | RMSE=0.5475 | MAE=0.4149
2026-01-13 05:55:54,216 - cadence_hepg2_v2 - INFO - ================================================================================
2026-01-13 05:55:54,482 - cadence_hepg2_v2 - INFO - Epoch 12 completed in 76.3s
2026-01-13 05:56:22,074 - cadence_hepg2_v2 - INFO - Step 1300: NLL=0.3710, MSE=0.3710, grad=0.28, lr=8.88e-03
2026-01-13 05:57:05,812 - cadence_hepg2_v2 - INFO - ================================================================================
2026-01-13 05:57:05,813 - cadence_hepg2_v2 - INFO - EPOCH 13 SUMMARY (BEST)
2026-01-13 05:57:05,813 - cadence_hepg2_v2 - INFO - ================================================================================
2026-01-13 05:57:05,813 - cadence_hepg2_v2 - INFO - [TRAIN] NLL: 0.3747 | MSE: 0.3747 | r: 0.7929 | rho: 0.7661 | R2: 0.6251 | RMSE: 0.4855
2026-01-13 05:57:05,813 - cadence_hepg2_v2 - INFO - [VAL]   NLL: 0.4425 | MSE: 0.4425 | r: 0.7432 | rho: 0.7288 | R2: 0.5501 | RMSE: 0.5276
2026-01-13 05:57:05,813 - cadence_hepg2_v2 - INFO - --------------------------------------------------------------------------------
2026-01-13 05:57:05,813 - cadence_hepg2_v2 - INFO -   [VAL] encode4_hepg2:
2026-01-13 05:57:05,813 - cadence_hepg2_v2 - INFO -     activity: r=0.7432 | rho=0.7288 | R2=0.5501 | RMSE=0.5276 | MAE=0.3946
2026-01-13 05:57:05,813 - cadence_hepg2_v2 - INFO - ================================================================================
2026-01-13 05:57:06,421 - cadence_hepg2_v2 - INFO - Epoch 13 completed in 71.9s
2026-01-13 05:57:36,798 - cadence_hepg2_v2 - INFO - Step 1400: NLL=0.3324, MSE=0.3324, grad=0.28, lr=8.35e-03
2026-01-13 05:58:18,309 - cadence_hepg2_v2 - INFO - ================================================================================
2026-01-13 05:58:18,309 - cadence_hepg2_v2 - INFO - EPOCH 14 SUMMARY 
2026-01-13 05:58:18,309 - cadence_hepg2_v2 - INFO - ================================================================================
2026-01-13 05:58:18,310 - cadence_hepg2_v2 - INFO - [TRAIN] NLL: 0.4255 | MSE: 0.4255 | r: 0.7806 | rho: 0.7618 | R2: 0.5743 | RMSE: 0.5174
2026-01-13 05:58:18,310 - cadence_hepg2_v2 - INFO - [VAL]   NLL: 0.4961 | MSE: 0.4961 | r: 0.7287 | rho: 0.7248 | R2: 0.4956 | RMSE: 0.5587
2026-01-13 05:58:18,310 - cadence_hepg2_v2 - INFO - --------------------------------------------------------------------------------
2026-01-13 05:58:18,310 - cadence_hepg2_v2 - INFO -   [VAL] encode4_hepg2:
2026-01-13 05:58:18,310 - cadence_hepg2_v2 - INFO -     activity: r=0.7287 | rho=0.7248 | R2=0.4956 | RMSE=0.5587 | MAE=0.4060
2026-01-13 05:58:18,310 - cadence_hepg2_v2 - INFO - ================================================================================
2026-01-13 05:58:18,581 - cadence_hepg2_v2 - INFO - Epoch 14 completed in 72.2s
2026-01-13 05:58:51,327 - cadence_hepg2_v2 - INFO - Step 1500: NLL=0.3164, MSE=0.3164, grad=0.33, lr=7.73e-03
2026-01-13 05:59:29,879 - cadence_hepg2_v2 - INFO - ================================================================================
2026-01-13 05:59:29,879 - cadence_hepg2_v2 - INFO - EPOCH 15 SUMMARY 
2026-01-13 05:59:29,879 - cadence_hepg2_v2 - INFO - ================================================================================
2026-01-13 05:59:29,879 - cadence_hepg2_v2 - INFO - [TRAIN] NLL: 0.3705 | MSE: 0.3705 | r: 0.8038 | rho: 0.7745 | R2: 0.6293 | RMSE: 0.4828
2026-01-13 05:59:29,879 - cadence_hepg2_v2 - INFO - [VAL]   NLL: 0.4729 | MSE: 0.4729 | r: 0.7420 | rho: 0.7258 | R2: 0.5193 | RMSE: 0.5454
2026-01-13 05:59:29,879 - cadence_hepg2_v2 - INFO - --------------------------------------------------------------------------------
2026-01-13 05:59:29,879 - cadence_hepg2_v2 - INFO -   [VAL] encode4_hepg2:
2026-01-13 05:59:29,879 - cadence_hepg2_v2 - INFO -     activity: r=0.7420 | rho=0.7258 | R2=0.5193 | RMSE=0.5454 | MAE=0.4100
2026-01-13 05:59:29,879 - cadence_hepg2_v2 - INFO - ================================================================================
2026-01-13 05:59:30,211 - cadence_hepg2_v2 - INFO - Epoch 15 completed in 71.6s
2026-01-13 06:00:08,158 - cadence_hepg2_v2 - INFO - Step 1600: NLL=0.3188, MSE=0.3188, grad=0.28, lr=7.05e-03
2026-01-13 06:00:42,620 - cadence_hepg2_v2 - INFO - ================================================================================
2026-01-13 06:00:42,620 - cadence_hepg2_v2 - INFO - EPOCH 16 SUMMARY (BEST)
2026-01-13 06:00:42,620 - cadence_hepg2_v2 - INFO - ================================================================================
2026-01-13 06:00:42,621 - cadence_hepg2_v2 - INFO - [TRAIN] NLL: 0.3695 | MSE: 0.3695 | r: 0.8053 | rho: 0.7833 | R2: 0.6303 | RMSE: 0.4821
2026-01-13 06:00:42,621 - cadence_hepg2_v2 - INFO - [VAL]   NLL: 0.4478 | MSE: 0.4478 | r: 0.7453 | rho: 0.7350 | R2: 0.5448 | RMSE: 0.5307
2026-01-13 06:00:42,621 - cadence_hepg2_v2 - INFO - --------------------------------------------------------------------------------
2026-01-13 06:00:42,621 - cadence_hepg2_v2 - INFO -   [VAL] encode4_hepg2:
2026-01-13 06:00:42,621 - cadence_hepg2_v2 - INFO -     activity: r=0.7453 | rho=0.7350 | R2=0.5448 | RMSE=0.5307 | MAE=0.3923
2026-01-13 06:00:42,621 - cadence_hepg2_v2 - INFO - ================================================================================
2026-01-13 06:00:43,156 - cadence_hepg2_v2 - INFO - Epoch 16 completed in 72.9s
2026-01-13 06:01:19,569 - cadence_hepg2_v2 - INFO - Step 1700: NLL=0.2893, MSE=0.2893, grad=0.30, lr=6.32e-03
2026-01-13 06:01:50,097 - cadence_hepg2_v2 - INFO - ================================================================================
2026-01-13 06:01:50,097 - cadence_hepg2_v2 - INFO - EPOCH 17 SUMMARY (BEST)
2026-01-13 06:01:50,098 - cadence_hepg2_v2 - INFO - ================================================================================
2026-01-13 06:01:50,098 - cadence_hepg2_v2 - INFO - [TRAIN] NLL: 0.3340 | MSE: 0.3340 | r: 0.8232 | rho: 0.7976 | R2: 0.6658 | RMSE: 0.4584
2026-01-13 06:01:50,098 - cadence_hepg2_v2 - INFO - [VAL]   NLL: 0.4304 | MSE: 0.4304 | r: 0.7513 | rho: 0.7387 | R2: 0.5625 | RMSE: 0.5203
2026-01-13 06:01:50,098 - cadence_hepg2_v2 - INFO - --------------------------------------------------------------------------------
2026-01-13 06:01:50,098 - cadence_hepg2_v2 - INFO -   [VAL] encode4_hepg2:
2026-01-13 06:01:50,098 - cadence_hepg2_v2 - INFO -     activity: r=0.7513 | rho=0.7387 | R2=0.5625 | RMSE=0.5203 | MAE=0.3869
2026-01-13 06:01:50,098 - cadence_hepg2_v2 - INFO - ================================================================================
2026-01-13 06:01:50,570 - cadence_hepg2_v2 - INFO - Epoch 17 completed in 67.4s
2026-01-13 06:02:25,243 - cadence_hepg2_v2 - INFO - Step 1800: NLL=0.2930, MSE=0.2930, grad=0.32, lr=5.55e-03
2026-01-13 06:02:55,624 - cadence_hepg2_v2 - INFO - ================================================================================
2026-01-13 06:02:55,625 - cadence_hepg2_v2 - INFO - EPOCH 18 SUMMARY (BEST)
2026-01-13 06:02:55,625 - cadence_hepg2_v2 - INFO - ================================================================================
2026-01-13 06:02:55,625 - cadence_hepg2_v2 - INFO - [TRAIN] NLL: 0.3130 | MSE: 0.3130 | r: 0.8369 | rho: 0.8078 | R2: 0.6868 | RMSE: 0.4438
2026-01-13 06:02:55,625 - cadence_hepg2_v2 - INFO - [VAL]   NLL: 0.4226 | MSE: 0.4226 | r: 0.7603 | rho: 0.7439 | R2: 0.5704 | RMSE: 0.5156
2026-01-13 06:02:55,625 - cadence_hepg2_v2 - INFO - --------------------------------------------------------------------------------
2026-01-13 06:02:55,625 - cadence_hepg2_v2 - INFO -   [VAL] encode4_hepg2:
2026-01-13 06:02:55,626 - cadence_hepg2_v2 - INFO -     activity: r=0.7603 | rho=0.7439 | R2=0.5704 | RMSE=0.5156 | MAE=0.3872
2026-01-13 06:02:55,626 - cadence_hepg2_v2 - INFO - ================================================================================
2026-01-13 06:02:56,203 - cadence_hepg2_v2 - INFO - Epoch 18 completed in 65.6s
2026-01-13 06:03:37,147 - cadence_hepg2_v2 - INFO - Step 1900: NLL=0.2871, MSE=0.2871, grad=0.31, lr=4.77e-03
2026-01-13 06:04:04,389 - cadence_hepg2_v2 - INFO - ================================================================================
2026-01-13 06:04:04,390 - cadence_hepg2_v2 - INFO - EPOCH 19 SUMMARY 
2026-01-13 06:04:04,390 - cadence_hepg2_v2 - INFO - ================================================================================
2026-01-13 06:04:04,390 - cadence_hepg2_v2 - INFO - [TRAIN] NLL: 0.2912 | MSE: 0.2912 | r: 0.8465 | rho: 0.8199 | R2: 0.7086 | RMSE: 0.4280
2026-01-13 06:04:04,390 - cadence_hepg2_v2 - INFO - [VAL]   NLL: 0.4166 | MSE: 0.4166 | r: 0.7595 | rho: 0.7463 | R2: 0.5765 | RMSE: 0.5119
2026-01-13 06:04:04,391 - cadence_hepg2_v2 - INFO - --------------------------------------------------------------------------------
2026-01-13 06:04:04,391 - cadence_hepg2_v2 - INFO -   [VAL] encode4_hepg2:
2026-01-13 06:04:04,391 - cadence_hepg2_v2 - INFO -     activity: r=0.7595 | rho=0.7463 | R2=0.5765 | RMSE=0.5119 | MAE=0.3836
2026-01-13 06:04:04,391 - cadence_hepg2_v2 - INFO - ================================================================================
2026-01-13 06:04:04,688 - cadence_hepg2_v2 - INFO - Epoch 19 completed in 68.5s
2026-01-13 06:04:47,972 - cadence_hepg2_v2 - INFO - Step 2000: NLL=0.2911, MSE=0.2911, grad=0.29, lr=4.00e-03
2026-01-13 06:05:13,439 - cadence_hepg2_v2 - INFO - ================================================================================
2026-01-13 06:05:13,439 - cadence_hepg2_v2 - INFO - EPOCH 20 SUMMARY (BEST)
2026-01-13 06:05:13,439 - cadence_hepg2_v2 - INFO - ================================================================================
2026-01-13 06:05:13,439 - cadence_hepg2_v2 - INFO - [TRAIN] NLL: 0.2667 | MSE: 0.2667 | r: 0.8565 | rho: 0.8285 | R2: 0.7331 | RMSE: 0.4096
2026-01-13 06:05:13,440 - cadence_hepg2_v2 - INFO - [VAL]   NLL: 0.4086 | MSE: 0.4086 | r: 0.7681 | rho: 0.7551 | R2: 0.5846 | RMSE: 0.5070
2026-01-13 06:05:13,440 - cadence_hepg2_v2 - INFO - --------------------------------------------------------------------------------
2026-01-13 06:05:13,440 - cadence_hepg2_v2 - INFO -   [VAL] encode4_hepg2:
2026-01-13 06:05:13,440 - cadence_hepg2_v2 - INFO -     activity: r=0.7681 | rho=0.7551 | R2=0.5846 | RMSE=0.5070 | MAE=0.3806
2026-01-13 06:05:13,440 - cadence_hepg2_v2 - INFO - ================================================================================
2026-01-13 06:05:13,980 - cadence_hepg2_v2 - INFO - Epoch 20 completed in 69.3s
2026-01-13 06:05:59,413 - cadence_hepg2_v2 - INFO - Step 2100: NLL=0.2705, MSE=0.2705, grad=0.30, lr=3.25e-03
2026-01-13 06:06:24,814 - cadence_hepg2_v2 - INFO - ================================================================================
2026-01-13 06:06:24,815 - cadence_hepg2_v2 - INFO - EPOCH 21 SUMMARY (BEST)
2026-01-13 06:06:24,815 - cadence_hepg2_v2 - INFO - ================================================================================
2026-01-13 06:06:24,815 - cadence_hepg2_v2 - INFO - [TRAIN] NLL: 0.2496 | MSE: 0.2496 | r: 0.8700 | rho: 0.8421 | R2: 0.7502 | RMSE: 0.3963
2026-01-13 06:06:24,816 - cadence_hepg2_v2 - INFO - [VAL]   NLL: 0.3946 | MSE: 0.3946 | r: 0.7799 | rho: 0.7663 | R2: 0.5988 | RMSE: 0.4982
2026-01-13 06:06:24,816 - cadence_hepg2_v2 - INFO - --------------------------------------------------------------------------------
2026-01-13 06:06:24,816 - cadence_hepg2_v2 - INFO -   [VAL] encode4_hepg2:
2026-01-13 06:06:24,816 - cadence_hepg2_v2 - INFO -     activity: r=0.7799 | rho=0.7663 | R2=0.5988 | RMSE=0.4982 | MAE=0.3748
2026-01-13 06:06:24,817 - cadence_hepg2_v2 - INFO - ================================================================================
2026-01-13 06:06:25,360 - cadence_hepg2_v2 - INFO - Epoch 21 completed in 71.4s
2026-01-13 06:07:18,507 - cadence_hepg2_v2 - INFO - Step 2200: NLL=0.2233, MSE=0.2233, grad=0.25, lr=2.55e-03
2026-01-13 06:07:43,609 - cadence_hepg2_v2 - INFO - ================================================================================
2026-01-13 06:07:43,609 - cadence_hepg2_v2 - INFO - EPOCH 22 SUMMARY 
2026-01-13 06:07:43,609 - cadence_hepg2_v2 - INFO - ================================================================================
2026-01-13 06:07:43,610 - cadence_hepg2_v2 - INFO - [TRAIN] NLL: 0.2324 | MSE: 0.2324 | r: 0.8761 | rho: 0.8485 | R2: 0.7675 | RMSE: 0.3824
2026-01-13 06:07:43,610 - cadence_hepg2_v2 - INFO - [VAL]   NLL: 0.3936 | MSE: 0.3936 | r: 0.7773 | rho: 0.7645 | R2: 0.5999 | RMSE: 0.4976
2026-01-13 06:07:43,610 - cadence_hepg2_v2 - INFO - --------------------------------------------------------------------------------
2026-01-13 06:07:43,610 - cadence_hepg2_v2 - INFO -   [VAL] encode4_hepg2:
2026-01-13 06:07:43,610 - cadence_hepg2_v2 - INFO -     activity: r=0.7773 | rho=0.7645 | R2=0.5999 | RMSE=0.4976 | MAE=0.3733
2026-01-13 06:07:43,610 - cadence_hepg2_v2 - INFO - ================================================================================
2026-01-13 06:07:43,885 - cadence_hepg2_v2 - INFO - Epoch 22 completed in 78.5s
2026-01-13 06:08:36,764 - cadence_hepg2_v2 - INFO - Step 2300: NLL=0.1890, MSE=0.1890, grad=0.27, lr=1.90e-03
2026-01-13 06:08:58,540 - cadence_hepg2_v2 - INFO - ================================================================================
2026-01-13 06:08:58,541 - cadence_hepg2_v2 - INFO - EPOCH 23 SUMMARY (BEST)
2026-01-13 06:08:58,541 - cadence_hepg2_v2 - INFO - ================================================================================
2026-01-13 06:08:58,541 - cadence_hepg2_v2 - INFO - [TRAIN] NLL: 0.2237 | MSE: 0.2237 | r: 0.8888 | rho: 0.8618 | R2: 0.7762 | RMSE: 0.3752
2026-01-13 06:08:58,542 - cadence_hepg2_v2 - INFO - [VAL]   NLL: 0.3969 | MSE: 0.3969 | r: 0.7806 | rho: 0.7672 | R2: 0.5965 | RMSE: 0.4997
2026-01-13 06:08:58,542 - cadence_hepg2_v2 - INFO - --------------------------------------------------------------------------------
2026-01-13 06:08:58,542 - cadence_hepg2_v2 - INFO -   [VAL] encode4_hepg2:
2026-01-13 06:08:58,542 - cadence_hepg2_v2 - INFO -     activity: r=0.7806 | rho=0.7672 | R2=0.5965 | RMSE=0.4997 | MAE=0.3696
2026-01-13 06:08:58,542 - cadence_hepg2_v2 - INFO - ================================================================================
2026-01-13 06:08:59,136 - cadence_hepg2_v2 - INFO - Epoch 23 completed in 75.2s
2026-01-13 06:09:53,060 - cadence_hepg2_v2 - INFO - Step 2400: NLL=0.1748, MSE=0.1748, grad=0.35, lr=1.33e-03
2026-01-13 06:10:10,831 - cadence_hepg2_v2 - INFO - ================================================================================
2026-01-13 06:10:10,831 - cadence_hepg2_v2 - INFO - EPOCH 24 SUMMARY (BEST)
2026-01-13 06:10:10,832 - cadence_hepg2_v2 - INFO - ================================================================================
2026-01-13 06:10:10,832 - cadence_hepg2_v2 - INFO - [TRAIN] NLL: 0.1997 | MSE: 0.1997 | r: 0.8972 | rho: 0.8702 | R2: 0.8002 | RMSE: 0.3544
2026-01-13 06:10:10,832 - cadence_hepg2_v2 - INFO - [VAL]   NLL: 0.3819 | MSE: 0.3819 | r: 0.7822 | rho: 0.7670 | R2: 0.6117 | RMSE: 0.4902
2026-01-13 06:10:10,832 - cadence_hepg2_v2 - INFO - --------------------------------------------------------------------------------
2026-01-13 06:10:10,832 - cadence_hepg2_v2 - INFO -   [VAL] encode4_hepg2:
2026-01-13 06:10:10,833 - cadence_hepg2_v2 - INFO -     activity: r=0.7822 | rho=0.7670 | R2=0.6117 | RMSE=0.4902 | MAE=0.3679
2026-01-13 06:10:10,833 - cadence_hepg2_v2 - INFO - ================================================================================
2026-01-13 06:10:11,388 - cadence_hepg2_v2 - INFO - Epoch 24 completed in 72.2s
2026-01-13 06:11:22,466 - cadence_hepg2_v2 - INFO - ================================================================================
2026-01-13 06:11:22,470 - cadence_hepg2_v2 - INFO - EPOCH 25 SUMMARY (BEST)
2026-01-13 06:11:22,471 - cadence_hepg2_v2 - INFO - ================================================================================
2026-01-13 06:11:22,471 - cadence_hepg2_v2 - INFO - [TRAIN] NLL: 0.1821 | MSE: 0.1821 | r: 0.9057 | rho: 0.8790 | R2: 0.8178 | RMSE: 0.3385
2026-01-13 06:11:22,471 - cadence_hepg2_v2 - INFO - [VAL]   NLL: 0.3856 | MSE: 0.3856 | r: 0.7858 | rho: 0.7704 | R2: 0.6080 | RMSE: 0.4925
2026-01-13 06:11:22,471 - cadence_hepg2_v2 - INFO - --------------------------------------------------------------------------------
2026-01-13 06:11:22,471 - cadence_hepg2_v2 - INFO -   [VAL] encode4_hepg2:
2026-01-13 06:11:22,472 - cadence_hepg2_v2 - INFO -     activity: r=0.7858 | rho=0.7704 | R2=0.6080 | RMSE=0.4925 | MAE=0.3666
2026-01-13 06:11:22,472 - cadence_hepg2_v2 - INFO - ================================================================================
2026-01-13 06:11:23,100 - cadence_hepg2_v2 - INFO - Epoch 25 completed in 71.7s
2026-01-13 06:11:27,610 - cadence_hepg2_v2 - INFO - Step 2500: NLL=0.1779, MSE=0.1779, grad=0.27, lr=8.47e-04
2026-01-13 06:12:34,043 - cadence_hepg2_v2 - INFO - ================================================================================
2026-01-13 06:12:34,043 - cadence_hepg2_v2 - INFO - EPOCH 26 SUMMARY 
2026-01-13 06:12:34,043 - cadence_hepg2_v2 - INFO - ================================================================================
2026-01-13 06:12:34,043 - cadence_hepg2_v2 - INFO - [TRAIN] NLL: 0.1722 | MSE: 0.1722 | r: 0.9111 | rho: 0.8848 | R2: 0.8277 | RMSE: 0.3291
2026-01-13 06:12:34,043 - cadence_hepg2_v2 - INFO - [VAL]   NLL: 0.3788 | MSE: 0.3788 | r: 0.7855 | rho: 0.7717 | R2: 0.6149 | RMSE: 0.4882
2026-01-13 06:12:34,043 - cadence_hepg2_v2 - INFO - --------------------------------------------------------------------------------
2026-01-13 06:12:34,043 - cadence_hepg2_v2 - INFO -   [VAL] encode4_hepg2:
2026-01-13 06:12:34,044 - cadence_hepg2_v2 - INFO -     activity: r=0.7855 | rho=0.7717 | R2=0.6149 | RMSE=0.4882 | MAE=0.3637
2026-01-13 06:12:34,044 - cadence_hepg2_v2 - INFO - ================================================================================
2026-01-13 06:12:34,310 - cadence_hepg2_v2 - INFO - Epoch 26 completed in 71.2s
2026-01-13 06:12:41,486 - cadence_hepg2_v2 - INFO - Step 2600: NLL=0.1850, MSE=0.1850, grad=0.32, lr=4.65e-04
2026-01-13 06:13:48,262 - cadence_hepg2_v2 - INFO - ================================================================================
2026-01-13 06:13:48,263 - cadence_hepg2_v2 - INFO - EPOCH 27 SUMMARY (BEST)
2026-01-13 06:13:48,263 - cadence_hepg2_v2 - INFO - ================================================================================
2026-01-13 06:13:48,264 - cadence_hepg2_v2 - INFO - [TRAIN] NLL: 0.1646 | MSE: 0.1646 | r: 0.9144 | rho: 0.8882 | R2: 0.8353 | RMSE: 0.3218
2026-01-13 06:13:48,264 - cadence_hepg2_v2 - INFO - [VAL]   NLL: 0.3812 | MSE: 0.3812 | r: 0.7864 | rho: 0.7725 | R2: 0.6125 | RMSE: 0.4897
2026-01-13 06:13:48,264 - cadence_hepg2_v2 - INFO - --------------------------------------------------------------------------------
2026-01-13 06:13:48,264 - cadence_hepg2_v2 - INFO -   [VAL] encode4_hepg2:
2026-01-13 06:13:48,264 - cadence_hepg2_v2 - INFO -     activity: r=0.7864 | rho=0.7725 | R2=0.6125 | RMSE=0.4897 | MAE=0.3646
2026-01-13 06:13:48,265 - cadence_hepg2_v2 - INFO - ================================================================================
2026-01-13 06:13:48,726 - cadence_hepg2_v2 - INFO - Epoch 27 completed in 74.4s
2026-01-13 06:13:56,657 - cadence_hepg2_v2 - INFO - Step 2700: NLL=0.1527, MSE=0.1527, grad=0.29, lr=1.93e-04
2026-01-13 06:15:03,449 - cadence_hepg2_v2 - INFO - ================================================================================
2026-01-13 06:15:03,449 - cadence_hepg2_v2 - INFO - EPOCH 28 SUMMARY (BEST)
2026-01-13 06:15:03,450 - cadence_hepg2_v2 - INFO - ================================================================================
2026-01-13 06:15:03,450 - cadence_hepg2_v2 - INFO - [TRAIN] NLL: 0.1621 | MSE: 0.1621 | r: 0.9153 | rho: 0.8895 | R2: 0.8378 | RMSE: 0.3193
2026-01-13 06:15:03,450 - cadence_hepg2_v2 - INFO - [VAL]   NLL: 0.3796 | MSE: 0.3796 | r: 0.7867 | rho: 0.7727 | R2: 0.6141 | RMSE: 0.4887
2026-01-13 06:15:03,450 - cadence_hepg2_v2 - INFO - --------------------------------------------------------------------------------
2026-01-13 06:15:03,450 - cadence_hepg2_v2 - INFO -   [VAL] encode4_hepg2:
2026-01-13 06:15:03,450 - cadence_hepg2_v2 - INFO -     activity: r=0.7867 | rho=0.7727 | R2=0.6141 | RMSE=0.4887 | MAE=0.3648
2026-01-13 06:15:03,451 - cadence_hepg2_v2 - INFO - ================================================================================
2026-01-13 06:15:03,942 - cadence_hepg2_v2 - INFO - Epoch 28 completed in 75.2s
2026-01-13 06:15:14,395 - cadence_hepg2_v2 - INFO - Step 2800: NLL=0.1601, MSE=0.1601, grad=0.26, lr=3.79e-05
2026-01-13 06:16:14,430 - cadence_hepg2_v2 - INFO - ================================================================================
2026-01-13 06:16:14,430 - cadence_hepg2_v2 - INFO - EPOCH 29 SUMMARY (BEST)
2026-01-13 06:16:14,430 - cadence_hepg2_v2 - INFO - ================================================================================
2026-01-13 06:16:14,430 - cadence_hepg2_v2 - INFO - [TRAIN] NLL: 0.1603 | MSE: 0.1603 | r: 0.9164 | rho: 0.8903 | R2: 0.8396 | RMSE: 0.3176
2026-01-13 06:16:14,431 - cadence_hepg2_v2 - INFO - [VAL]   NLL: 0.3785 | MSE: 0.3785 | r: 0.7869 | rho: 0.7727 | R2: 0.6152 | RMSE: 0.4880
2026-01-13 06:16:14,431 - cadence_hepg2_v2 - INFO - --------------------------------------------------------------------------------
2026-01-13 06:16:14,431 - cadence_hepg2_v2 - INFO -   [VAL] encode4_hepg2:
2026-01-13 06:16:14,431 - cadence_hepg2_v2 - INFO -     activity: r=0.7869 | rho=0.7727 | R2=0.6152 | RMSE=0.4880 | MAE=0.3642
2026-01-13 06:16:14,431 - cadence_hepg2_v2 - INFO - ================================================================================
2026-01-13 06:16:15,052 - cadence_hepg2_v2 - INFO - Epoch 29 completed in 71.1s
2026-01-13 06:16:15,052 - cadence_hepg2_v2 - INFO - Training complete. Running final evaluation...
2026-01-13 06:16:18,638 - cadence_hepg2_v2 - INFO - 
============================================================
2026-01-13 06:16:18,638 - cadence_hepg2_v2 - INFO - Evaluating on TEST sets...
2026-01-13 06:16:18,639 - cadence_hepg2_v2 - INFO - ============================================================
2026-01-13 06:16:18,640 - cadence_hepg2_v2 - INFO -   Evaluating encode4_hepg2 (test)...
2026-01-13 06:16:21,924 - cadence_hepg2_v2 - INFO -     activity: r=0.7861, rho=0.7698, R2=0.6134, RMSE=0.6141 (n=13953)
2026-01-13 06:16:21,925 - cadence_hepg2_v2 - INFO - 
============================================================
2026-01-13 06:16:21,925 - cadence_hepg2_v2 - INFO - Evaluating on CALIBRATION sets...
2026-01-13 06:16:21,926 - cadence_hepg2_v2 - INFO - ============================================================
2026-01-13 06:16:21,927 - cadence_hepg2_v2 - INFO -   Evaluating encode4_hepg2 (calibration)...
2026-01-13 06:16:25,099 - cadence_hepg2_v2 - INFO -     activity: r=0.7833, rho=0.7627, R2=0.6096, RMSE=0.6309 (n=14002)
2026-01-13 06:16:25,100 - cadence_hepg2_v2 - INFO - Results saved to results/cadence_hepg2_v2/final_results.json
