2026-01-13 05:38:16,819 - cadence_arabidopsis_v1 - INFO - Experiment: cadence_arabidopsis_v1
2026-01-13 05:38:16,820 - cadence_arabidopsis_v1 - INFO - Output directory: results/cadence_arabidopsis_v1
2026-01-13 05:38:16,829 - cadence_arabidopsis_v1 - INFO - Starting training...
2026-01-13 05:38:16,834 - cadence_arabidopsis_v1 - INFO - Config: config1_single_celltype
2026-01-13 05:38:16,835 - cadence_arabidopsis_v1 - INFO - Setting up datasets...
2026-01-13 05:38:27,695 - cadence_arabidopsis_v1 - INFO - Dataset sizes: {'jores_arabidopsis': 12115}
2026-01-13 05:38:27,721 - cadence_arabidopsis_v1 - INFO - Using balanced activity sampling with 10 bins...
2026-01-13 05:38:29,027 - cadence_arabidopsis_v1 - INFO -   jores_arabidopsis: test set loaded
2026-01-13 05:38:38,292 - cadence_arabidopsis_v1 - INFO - Data setup complete
2026-01-13 05:38:38,292 - cadence_arabidopsis_v1 - INFO - Setting up model...
2026-01-13 05:38:40,296 - cadence_arabidopsis_v1 - INFO - Model parameters: 1,389,026 (1,389,026 trainable)
2026-01-13 05:38:49,274 - cadence_arabidopsis_v1 - INFO - OneCycleLR: 9500 total steps, initial_lr=0.000400, max_lr=0.01
2026-01-13 05:38:49,274 - cadence_arabidopsis_v1 - INFO - Model setup complete
2026-01-13 05:39:05,049 - cadence_arabidopsis_v1 - INFO - Step 100: NLL=1.5218, MSE=1.3909, grad=16.28, lr=4.29e-04
2026-01-13 05:39:21,660 - cadence_arabidopsis_v1 - INFO - ================================================================================
2026-01-13 05:39:21,661 - cadence_arabidopsis_v1 - INFO - EPOCH 0 SUMMARY (BEST)
2026-01-13 05:39:21,661 - cadence_arabidopsis_v1 - INFO - ================================================================================
2026-01-13 05:39:21,661 - cadence_arabidopsis_v1 - INFO - [TRAIN] NLL: 1.6184 | MSE: 1.6184 | r: 0.4959 | rho: 0.4538 | R2: -0.6113 | RMSE: 1.5068
2026-01-13 05:39:21,661 - cadence_arabidopsis_v1 - INFO - [VAL]   NLL: 1.6299 | MSE: 1.6299 | r: 0.4232 | rho: 0.4088 | R2: -0.6528 | RMSE: 1.5120
2026-01-13 05:39:21,661 - cadence_arabidopsis_v1 - INFO - --------------------------------------------------------------------------------
2026-01-13 05:39:21,661 - cadence_arabidopsis_v1 - INFO -   [VAL] jores_arabidopsis:
2026-01-13 05:39:21,661 - cadence_arabidopsis_v1 - INFO -     leaf: r=0.3881 | rho=0.3628 | R2=-0.6560 | RMSE=1.5409 | MAE=1.2641
2026-01-13 05:39:21,661 - cadence_arabidopsis_v1 - INFO -     proto: r=0.4583 | rho=0.4549 | R2=-0.6495 | RMSE=1.4832 | MAE=1.2110
2026-01-13 05:39:21,661 - cadence_arabidopsis_v1 - INFO - ================================================================================
2026-01-13 05:39:22,152 - cadence_arabidopsis_v1 - INFO - Epoch 0 completed in 32.9s
2026-01-13 05:39:24,031 - cadence_arabidopsis_v1 - INFO - Step 200: NLL=0.7344, MSE=0.6996, grad=10.46, lr=5.16e-04
2026-01-13 05:39:35,565 - cadence_arabidopsis_v1 - INFO - Step 300: NLL=0.9390, MSE=0.8173, grad=8.56, lr=6.60e-04
2026-01-13 05:39:51,761 - cadence_arabidopsis_v1 - INFO - ================================================================================
2026-01-13 05:39:51,762 - cadence_arabidopsis_v1 - INFO - EPOCH 1 SUMMARY (BEST)
2026-01-13 05:39:51,762 - cadence_arabidopsis_v1 - INFO - ================================================================================
2026-01-13 05:39:51,763 - cadence_arabidopsis_v1 - INFO - [TRAIN] NLL: 0.6999 | MSE: 0.6999 | r: 0.6562 | rho: 0.6081 | R2: 0.3034 | RMSE: 0.9907
2026-01-13 05:39:51,763 - cadence_arabidopsis_v1 - INFO - [VAL]   NLL: 0.8887 | MSE: 0.8887 | r: 0.5470 | rho: 0.5141 | R2: 0.1006 | RMSE: 1.1155
2026-01-13 05:39:51,763 - cadence_arabidopsis_v1 - INFO - --------------------------------------------------------------------------------
2026-01-13 05:39:51,763 - cadence_arabidopsis_v1 - INFO -   [VAL] jores_arabidopsis:
2026-01-13 05:39:51,763 - cadence_arabidopsis_v1 - INFO -     leaf: r=0.5631 | rho=0.5390 | R2=0.0489 | RMSE=1.1678 | MAE=0.9108
2026-01-13 05:39:51,764 - cadence_arabidopsis_v1 - INFO -     proto: r=0.5309 | rho=0.4892 | R2=0.1523 | RMSE=1.0633 | MAE=0.8294
2026-01-13 05:39:51,764 - cadence_arabidopsis_v1 - INFO - ================================================================================
2026-01-13 05:39:52,434 - cadence_arabidopsis_v1 - INFO - Epoch 1 completed in 30.3s
2026-01-13 05:39:54,912 - cadence_arabidopsis_v1 - INFO - Step 400: NLL=0.9136, MSE=0.8137, grad=8.17, lr=8.59e-04
2026-01-13 05:40:07,272 - cadence_arabidopsis_v1 - INFO - Step 500: NLL=0.7024, MSE=0.6673, grad=5.74, lr=1.11e-03
2026-01-13 05:40:23,636 - cadence_arabidopsis_v1 - INFO - ================================================================================
2026-01-13 05:40:23,637 - cadence_arabidopsis_v1 - INFO - EPOCH 2 SUMMARY (BEST)
2026-01-13 05:40:23,637 - cadence_arabidopsis_v1 - INFO - ================================================================================
2026-01-13 05:40:23,638 - cadence_arabidopsis_v1 - INFO - [TRAIN] NLL: 1.6559 | MSE: 1.6559 | r: 0.6509 | rho: 0.6152 | R2: -0.6612 | RMSE: 1.4692
2026-01-13 05:40:23,638 - cadence_arabidopsis_v1 - INFO - [VAL]   NLL: 1.9056 | MSE: 1.9056 | r: 0.5653 | rho: 0.5367 | R2: -0.9694 | RMSE: 1.5817
2026-01-13 05:40:23,638 - cadence_arabidopsis_v1 - INFO - --------------------------------------------------------------------------------
2026-01-13 05:40:23,638 - cadence_arabidopsis_v1 - INFO -   [VAL] jores_arabidopsis:
2026-01-13 05:40:23,638 - cadence_arabidopsis_v1 - INFO -     leaf: r=0.5752 | rho=0.5532 | R2=0.0505 | RMSE=1.1668 | MAE=0.9257
2026-01-13 05:40:23,638 - cadence_arabidopsis_v1 - INFO -     proto: r=0.5555 | rho=0.5202 | R2=-1.9894 | RMSE=1.9967 | MAE=1.6678
2026-01-13 05:40:23,639 - cadence_arabidopsis_v1 - INFO - ================================================================================
2026-01-13 05:40:24,235 - cadence_arabidopsis_v1 - INFO - Epoch 2 completed in 31.8s
2026-01-13 05:40:28,339 - cadence_arabidopsis_v1 - INFO - Step 600: NLL=0.9802, MSE=0.8817, grad=7.95, lr=1.41e-03
2026-01-13 05:40:39,797 - cadence_arabidopsis_v1 - INFO - Step 700: NLL=0.8142, MSE=0.7101, grad=5.61, lr=1.76e-03
2026-01-13 05:40:52,376 - cadence_arabidopsis_v1 - INFO - ================================================================================
2026-01-13 05:40:52,376 - cadence_arabidopsis_v1 - INFO - EPOCH 3 SUMMARY 
2026-01-13 05:40:52,377 - cadence_arabidopsis_v1 - INFO - ================================================================================
2026-01-13 05:40:52,377 - cadence_arabidopsis_v1 - INFO - [TRAIN] NLL: 0.9766 | MSE: 0.9766 | r: 0.6556 | rho: 0.6329 | R2: 0.0253 | RMSE: 1.1679
2026-01-13 05:40:52,377 - cadence_arabidopsis_v1 - INFO - [VAL]   NLL: 1.1504 | MSE: 1.1504 | r: 0.5614 | rho: 0.5465 | R2: -0.1742 | RMSE: 1.2674
2026-01-13 05:40:52,377 - cadence_arabidopsis_v1 - INFO - --------------------------------------------------------------------------------
2026-01-13 05:40:52,377 - cadence_arabidopsis_v1 - INFO -   [VAL] jores_arabidopsis:
2026-01-13 05:40:52,378 - cadence_arabidopsis_v1 - INFO -     leaf: r=0.5946 | rho=0.5812 | R2=0.0333 | RMSE=1.1773 | MAE=0.9359
2026-01-13 05:40:52,378 - cadence_arabidopsis_v1 - INFO -     proto: r=0.5283 | rho=0.5118 | R2=-0.3817 | RMSE=1.3574 | MAE=1.0904
2026-01-13 05:40:52,378 - cadence_arabidopsis_v1 - INFO - ================================================================================
2026-01-13 05:40:52,599 - cadence_arabidopsis_v1 - INFO - Epoch 3 completed in 28.4s
2026-01-13 05:40:56,971 - cadence_arabidopsis_v1 - INFO - Step 800: NLL=0.7500, MSE=0.7112, grad=3.82, lr=2.15e-03
2026-01-13 05:41:08,412 - cadence_arabidopsis_v1 - INFO - Step 900: NLL=0.8168, MSE=0.7998, grad=2.87, lr=2.58e-03
2026-01-13 05:41:19,958 - cadence_arabidopsis_v1 - INFO - ================================================================================
2026-01-13 05:41:19,958 - cadence_arabidopsis_v1 - INFO - EPOCH 4 SUMMARY (BEST)
2026-01-13 05:41:19,958 - cadence_arabidopsis_v1 - INFO - ================================================================================
2026-01-13 05:41:19,958 - cadence_arabidopsis_v1 - INFO - [TRAIN] NLL: 0.8000 | MSE: 0.8000 | r: 0.6517 | rho: 0.6063 | R2: 0.2027 | RMSE: 1.0593
2026-01-13 05:41:19,958 - cadence_arabidopsis_v1 - INFO - [VAL]   NLL: 0.9204 | MSE: 0.9204 | r: 0.5920 | rho: 0.5567 | R2: 0.0648 | RMSE: 1.1364
2026-01-13 05:41:19,958 - cadence_arabidopsis_v1 - INFO - --------------------------------------------------------------------------------
2026-01-13 05:41:19,958 - cadence_arabidopsis_v1 - INFO -   [VAL] jores_arabidopsis:
2026-01-13 05:41:19,959 - cadence_arabidopsis_v1 - INFO -     leaf: r=0.5901 | rho=0.5608 | R2=0.1125 | RMSE=1.1280 | MAE=0.8923
2026-01-13 05:41:19,959 - cadence_arabidopsis_v1 - INFO -     proto: r=0.5939 | rho=0.5526 | R2=0.0171 | RMSE=1.1449 | MAE=0.9249
2026-01-13 05:41:19,959 - cadence_arabidopsis_v1 - INFO - ================================================================================
2026-01-13 05:41:20,510 - cadence_arabidopsis_v1 - INFO - Epoch 4 completed in 27.9s
2026-01-13 05:41:26,662 - cadence_arabidopsis_v1 - INFO - Step 1000: NLL=0.6186, MSE=0.5426, grad=2.77, lr=3.03e-03
2026-01-13 05:41:38,503 - cadence_arabidopsis_v1 - INFO - Step 1100: NLL=0.5762, MSE=0.5432, grad=2.00, lr=3.52e-03
2026-01-13 05:41:49,738 - cadence_arabidopsis_v1 - INFO - ================================================================================
2026-01-13 05:41:49,739 - cadence_arabidopsis_v1 - INFO - EPOCH 5 SUMMARY 
2026-01-13 05:41:49,739 - cadence_arabidopsis_v1 - INFO - ================================================================================
2026-01-13 05:41:49,739 - cadence_arabidopsis_v1 - INFO - [TRAIN] NLL: 0.9752 | MSE: 0.9752 | r: 0.6177 | rho: 0.6083 | R2: 0.0307 | RMSE: 1.1665
2026-01-13 05:41:49,740 - cadence_arabidopsis_v1 - INFO - [VAL]   NLL: 1.0342 | MSE: 1.0342 | r: 0.5600 | rho: 0.5617 | R2: -0.0452 | RMSE: 1.2021
2026-01-13 05:41:49,740 - cadence_arabidopsis_v1 - INFO - --------------------------------------------------------------------------------
2026-01-13 05:41:49,740 - cadence_arabidopsis_v1 - INFO -   [VAL] jores_arabidopsis:
2026-01-13 05:41:49,740 - cadence_arabidopsis_v1 - INFO -     leaf: r=0.6060 | rho=0.5932 | R2=-0.1438 | RMSE=1.2806 | MAE=1.0123
2026-01-13 05:41:49,741 - cadence_arabidopsis_v1 - INFO -     proto: r=0.5141 | rho=0.5302 | R2=0.0533 | RMSE=1.1236 | MAE=0.8798
2026-01-13 05:41:49,741 - cadence_arabidopsis_v1 - INFO - ================================================================================
2026-01-13 05:41:49,983 - cadence_arabidopsis_v1 - INFO - Epoch 5 completed in 29.5s
2026-01-13 05:41:58,653 - cadence_arabidopsis_v1 - INFO - Step 1200: NLL=0.4746, MSE=0.4123, grad=1.60, lr=4.02e-03
2026-01-13 05:42:12,262 - cadence_arabidopsis_v1 - INFO - Step 1300: NLL=0.8105, MSE=0.8285, grad=1.88, lr=4.54e-03
2026-01-13 05:42:22,149 - cadence_arabidopsis_v1 - INFO - ================================================================================
2026-01-13 05:42:22,149 - cadence_arabidopsis_v1 - INFO - EPOCH 6 SUMMARY 
2026-01-13 05:42:22,149 - cadence_arabidopsis_v1 - INFO - ================================================================================
2026-01-13 05:42:22,149 - cadence_arabidopsis_v1 - INFO - [TRAIN] NLL: 0.7143 | MSE: 0.7143 | r: 0.6563 | rho: 0.6091 | R2: 0.2869 | RMSE: 0.9980
2026-01-13 05:42:22,150 - cadence_arabidopsis_v1 - INFO - [VAL]   NLL: 0.8421 | MSE: 0.8421 | r: 0.5846 | rho: 0.5455 | R2: 0.1401 | RMSE: 1.0838
2026-01-13 05:42:22,150 - cadence_arabidopsis_v1 - INFO - --------------------------------------------------------------------------------
2026-01-13 05:42:22,150 - cadence_arabidopsis_v1 - INFO -   [VAL] jores_arabidopsis:
2026-01-13 05:42:22,150 - cadence_arabidopsis_v1 - INFO -     leaf: r=0.6040 | rho=0.5668 | R2=0.3021 | RMSE=1.0003 | MAE=0.7828
2026-01-13 05:42:22,150 - cadence_arabidopsis_v1 - INFO -     proto: r=0.5653 | rho=0.5242 | R2=-0.0219 | RMSE=1.1674 | MAE=0.9373
2026-01-13 05:42:22,151 - cadence_arabidopsis_v1 - INFO - ================================================================================
2026-01-13 05:42:22,454 - cadence_arabidopsis_v1 - INFO - Epoch 6 completed in 32.5s
2026-01-13 05:42:31,116 - cadence_arabidopsis_v1 - INFO - Step 1400: NLL=0.9579, MSE=0.8681, grad=1.76, lr=5.07e-03
2026-01-13 05:42:43,153 - cadence_arabidopsis_v1 - INFO - Step 1500: NLL=0.9895, MSE=1.1224, grad=3.30, lr=5.60e-03
2026-01-13 05:42:52,531 - cadence_arabidopsis_v1 - INFO - ================================================================================
2026-01-13 05:42:52,531 - cadence_arabidopsis_v1 - INFO - EPOCH 7 SUMMARY 
2026-01-13 05:42:52,531 - cadence_arabidopsis_v1 - INFO - ================================================================================
2026-01-13 05:42:52,531 - cadence_arabidopsis_v1 - INFO - [TRAIN] NLL: 1.3997 | MSE: 1.3997 | r: 0.6587 | rho: 0.6170 | R2: -0.3993 | RMSE: 1.3891
2026-01-13 05:42:52,532 - cadence_arabidopsis_v1 - INFO - [VAL]   NLL: 1.7412 | MSE: 1.7412 | r: 0.5644 | rho: 0.5323 | R2: -0.7843 | RMSE: 1.5502
2026-01-13 05:42:52,532 - cadence_arabidopsis_v1 - INFO - --------------------------------------------------------------------------------
2026-01-13 05:42:52,532 - cadence_arabidopsis_v1 - INFO -   [VAL] jores_arabidopsis:
2026-01-13 05:42:52,532 - cadence_arabidopsis_v1 - INFO -     leaf: r=0.5957 | rho=0.5680 | R2=-0.2715 | RMSE=1.3502 | MAE=1.0918
2026-01-13 05:42:52,532 - cadence_arabidopsis_v1 - INFO -     proto: r=0.5332 | rho=0.4966 | R2=-1.2972 | RMSE=1.7503 | MAE=1.4718
2026-01-13 05:42:52,532 - cadence_arabidopsis_v1 - INFO - ================================================================================
2026-01-13 05:42:52,854 - cadence_arabidopsis_v1 - INFO - Epoch 7 completed in 30.4s
2026-01-13 05:43:03,610 - cadence_arabidopsis_v1 - INFO - Step 1600: NLL=0.6828, MSE=0.6798, grad=1.32, lr=6.12e-03
2026-01-13 05:43:17,259 - cadence_arabidopsis_v1 - INFO - Step 1700: NLL=0.7185, MSE=0.7262, grad=1.07, lr=6.64e-03
2026-01-13 05:43:25,238 - cadence_arabidopsis_v1 - INFO - ================================================================================
2026-01-13 05:43:25,239 - cadence_arabidopsis_v1 - INFO - EPOCH 8 SUMMARY 
2026-01-13 05:43:25,239 - cadence_arabidopsis_v1 - INFO - ================================================================================
2026-01-13 05:43:25,239 - cadence_arabidopsis_v1 - INFO - [TRAIN] NLL: 0.9191 | MSE: 0.9191 | r: 0.6767 | rho: 0.6393 | R2: 0.0884 | RMSE: 1.1221
2026-01-13 05:43:25,240 - cadence_arabidopsis_v1 - INFO - [VAL]   NLL: 1.0175 | MSE: 1.0175 | r: 0.5856 | rho: 0.5586 | R2: -0.0240 | RMSE: 1.1855
2026-01-13 05:43:25,240 - cadence_arabidopsis_v1 - INFO - --------------------------------------------------------------------------------
2026-01-13 05:43:25,240 - cadence_arabidopsis_v1 - INFO -   [VAL] jores_arabidopsis:
2026-01-13 05:43:25,240 - cadence_arabidopsis_v1 - INFO -     leaf: r=0.5993 | rho=0.5765 | R2=-0.2432 | RMSE=1.3351 | MAE=1.0900
2026-01-13 05:43:25,240 - cadence_arabidopsis_v1 - INFO -     proto: r=0.5719 | rho=0.5406 | R2=0.1952 | RMSE=1.0360 | MAE=0.7933
2026-01-13 05:43:25,241 - cadence_arabidopsis_v1 - INFO - ================================================================================
2026-01-13 05:43:25,469 - cadence_arabidopsis_v1 - INFO - Epoch 8 completed in 32.6s
2026-01-13 05:43:37,022 - cadence_arabidopsis_v1 - INFO - Step 1800: NLL=0.6821, MSE=0.7946, grad=0.92, lr=7.13e-03
2026-01-13 05:43:47,665 - cadence_arabidopsis_v1 - INFO - Step 1900: NLL=0.7792, MSE=0.6938, grad=2.05, lr=7.60e-03
2026-01-13 05:43:53,949 - cadence_arabidopsis_v1 - INFO - ================================================================================
2026-01-13 05:43:53,949 - cadence_arabidopsis_v1 - INFO - EPOCH 9 SUMMARY (BEST)
2026-01-13 05:43:53,950 - cadence_arabidopsis_v1 - INFO - ================================================================================
2026-01-13 05:43:53,950 - cadence_arabidopsis_v1 - INFO - [TRAIN] NLL: 0.7096 | MSE: 0.7096 | r: 0.6745 | rho: 0.6318 | R2: 0.2921 | RMSE: 0.9965
2026-01-13 05:43:53,950 - cadence_arabidopsis_v1 - INFO - [VAL]   NLL: 0.8442 | MSE: 0.8442 | r: 0.6117 | rho: 0.5659 | R2: 0.1407 | RMSE: 1.0877
2026-01-13 05:43:53,950 - cadence_arabidopsis_v1 - INFO - --------------------------------------------------------------------------------
2026-01-13 05:43:53,951 - cadence_arabidopsis_v1 - INFO -   [VAL] jores_arabidopsis:
2026-01-13 05:43:53,951 - cadence_arabidopsis_v1 - INFO -     leaf: r=0.6162 | rho=0.5755 | R2=0.2299 | RMSE=1.0508 | MAE=0.8241
2026-01-13 05:43:53,951 - cadence_arabidopsis_v1 - INFO -     proto: r=0.6072 | rho=0.5562 | R2=0.0515 | RMSE=1.1247 | MAE=0.9020
2026-01-13 05:43:53,951 - cadence_arabidopsis_v1 - INFO - ================================================================================
2026-01-13 05:43:54,405 - cadence_arabidopsis_v1 - INFO - Epoch 9 completed in 28.9s
2026-01-13 05:44:06,220 - cadence_arabidopsis_v1 - INFO - Step 2000: NLL=0.7190, MSE=0.7297, grad=0.70, lr=8.05e-03
2026-01-13 05:44:22,901 - cadence_arabidopsis_v1 - INFO - ================================================================================
2026-01-13 05:44:22,902 - cadence_arabidopsis_v1 - INFO - EPOCH 10 SUMMARY (BEST)
2026-01-13 05:44:22,902 - cadence_arabidopsis_v1 - INFO - ================================================================================
2026-01-13 05:44:22,902 - cadence_arabidopsis_v1 - INFO - [TRAIN] NLL: 0.8617 | MSE: 0.8617 | r: 0.6652 | rho: 0.6353 | R2: 0.1423 | RMSE: 1.0993
2026-01-13 05:44:22,903 - cadence_arabidopsis_v1 - INFO - [VAL]   NLL: 0.9348 | MSE: 0.9348 | r: 0.6223 | rho: 0.5973 | R2: 0.0528 | RMSE: 1.1448
2026-01-13 05:44:22,903 - cadence_arabidopsis_v1 - INFO - --------------------------------------------------------------------------------
2026-01-13 05:44:22,903 - cadence_arabidopsis_v1 - INFO -   [VAL] jores_arabidopsis:
2026-01-13 05:44:22,903 - cadence_arabidopsis_v1 - INFO -     leaf: r=0.6258 | rho=0.5992 | R2=0.0300 | RMSE=1.1793 | MAE=0.9390
2026-01-13 05:44:22,904 - cadence_arabidopsis_v1 - INFO -     proto: r=0.6189 | rho=0.5954 | R2=0.0757 | RMSE=1.1102 | MAE=0.8713
2026-01-13 05:44:22,904 - cadence_arabidopsis_v1 - INFO - ================================================================================
2026-01-13 05:44:23,515 - cadence_arabidopsis_v1 - INFO - Epoch 10 completed in 29.1s
2026-01-13 05:44:25,073 - cadence_arabidopsis_v1 - INFO - Step 2100: NLL=0.6287, MSE=0.7406, grad=1.04, lr=8.45e-03
2026-01-13 05:44:35,412 - cadence_arabidopsis_v1 - INFO - Step 2200: NLL=0.5417, MSE=0.5874, grad=0.56, lr=8.82e-03
2026-01-13 05:44:48,000 - cadence_arabidopsis_v1 - INFO - ================================================================================
2026-01-13 05:44:48,001 - cadence_arabidopsis_v1 - INFO - EPOCH 11 SUMMARY 
2026-01-13 05:44:48,001 - cadence_arabidopsis_v1 - INFO - ================================================================================
2026-01-13 05:44:48,001 - cadence_arabidopsis_v1 - INFO - [TRAIN] NLL: 1.0229 | MSE: 1.0229 | r: 0.6952 | rho: 0.6556 | R2: -0.0238 | RMSE: 1.1791
2026-01-13 05:44:48,002 - cadence_arabidopsis_v1 - INFO - [VAL]   NLL: 1.2550 | MSE: 1.2550 | r: 0.6120 | rho: 0.5574 | R2: -0.2898 | RMSE: 1.3078
2026-01-13 05:44:48,002 - cadence_arabidopsis_v1 - INFO - --------------------------------------------------------------------------------
2026-01-13 05:44:48,002 - cadence_arabidopsis_v1 - INFO -   [VAL] jores_arabidopsis:
2026-01-13 05:44:48,002 - cadence_arabidopsis_v1 - INFO -     leaf: r=0.6271 | rho=0.5904 | R2=0.1825 | RMSE=1.0827 | MAE=0.8578
2026-01-13 05:44:48,003 - cadence_arabidopsis_v1 - INFO -     proto: r=0.5968 | rho=0.5244 | R2=-0.7621 | RMSE=1.5329 | MAE=1.2954
2026-01-13 05:44:48,003 - cadence_arabidopsis_v1 - INFO - ================================================================================
2026-01-13 05:44:48,175 - cadence_arabidopsis_v1 - INFO - Epoch 11 completed in 24.7s
2026-01-13 05:44:50,965 - cadence_arabidopsis_v1 - INFO - Step 2300: NLL=0.7377, MSE=0.7010, grad=0.89, lr=9.15e-03
2026-01-13 05:45:00,593 - cadence_arabidopsis_v1 - INFO - Step 2400: NLL=0.6419, MSE=0.6759, grad=0.75, lr=9.42e-03
2026-01-13 05:45:12,013 - cadence_arabidopsis_v1 - INFO - ================================================================================
2026-01-13 05:45:12,014 - cadence_arabidopsis_v1 - INFO - EPOCH 12 SUMMARY 
2026-01-13 05:45:12,014 - cadence_arabidopsis_v1 - INFO - ================================================================================
2026-01-13 05:45:12,015 - cadence_arabidopsis_v1 - INFO - [TRAIN] NLL: 1.0808 | MSE: 1.0808 | r: 0.6378 | rho: 0.6228 | R2: -0.0715 | RMSE: 1.2131
2026-01-13 05:45:12,015 - cadence_arabidopsis_v1 - INFO - [VAL]   NLL: 1.1575 | MSE: 1.1575 | r: 0.5675 | rho: 0.5650 | R2: -0.1623 | RMSE: 1.2590
2026-01-13 05:45:12,015 - cadence_arabidopsis_v1 - INFO - --------------------------------------------------------------------------------
2026-01-13 05:45:12,015 - cadence_arabidopsis_v1 - INFO -   [VAL] jores_arabidopsis:
2026-01-13 05:45:12,016 - cadence_arabidopsis_v1 - INFO -     leaf: r=0.5960 | rho=0.5868 | R2=-0.4810 | RMSE=1.4572 | MAE=1.1869
2026-01-13 05:45:12,016 - cadence_arabidopsis_v1 - INFO -     proto: r=0.5391 | rho=0.5432 | R2=0.1563 | RMSE=1.0607 | MAE=0.8289
2026-01-13 05:45:12,016 - cadence_arabidopsis_v1 - INFO - ================================================================================
2026-01-13 05:45:12,254 - cadence_arabidopsis_v1 - INFO - Epoch 12 completed in 24.1s
2026-01-13 05:45:15,492 - cadence_arabidopsis_v1 - INFO - Step 2500: NLL=0.5278, MSE=0.5314, grad=0.76, lr=9.65e-03
2026-01-13 05:45:26,452 - cadence_arabidopsis_v1 - INFO - Step 2600: NLL=0.6625, MSE=0.6658, grad=0.69, lr=9.82e-03
2026-01-13 05:45:35,726 - cadence_arabidopsis_v1 - INFO - ================================================================================
2026-01-13 05:45:35,727 - cadence_arabidopsis_v1 - INFO - EPOCH 13 SUMMARY 
2026-01-13 05:45:35,727 - cadence_arabidopsis_v1 - INFO - ================================================================================
2026-01-13 05:45:35,728 - cadence_arabidopsis_v1 - INFO - [TRAIN] NLL: 1.1767 | MSE: 1.1767 | r: 0.6957 | rho: 0.6599 | R2: -0.1656 | RMSE: 1.2588
2026-01-13 05:45:35,728 - cadence_arabidopsis_v1 - INFO - [VAL]   NLL: 1.2473 | MSE: 1.2473 | r: 0.5892 | rho: 0.5672 | R2: -0.2509 | RMSE: 1.3029
2026-01-13 05:45:35,728 - cadence_arabidopsis_v1 - INFO - --------------------------------------------------------------------------------
2026-01-13 05:45:35,729 - cadence_arabidopsis_v1 - INFO -   [VAL] jores_arabidopsis:
2026-01-13 05:45:35,729 - cadence_arabidopsis_v1 - INFO -     leaf: r=0.6225 | rho=0.5996 | R2=-0.6384 | RMSE=1.5326 | MAE=1.3006
2026-01-13 05:45:35,729 - cadence_arabidopsis_v1 - INFO -     proto: r=0.5558 | rho=0.5348 | R2=0.1365 | RMSE=1.0731 | MAE=0.8176
2026-01-13 05:45:35,729 - cadence_arabidopsis_v1 - INFO - ================================================================================
2026-01-13 05:45:35,899 - cadence_arabidopsis_v1 - INFO - Epoch 13 completed in 23.6s
2026-01-13 05:45:40,188 - cadence_arabidopsis_v1 - INFO - Step 2700: NLL=0.3655, MSE=0.3598, grad=0.59, lr=9.94e-03
2026-01-13 05:45:50,423 - cadence_arabidopsis_v1 - INFO - Step 2800: NLL=0.7258, MSE=0.7857, grad=1.06, lr=9.99e-03
2026-01-13 05:46:00,896 - cadence_arabidopsis_v1 - INFO - ================================================================================
2026-01-13 05:46:00,896 - cadence_arabidopsis_v1 - INFO - EPOCH 14 SUMMARY 
2026-01-13 05:46:00,896 - cadence_arabidopsis_v1 - INFO - ================================================================================
2026-01-13 05:46:00,897 - cadence_arabidopsis_v1 - INFO - [TRAIN] NLL: 1.1711 | MSE: 1.1711 | r: 0.6639 | rho: 0.6319 | R2: -0.1655 | RMSE: 1.2813
2026-01-13 05:46:00,897 - cadence_arabidopsis_v1 - INFO - [VAL]   NLL: 1.3539 | MSE: 1.3539 | r: 0.6185 | rho: 0.5890 | R2: -0.3692 | RMSE: 1.3761
2026-01-13 05:46:00,897 - cadence_arabidopsis_v1 - INFO - --------------------------------------------------------------------------------
2026-01-13 05:46:00,897 - cadence_arabidopsis_v1 - INFO -   [VAL] jores_arabidopsis:
2026-01-13 05:46:00,897 - cadence_arabidopsis_v1 - INFO -     leaf: r=0.6152 | rho=0.5842 | R2=-0.4766 | RMSE=1.4550 | MAE=1.1865
2026-01-13 05:46:00,897 - cadence_arabidopsis_v1 - INFO -     proto: r=0.6218 | rho=0.5939 | R2=-0.2618 | RMSE=1.2972 | MAE=1.0567
2026-01-13 05:46:00,897 - cadence_arabidopsis_v1 - INFO - ================================================================================
2026-01-13 05:46:01,132 - cadence_arabidopsis_v1 - INFO - Epoch 14 completed in 25.2s
2026-01-13 05:46:07,493 - cadence_arabidopsis_v1 - INFO - Step 2900: NLL=0.6167, MSE=0.6393, grad=1.11, lr=1.00e-02
2026-01-13 05:46:20,516 - cadence_arabidopsis_v1 - INFO - Step 3000: NLL=0.5262, MSE=0.5916, grad=0.63, lr=9.99e-03
2026-01-13 05:46:31,506 - cadence_arabidopsis_v1 - INFO - ================================================================================
2026-01-13 05:46:31,506 - cadence_arabidopsis_v1 - INFO - EPOCH 15 SUMMARY (BEST)
2026-01-13 05:46:31,507 - cadence_arabidopsis_v1 - INFO - ================================================================================
2026-01-13 05:46:31,507 - cadence_arabidopsis_v1 - INFO - [TRAIN] NLL: 0.6608 | MSE: 0.6608 | r: 0.7083 | rho: 0.6699 | R2: 0.3430 | RMSE: 0.9609
2026-01-13 05:46:31,507 - cadence_arabidopsis_v1 - INFO - [VAL]   NLL: 0.8022 | MSE: 0.8022 | r: 0.6409 | rho: 0.6075 | R2: 0.1904 | RMSE: 1.0571
2026-01-13 05:46:31,507 - cadence_arabidopsis_v1 - INFO - --------------------------------------------------------------------------------
2026-01-13 05:46:31,507 - cadence_arabidopsis_v1 - INFO -   [VAL] jores_arabidopsis:
2026-01-13 05:46:31,507 - cadence_arabidopsis_v1 - INFO -     leaf: r=0.6425 | rho=0.6064 | R2=0.0811 | RMSE=1.1478 | MAE=0.9135
2026-01-13 05:46:31,508 - cadence_arabidopsis_v1 - INFO -     proto: r=0.6393 | rho=0.6085 | R2=0.2996 | RMSE=0.9665 | MAE=0.7472
2026-01-13 05:46:31,508 - cadence_arabidopsis_v1 - INFO - ================================================================================
2026-01-13 05:46:31,953 - cadence_arabidopsis_v1 - INFO - Epoch 15 completed in 30.8s
2026-01-13 05:46:39,594 - cadence_arabidopsis_v1 - INFO - Step 3100: NLL=0.6879, MSE=0.7284, grad=0.78, lr=9.96e-03
2026-01-13 05:46:50,493 - cadence_arabidopsis_v1 - INFO - Step 3200: NLL=0.4057, MSE=0.4442, grad=0.37, lr=9.93e-03
2026-01-13 05:47:00,841 - cadence_arabidopsis_v1 - INFO - ================================================================================
2026-01-13 05:47:00,841 - cadence_arabidopsis_v1 - INFO - EPOCH 16 SUMMARY (BEST)
2026-01-13 05:47:00,842 - cadence_arabidopsis_v1 - INFO - ================================================================================
2026-01-13 05:47:00,842 - cadence_arabidopsis_v1 - INFO - [TRAIN] NLL: 1.1325 | MSE: 1.1325 | r: 0.7111 | rho: 0.6655 | R2: -0.1361 | RMSE: 1.2162
2026-01-13 05:47:00,842 - cadence_arabidopsis_v1 - INFO - [VAL]   NLL: 1.2458 | MSE: 1.2458 | r: 0.6511 | rho: 0.6141 | R2: -0.2855 | RMSE: 1.2870
2026-01-13 05:47:00,842 - cadence_arabidopsis_v1 - INFO - --------------------------------------------------------------------------------
2026-01-13 05:47:00,842 - cadence_arabidopsis_v1 - INFO -   [VAL] jores_arabidopsis:
2026-01-13 05:47:00,842 - cadence_arabidopsis_v1 - INFO -     leaf: r=0.6641 | rho=0.6274 | R2=0.3248 | RMSE=0.9839 | MAE=0.7761
2026-01-13 05:47:00,843 - cadence_arabidopsis_v1 - INFO -     proto: r=0.6380 | rho=0.6009 | R2=-0.8959 | RMSE=1.5901 | MAE=1.3861
2026-01-13 05:47:00,843 - cadence_arabidopsis_v1 - INFO - ================================================================================
2026-01-13 05:47:01,244 - cadence_arabidopsis_v1 - INFO - Epoch 16 completed in 29.3s
2026-01-13 05:47:10,162 - cadence_arabidopsis_v1 - INFO - Step 3300: NLL=0.5131, MSE=0.5668, grad=0.64, lr=9.89e-03
2026-01-13 05:47:21,706 - cadence_arabidopsis_v1 - INFO - Step 3400: NLL=0.7463, MSE=0.6636, grad=0.67, lr=9.83e-03
2026-01-13 05:47:31,077 - cadence_arabidopsis_v1 - INFO - ================================================================================
2026-01-13 05:47:31,078 - cadence_arabidopsis_v1 - INFO - EPOCH 17 SUMMARY 
2026-01-13 05:47:31,078 - cadence_arabidopsis_v1 - INFO - ================================================================================
2026-01-13 05:47:31,078 - cadence_arabidopsis_v1 - INFO - [TRAIN] NLL: 1.2416 | MSE: 1.2416 | r: 0.7227 | rho: 0.6761 | R2: -0.2421 | RMSE: 1.3039
2026-01-13 05:47:31,079 - cadence_arabidopsis_v1 - INFO - [VAL]   NLL: 1.5484 | MSE: 1.5484 | r: 0.5949 | rho: 0.5546 | R2: -0.5879 | RMSE: 1.4600
2026-01-13 05:47:31,079 - cadence_arabidopsis_v1 - INFO - --------------------------------------------------------------------------------
2026-01-13 05:47:31,079 - cadence_arabidopsis_v1 - INFO -   [VAL] jores_arabidopsis:
2026-01-13 05:47:31,079 - cadence_arabidopsis_v1 - INFO -     leaf: r=0.6141 | rho=0.5760 | R2=-0.1024 | RMSE=1.2572 | MAE=1.0147
2026-01-13 05:47:31,080 - cadence_arabidopsis_v1 - INFO -     proto: r=0.5756 | rho=0.5333 | R2=-1.0734 | RMSE=1.6629 | MAE=1.4238
2026-01-13 05:47:31,080 - cadence_arabidopsis_v1 - INFO - ================================================================================
2026-01-13 05:47:31,330 - cadence_arabidopsis_v1 - INFO - Epoch 17 completed in 30.1s
2026-01-13 05:47:41,973 - cadence_arabidopsis_v1 - INFO - Step 3500: NLL=0.3381, MSE=0.4111, grad=0.35, lr=9.77e-03
2026-01-13 05:47:54,874 - cadence_arabidopsis_v1 - INFO - Step 3600: NLL=0.5101, MSE=0.5023, grad=0.69, lr=9.69e-03
2026-01-13 05:48:05,570 - cadence_arabidopsis_v1 - INFO - ================================================================================
2026-01-13 05:48:05,571 - cadence_arabidopsis_v1 - INFO - EPOCH 18 SUMMARY 
2026-01-13 05:48:05,571 - cadence_arabidopsis_v1 - INFO - ================================================================================
2026-01-13 05:48:05,571 - cadence_arabidopsis_v1 - INFO - [TRAIN] NLL: 0.6367 | MSE: 0.6367 | r: 0.7190 | rho: 0.6814 | R2: 0.3651 | RMSE: 0.9445
2026-01-13 05:48:05,571 - cadence_arabidopsis_v1 - INFO - [VAL]   NLL: 0.7965 | MSE: 0.7965 | r: 0.6069 | rho: 0.5895 | R2: 0.1891 | RMSE: 1.0565
2026-01-13 05:48:05,571 - cadence_arabidopsis_v1 - INFO - --------------------------------------------------------------------------------
2026-01-13 05:48:05,571 - cadence_arabidopsis_v1 - INFO -   [VAL] jores_arabidopsis:
2026-01-13 05:48:05,571 - cadence_arabidopsis_v1 - INFO -     leaf: r=0.6159 | rho=0.5956 | R2=0.2759 | RMSE=1.0189 | MAE=0.8039
2026-01-13 05:48:05,571 - cadence_arabidopsis_v1 - INFO -     proto: r=0.5978 | rho=0.5834 | R2=0.1024 | RMSE=1.0941 | MAE=0.8537
2026-01-13 05:48:05,571 - cadence_arabidopsis_v1 - INFO - ================================================================================
2026-01-13 05:48:05,837 - cadence_arabidopsis_v1 - INFO - Epoch 18 completed in 34.5s
2026-01-13 05:48:19,722 - cadence_arabidopsis_v1 - INFO - Step 3700: NLL=0.4216, MSE=0.4951, grad=0.44, lr=9.60e-03
2026-01-13 05:48:33,737 - cadence_arabidopsis_v1 - INFO - Step 3800: NLL=0.6130, MSE=0.6769, grad=1.23, lr=9.50e-03
2026-01-13 05:48:41,158 - cadence_arabidopsis_v1 - INFO - ================================================================================
2026-01-13 05:48:41,158 - cadence_arabidopsis_v1 - INFO - EPOCH 19 SUMMARY 
2026-01-13 05:48:41,158 - cadence_arabidopsis_v1 - INFO - ================================================================================
2026-01-13 05:48:41,159 - cadence_arabidopsis_v1 - INFO - [TRAIN] NLL: 1.4789 | MSE: 1.4789 | r: 0.6758 | rho: 0.6467 | R2: -0.4680 | RMSE: 1.4294
2026-01-13 05:48:41,159 - cadence_arabidopsis_v1 - INFO - [VAL]   NLL: 1.6738 | MSE: 1.6738 | r: 0.5977 | rho: 0.5790 | R2: -0.6814 | RMSE: 1.5151
2026-01-13 05:48:41,159 - cadence_arabidopsis_v1 - INFO - --------------------------------------------------------------------------------
2026-01-13 05:48:41,159 - cadence_arabidopsis_v1 - INFO -   [VAL] jores_arabidopsis:
2026-01-13 05:48:41,160 - cadence_arabidopsis_v1 - INFO -     leaf: r=0.5987 | rho=0.5636 | R2=-1.1252 | RMSE=1.7456 | MAE=1.4745
2026-01-13 05:48:41,160 - cadence_arabidopsis_v1 - INFO -     proto: r=0.5967 | rho=0.5944 | R2=-0.2376 | RMSE=1.2847 | MAE=1.0222
2026-01-13 05:48:41,160 - cadence_arabidopsis_v1 - INFO - ================================================================================
2026-01-13 05:48:41,431 - cadence_arabidopsis_v1 - INFO - Epoch 19 completed in 35.6s
2026-01-13 05:48:57,304 - cadence_arabidopsis_v1 - INFO - Step 3900: NLL=0.4536, MSE=0.4970, grad=0.42, lr=9.40e-03
2026-01-13 05:49:19,030 - cadence_arabidopsis_v1 - INFO - ================================================================================
2026-01-13 05:49:19,030 - cadence_arabidopsis_v1 - INFO - EPOCH 20 SUMMARY 
2026-01-13 05:49:19,031 - cadence_arabidopsis_v1 - INFO - ================================================================================
2026-01-13 05:49:19,031 - cadence_arabidopsis_v1 - INFO - [TRAIN] NLL: 0.8444 | MSE: 0.8444 | r: 0.7103 | rho: 0.6650 | R2: 0.1627 | RMSE: 1.0746
2026-01-13 05:49:19,031 - cadence_arabidopsis_v1 - INFO - [VAL]   NLL: 0.9646 | MSE: 0.9646 | r: 0.6245 | rho: 0.5988 | R2: 0.0298 | RMSE: 1.1532
2026-01-13 05:49:19,031 - cadence_arabidopsis_v1 - INFO - --------------------------------------------------------------------------------
2026-01-13 05:49:19,031 - cadence_arabidopsis_v1 - INFO -   [VAL] jores_arabidopsis:
2026-01-13 05:49:19,032 - cadence_arabidopsis_v1 - INFO -     leaf: r=0.6465 | rho=0.6180 | R2=-0.1919 | RMSE=1.3072 | MAE=1.0729
2026-01-13 05:49:19,032 - cadence_arabidopsis_v1 - INFO -     proto: r=0.6025 | rho=0.5796 | R2=0.2515 | RMSE=0.9991 | MAE=0.7750
2026-01-13 05:49:19,032 - cadence_arabidopsis_v1 - INFO - ================================================================================
2026-01-13 05:49:19,297 - cadence_arabidopsis_v1 - INFO - Epoch 20 completed in 37.9s
2026-01-13 05:49:21,772 - cadence_arabidopsis_v1 - INFO - Step 4000: NLL=0.4621, MSE=0.4760, grad=0.52, lr=9.28e-03
2026-01-13 05:49:36,220 - cadence_arabidopsis_v1 - INFO - Step 4100: NLL=0.4751, MSE=0.4732, grad=0.60, lr=9.15e-03
2026-01-13 05:49:54,851 - cadence_arabidopsis_v1 - INFO - ================================================================================
2026-01-13 05:49:54,852 - cadence_arabidopsis_v1 - INFO - EPOCH 21 SUMMARY 
2026-01-13 05:49:54,852 - cadence_arabidopsis_v1 - INFO - ================================================================================
2026-01-13 05:49:54,852 - cadence_arabidopsis_v1 - INFO - [TRAIN] NLL: 0.8686 | MSE: 0.8686 | r: 0.7168 | rho: 0.6680 | R2: 0.1297 | RMSE: 1.0782
2026-01-13 05:49:54,852 - cadence_arabidopsis_v1 - INFO - [VAL]   NLL: 1.1443 | MSE: 1.1443 | r: 0.5660 | rho: 0.5253 | R2: -0.1779 | RMSE: 1.2433
2026-01-13 05:49:54,853 - cadence_arabidopsis_v1 - INFO - --------------------------------------------------------------------------------
2026-01-13 05:49:54,853 - cadence_arabidopsis_v1 - INFO -   [VAL] jores_arabidopsis:
2026-01-13 05:49:54,853 - cadence_arabidopsis_v1 - INFO -     leaf: r=0.5922 | rho=0.5526 | R2=0.3043 | RMSE=0.9988 | MAE=0.7943
2026-01-13 05:49:54,853 - cadence_arabidopsis_v1 - INFO -     proto: r=0.5399 | rho=0.4979 | R2=-0.6601 | RMSE=1.4879 | MAE=1.2492
2026-01-13 05:49:54,854 - cadence_arabidopsis_v1 - INFO - ================================================================================
2026-01-13 05:49:55,187 - cadence_arabidopsis_v1 - INFO - Epoch 21 completed in 35.9s
2026-01-13 05:49:58,850 - cadence_arabidopsis_v1 - INFO - Step 4200: NLL=0.4541, MSE=0.5283, grad=0.54, lr=9.02e-03
2026-01-13 05:50:13,802 - cadence_arabidopsis_v1 - INFO - Step 4300: NLL=0.5780, MSE=0.5480, grad=0.68, lr=8.87e-03
2026-01-13 05:50:29,983 - cadence_arabidopsis_v1 - INFO - ================================================================================
2026-01-13 05:50:29,984 - cadence_arabidopsis_v1 - INFO - EPOCH 22 SUMMARY 
2026-01-13 05:50:29,984 - cadence_arabidopsis_v1 - INFO - ================================================================================
2026-01-13 05:50:29,985 - cadence_arabidopsis_v1 - INFO - [TRAIN] NLL: 1.1065 | MSE: 1.1065 | r: 0.7138 | rho: 0.6885 | R2: -0.0956 | RMSE: 1.2167
2026-01-13 05:50:29,985 - cadence_arabidopsis_v1 - INFO - [VAL]   NLL: 1.3033 | MSE: 1.3033 | r: 0.6225 | rho: 0.6050 | R2: -0.3036 | RMSE: 1.3217
2026-01-13 05:50:29,985 - cadence_arabidopsis_v1 - INFO - --------------------------------------------------------------------------------
2026-01-13 05:50:29,985 - cadence_arabidopsis_v1 - INFO -   [VAL] jores_arabidopsis:
2026-01-13 05:50:29,986 - cadence_arabidopsis_v1 - INFO -     leaf: r=0.6361 | rho=0.6048 | R2=-0.8034 | RMSE=1.6080 | MAE=1.3612
2026-01-13 05:50:29,986 - cadence_arabidopsis_v1 - INFO -     proto: r=0.6088 | rho=0.6052 | R2=0.1962 | RMSE=1.0353 | MAE=0.8073
2026-01-13 05:50:29,986 - cadence_arabidopsis_v1 - INFO - ================================================================================
2026-01-13 05:50:30,187 - cadence_arabidopsis_v1 - INFO - Epoch 22 completed in 35.0s
2026-01-13 05:50:34,880 - cadence_arabidopsis_v1 - INFO - Step 4400: NLL=0.4667, MSE=0.5360, grad=0.80, lr=8.72e-03
2026-01-13 05:50:44,351 - cadence_arabidopsis_v1 - INFO - Step 4500: NLL=0.4262, MSE=0.4065, grad=0.64, lr=8.55e-03
2026-01-13 05:50:58,470 - cadence_arabidopsis_v1 - INFO - ================================================================================
2026-01-13 05:50:58,471 - cadence_arabidopsis_v1 - INFO - EPOCH 23 SUMMARY 
2026-01-13 05:50:58,472 - cadence_arabidopsis_v1 - INFO - ================================================================================
2026-01-13 05:50:58,472 - cadence_arabidopsis_v1 - INFO - [TRAIN] NLL: 0.8143 | MSE: 0.8143 | r: 0.7309 | rho: 0.6911 | R2: 0.1891 | RMSE: 1.0689
2026-01-13 05:50:58,472 - cadence_arabidopsis_v1 - INFO - [VAL]   NLL: 0.9536 | MSE: 0.9536 | r: 0.6371 | rho: 0.6137 | R2: 0.0332 | RMSE: 1.1565
2026-01-13 05:50:58,472 - cadence_arabidopsis_v1 - INFO - --------------------------------------------------------------------------------
2026-01-13 05:50:58,473 - cadence_arabidopsis_v1 - INFO -   [VAL] jores_arabidopsis:
2026-01-13 05:50:58,473 - cadence_arabidopsis_v1 - INFO -     leaf: r=0.6352 | rho=0.6047 | R2=0.0267 | RMSE=1.1813 | MAE=0.9480
2026-01-13 05:50:58,473 - cadence_arabidopsis_v1 - INFO -     proto: r=0.6391 | rho=0.6228 | R2=0.0396 | RMSE=1.1317 | MAE=0.8957
2026-01-13 05:50:58,473 - cadence_arabidopsis_v1 - INFO - ================================================================================
2026-01-13 05:50:58,815 - cadence_arabidopsis_v1 - INFO - Epoch 23 completed in 28.6s
2026-01-13 05:51:06,130 - cadence_arabidopsis_v1 - INFO - Step 4600: NLL=0.5979, MSE=0.5133, grad=0.90, lr=8.38e-03
2026-01-13 05:51:17,973 - cadence_arabidopsis_v1 - INFO - Step 4700: NLL=0.4973, MSE=0.6012, grad=0.55, lr=8.21e-03
2026-01-13 05:51:33,555 - cadence_arabidopsis_v1 - INFO - ================================================================================
2026-01-13 05:51:33,555 - cadence_arabidopsis_v1 - INFO - EPOCH 24 SUMMARY 
2026-01-13 05:51:33,555 - cadence_arabidopsis_v1 - INFO - ================================================================================
2026-01-13 05:51:33,556 - cadence_arabidopsis_v1 - INFO - [TRAIN] NLL: 1.1076 | MSE: 1.1076 | r: 0.7376 | rho: 0.6912 | R2: -0.1105 | RMSE: 1.2097
2026-01-13 05:51:33,556 - cadence_arabidopsis_v1 - INFO - [VAL]   NLL: 1.5095 | MSE: 1.5095 | r: 0.5703 | rho: 0.5420 | R2: -0.5585 | RMSE: 1.4134
2026-01-13 05:51:33,556 - cadence_arabidopsis_v1 - INFO - --------------------------------------------------------------------------------
2026-01-13 05:51:33,556 - cadence_arabidopsis_v1 - INFO -   [VAL] jores_arabidopsis:
2026-01-13 05:51:33,557 - cadence_arabidopsis_v1 - INFO -     leaf: r=0.6098 | rho=0.5871 | R2=0.2070 | RMSE=1.0663 | MAE=0.8406
2026-01-13 05:51:33,557 - cadence_arabidopsis_v1 - INFO -     proto: r=0.5308 | rho=0.4969 | R2=-1.3241 | RMSE=1.7605 | MAE=1.5194
2026-01-13 05:51:33,557 - cadence_arabidopsis_v1 - INFO - ================================================================================
2026-01-13 05:51:33,858 - cadence_arabidopsis_v1 - INFO - Epoch 24 completed in 35.0s
2026-01-13 05:51:41,222 - cadence_arabidopsis_v1 - INFO - Step 4800: NLL=0.6305, MSE=0.6985, grad=1.52, lr=8.02e-03
2026-01-13 05:51:54,739 - cadence_arabidopsis_v1 - INFO - Step 4900: NLL=0.4640, MSE=0.5106, grad=0.60, lr=7.83e-03
2026-01-13 05:52:08,241 - cadence_arabidopsis_v1 - INFO - ================================================================================
2026-01-13 05:52:08,241 - cadence_arabidopsis_v1 - INFO - EPOCH 25 SUMMARY 
2026-01-13 05:52:08,241 - cadence_arabidopsis_v1 - INFO - ================================================================================
2026-01-13 05:52:08,241 - cadence_arabidopsis_v1 - INFO - [TRAIN] NLL: 0.4912 | MSE: 0.4912 | r: 0.7524 | rho: 0.7070 | R2: 0.5102 | RMSE: 0.8297
2026-01-13 05:52:08,241 - cadence_arabidopsis_v1 - INFO - [VAL]   NLL: 0.7130 | MSE: 0.7130 | r: 0.5888 | rho: 0.5619 | R2: 0.2750 | RMSE: 1.0001
2026-01-13 05:52:08,241 - cadence_arabidopsis_v1 - INFO - --------------------------------------------------------------------------------
2026-01-13 05:52:08,241 - cadence_arabidopsis_v1 - INFO -   [VAL] jores_arabidopsis:
2026-01-13 05:52:08,241 - cadence_arabidopsis_v1 - INFO -     leaf: r=0.5910 | rho=0.5574 | R2=0.3281 | RMSE=0.9815 | MAE=0.7767
2026-01-13 05:52:08,241 - cadence_arabidopsis_v1 - INFO -     proto: r=0.5866 | rho=0.5664 | R2=0.2218 | RMSE=1.0187 | MAE=0.7865
2026-01-13 05:52:08,241 - cadence_arabidopsis_v1 - INFO - ================================================================================
2026-01-13 05:52:08,503 - cadence_arabidopsis_v1 - INFO - Epoch 25 completed in 34.6s
2026-01-13 05:52:17,007 - cadence_arabidopsis_v1 - INFO - Step 5000: NLL=0.3430, MSE=0.3799, grad=0.49, lr=7.63e-03
2026-01-13 05:52:32,231 - cadence_arabidopsis_v1 - INFO - Step 5100: NLL=0.3917, MSE=0.4327, grad=0.60, lr=7.43e-03
2026-01-13 05:52:45,713 - cadence_arabidopsis_v1 - INFO - ================================================================================
2026-01-13 05:52:45,713 - cadence_arabidopsis_v1 - INFO - EPOCH 26 SUMMARY 
2026-01-13 05:52:45,713 - cadence_arabidopsis_v1 - INFO - ================================================================================
2026-01-13 05:52:45,713 - cadence_arabidopsis_v1 - INFO - [TRAIN] NLL: 0.6131 | MSE: 0.6131 | r: 0.7444 | rho: 0.7154 | R2: 0.3892 | RMSE: 0.9276
2026-01-13 05:52:45,713 - cadence_arabidopsis_v1 - INFO - [VAL]   NLL: 0.8527 | MSE: 0.8527 | r: 0.5630 | rho: 0.5499 | R2: 0.1327 | RMSE: 1.0935
2026-01-13 05:52:45,714 - cadence_arabidopsis_v1 - INFO - --------------------------------------------------------------------------------
2026-01-13 05:52:45,714 - cadence_arabidopsis_v1 - INFO -   [VAL] jores_arabidopsis:
2026-01-13 05:52:45,714 - cadence_arabidopsis_v1 - INFO -     leaf: r=0.6178 | rho=0.6000 | R2=0.2048 | RMSE=1.0678 | MAE=0.8458
2026-01-13 05:52:45,714 - cadence_arabidopsis_v1 - INFO -     proto: r=0.5081 | rho=0.4997 | R2=0.0606 | RMSE=1.1193 | MAE=0.8659
2026-01-13 05:52:45,714 - cadence_arabidopsis_v1 - INFO - ================================================================================
2026-01-13 05:52:46,004 - cadence_arabidopsis_v1 - INFO - Early stopping triggered after 26 epochs (patience=10)
2026-01-13 05:52:46,004 - cadence_arabidopsis_v1 - INFO - Training complete. Running final evaluation...
2026-01-13 05:52:48,504 - cadence_arabidopsis_v1 - INFO - Results saved to results/cadence_arabidopsis_v1/final_results.json
